#
# There is insufficient memory for the Java Runtime Environment to continue.
# Native memory allocation (malloc) failed to allocate 1069136 bytes for Chunk::new
# Possible reasons:
#   The system is out of physical RAM or swap space
#   The process is running with CompressedOops enabled, and the Java Heap may be blocking the growth of the native heap
# Possible solutions:
#   Reduce memory load on the system
#   Increase physical memory or swap space
#   Check if swap backing store is full
#   Decrease Java heap size (-Xmx/-Xms)
#   Decrease number of Java threads
#   Decrease Java thread stack sizes (-Xss)
#   Set larger code cache with -XX:ReservedCodeCacheSize=
#   JVM is running with Unscaled Compressed Oops mode in which the Java heap is
#     placed in the first 4GB address space. The Java Heap base address is the
#     maximum limit for the native heap growth. Please use -XX:HeapBaseMinAddress
#     to set the Java Heap base and to place the Java Heap above 4GB virtual address.
# This output file may be truncated or incomplete.
#
#  Out of Memory Error (./src/hotspot/share/memory/arena.cpp:197), pid=17068, tid=16400
#
# JRE version: OpenJDK Runtime Environment (11.0.12+7) (build 11.0.12+7-b1504.28-7817840)
# Java VM: OpenJDK 64-Bit Server VM (11.0.12+7-b1504.28-7817840, mixed mode, tiered, compressed oops, g1 gc, windows-amd64)
# No core dump will be written. Minidumps are not enabled by default on client versions of Windows
#

---------------  S U M M A R Y ------------

Command Line: --add-opens=java.base/java.util=ALL-UNNAMED --add-opens=java.base/java.lang=ALL-UNNAMED --add-opens=java.base/java.lang.invoke=ALL-UNNAMED --add-opens=java.prefs/java.util.prefs=ALL-UNNAMED -Xmx2048m -Dfile.encoding=windows-1251 -Duser.country=RU -Duser.language=ru -Duser.variant org.gradle.launcher.daemon.bootstrap.GradleDaemon 6.1.1

Host: Intel(R) Core(TM) i5-4590 CPU @ 3.30GHz, 4 cores, 15G,  Windows 10 , 64 bit Build 19041 (10.0.19041.1348)
Time: Mon Sep 12 21:22:56 2022 RTZ 2 (зима) elapsed time: 68.480969 seconds (0d 0h 1m 8s)

---------------  T H R E A D  ---------------

Current thread (0x00000229fc9aa800):  JavaThread "C2 CompilerThread1" daemon [_thread_in_native, id=16400, stack(0x0000005250c00000,0x0000005250d00000)]


Current CompileTask:
C2:  68481 15237       4       java.lang.invoke.InvokerBytecodeGenerator::emitPushArgument (120 bytes)

Stack: [0x0000005250c00000,0x0000005250d00000]
Native frames: (J=compiled Java code, j=interpreted, Vv=VM code, C=native code)
V  [jvm.dll+0x5fbcea]
V  [jvm.dll+0x731905]
V  [jvm.dll+0x732f1d]
V  [jvm.dll+0x7335d3]
V  [jvm.dll+0x247bf8]
V  [jvm.dll+0xc018c]
V  [jvm.dll+0xc06cc]
V  [jvm.dll+0x2bcc04]
V  [jvm.dll+0x5113a8]
V  [jvm.dll+0x208303]
V  [jvm.dll+0x201fe0]
V  [jvm.dll+0x1ff71f]
V  [jvm.dll+0x18868c]
V  [jvm.dll+0x20e0d7]
V  [jvm.dll+0x20c901]
V  [jvm.dll+0x6f9b7f]
V  [jvm.dll+0x6f26a5]
V  [jvm.dll+0x5fabf6]
C  [ucrtbase.dll+0x21bb2]
C  [KERNEL32.DLL+0x17034]
C  [ntdll.dll+0x52651]


---------------  P R O C E S S  ---------------

Threads class SMR info:
_java_thread_list=0x00000229824fc4d0, length=54, elements={
0x00000229e002a000, 0x00000229fa480800, 0x00000229fa4cc000, 0x00000229fa4d8000,
0x00000229fa4da000, 0x00000229fa4db800, 0x00000229fa4e2000, 0x00000229fa4e7000,
0x00000229fa4e8800, 0x00000229fa650800, 0x00000229fb71d800, 0x00000229fa6b7000,
0x00000229fbbb2800, 0x00000229fc4be800, 0x00000229fb57d800, 0x00000229fba11800,
0x00000229fc4d0800, 0x00000229fc4d1000, 0x00000229fc6f2000, 0x00000229fc6ed000,
0x00000229fc6ef000, 0x00000229fc6ee000, 0x00000229fc6ef800, 0x00000229fc6f1800,
0x00000229fc6ec800, 0x00000229fc6f0800, 0x00000229fc6f3000, 0x00000229fce9f000,
0x00000229fce9d800, 0x00000229fcea6800, 0x00000229fcea7000, 0x00000229fcea1800,
0x00000229fcea8000, 0x00000229fcea3000, 0x00000229fcea5800, 0x00000229fcea9800,
0x00000229fcea4800, 0x00000229fceab800, 0x00000229fceac000, 0x00000229fd16d000,
0x00000229fd173000, 0x00000229fd170800, 0x00000229fd16f800, 0x00000229fd173800,
0x00000229fd16e000, 0x00000229fd172000, 0x00000229fd16f000, 0x00000229fd171000,
0x00000229fcfb5800, 0x00000229fcfb8000, 0x00000229fcfb7000, 0x00000229fcfb6000,
0x00000229fcfb8800, 0x00000229fc9aa800
}

Java Threads: ( => current thread )
  0x00000229e002a000 JavaThread "main" [_thread_blocked, id=17156, stack(0x000000524d000000,0x000000524d100000)]
  0x00000229fa480800 JavaThread "Reference Handler" daemon [_thread_blocked, id=11020, stack(0x000000524d700000,0x000000524d800000)]
  0x00000229fa4cc000 JavaThread "Finalizer" daemon [_thread_blocked, id=12952, stack(0x000000524d800000,0x000000524d900000)]
  0x00000229fa4d8000 JavaThread "Signal Dispatcher" daemon [_thread_blocked, id=5084, stack(0x000000524d900000,0x000000524da00000)]
  0x00000229fa4da000 JavaThread "Attach Listener" daemon [_thread_blocked, id=8796, stack(0x000000524da00000,0x000000524db00000)]
  0x00000229fa4db800 JavaThread "Service Thread" daemon [_thread_blocked, id=9908, stack(0x000000524db00000,0x000000524dc00000)]
  0x00000229fa4e2000 JavaThread "C2 CompilerThread0" daemon [_thread_blocked, id=14156, stack(0x000000524dc00000,0x000000524dd00000)]
  0x00000229fa4e7000 JavaThread "C1 CompilerThread0" daemon [_thread_blocked, id=11512, stack(0x000000524dd00000,0x000000524de00000)]
  0x00000229fa4e8800 JavaThread "Sweeper thread" daemon [_thread_blocked, id=17252, stack(0x000000524de00000,0x000000524df00000)]
  0x00000229fa650800 JavaThread "Common-Cleaner" daemon [_thread_blocked, id=17336, stack(0x000000524df00000,0x000000524e000000)]
  0x00000229fb71d800 JavaThread "Daemon health stats" [_thread_blocked, id=16100, stack(0x000000524e500000,0x000000524e600000)]
  0x00000229fa6b7000 JavaThread "Incoming local TCP Connector on port 61896" [_thread_in_native, id=16304, stack(0x000000524e100000,0x000000524e200000)]
  0x00000229fbbb2800 JavaThread "Daemon periodic checks" [_thread_blocked, id=4064, stack(0x000000524e600000,0x000000524e700000)]
  0x00000229fc4be800 JavaThread "Daemon" [_thread_blocked, id=14368, stack(0x000000524e700000,0x000000524e800000)]
  0x00000229fb57d800 JavaThread "Handler for socket connection from /127.0.0.1:61896 to /127.0.0.1:61897" [_thread_in_native, id=14396, stack(0x000000524e800000,0x000000524e900000)]
  0x00000229fba11800 JavaThread "Cancel handler" [_thread_blocked, id=17056, stack(0x000000524e900000,0x000000524ea00000)]
  0x00000229fc4d0800 JavaThread "Daemon worker" [_thread_blocked, id=14196, stack(0x000000524ea00000,0x000000524eb00000)]
  0x00000229fc4d1000 JavaThread "Asynchronous log dispatcher for DefaultDaemonConnection: socket connection from /127.0.0.1:61896 to /127.0.0.1:61897" [_thread_blocked, id=13772, stack(0x000000524eb00000,0x000000524ec00000)]
  0x00000229fc6f2000 JavaThread "Thread-8" [_thread_blocked, id=16988, stack(0x000000524ed00000,0x000000524ee00000)]
  0x00000229fc6ed000 JavaThread "Cache worker for journal cache (D:\android SDK\caches\journal-1)" [_thread_blocked, id=3048, stack(0x000000524ef00000,0x000000524f000000)]
  0x00000229fc6ef000 JavaThread "File lock request listener" [_thread_in_native, id=12520, stack(0x000000524f000000,0x000000524f100000)]
  0x00000229fc6ee000 JavaThread "Cache worker for file hash cache (D:\android SDK\caches\6.1.1\fileHashes)" [_thread_blocked, id=4172, stack(0x000000524f100000,0x000000524f200000)]
  0x00000229fc6ef800 JavaThread "Cache worker for checksums cache (D:\AndroidDev\MyAndroidAPK\.gradle\checksums)" [_thread_blocked, id=16408, stack(0x000000524f200000,0x000000524f300000)]
  0x00000229fc6f1800 JavaThread "Cache worker for file hash cache (D:\AndroidDev\MyAndroidAPK\.gradle\6.1.1\fileHashes)" [_thread_blocked, id=9632, stack(0x000000524f300000,0x000000524f400000)]
  0x00000229fc6ec800 JavaThread "Cache worker for cache directory md-supplier (D:\android SDK\caches\6.1.1\md-supplier)" [_thread_blocked, id=9664, stack(0x000000524ee00000,0x000000524ef00000)]
  0x00000229fc6f0800 JavaThread "Cache worker for cache directory md-rule (D:\android SDK\caches\6.1.1\md-rule)" [_thread_blocked, id=1452, stack(0x000000524f400000,0x000000524f500000)]
  0x00000229fc6f3000 JavaThread "Cache worker for execution history cache (D:\android SDK\caches\6.1.1\executionHistory)" [_thread_blocked, id=17328, stack(0x000000524f500000,0x000000524f600000)]
  0x00000229fce9f000 JavaThread "Build operations" [_thread_blocked, id=2720, stack(0x000000524f700000,0x000000524f800000)]
  0x00000229fce9d800 JavaThread "Build operations Thread 2" [_thread_blocked, id=14208, stack(0x000000524f800000,0x000000524f900000)]
  0x00000229fcea6800 JavaThread "Build operations Thread 3" [_thread_blocked, id=16372, stack(0x000000524fa00000,0x000000524fb00000)]
  0x00000229fcea7000 JavaThread "Build operations Thread 4" [_thread_blocked, id=9340, stack(0x000000524fb00000,0x000000524fc00000)]
  0x00000229fcea1800 JavaThread "pool-1-thread-1" [_thread_blocked, id=16940, stack(0x000000524fe00000,0x000000524ff00000)]
  0x00000229fcea8000 JavaThread "Cache worker for Build Output Cleanup Cache (D:\AndroidDev\MyAndroidAPK\.gradle\buildOutputCleanup)" [_thread_blocked, id=15488, stack(0x000000524ff00000,0x0000005250000000)]
  0x00000229fcea3000 JavaThread "Memory manager" [_thread_blocked, id=17368, stack(0x0000005250000000,0x0000005250100000)]
  0x00000229fcea5800 JavaThread "Cache worker for file content cache (D:\android SDK\caches\6.1.1\fileContent)" [_thread_blocked, id=16616, stack(0x0000005250100000,0x0000005250200000)]
  0x00000229fcea9800 JavaThread "Cache worker for file content cache (D:\AndroidDev\MyAndroidAPK\.gradle\6.1.1\fileContent)" [_thread_blocked, id=12300, stack(0x0000005250200000,0x0000005250300000)]
  0x00000229fcea4800 JavaThread "Execution worker for ':'" [_thread_blocked, id=17264, stack(0x0000005250300000,0x0000005250400000)]
  0x00000229fceab800 JavaThread "Execution worker for ':' Thread 2" [_thread_blocked, id=17228, stack(0x0000005250400000,0x0000005250500000)]
  0x00000229fceac000 JavaThread "Execution worker for ':' Thread 3" [_thread_blocked, id=17200, stack(0x0000005250500000,0x0000005250600000)]
  0x00000229fd16d000 JavaThread "Cache worker for execution history cache (D:\AndroidDev\MyAndroidAPK\.gradle\6.1.1\executionHistory)" [_thread_blocked, id=11408, stack(0x000000524fd00000,0x000000524fe00000)]
  0x00000229fd173000 JavaThread "pool-2-thread-1" [_thread_blocked, id=12440, stack(0x000000524cd00000,0x000000524ce00000)]
  0x00000229fd170800 JavaThread "stderr" [_thread_in_native, id=15508, stack(0x000000524ce00000,0x000000524cf00000)]
  0x00000229fd16f800 JavaThread "stdout" [_thread_in_native, id=15724, stack(0x000000524cf00000,0x000000524d000000)]
  0x00000229fd173800 JavaThread "stderr" [_thread_in_native, id=15896, stack(0x0000005250600000,0x0000005250700000)]
  0x00000229fd16e000 JavaThread "stdout" [_thread_in_native, id=15368, stack(0x0000005250700000,0x0000005250800000)]
  0x00000229fd172000 JavaThread "stderr" [_thread_in_native, id=12756, stack(0x0000005250800000,0x0000005250900000)]
  0x00000229fd16f000 JavaThread "stdout" [_thread_in_native, id=16264, stack(0x0000005250900000,0x0000005250a00000)]
  0x00000229fd171000 JavaThread "stderr" [_thread_in_native, id=3160, stack(0x0000005250a00000,0x0000005250b00000)]
  0x00000229fcfb5800 JavaThread "stdout" [_thread_in_native, id=116, stack(0x0000005250b00000,0x0000005250c00000)]
  0x00000229fcfb8000 JavaThread "WorkerExecutor Queue Thread 2" [_thread_blocked, id=10020, stack(0x0000005250d00000,0x0000005250e00000)]
  0x00000229fcfb7000 JavaThread "WorkerExecutor Queue Thread 3" [_thread_blocked, id=15344, stack(0x0000005250e00000,0x0000005250f00000)]
  0x00000229fcfb6000 JavaThread "WorkerExecutor Queue Thread 5" [_thread_blocked, id=16228, stack(0x0000005250f00000,0x0000005251000000)]
  0x00000229fcfb8800 JavaThread "WorkerExecutor Queue Thread 6" [_thread_blocked, id=15380, stack(0x0000005251000000,0x0000005251100000)]
=>0x00000229fc9aa800 JavaThread "C2 CompilerThread1" daemon [_thread_in_native, id=16400, stack(0x0000005250c00000,0x0000005250d00000)]

Other Threads:
  0x00000229fa47d000 VMThread "VM Thread" [stack: 0x000000524d600000,0x000000524d700000] [id=4028]
  0x00000229fa651800 WatcherThread [stack: 0x000000524e000000,0x000000524e100000] [id=14384]
  0x00000229e0041800 GCTaskThread "GC Thread#0" [stack: 0x000000524d100000,0x000000524d200000] [id=10568]
  0x00000229fa9ed000 GCTaskThread "GC Thread#1" [stack: 0x000000524e200000,0x000000524e300000] [id=4304]
  0x00000229fa9ee000 GCTaskThread "GC Thread#2" [stack: 0x000000524e300000,0x000000524e400000] [id=10596]
  0x00000229faf1b000 GCTaskThread "GC Thread#3" [stack: 0x000000524e400000,0x000000524e500000] [id=15956]
  0x00000229e0073000 ConcurrentGCThread "G1 Main Marker" [stack: 0x000000524d200000,0x000000524d300000] [id=10808]
  0x00000229e0074800 ConcurrentGCThread "G1 Conc#0" [stack: 0x000000524d300000,0x000000524d400000] [id=10552]
  0x00000229f9ada800 ConcurrentGCThread "G1 Refine#0" [stack: 0x000000524d400000,0x000000524d500000] [id=12972]
  0x00000229f9adb000 ConcurrentGCThread "G1 Young RemSet Sampling" [stack: 0x000000524d500000,0x000000524d600000] [id=16340]

Threads with active compile tasks:
C2 CompilerThread0  68527 15234       4       java.lang.invoke.InvokerBytecodeGenerator::emitImplicitConversion (159 bytes)
C2 CompilerThread1  68527 15237       4       java.lang.invoke.InvokerBytecodeGenerator::emitPushArgument (120 bytes)

VM state:at safepoint (normal execution)

VM Mutex/Monitor currently owned by a thread:  ([mutex/lock_event])
[0x00000229e0027220] Threads_lock - owner thread: 0x00000229fa47d000
[0x00000229e0026530] Heap_lock - owner thread: 0x00000229fceab800

Heap address: 0x0000000080000000, size: 2048 MB, Compressed Oops mode: 32-bit
Narrow klass base: 0x0000000000000000, Narrow klass shift: 3
Compressed class space size: 1073741824 Address: 0x0000000100000000

Heap:
 garbage-first heap   total 262144K, used 105681K [0x0000000080000000, 0x0000000100000000)
  region size 1024K, 10 young (10240K), 10 survivors (10240K)
 Metaspace       used 97180K, capacity 99407K, committed 99452K, reserved 1144832K
  class space    used 12035K, capacity 12789K, committed 12800K, reserved 1048576K
Heap Regions: E=young(eden), S=young(survivor), O=old, HS=humongous(starts), HC=humongous(continues), CS=collection set, F=free, A=archive, TAMS=top-at-mark-start (previous, next)
|   0|0x0000000080000000, 0x0000000080100000, 0x0000000080100000|100%| O|  |TAMS 0x0000000080100000, 0x0000000080000000| Untracked 
|   1|0x0000000080100000, 0x0000000080200000, 0x0000000080200000|100%| O|  |TAMS 0x0000000080200000, 0x0000000080100000| Untracked 
|   2|0x0000000080200000, 0x0000000080300000, 0x0000000080300000|100%| O|  |TAMS 0x0000000080300000, 0x0000000080200000| Untracked 
|   3|0x0000000080300000, 0x0000000080400000, 0x0000000080400000|100%|HS|  |TAMS 0x0000000080400000, 0x0000000080300000| Complete 
|   4|0x0000000080400000, 0x0000000080500000, 0x0000000080500000|100%|HC|  |TAMS 0x0000000080500000, 0x0000000080400000| Complete 
|   5|0x0000000080500000, 0x0000000080600000, 0x0000000080600000|100%|HC|  |TAMS 0x0000000080600000, 0x0000000080500000| Complete 
|   6|0x0000000080600000, 0x0000000080700000, 0x0000000080700000|100%| O|  |TAMS 0x0000000080700000, 0x0000000080600000| Untracked 
|   7|0x0000000080700000, 0x0000000080800000, 0x0000000080800000|100%| O|  |TAMS 0x0000000080800000, 0x0000000080700000| Untracked 
|   8|0x0000000080800000, 0x0000000080900000, 0x0000000080900000|100%| O|  |TAMS 0x0000000080900000, 0x0000000080800000| Untracked 
|   9|0x0000000080900000, 0x0000000080a00000, 0x0000000080a00000|100%| O|  |TAMS 0x0000000080a00000, 0x0000000080900000| Untracked 
|  10|0x0000000080a00000, 0x0000000080b00000, 0x0000000080b00000|100%| O|  |TAMS 0x0000000080b00000, 0x0000000080a00000| Untracked 
|  11|0x0000000080b00000, 0x0000000080c00000, 0x0000000080c00000|100%| O|  |TAMS 0x0000000080c00000, 0x0000000080b00000| Complete 
|  12|0x0000000080c00000, 0x0000000080d00000, 0x0000000080d00000|100%| O|  |TAMS 0x0000000080d00000, 0x0000000080c00000| Untracked 
|  13|0x0000000080d00000, 0x0000000080e00000, 0x0000000080e00000|100%| O|  |TAMS 0x0000000080e00000, 0x0000000080d00000| Untracked 
|  14|0x0000000080e00000, 0x0000000080f00000, 0x0000000080f00000|100%|HS|  |TAMS 0x0000000080f00000, 0x0000000080e00000| Complete 
|  15|0x0000000080f00000, 0x0000000081000000, 0x0000000081000000|100%|HC|  |TAMS 0x0000000081000000, 0x0000000080f00000| Complete 
|  16|0x0000000081000000, 0x0000000081100000, 0x0000000081100000|100%|HS|  |TAMS 0x0000000081100000, 0x0000000081000000| Complete 
|  17|0x0000000081100000, 0x0000000081200000, 0x0000000081200000|100%|HC|  |TAMS 0x0000000081200000, 0x0000000081100000| Complete 
|  18|0x0000000081200000, 0x0000000081300000, 0x0000000081300000|100%|HC|  |TAMS 0x0000000081300000, 0x0000000081200000| Complete 
|  19|0x0000000081300000, 0x0000000081400000, 0x0000000081400000|100%|HS|  |TAMS 0x0000000081400000, 0x0000000081300000| Complete 
|  20|0x0000000081400000, 0x0000000081500000, 0x0000000081500000|100%|HC|  |TAMS 0x0000000081500000, 0x0000000081400000| Complete 
|  21|0x0000000081500000, 0x0000000081600000, 0x0000000081600000|100%|HC|  |TAMS 0x0000000081600000, 0x0000000081500000| Complete 
|  22|0x0000000081600000, 0x0000000081700000, 0x0000000081700000|100%|HC|  |TAMS 0x0000000081700000, 0x0000000081600000| Complete 
|  23|0x0000000081700000, 0x0000000081800000, 0x0000000081800000|100%| O|  |TAMS 0x0000000081800000, 0x0000000081700000| Untracked 
|  24|0x0000000081800000, 0x0000000081900000, 0x0000000081900000|100%| O|  |TAMS 0x0000000081900000, 0x0000000081800000| Untracked 
|  25|0x0000000081900000, 0x0000000081a00000, 0x0000000081a00000|100%| O|  |TAMS 0x0000000081a00000, 0x0000000081900000| Untracked 
|  26|0x0000000081a00000, 0x0000000081b00000, 0x0000000081b00000|100%| O|  |TAMS 0x0000000081b00000, 0x0000000081a00000| Untracked 
|  27|0x0000000081b00000, 0x0000000081c00000, 0x0000000081c00000|100%| O|  |TAMS 0x0000000081c00000, 0x0000000081b00000| Untracked 
|  28|0x0000000081c00000, 0x0000000081d00000, 0x0000000081d00000|100%| O|  |TAMS 0x0000000081d00000, 0x0000000081c00000| Untracked 
|  29|0x0000000081d00000, 0x0000000081e00000, 0x0000000081e00000|100%| O|  |TAMS 0x0000000081e00000, 0x0000000081d00000| Untracked 
|  30|0x0000000081e00000, 0x0000000081f00000, 0x0000000081f00000|100%| O|  |TAMS 0x0000000081f00000, 0x0000000081e00000| Untracked 
|  31|0x0000000081f00000, 0x0000000082000000, 0x0000000082000000|100%| O|  |TAMS 0x0000000082000000, 0x0000000081f00000| Untracked 
|  32|0x0000000082000000, 0x0000000082100000, 0x0000000082100000|100%| O|  |TAMS 0x0000000082100000, 0x0000000082000000| Untracked 
|  33|0x0000000082100000, 0x0000000082200000, 0x0000000082200000|100%| O|  |TAMS 0x0000000082200000, 0x0000000082100000| Untracked 
|  34|0x0000000082200000, 0x0000000082300000, 0x0000000082300000|100%| O|  |TAMS 0x0000000082300000, 0x0000000082200000| Untracked 
|  35|0x0000000082300000, 0x0000000082400000, 0x0000000082400000|100%| O|  |TAMS 0x0000000082400000, 0x0000000082300000| Untracked 
|  36|0x0000000082400000, 0x0000000082500000, 0x0000000082500000|100%| O|  |TAMS 0x0000000082500000, 0x0000000082400000| Untracked 
|  37|0x0000000082500000, 0x0000000082600000, 0x0000000082600000|100%| O|  |TAMS 0x0000000082600000, 0x0000000082500000| Untracked 
|  38|0x0000000082600000, 0x0000000082700000, 0x0000000082700000|100%| O|  |TAMS 0x0000000082700000, 0x0000000082600000| Untracked 
|  39|0x0000000082700000, 0x0000000082800000, 0x0000000082800000|100%| O|  |TAMS 0x0000000082800000, 0x0000000082700000| Complete 
|  40|0x0000000082800000, 0x0000000082900000, 0x0000000082900000|100%| O|  |TAMS 0x0000000082900000, 0x0000000082800000| Complete 
|  41|0x0000000082900000, 0x0000000082a00000, 0x0000000082a00000|100%|HS|  |TAMS 0x0000000082a00000, 0x0000000082900000| Complete 
|  42|0x0000000082a00000, 0x0000000082b00000, 0x0000000082b00000|100%|HC|  |TAMS 0x0000000082b00000, 0x0000000082a00000| Complete 
|  43|0x0000000082b00000, 0x0000000082b00000, 0x0000000082c00000|  0%| F|  |TAMS 0x0000000082b00000, 0x0000000082b00000| Untracked 
|  44|0x0000000082c00000, 0x0000000082d00000, 0x0000000082d00000|100%| O|  |TAMS 0x0000000082d00000, 0x0000000082c00000| Complete 
|  45|0x0000000082d00000, 0x0000000082d00000, 0x0000000082e00000|  0%| F|  |TAMS 0x0000000082d00000, 0x0000000082d00000| Untracked 
|  46|0x0000000082e00000, 0x0000000082e00000, 0x0000000082f00000|  0%| F|  |TAMS 0x0000000082e00000, 0x0000000082e00000| Untracked 
|  47|0x0000000082f00000, 0x0000000083000000, 0x0000000083000000|100%| O|  |TAMS 0x0000000083000000, 0x0000000082f00000| Complete 
|  48|0x0000000083000000, 0x0000000083000000, 0x0000000083100000|  0%| F|  |TAMS 0x0000000083000000, 0x0000000083000000| Untracked 
|  49|0x0000000083100000, 0x0000000083100000, 0x0000000083200000|  0%| F|  |TAMS 0x0000000083100000, 0x0000000083100000| Untracked 
|  50|0x0000000083200000, 0x0000000083300000, 0x0000000083300000|100%| O|  |TAMS 0x0000000083300000, 0x0000000083200000| Complete 
|  51|0x0000000083300000, 0x0000000083400000, 0x0000000083400000|100%| O|  |TAMS 0x0000000083400000, 0x0000000083300000| Complete 
|  52|0x0000000083400000, 0x0000000083500000, 0x0000000083500000|100%|HS|  |TAMS 0x0000000083500000, 0x0000000083400000| Complete 
|  53|0x0000000083500000, 0x0000000083600000, 0x0000000083600000|100%|HC|  |TAMS 0x0000000083600000, 0x0000000083500000| Complete 
|  54|0x0000000083600000, 0x0000000083700000, 0x0000000083700000|100%|HC|  |TAMS 0x0000000083700000, 0x0000000083600000| Complete 
|  55|0x0000000083700000, 0x0000000083800000, 0x0000000083800000|100%|HS|  |TAMS 0x0000000083800000, 0x0000000083700000| Complete 
|  56|0x0000000083800000, 0x0000000083900000, 0x0000000083900000|100%|HC|  |TAMS 0x0000000083900000, 0x0000000083800000| Complete 
|  57|0x0000000083900000, 0x0000000083a00000, 0x0000000083a00000|100%|HC|  |TAMS 0x0000000083a00000, 0x0000000083900000| Complete 
|  58|0x0000000083a00000, 0x0000000083b00000, 0x0000000083b00000|100%| O|  |TAMS 0x0000000083b00000, 0x0000000083a00000| Complete 
|  59|0x0000000083b00000, 0x0000000083c00000, 0x0000000083c00000|100%| O|  |TAMS 0x0000000083c00000, 0x0000000083b00000| Untracked 
|  60|0x0000000083c00000, 0x0000000083d00000, 0x0000000083d00000|100%| O|  |TAMS 0x0000000083d00000, 0x0000000083c00000| Untracked 
|  61|0x0000000083d00000, 0x0000000083e00000, 0x0000000083e00000|100%| O|  |TAMS 0x0000000083e00000, 0x0000000083d00000| Untracked 
|  62|0x0000000083e00000, 0x0000000083f00000, 0x0000000083f00000|100%| O|  |TAMS 0x0000000083f00000, 0x0000000083e00000| Untracked 
|  63|0x0000000083f00000, 0x0000000084000000, 0x0000000084000000|100%| O|  |TAMS 0x0000000084000000, 0x0000000083f00000| Complete 
|  64|0x0000000084000000, 0x0000000084100000, 0x0000000084100000|100%| O|  |TAMS 0x0000000084100000, 0x0000000084000000| Complete 
|  65|0x0000000084100000, 0x0000000084200000, 0x0000000084200000|100%| O|  |TAMS 0x0000000084200000, 0x0000000084100000| Untracked 
|  66|0x0000000084200000, 0x0000000084300000, 0x0000000084300000|100%| O|  |TAMS 0x0000000084300000, 0x0000000084200000| Untracked 
|  67|0x0000000084300000, 0x0000000084400000, 0x0000000084400000|100%| O|  |TAMS 0x0000000084400000, 0x0000000084300000| Untracked 
|  68|0x0000000084400000, 0x0000000084500000, 0x0000000084500000|100%| O|  |TAMS 0x0000000084500000, 0x0000000084400000| Complete 
|  69|0x0000000084500000, 0x0000000084600000, 0x0000000084600000|100%| O|  |TAMS 0x0000000084600000, 0x0000000084500000| Untracked 
|  70|0x0000000084600000, 0x0000000084700000, 0x0000000084700000|100%| O|  |TAMS 0x0000000084700000, 0x0000000084600000| Untracked 
|  71|0x0000000084700000, 0x0000000084800000, 0x0000000084800000|100%| O|  |TAMS 0x0000000084800000, 0x0000000084700000| Untracked 
|  72|0x0000000084800000, 0x0000000084900000, 0x0000000084900000|100%| O|  |TAMS 0x0000000084900000, 0x0000000084800000| Complete 
|  73|0x0000000084900000, 0x0000000084a00000, 0x0000000084a00000|100%| O|  |TAMS 0x0000000084a00000, 0x0000000084900000| Complete 
|  74|0x0000000084a00000, 0x0000000084b00000, 0x0000000084b00000|100%| O|  |TAMS 0x0000000084b00000, 0x0000000084a00000| Complete 
|  75|0x0000000084b00000, 0x0000000084c00000, 0x0000000084c00000|100%| O|  |TAMS 0x0000000084c00000, 0x0000000084b00000| Untracked 
|  76|0x0000000084c00000, 0x0000000084d00000, 0x0000000084d00000|100%| O|  |TAMS 0x0000000084d00000, 0x0000000084c00000| Untracked 
|  77|0x0000000084d00000, 0x0000000084e00000, 0x0000000084e00000|100%| O|  |TAMS 0x0000000084e00000, 0x0000000084d00000| Untracked 
|  78|0x0000000084e00000, 0x0000000084f00000, 0x0000000084f00000|100%| O|  |TAMS 0x0000000084f00000, 0x0000000084e00000| Untracked 
|  79|0x0000000084f00000, 0x0000000084f00000, 0x0000000085000000|  0%| F|  |TAMS 0x0000000084f00000, 0x0000000084f00000| Untracked 
|  80|0x0000000085000000, 0x0000000085100000, 0x0000000085100000|100%| O|  |TAMS 0x0000000085100000, 0x0000000085000000| Untracked 
|  81|0x0000000085100000, 0x0000000085200000, 0x0000000085200000|100%| O|  |TAMS 0x0000000085200000, 0x0000000085100000| Complete 
|  82|0x0000000085200000, 0x0000000085300000, 0x0000000085300000|100%| O|  |TAMS 0x0000000085300000, 0x0000000085200000| Untracked 
|  83|0x0000000085300000, 0x0000000085400000, 0x0000000085400000|100%| O|  |TAMS 0x0000000085400000, 0x0000000085300000| Complete 
|  84|0x0000000085400000, 0x0000000085500000, 0x0000000085500000|100%| O|  |TAMS 0x0000000085500000, 0x0000000085400000| Complete 
|  85|0x0000000085500000, 0x0000000085600000, 0x0000000085600000|100%| O|  |TAMS 0x0000000085600000, 0x0000000085500000| Complete 
|  86|0x0000000085600000, 0x0000000085700000, 0x0000000085700000|100%| O|  |TAMS 0x0000000085700000, 0x0000000085600000| Complete 
|  87|0x0000000085700000, 0x0000000085800000, 0x0000000085800000|100%| O|  |TAMS 0x0000000085800000, 0x0000000085700000| Complete 
|  88|0x0000000085800000, 0x0000000085900000, 0x0000000085900000|100%| O|  |TAMS 0x0000000085900000, 0x0000000085800000| Untracked 
|  89|0x0000000085900000, 0x0000000085a00000, 0x0000000085a00000|100%| O|  |TAMS 0x0000000085a00000, 0x0000000085900000| Untracked 
|  90|0x0000000085a00000, 0x0000000085b00000, 0x0000000085b00000|100%| O|  |TAMS 0x0000000085b00000, 0x0000000085a00000| Untracked 
|  91|0x0000000085b00000, 0x0000000085c00000, 0x0000000085c00000|100%| O|  |TAMS 0x0000000085c00000, 0x0000000085b00000| Complete 
|  92|0x0000000085c00000, 0x0000000085c00000, 0x0000000085d00000|  0%| F|  |TAMS 0x0000000085c00000, 0x0000000085c00000| Untracked 
|  93|0x0000000085d00000, 0x0000000085e00000, 0x0000000085e00000|100%| O|  |TAMS 0x0000000085e00000, 0x0000000085d00000| Complete 
|  94|0x0000000085e00000, 0x0000000085e00000, 0x0000000085f00000|  0%| F|  |TAMS 0x0000000085e00000, 0x0000000085e00000| Untracked 
|  95|0x0000000085f00000, 0x0000000086000000, 0x0000000086000000|100%| O|  |TAMS 0x0000000086000000, 0x0000000085f00000| Complete 
|  96|0x0000000086000000, 0x0000000086000000, 0x0000000086100000|  0%| F|  |TAMS 0x0000000086000000, 0x0000000086000000| Untracked 
|  97|0x0000000086100000, 0x0000000086100000, 0x0000000086200000|  0%| F|  |TAMS 0x0000000086100000, 0x0000000086100000| Untracked 
|  98|0x0000000086200000, 0x0000000086200000, 0x0000000086300000|  0%| F|  |TAMS 0x0000000086200000, 0x0000000086200000| Untracked 
|  99|0x0000000086300000, 0x0000000086300000, 0x0000000086400000|  0%| F|  |TAMS 0x0000000086300000, 0x0000000086300000| Untracked 
| 100|0x0000000086400000, 0x0000000086500000, 0x0000000086500000|100%| O|  |TAMS 0x0000000086500000, 0x0000000086400000| Complete 
| 101|0x0000000086500000, 0x0000000086600000, 0x0000000086600000|100%| O|  |TAMS 0x0000000086600000, 0x0000000086500000| Complete 
| 102|0x0000000086600000, 0x0000000086700000, 0x0000000086700000|100%| O|  |TAMS 0x0000000086700000, 0x0000000086600000| Complete 
| 103|0x0000000086700000, 0x0000000086800000, 0x0000000086800000|100%| O|  |TAMS 0x0000000086800000, 0x0000000086700000| Complete 
| 104|0x0000000086800000, 0x0000000086900000, 0x0000000086900000|100%| O|  |TAMS 0x0000000086900000, 0x0000000086800000| Complete 
| 105|0x0000000086900000, 0x000000008694fa00, 0x0000000086a00000| 31%| O|  |TAMS 0x000000008694fa00, 0x0000000086900000| Untracked 
| 106|0x0000000086a00000, 0x0000000086a00000, 0x0000000086b00000|  0%| F|  |TAMS 0x0000000086a00000, 0x0000000086a00000| Untracked 
| 107|0x0000000086b00000, 0x0000000086b00000, 0x0000000086c00000|  0%| F|  |TAMS 0x0000000086b00000, 0x0000000086b00000| Untracked 
| 108|0x0000000086c00000, 0x0000000086c00000, 0x0000000086d00000|  0%| F|  |TAMS 0x0000000086c00000, 0x0000000086c00000| Untracked 
| 109|0x0000000086d00000, 0x0000000086d00000, 0x0000000086e00000|  0%| F|  |TAMS 0x0000000086d00000, 0x0000000086d00000| Untracked 
| 110|0x0000000086e00000, 0x0000000086e00000, 0x0000000086f00000|  0%| F|  |TAMS 0x0000000086e00000, 0x0000000086e00000| Untracked 
| 111|0x0000000086f00000, 0x0000000086f00000, 0x0000000087000000|  0%| F|  |TAMS 0x0000000086f00000, 0x0000000086f00000| Untracked 
| 112|0x0000000087000000, 0x0000000087000000, 0x0000000087100000|  0%| F|  |TAMS 0x0000000087000000, 0x0000000087000000| Untracked 
| 113|0x0000000087100000, 0x0000000087100000, 0x0000000087200000|  0%| F|  |TAMS 0x0000000087100000, 0x0000000087100000| Untracked 
| 114|0x0000000087200000, 0x0000000087200000, 0x0000000087300000|  0%| F|  |TAMS 0x0000000087200000, 0x0000000087200000| Untracked 
| 115|0x0000000087300000, 0x0000000087300000, 0x0000000087400000|  0%| F|  |TAMS 0x0000000087300000, 0x0000000087300000| Untracked 
| 116|0x0000000087400000, 0x0000000087400000, 0x0000000087500000|  0%| F|  |TAMS 0x0000000087400000, 0x0000000087400000| Untracked 
| 117|0x0000000087500000, 0x0000000087500000, 0x0000000087600000|  0%| F|  |TAMS 0x0000000087500000, 0x0000000087500000| Untracked 
| 118|0x0000000087600000, 0x0000000087600000, 0x0000000087700000|  0%| F|  |TAMS 0x0000000087600000, 0x0000000087600000| Untracked 
| 119|0x0000000087700000, 0x0000000087700000, 0x0000000087800000|  0%| F|  |TAMS 0x0000000087700000, 0x0000000087700000| Untracked 
| 120|0x0000000087800000, 0x0000000087800000, 0x0000000087900000|  0%| F|  |TAMS 0x0000000087800000, 0x0000000087800000| Untracked 
| 121|0x0000000087900000, 0x0000000087900000, 0x0000000087a00000|  0%| F|  |TAMS 0x0000000087900000, 0x0000000087900000| Untracked 
| 122|0x0000000087a00000, 0x0000000087a00000, 0x0000000087b00000|  0%| F|  |TAMS 0x0000000087a00000, 0x0000000087a00000| Untracked 
| 123|0x0000000087b00000, 0x0000000087b00000, 0x0000000087c00000|  0%| F|  |TAMS 0x0000000087b00000, 0x0000000087b00000| Untracked 
| 124|0x0000000087c00000, 0x0000000087c00000, 0x0000000087d00000|  0%| F|  |TAMS 0x0000000087c00000, 0x0000000087c00000| Untracked 
| 125|0x0000000087d00000, 0x0000000087d00000, 0x0000000087e00000|  0%| F|  |TAMS 0x0000000087d00000, 0x0000000087d00000| Untracked 
| 126|0x0000000087e00000, 0x0000000087e00000, 0x0000000087f00000|  0%| F|  |TAMS 0x0000000087e00000, 0x0000000087e00000| Untracked 
| 127|0x0000000087f00000, 0x0000000087f00000, 0x0000000088000000|  0%| F|  |TAMS 0x0000000087f00000, 0x0000000087f00000| Untracked 
| 128|0x0000000088000000, 0x0000000088000000, 0x0000000088100000|  0%| F|  |TAMS 0x0000000088000000, 0x0000000088000000| Untracked 
| 129|0x0000000088100000, 0x0000000088100000, 0x0000000088200000|  0%| F|  |TAMS 0x0000000088100000, 0x0000000088100000| Untracked 
| 130|0x0000000088200000, 0x0000000088200000, 0x0000000088300000|  0%| F|  |TAMS 0x0000000088200000, 0x0000000088200000| Untracked 
| 131|0x0000000088300000, 0x0000000088300000, 0x0000000088400000|  0%| F|  |TAMS 0x0000000088300000, 0x0000000088300000| Untracked 
| 132|0x0000000088400000, 0x0000000088400000, 0x0000000088500000|  0%| F|  |TAMS 0x0000000088400000, 0x0000000088400000| Untracked 
| 133|0x0000000088500000, 0x0000000088500000, 0x0000000088600000|  0%| F|  |TAMS 0x0000000088500000, 0x0000000088500000| Untracked 
| 134|0x0000000088600000, 0x0000000088600000, 0x0000000088700000|  0%| F|  |TAMS 0x0000000088600000, 0x0000000088600000| Untracked 
| 135|0x0000000088700000, 0x0000000088700000, 0x0000000088800000|  0%| F|  |TAMS 0x0000000088700000, 0x0000000088700000| Untracked 
| 136|0x0000000088800000, 0x0000000088800000, 0x0000000088900000|  0%| F|  |TAMS 0x0000000088800000, 0x0000000088800000| Untracked 
| 137|0x0000000088900000, 0x0000000088900000, 0x0000000088a00000|  0%| F|  |TAMS 0x0000000088900000, 0x0000000088900000| Untracked 
| 138|0x0000000088a00000, 0x0000000088a00000, 0x0000000088b00000|  0%| F|  |TAMS 0x0000000088a00000, 0x0000000088a00000| Untracked 
| 139|0x0000000088b00000, 0x0000000088b00000, 0x0000000088c00000|  0%| F|  |TAMS 0x0000000088b00000, 0x0000000088b00000| Untracked 
| 140|0x0000000088c00000, 0x0000000088c00000, 0x0000000088d00000|  0%| F|  |TAMS 0x0000000088c00000, 0x0000000088c00000| Untracked 
| 141|0x0000000088d00000, 0x0000000088d00000, 0x0000000088e00000|  0%| F|  |TAMS 0x0000000088d00000, 0x0000000088d00000| Untracked 
| 142|0x0000000088e00000, 0x0000000088e00000, 0x0000000088f00000|  0%| F|  |TAMS 0x0000000088e00000, 0x0000000088e00000| Untracked 
| 143|0x0000000088f00000, 0x0000000088f00000, 0x0000000089000000|  0%| F|  |TAMS 0x0000000088f00000, 0x0000000088f00000| Untracked 
| 144|0x0000000089000000, 0x0000000089000000, 0x0000000089100000|  0%| F|  |TAMS 0x0000000089000000, 0x0000000089000000| Untracked 
| 145|0x0000000089100000, 0x0000000089100000, 0x0000000089200000|  0%| F|  |TAMS 0x0000000089100000, 0x0000000089100000| Untracked 
| 146|0x0000000089200000, 0x0000000089200000, 0x0000000089300000|  0%| F|  |TAMS 0x0000000089200000, 0x0000000089200000| Untracked 
| 147|0x0000000089300000, 0x0000000089300000, 0x0000000089400000|  0%| F|  |TAMS 0x0000000089300000, 0x0000000089300000| Untracked 
| 148|0x0000000089400000, 0x0000000089400000, 0x0000000089500000|  0%| F|  |TAMS 0x0000000089400000, 0x0000000089400000| Untracked 
| 149|0x0000000089500000, 0x0000000089500000, 0x0000000089600000|  0%| F|  |TAMS 0x0000000089500000, 0x0000000089500000| Untracked 
| 150|0x0000000089600000, 0x0000000089600000, 0x0000000089700000|  0%| F|  |TAMS 0x0000000089600000, 0x0000000089600000| Untracked 
| 151|0x0000000089700000, 0x0000000089700000, 0x0000000089800000|  0%| F|  |TAMS 0x0000000089700000, 0x0000000089700000| Untracked 
| 152|0x0000000089800000, 0x0000000089800000, 0x0000000089900000|  0%| F|  |TAMS 0x0000000089800000, 0x0000000089800000| Untracked 
| 153|0x0000000089900000, 0x0000000089900000, 0x0000000089a00000|  0%| F|  |TAMS 0x0000000089900000, 0x0000000089900000| Untracked 
| 154|0x0000000089a00000, 0x0000000089a00000, 0x0000000089b00000|  0%| F|  |TAMS 0x0000000089a00000, 0x0000000089a00000| Untracked 
| 155|0x0000000089b00000, 0x0000000089b00000, 0x0000000089c00000|  0%| F|  |TAMS 0x0000000089b00000, 0x0000000089b00000| Untracked 
| 156|0x0000000089c00000, 0x0000000089c00000, 0x0000000089d00000|  0%| F|  |TAMS 0x0000000089c00000, 0x0000000089c00000| Untracked 
| 157|0x0000000089d00000, 0x0000000089d00000, 0x0000000089e00000|  0%| F|  |TAMS 0x0000000089d00000, 0x0000000089d00000| Untracked 
| 158|0x0000000089e00000, 0x0000000089e00000, 0x0000000089f00000|  0%| F|  |TAMS 0x0000000089e00000, 0x0000000089e00000| Untracked 
| 159|0x0000000089f00000, 0x0000000089f00000, 0x000000008a000000|  0%| F|  |TAMS 0x0000000089f00000, 0x0000000089f00000| Untracked 
| 160|0x000000008a000000, 0x000000008a000000, 0x000000008a100000|  0%| F|  |TAMS 0x000000008a000000, 0x000000008a000000| Untracked 
| 161|0x000000008a100000, 0x000000008a100000, 0x000000008a200000|  0%| F|  |TAMS 0x000000008a100000, 0x000000008a100000| Untracked 
| 162|0x000000008a200000, 0x000000008a200000, 0x000000008a300000|  0%| F|  |TAMS 0x000000008a200000, 0x000000008a200000| Untracked 
| 163|0x000000008a300000, 0x000000008a300000, 0x000000008a400000|  0%| F|  |TAMS 0x000000008a300000, 0x000000008a300000| Untracked 
| 164|0x000000008a400000, 0x000000008a400000, 0x000000008a500000|  0%| F|  |TAMS 0x000000008a400000, 0x000000008a400000| Untracked 
| 165|0x000000008a500000, 0x000000008a500000, 0x000000008a600000|  0%| F|  |TAMS 0x000000008a500000, 0x000000008a500000| Untracked 
| 166|0x000000008a600000, 0x000000008a600000, 0x000000008a700000|  0%| F|  |TAMS 0x000000008a600000, 0x000000008a600000| Untracked 
| 167|0x000000008a700000, 0x000000008a700000, 0x000000008a800000|  0%| F|  |TAMS 0x000000008a700000, 0x000000008a700000| Untracked 
| 168|0x000000008a800000, 0x000000008a800000, 0x000000008a900000|  0%| F|  |TAMS 0x000000008a800000, 0x000000008a800000| Untracked 
| 169|0x000000008a900000, 0x000000008a900000, 0x000000008aa00000|  0%| F|  |TAMS 0x000000008a900000, 0x000000008a900000| Untracked 
| 170|0x000000008aa00000, 0x000000008aa00000, 0x000000008ab00000|  0%| F|  |TAMS 0x000000008aa00000, 0x000000008aa00000| Untracked 
| 171|0x000000008ab00000, 0x000000008ab00000, 0x000000008ac00000|  0%| F|  |TAMS 0x000000008ab00000, 0x000000008ab00000| Untracked 
| 172|0x000000008ac00000, 0x000000008ac00000, 0x000000008ad00000|  0%| F|  |TAMS 0x000000008ac00000, 0x000000008ac00000| Untracked 
| 173|0x000000008ad00000, 0x000000008ad00000, 0x000000008ae00000|  0%| F|  |TAMS 0x000000008ad00000, 0x000000008ad00000| Untracked 
| 174|0x000000008ae00000, 0x000000008ae00000, 0x000000008af00000|  0%| F|  |TAMS 0x000000008ae00000, 0x000000008ae00000| Untracked 
| 175|0x000000008af00000, 0x000000008af00000, 0x000000008b000000|  0%| F|  |TAMS 0x000000008af00000, 0x000000008af00000| Untracked 
| 176|0x000000008b000000, 0x000000008b000000, 0x000000008b100000|  0%| F|  |TAMS 0x000000008b000000, 0x000000008b000000| Untracked 
| 177|0x000000008b100000, 0x000000008b100000, 0x000000008b200000|  0%| F|  |TAMS 0x000000008b100000, 0x000000008b100000| Untracked 
| 178|0x000000008b200000, 0x000000008b200000, 0x000000008b300000|  0%| F|  |TAMS 0x000000008b200000, 0x000000008b200000| Untracked 
| 179|0x000000008b300000, 0x000000008b300000, 0x000000008b400000|  0%| F|  |TAMS 0x000000008b300000, 0x000000008b300000| Untracked 
| 180|0x000000008b400000, 0x000000008b400000, 0x000000008b500000|  0%| F|  |TAMS 0x000000008b400000, 0x000000008b400000| Untracked 
| 181|0x000000008b500000, 0x000000008b500000, 0x000000008b600000|  0%| F|  |TAMS 0x000000008b500000, 0x000000008b500000| Untracked 
| 182|0x000000008b600000, 0x000000008b600000, 0x000000008b700000|  0%| F|  |TAMS 0x000000008b600000, 0x000000008b600000| Untracked 
| 183|0x000000008b700000, 0x000000008b700000, 0x000000008b800000|  0%| F|  |TAMS 0x000000008b700000, 0x000000008b700000| Untracked 
| 184|0x000000008b800000, 0x000000008b800000, 0x000000008b900000|  0%| F|  |TAMS 0x000000008b800000, 0x000000008b800000| Untracked 
| 185|0x000000008b900000, 0x000000008b9e4b88, 0x000000008ba00000| 89%| S|CS|TAMS 0x000000008b900000, 0x000000008b900000| Complete 
| 186|0x000000008ba00000, 0x000000008bb00000, 0x000000008bb00000|100%| S|CS|TAMS 0x000000008ba00000, 0x000000008ba00000| Complete 
| 187|0x000000008bb00000, 0x000000008bc00000, 0x000000008bc00000|100%| S|CS|TAMS 0x000000008bb00000, 0x000000008bb00000| Complete 
| 188|0x000000008bc00000, 0x000000008bd00000, 0x000000008bd00000|100%| S|CS|TAMS 0x000000008bc00000, 0x000000008bc00000| Complete 
| 189|0x000000008bd00000, 0x000000008be00000, 0x000000008be00000|100%| S|CS|TAMS 0x000000008bd00000, 0x000000008bd00000| Complete 
| 190|0x000000008be00000, 0x000000008bf00000, 0x000000008bf00000|100%| S|CS|TAMS 0x000000008be00000, 0x000000008be00000| Complete 
| 191|0x000000008bf00000, 0x000000008c000000, 0x000000008c000000|100%| S|CS|TAMS 0x000000008bf00000, 0x000000008bf00000| Complete 
| 192|0x000000008c000000, 0x000000008c100000, 0x000000008c100000|100%| S|CS|TAMS 0x000000008c000000, 0x000000008c000000| Complete 
| 193|0x000000008c100000, 0x000000008c200000, 0x000000008c200000|100%| S|CS|TAMS 0x000000008c100000, 0x000000008c100000| Complete 
| 194|0x000000008c200000, 0x000000008c300000, 0x000000008c300000|100%| S|CS|TAMS 0x000000008c200000, 0x000000008c200000| Complete 
| 195|0x000000008c300000, 0x000000008c300000, 0x000000008c400000|  0%| F|  |TAMS 0x000000008c300000, 0x000000008c300000| Untracked 
| 196|0x000000008c400000, 0x000000008c400000, 0x000000008c500000|  0%| F|  |TAMS 0x000000008c400000, 0x000000008c400000| Untracked 
| 197|0x000000008c500000, 0x000000008c500000, 0x000000008c600000|  0%| F|  |TAMS 0x000000008c500000, 0x000000008c500000| Untracked 
| 198|0x000000008c600000, 0x000000008c600000, 0x000000008c700000|  0%| F|  |TAMS 0x000000008c600000, 0x000000008c600000| Untracked 
| 199|0x000000008c700000, 0x000000008c700000, 0x000000008c800000|  0%| F|  |TAMS 0x000000008c700000, 0x000000008c700000| Untracked 
| 200|0x000000008c800000, 0x000000008c800000, 0x000000008c900000|  0%| F|  |TAMS 0x000000008c800000, 0x000000008c800000| Untracked 
| 201|0x000000008c900000, 0x000000008c900000, 0x000000008ca00000|  0%| F|  |TAMS 0x000000008c900000, 0x000000008c900000| Untracked 
| 202|0x000000008ca00000, 0x000000008ca00000, 0x000000008cb00000|  0%| F|  |TAMS 0x000000008ca00000, 0x000000008ca00000| Untracked 
| 203|0x000000008cb00000, 0x000000008cb00000, 0x000000008cc00000|  0%| F|  |TAMS 0x000000008cb00000, 0x000000008cb00000| Untracked 
| 204|0x000000008cc00000, 0x000000008cc00000, 0x000000008cd00000|  0%| F|  |TAMS 0x000000008cc00000, 0x000000008cc00000| Untracked 
| 205|0x000000008cd00000, 0x000000008cd00000, 0x000000008ce00000|  0%| F|  |TAMS 0x000000008cd00000, 0x000000008cd00000| Untracked 
| 206|0x000000008ce00000, 0x000000008ce00000, 0x000000008cf00000|  0%| F|  |TAMS 0x000000008ce00000, 0x000000008ce00000| Untracked 
| 207|0x000000008cf00000, 0x000000008cf00000, 0x000000008d000000|  0%| F|  |TAMS 0x000000008cf00000, 0x000000008cf00000| Untracked 
| 208|0x000000008d000000, 0x000000008d000000, 0x000000008d100000|  0%| F|  |TAMS 0x000000008d000000, 0x000000008d000000| Untracked 
| 209|0x000000008d100000, 0x000000008d100000, 0x000000008d200000|  0%| F|  |TAMS 0x000000008d100000, 0x000000008d100000| Untracked 
| 210|0x000000008d200000, 0x000000008d200000, 0x000000008d300000|  0%| F|  |TAMS 0x000000008d200000, 0x000000008d200000| Untracked 
| 211|0x000000008d300000, 0x000000008d300000, 0x000000008d400000|  0%| F|  |TAMS 0x000000008d300000, 0x000000008d300000| Untracked 
| 212|0x000000008d400000, 0x000000008d400000, 0x000000008d500000|  0%| F|  |TAMS 0x000000008d400000, 0x000000008d400000| Untracked 
| 213|0x000000008d500000, 0x000000008d500000, 0x000000008d600000|  0%| F|  |TAMS 0x000000008d500000, 0x000000008d500000| Untracked 
| 214|0x000000008d600000, 0x000000008d600000, 0x000000008d700000|  0%| F|  |TAMS 0x000000008d600000, 0x000000008d600000| Untracked 
| 215|0x000000008d700000, 0x000000008d700000, 0x000000008d800000|  0%| F|  |TAMS 0x000000008d700000, 0x000000008d700000| Untracked 
| 216|0x000000008d800000, 0x000000008d800000, 0x000000008d900000|  0%| F|  |TAMS 0x000000008d800000, 0x000000008d800000| Untracked 
| 217|0x000000008d900000, 0x000000008d900000, 0x000000008da00000|  0%| F|  |TAMS 0x000000008d900000, 0x000000008d900000| Untracked 
| 218|0x000000008da00000, 0x000000008da00000, 0x000000008db00000|  0%| F|  |TAMS 0x000000008da00000, 0x000000008da00000| Untracked 
| 219|0x000000008db00000, 0x000000008db00000, 0x000000008dc00000|  0%| F|  |TAMS 0x000000008db00000, 0x000000008db00000| Untracked 
| 220|0x000000008dc00000, 0x000000008dc00000, 0x000000008dd00000|  0%| F|  |TAMS 0x000000008dc00000, 0x000000008dc00000| Untracked 
| 221|0x000000008dd00000, 0x000000008dd00000, 0x000000008de00000|  0%| F|  |TAMS 0x000000008dd00000, 0x000000008dd00000| Untracked 
| 222|0x000000008de00000, 0x000000008de00000, 0x000000008df00000|  0%| F|  |TAMS 0x000000008de00000, 0x000000008de00000| Untracked 
| 223|0x000000008df00000, 0x000000008df00000, 0x000000008e000000|  0%| F|  |TAMS 0x000000008df00000, 0x000000008df00000| Untracked 
| 224|0x000000008e000000, 0x000000008e000000, 0x000000008e100000|  0%| F|  |TAMS 0x000000008e000000, 0x000000008e000000| Untracked 
| 225|0x000000008e100000, 0x000000008e100000, 0x000000008e200000|  0%| F|  |TAMS 0x000000008e100000, 0x000000008e100000| Untracked 
| 226|0x000000008e200000, 0x000000008e200000, 0x000000008e300000|  0%| F|  |TAMS 0x000000008e200000, 0x000000008e200000| Untracked 
| 227|0x000000008e300000, 0x000000008e300000, 0x000000008e400000|  0%| F|  |TAMS 0x000000008e300000, 0x000000008e300000| Untracked 
| 228|0x000000008e400000, 0x000000008e400000, 0x000000008e500000|  0%| F|  |TAMS 0x000000008e400000, 0x000000008e400000| Untracked 
| 229|0x000000008e500000, 0x000000008e500000, 0x000000008e600000|  0%| F|  |TAMS 0x000000008e500000, 0x000000008e500000| Untracked 
| 230|0x000000008e600000, 0x000000008e600000, 0x000000008e700000|  0%| F|  |TAMS 0x000000008e600000, 0x000000008e600000| Untracked 
| 231|0x000000008e700000, 0x000000008e700000, 0x000000008e800000|  0%| F|  |TAMS 0x000000008e700000, 0x000000008e700000| Untracked 
| 232|0x000000008e800000, 0x000000008e800000, 0x000000008e900000|  0%| F|  |TAMS 0x000000008e800000, 0x000000008e800000| Untracked 
| 233|0x000000008e900000, 0x000000008e900000, 0x000000008ea00000|  0%| F|  |TAMS 0x000000008e900000, 0x000000008e900000| Untracked 
| 234|0x000000008ea00000, 0x000000008ea00000, 0x000000008eb00000|  0%| F|  |TAMS 0x000000008ea00000, 0x000000008ea00000| Untracked 
| 235|0x000000008eb00000, 0x000000008eb00000, 0x000000008ec00000|  0%| F|  |TAMS 0x000000008eb00000, 0x000000008eb00000| Untracked 
| 236|0x000000008ec00000, 0x000000008ec00000, 0x000000008ed00000|  0%| F|  |TAMS 0x000000008ec00000, 0x000000008ec00000| Untracked 
| 237|0x000000008ed00000, 0x000000008ed00000, 0x000000008ee00000|  0%| F|  |TAMS 0x000000008ed00000, 0x000000008ed00000| Untracked 
| 238|0x000000008ee00000, 0x000000008ee00000, 0x000000008ef00000|  0%| F|  |TAMS 0x000000008ee00000, 0x000000008ee00000| Untracked 
| 239|0x000000008ef00000, 0x000000008ef00000, 0x000000008f000000|  0%| F|  |TAMS 0x000000008ef00000, 0x000000008ef00000| Untracked 
| 240|0x000000008f000000, 0x000000008f000000, 0x000000008f100000|  0%| F|  |TAMS 0x000000008f000000, 0x000000008f000000| Untracked 
| 241|0x000000008f100000, 0x000000008f100000, 0x000000008f200000|  0%| F|  |TAMS 0x000000008f100000, 0x000000008f100000| Untracked 
| 242|0x000000008f200000, 0x000000008f200000, 0x000000008f300000|  0%| F|  |TAMS 0x000000008f200000, 0x000000008f200000| Untracked 
| 243|0x000000008f300000, 0x000000008f300000, 0x000000008f400000|  0%| F|  |TAMS 0x000000008f300000, 0x000000008f300000| Untracked 
| 244|0x000000008f400000, 0x000000008f400000, 0x000000008f500000|  0%| F|  |TAMS 0x000000008f400000, 0x000000008f400000| Untracked 
| 245|0x000000008f500000, 0x000000008f500000, 0x000000008f600000|  0%| F|  |TAMS 0x000000008f500000, 0x000000008f500000| Untracked 
| 246|0x000000008f600000, 0x000000008f600000, 0x000000008f700000|  0%| F|  |TAMS 0x000000008f600000, 0x000000008f600000| Untracked 
| 247|0x000000008f700000, 0x000000008f700000, 0x000000008f800000|  0%| F|  |TAMS 0x000000008f700000, 0x000000008f700000| Untracked 
| 248|0x000000008f800000, 0x000000008f800000, 0x000000008f900000|  0%| F|  |TAMS 0x000000008f800000, 0x000000008f800000| Untracked 
| 249|0x000000008f900000, 0x000000008f900000, 0x000000008fa00000|  0%| F|  |TAMS 0x000000008f900000, 0x000000008f900000| Untracked 
| 250|0x000000008fa00000, 0x000000008fa00000, 0x000000008fb00000|  0%| F|  |TAMS 0x000000008fa00000, 0x000000008fa00000| Untracked 
| 251|0x000000008fb00000, 0x000000008fb00000, 0x000000008fc00000|  0%| F|  |TAMS 0x000000008fb00000, 0x000000008fb00000| Untracked 
| 252|0x000000008fc00000, 0x000000008fc00000, 0x000000008fd00000|  0%| F|  |TAMS 0x000000008fc00000, 0x000000008fc00000| Untracked 
| 253|0x000000008fd00000, 0x000000008fd00000, 0x000000008fe00000|  0%| F|  |TAMS 0x000000008fd00000, 0x000000008fd00000| Untracked 
| 254|0x000000008fe00000, 0x000000008fe00000, 0x000000008ff00000|  0%| F|  |TAMS 0x000000008fe00000, 0x000000008fe00000| Untracked 
| 255|0x000000008ff00000, 0x000000008ff00000, 0x0000000090000000|  0%| F|  |TAMS 0x000000008ff00000, 0x000000008ff00000| Untracked 

Card table byte_map: [0x00000229f2f40000,0x00000229f3340000] _byte_map_base: 0x00000229f2b40000

Marking Bits (Prev, Next): (CMBitMap*) 0x00000229e006a5c0, (CMBitMap*) 0x00000229e006a588
 Prev Bits: [0x00000229f5740000, 0x00000229f7740000)
 Next Bits: [0x00000229f3740000, 0x00000229f5740000)

Polling page: 0x00000229dddd0000

Metaspace:

Usage:
  Non-class:     84.59 MB capacity,    83.15 MB ( 98%) used,     1.21 MB (  1%) free+waste,   233.19 KB ( <1%) overhead. 
      Class:     12.49 MB capacity,    11.75 MB ( 94%) used,   649.76 KB (  5%) free+waste,   103.94 KB ( <1%) overhead. 
       Both:     97.08 MB capacity,    94.90 MB ( 98%) used,     1.84 MB (  2%) free+waste,   337.13 KB ( <1%) overhead. 

Virtual space:
  Non-class space:       94.00 MB reserved,      84.62 MB ( 90%) committed 
      Class space:        1.00 GB reserved,      12.50 MB (  1%) committed 
             Both:        1.09 GB reserved,      97.12 MB (  9%) committed 

Chunk freelists:
   Non-Class:  34.00 KB
       Class:  11.00 KB
        Both:  45.00 KB

MaxMetaspaceSize: 17179869184.00 GB
CompressedClassSpaceSize: 1.00 GB
Initial GC threshold: 20.80 MB
Current GC threshold: 158.23 MB
CDS: off

CodeHeap 'non-profiled nmethods': size=120064Kb used=10547Kb max_used=10861Kb free=109516Kb
 bounds [0x00000229eb600000, 0x00000229ec0b0000, 0x00000229f2b40000]
CodeHeap 'profiled nmethods': size=120000Kb used=33842Kb max_used=34340Kb free=86157Kb
 bounds [0x00000229e40d0000, 0x00000229e6280000, 0x00000229eb600000]
CodeHeap 'non-nmethods': size=5696Kb used=2428Kb max_used=2471Kb free=3267Kb
 bounds [0x00000229e3b40000, 0x00000229e3db0000, 0x00000229e40d0000]
 total_blobs=15291 nmethods=14332 adapters=871
 compilation: enabled
              stopped_count=0, restarted_count=0
 full_count=0

Compilation events (20 events):
Event: 68.405 Thread 0x00000229fa4e7000 nmethod 15236 0x00000229e445f490 code [0x00000229e445f640, 0x00000229e445f838]
Event: 68.405 Thread 0x00000229fc9aa800 15237       4       java.lang.invoke.InvokerBytecodeGenerator::emitPushArgument (120 bytes)
Event: 68.405 Thread 0x00000229fa4e7000 15241       3       java.lang.invoke.LambdaForm$Name::<init> (9 bytes)
Event: 68.405 Thread 0x00000229fa4e7000 nmethod 15241 0x00000229e445ee90 code [0x00000229e445f040, 0x00000229e445f188]
Event: 68.406 Thread 0x00000229fa4e7000 15243       3       java.lang.invoke.LambdaFormEditor$Transform::packedBytes (66 bytes)
Event: 68.406 Thread 0x00000229fa4e7000 nmethod 15243 0x00000229e488ae10 code [0x00000229e488afe0, 0x00000229e488b288]
Event: 68.407 Thread 0x00000229fa4e7000 15247       3       java.lang.invoke.InvokerBytecodeGenerator::<init> (108 bytes)
Event: 68.408 Thread 0x00000229fa4e7000 nmethod 15247 0x00000229e4889d10 code [0x00000229e4889f80, 0x00000229e488aa98]
Event: 68.408 Thread 0x00000229fa4e7000 15248       3       java.lang.invoke.ClassSpecializer::classBCName (33 bytes)
Event: 68.408 Thread 0x00000229fa4e7000 nmethod 15248 0x00000229e4889990 code [0x00000229e4889b40, 0x00000229e4889c68]
Event: 68.408 Thread 0x00000229fa4e7000 15249       3       java.lang.invoke.ClassSpecializer::className (33 bytes)
Event: 68.408 Thread 0x00000229fa4e7000 nmethod 15249 0x00000229e4889510 code [0x00000229e48896e0, 0x00000229e48898c8]
Event: 68.409 Thread 0x00000229fa4e7000 15251       3       sun.invoke.util.VerifyType::isNullReferenceConversion (45 bytes)
Event: 68.409 Thread 0x00000229fa4e7000 nmethod 15251 0x00000229e4888d90 code [0x00000229e4888f80, 0x00000229e4889298]
Event: 68.410 Thread 0x00000229fa4e7000 15253       3       java.lang.invoke.ClassSpecializer::classSig (94 bytes)
Event: 68.410 Thread 0x00000229fa4e7000 nmethod 15253 0x00000229e49be810 code [0x00000229e49bea80, 0x00000229e49bf298]
Event: 68.412 Thread 0x00000229fa4e7000 15257       3       java.lang.invoke.LambdaFormBuffer::insertExpression (30 bytes)
Event: 68.412 Thread 0x00000229fa4e7000 nmethod 15257 0x00000229e49be490 code [0x00000229e49be640, 0x00000229e49be788]
Event: 68.418 Thread 0x00000229fa4e7000 15261       3       java.lang.String::valueOf (14 bytes)
Event: 68.418 Thread 0x00000229fa4e7000 nmethod 15261 0x00000229e49be010 code [0x00000229e49be1e0, 0x00000229e49be3e8]

GC Heap History (20 events):
Event: 42.423 GC heap before
{Heap before GC invocations=27 (full 0):
 garbage-first heap   total 262144K, used 176236K [0x0000000080000000, 0x0000000100000000)
  region size 1024K, 112 young (114688K), 5 survivors (5120K)
 Metaspace       used 56546K, capacity 57675K, committed 57904K, reserved 1099776K
  class space    used 6820K, capacity 7196K, committed 7296K, reserved 1048576K
}
Event: 42.424 GC heap after
{Heap after GC invocations=28 (full 0):
 garbage-first heap   total 262144K, used 62652K [0x0000000080000000, 0x0000000100000000)
  region size 1024K, 1 young (1024K), 1 survivors (1024K)
 Metaspace       used 56546K, capacity 57675K, committed 57904K, reserved 1099776K
  class space    used 6820K, capacity 7196K, committed 7296K, reserved 1048576K
}
Event: 44.066 GC heap before
{Heap before GC invocations=28 (full 0):
 garbage-first heap   total 262144K, used 192700K [0x0000000080000000, 0x0000000100000000)
  region size 1024K, 120 young (122880K), 1 survivors (1024K)
 Metaspace       used 68838K, capacity 70424K, committed 70448K, reserved 1112064K
  class space    used 8331K, capacity 8826K, committed 8832K, reserved 1048576K
}
Event: 44.077 GC heap after
{Heap after GC invocations=29 (full 0):
 garbage-first heap   total 262144K, used 81825K [0x0000000080000000, 0x0000000100000000)
  region size 1024K, 12 young (12288K), 12 survivors (12288K)
 Metaspace       used 68838K, capacity 70424K, committed 70448K, reserved 1112064K
  class space    used 8331K, capacity 8826K, committed 8832K, reserved 1048576K
}
Event: 45.376 GC heap before
{Heap before GC invocations=29 (full 0):
 garbage-first heap   total 262144K, used 192417K [0x0000000080000000, 0x0000000100000000)
  region size 1024K, 120 young (122880K), 12 survivors (12288K)
 Metaspace       used 79585K, capacity 81357K, committed 81584K, reserved 1120256K
  class space    used 9905K, capacity 10481K, committed 10496K, reserved 1048576K
}
Event: 45.402 GC heap after
{Heap after GC invocations=30 (full 0):
 garbage-first heap   total 262144K, used 90093K [0x0000000080000000, 0x0000000100000000)
  region size 1024K, 8 young (8192K), 8 survivors (8192K)
 Metaspace       used 79585K, capacity 81357K, committed 81584K, reserved 1120256K
  class space    used 9905K, capacity 10481K, committed 10496K, reserved 1048576K
}
Event: 48.612 GC heap before
{Heap before GC invocations=30 (full 0):
 garbage-first heap   total 262144K, used 205805K [0x0000000080000000, 0x0000000100000000)
  region size 1024K, 115 young (117760K), 8 survivors (8192K)
 Metaspace       used 83541K, capacity 85477K, committed 85552K, reserved 1124352K
  class space    used 10439K, capacity 11085K, committed 11136K, reserved 1048576K
}
Event: 48.623 GC heap after
{Heap after GC invocations=31 (full 0):
 garbage-first heap   total 262144K, used 100148K [0x0000000080000000, 0x0000000100000000)
  region size 1024K, 15 young (15360K), 15 survivors (15360K)
 Metaspace       used 83541K, capacity 85477K, committed 85552K, reserved 1124352K
  class space    used 10439K, capacity 11085K, committed 11136K, reserved 1048576K
}
Event: 49.360 GC heap before
{Heap before GC invocations=31 (full 0):
 garbage-first heap   total 262144K, used 201524K [0x0000000080000000, 0x0000000100000000)
  region size 1024K, 115 young (117760K), 15 survivors (15360K)
 Metaspace       used 84773K, capacity 86844K, committed 86960K, reserved 1124352K
  class space    used 10558K, capacity 11241K, committed 11264K, reserved 1048576K
}
Event: 49.379 GC heap after
{Heap after GC invocations=32 (full 0):
 garbage-first heap   total 262144K, used 104448K [0x0000000080000000, 0x0000000100000000)
  region size 1024K, 4 young (4096K), 4 survivors (4096K)
 Metaspace       used 84773K, capacity 86844K, committed 86960K, reserved 1124352K
  class space    used 10558K, capacity 11241K, committed 11264K, reserved 1048576K
}
Event: 50.198 GC heap before
{Heap before GC invocations=32 (full 0):
 garbage-first heap   total 262144K, used 207872K [0x0000000080000000, 0x0000000100000000)
  region size 1024K, 105 young (107520K), 4 survivors (4096K)
 Metaspace       used 85412K, capacity 87412K, committed 87600K, reserved 1126400K
  class space    used 10617K, capacity 11281K, committed 11392K, reserved 1048576K
}
Event: 50.200 GC heap after
{Heap after GC invocations=33 (full 0):
 garbage-first heap   total 262144K, used 104698K [0x0000000080000000, 0x0000000100000000)
  region size 1024K, 5 young (5120K), 5 survivors (5120K)
 Metaspace       used 85412K, capacity 87412K, committed 87600K, reserved 1126400K
  class space    used 10617K, capacity 11281K, committed 11392K, reserved 1048576K
}
Event: 53.427 GC heap before
{Heap before GC invocations=33 (full 0):
 garbage-first heap   total 262144K, used 210170K [0x0000000080000000, 0x0000000100000000)
  region size 1024K, 108 young (110592K), 5 survivors (5120K)
 Metaspace       used 85933K, capacity 87933K, committed 88112K, reserved 1126400K
  class space    used 10648K, capacity 11318K, committed 11392K, reserved 1048576K
}
Event: 53.430 GC heap after
{Heap after GC invocations=34 (full 0):
 garbage-first heap   total 262144K, used 104177K [0x0000000080000000, 0x0000000100000000)
  region size 1024K, 4 young (4096K), 4 survivors (4096K)
 Metaspace       used 85933K, capacity 87933K, committed 88112K, reserved 1126400K
  class space    used 10648K, capacity 11318K, committed 11392K, reserved 1048576K
}
Event: 61.382 GC heap before
{Heap before GC invocations=34 (full 0):
 garbage-first heap   total 262144K, used 212721K [0x0000000080000000, 0x0000000100000000)
  region size 1024K, 111 young (113664K), 4 survivors (4096K)
 Metaspace       used 88590K, capacity 90707K, committed 90800K, reserved 1128448K
  class space    used 10949K, capacity 11683K, committed 11776K, reserved 1048576K
}
Event: 61.391 GC heap after
{Heap after GC invocations=35 (full 0):
 garbage-first heap   total 262144K, used 111083K [0x0000000080000000, 0x0000000100000000)
  region size 1024K, 11 young (11264K), 11 survivors (11264K)
 Metaspace       used 88590K, capacity 90707K, committed 90800K, reserved 1128448K
  class space    used 10949K, capacity 11683K, committed 11776K, reserved 1048576K
}
Event: 66.133 GC heap before
{Heap before GC invocations=35 (full 0):
 garbage-first heap   total 262144K, used 218603K [0x0000000080000000, 0x0000000100000000)
  region size 1024K, 112 young (114688K), 11 survivors (11264K)
 Metaspace       used 91386K, capacity 93552K, committed 93616K, reserved 1130496K
  class space    used 11257K, capacity 11982K, committed 12032K, reserved 1048576K
}
Event: 66.140 GC heap after
{Heap after GC invocations=36 (full 0):
 garbage-first heap   total 262144K, used 108627K [0x0000000080000000, 0x0000000100000000)
  region size 1024K, 5 young (5120K), 5 survivors (5120K)
 Metaspace       used 91386K, capacity 93552K, committed 93616K, reserved 1130496K
  class space    used 11257K, capacity 11982K, committed 12032K, reserved 1048576K
}
Event: 67.009 GC heap before
{Heap before GC invocations=36 (full 0):
 garbage-first heap   total 262144K, used 155731K [0x0000000080000000, 0x0000000100000000)
  region size 1024K, 53 young (54272K), 5 survivors (5120K)
 Metaspace       used 94214K, capacity 96355K, committed 96508K, reserved 1134592K
  class space    used 11600K, capacity 12325K, committed 12416K, reserved 1048576K
}
Event: 67.017 GC heap after
{Heap after GC invocations=37 (full 0):
 garbage-first heap   total 262144K, used 110659K [0x0000000080000000, 0x0000000100000000)
  region size 1024K, 7 young (7168K), 7 survivors (7168K)
 Metaspace       used 94214K, capacity 96355K, committed 96508K, reserved 1134592K
  class space    used 11600K, capacity 12325K, committed 12416K, reserved 1048576K
}

Deoptimization events (20 events):
Event: 68.420 Thread 0x00000229fceab800 Uncommon trap: trap_request=0xffffffde fr.pc=0x00000229eb6f6698 relative=0x00000000000004b8
Event: 68.420 Thread 0x00000229fceab800 Uncommon trap: reason=class_check action=maybe_recompile pc=0x00000229eb6f6698 method=java.io.DataOutputStream.write(I)V @ 5 c2
Event: 68.420 Thread 0x00000229fceab800 DEOPT PACKING pc=0x00000229eb6f6698 sp=0x00000052504fa4b0
Event: 68.420 Thread 0x00000229fceab800 DEOPT UNPACKING pc=0x00000229e3b8a1af sp=0x00000052504fa498 mode 2
Event: 68.420 Thread 0x00000229fceab800 Uncommon trap: trap_request=0xffffffde fr.pc=0x00000229eb6f6698 relative=0x00000000000004b8
Event: 68.420 Thread 0x00000229fceab800 Uncommon trap: reason=class_check action=maybe_recompile pc=0x00000229eb6f6698 method=java.io.DataOutputStream.write(I)V @ 5 c2
Event: 68.420 Thread 0x00000229fceab800 DEOPT PACKING pc=0x00000229eb6f6698 sp=0x00000052504fa4b0
Event: 68.420 Thread 0x00000229fceab800 DEOPT UNPACKING pc=0x00000229e3b8a1af sp=0x00000052504fa498 mode 2
Event: 68.467 Thread 0x00000229fceab800 Uncommon trap: trap_request=0xffffffc6 fr.pc=0x00000229eb659f1c relative=0x00000000000007bc
Event: 68.467 Thread 0x00000229fceab800 Uncommon trap: reason=bimorphic_or_optimized_type_check action=maybe_recompile pc=0x00000229eb659f1c method=java.io.ObjectOutputStream$BlockDataOutputStream.drain()V @ 36 c2
Event: 68.467 Thread 0x00000229fceab800 DEOPT PACKING pc=0x00000229eb659f1c sp=0x00000052504fa320
Event: 68.467 Thread 0x00000229fceab800 DEOPT UNPACKING pc=0x00000229e3b8a1af sp=0x00000052504fa310 mode 2
Event: 68.467 Thread 0x00000229fceab800 Uncommon trap: trap_request=0xffffffc6 fr.pc=0x00000229ec076368 relative=0x00000000000032e8
Event: 68.467 Thread 0x00000229fceab800 Uncommon trap: reason=bimorphic_or_optimized_type_check action=maybe_recompile pc=0x00000229ec076368 method=java.io.ObjectOutputStream$BlockDataOutputStream.drain()V @ 36 c2
Event: 68.467 Thread 0x00000229fceab800 DEOPT PACKING pc=0x00000229ec076368 sp=0x00000052504fa6c0
Event: 68.467 Thread 0x00000229fceab800 DEOPT UNPACKING pc=0x00000229e3b8a1af sp=0x00000052504fa5c0 mode 2
Event: 68.467 Thread 0x00000229fceab800 Uncommon trap: trap_request=0xffffffc6 fr.pc=0x00000229eb659f1c relative=0x00000000000007bc
Event: 68.467 Thread 0x00000229fceab800 Uncommon trap: reason=bimorphic_or_optimized_type_check action=maybe_recompile pc=0x00000229eb659f1c method=java.io.ObjectOutputStream$BlockDataOutputStream.drain()V @ 36 c2
Event: 68.467 Thread 0x00000229fceab800 DEOPT PACKING pc=0x00000229eb659f1c sp=0x00000052504fa5d0
Event: 68.467 Thread 0x00000229fceab800 DEOPT UNPACKING pc=0x00000229e3b8a1af sp=0x00000052504fa5c0 mode 2

Classes redefined (0 events):
No events

Internal exceptions (20 events):
Event: 67.402 Thread 0x00000229fceab800 Exception <a 'sun/nio/fs/WindowsException'{0x000000008d35cf40}> (0x000000008d35cf40) thrown at [./src/hotspot/share/prims/jni.cpp, line 615]
Event: 67.402 Thread 0x00000229fceab800 Exception <a 'sun/nio/fs/WindowsException'{0x000000008d35d8b8}> (0x000000008d35d8b8) thrown at [./src/hotspot/share/prims/jni.cpp, line 615]
Event: 67.402 Thread 0x00000229fceab800 Exception <a 'sun/nio/fs/WindowsException'{0x000000008d35f120}> (0x000000008d35f120) thrown at [./src/hotspot/share/prims/jni.cpp, line 615]
Event: 67.402 Thread 0x00000229fceab800 Exception <a 'sun/nio/fs/WindowsException'{0x000000008d35fa18}> (0x000000008d35fa18) thrown at [./src/hotspot/share/prims/jni.cpp, line 615]
Event: 67.402 Thread 0x00000229fceab800 Exception <a 'sun/nio/fs/WindowsException'{0x000000008d360390}> (0x000000008d360390) thrown at [./src/hotspot/share/prims/jni.cpp, line 615]
Event: 67.402 Thread 0x00000229fceab800 Exception <a 'sun/nio/fs/WindowsException'{0x000000008d361e38}> (0x000000008d361e38) thrown at [./src/hotspot/share/prims/jni.cpp, line 615]
Event: 67.403 Thread 0x00000229fceab800 Exception <a 'sun/nio/fs/WindowsException'{0x000000008d362730}> (0x000000008d362730) thrown at [./src/hotspot/share/prims/jni.cpp, line 615]
Event: 67.403 Thread 0x00000229fceab800 Exception <a 'sun/nio/fs/WindowsException'{0x000000008d3630a8}> (0x000000008d3630a8) thrown at [./src/hotspot/share/prims/jni.cpp, line 615]
Event: 67.403 Thread 0x00000229fceab800 Exception <a 'sun/nio/fs/WindowsException'{0x000000008d364940}> (0x000000008d364940) thrown at [./src/hotspot/share/prims/jni.cpp, line 615]
Event: 67.403 Thread 0x00000229fceab800 Exception <a 'sun/nio/fs/WindowsException'{0x000000008d365238}> (0x000000008d365238) thrown at [./src/hotspot/share/prims/jni.cpp, line 615]
Event: 67.403 Thread 0x00000229fceab800 Exception <a 'sun/nio/fs/WindowsException'{0x000000008d365bb0}> (0x000000008d365bb0) thrown at [./src/hotspot/share/prims/jni.cpp, line 615]
Event: 67.403 Thread 0x00000229fceab800 Exception <a 'java/lang/NoSuchMethodError'{0x000000008d367a58}: 'int java.lang.invoke.DirectMethodHandle$Holder.invokeSpecial(java.lang.Object, java.lang.Object, java.lang.Object, java.lang.Object, java.lang.Object)'> (0x000000008d367a58) thrown at [./src/hotspot/share/interpreter/linkResolver.cpp, line 773]
Event: 68.393 Thread 0x00000229fceab800 Exception <a 'java/lang/NoSuchMethodError'{0x000000008c57b568}: 'java.lang.Object java.lang.invoke.DirectMethodHandle$Holder.invokeStatic(java.lang.Object, java.lang.Object, java.lang.Object, java.lang.Object, java.lang.Object, java.lang.Object, java.lang.Object, java.lang.Object, java.lang.Object, java.lang.Object, java.lang.Object, java.lang.Object, java.lang.Object, int)'> (0x000000008c57b568) thrown at [./src/hotspot/share/interpreter/linkResolver.cpp, line 773]
Event: 68.394 Thread 0x00000229fceab800 Exception <a 'java/lang/NoSuchMethodError'{0x000000008c588830}: 'java.lang.Object java.lang.invoke.DirectMethodHandle$Holder.invokeStatic(java.lang.Object, java.lang.Object, java.lang.Object, java.lang.Object, java.lang.Object, java.lang.Object, java.lang.Object, java.lang.Object, java.lang.Object, java.lang.Object, java.lang.Object, java.lang.Object, java.lang.Object, int, int)'> (0x000000008c588830) thrown at [./src/hotspot/share/interpreter/linkResolver.cpp, line 773]
Event: 68.405 Thread 0x00000229fceab800 Exception <a 'java/lang/NoSuchMethodError'{0x000000008c4231b8}: 'java.lang.Object java.lang.invoke.DirectMethodHandle$Holder.invokeSpecial(java.lang.Object, java.lang.Object, int, int, java.lang.Object, int, java.lang.Object, java.lang.Object)'> (0x000000008c4231b8) thrown at [./src/hotspot/share/interpreter/linkResolver.cpp, line 773]
Event: 68.405 Thread 0x00000229fceab800 Exception <a 'java/lang/NoSuchMethodError'{0x000000008c427298}: 'java.lang.Object java.lang.invoke.DelegatingMethodHandle$Holder.reinvoke_L(java.lang.Object, int, int, java.lang.Object, int, java.lang.Object, java.lang.Object)'> (0x000000008c427298) thrown at [./src/hotspot/share/interpreter/linkResolver.cpp, line 773]
Event: 68.407 Thread 0x00000229fceab800 Exception <a 'java/lang/NoSuchMethodError'{0x000000008c452058}: 'java.lang.Object java.lang.invoke.DirectMethodHandle$Holder.invokeStatic(java.lang.Object, java.lang.Object, java.lang.Object, java.lang.Object, java.lang.Object, java.lang.Object, java.lang.Object, java.lang.Object, int)'> (0x000000008c452058) thrown at [./src/hotspot/share/interpreter/linkResolver.cpp, line 773]
Event: 68.409 Thread 0x00000229fceab800 Exception <a 'java/lang/NoSuchMethodError'{0x000000008c46d030}: 'java.lang.Object java.lang.invoke.DirectMethodHandle$Holder.invokeStatic(java.lang.Object, java.lang.Object, java.lang.Object, java.lang.Object, java.lang.Object, java.lang.Object, java.lang.Object, java.lang.Object, int, int)'> (0x000000008c46d030) thrown at [./src/hotspot/share/interpreter/linkResolver.cpp, line 773]
Event: 68.410 Thread 0x00000229fceab800 Exception <a 'java/lang/NoSuchMethodError'{0x000000008c488f90}: 'java.lang.Object java.lang.invoke.DirectMethodHandle$Holder.invokeStatic(java.lang.Object, java.lang.Object, java.lang.Object, java.lang.Object, java.lang.Object, java.lang.Object, java.lang.Object, java.lang.Object, int, int, java.lang.Object)'> (0x000000008c488f90) thrown at [./src/hotspot/share/interpreter/linkResolver.cpp, line 773]
Event: 68.412 Thread 0x00000229fceab800 Exception <a 'java/lang/NoSuchMethodError'{0x000000008c4a6260}: 'java.lang.Object java.lang.invoke.DirectMethodHandle$Holder.invokeStatic(java.lang.Object, java.lang.Object, java.lang.Object, java.lang.Object, java.lang.Object, java.lang.Object, java.lang.Object, java.lang.Object, int, int, java.lang.Object, java.lang.Object)'> (0x000000008c4a6260) thrown at [./src/hotspot/share/interpreter/linkResolver.cpp, line 773]

Events (20 events):
Event: 68.418 loading class sun/rmi/runtime/RuntimeUtil$1
Event: 68.419 loading class sun/rmi/runtime/RuntimeUtil$1 done
Event: 68.419 loading class sun/rmi/transport/tcp/TCPConnection
Event: 68.420 loading class sun/rmi/transport/Connection
Event: 68.420 loading class sun/rmi/transport/Connection done
Event: 68.420 loading class sun/rmi/transport/tcp/TCPConnection done
Event: 68.420 Executing VM operation: RevokeBias
Event: 68.420 Executing VM operation: RevokeBias done
Event: 68.465 loading class sun/rmi/transport/StreamRemoteCall
Event: 68.465 loading class java/rmi/server/RemoteCall
Event: 68.465 loading class java/rmi/server/RemoteCall done
Event: 68.465 loading class sun/rmi/transport/StreamRemoteCall done
Event: 68.465 loading class sun/rmi/transport/ConnectionOutputStream
Event: 68.466 loading class sun/rmi/server/MarshalOutputStream
Event: 68.466 loading class sun/rmi/server/MarshalOutputStream done
Event: 68.466 Executing VM operation: Deoptimize
Event: 68.467 Executing VM operation: Deoptimize done
Event: 68.467 loading class sun/rmi/transport/ConnectionOutputStream done
Event: 68.467 loading class sun/rmi/server/MarshalOutputStream$1
Event: 68.467 loading class sun/rmi/server/MarshalOutputStream$1 done


Dynamic libraries:
0x00007ff6bb4a0000 - 0x00007ff6bb4aa000 	D:\android studio\jre\bin\java.exe
0x00007ffd65510000 - 0x00007ffd65705000 	C:\WINDOWS\SYSTEM32\ntdll.dll
0x00007ffd64670000 - 0x00007ffd6472e000 	C:\WINDOWS\System32\KERNEL32.DLL
0x00007ffd62c70000 - 0x00007ffd62f38000 	C:\WINDOWS\System32\KERNELBASE.dll
0x00007ffd63280000 - 0x00007ffd63380000 	C:\WINDOWS\System32\ucrtbase.dll
0x00007ffd48d40000 - 0x00007ffd48d57000 	D:\android studio\jre\bin\VCRUNTIME140.dll
0x00007ffd48d20000 - 0x00007ffd48d39000 	D:\android studio\jre\bin\jli.dll
0x00007ffd63e80000 - 0x00007ffd64021000 	C:\WINDOWS\System32\USER32.dll
0x00007ffd63380000 - 0x00007ffd633a2000 	C:\WINDOWS\System32\win32u.dll
0x00007ffd56bc0000 - 0x00007ffd56e5a000 	C:\WINDOWS\WinSxS\amd64_microsoft.windows.common-controls_6595b64144ccf1df_6.0.19041.1110_none_60b5254171f9507e\COMCTL32.dll
0x00007ffd64560000 - 0x00007ffd6458b000 	C:\WINDOWS\System32\GDI32.dll
0x00007ffd63c30000 - 0x00007ffd63cce000 	C:\WINDOWS\System32\msvcrt.dll
0x00007ffd62f40000 - 0x00007ffd6304d000 	C:\WINDOWS\System32\gdi32full.dll
0x00007ffd63050000 - 0x00007ffd630ed000 	C:\WINDOWS\System32\msvcp_win.dll
0x00007ffd64360000 - 0x00007ffd64390000 	C:\WINDOWS\System32\IMM32.DLL
0x00007ffd44650000 - 0x00007ffd446ed000 	D:\android studio\jre\bin\msvcp140.dll
0x00007ffd0b450000 - 0x00007ffd0bf35000 	D:\android studio\jre\bin\server\jvm.dll
0x00007ffd65420000 - 0x00007ffd654cc000 	C:\WINDOWS\System32\ADVAPI32.dll
0x00007ffd64390000 - 0x00007ffd6442b000 	C:\WINDOWS\System32\sechost.dll
0x00007ffd64050000 - 0x00007ffd6417a000 	C:\WINDOWS\System32\RPCRT4.dll
0x00007ffd63b50000 - 0x00007ffd63b58000 	C:\WINDOWS\System32\PSAPI.DLL
0x00007ffd5df50000 - 0x00007ffd5df59000 	C:\WINDOWS\SYSTEM32\WSOCK32.dll
0x00007ffd57990000 - 0x00007ffd579b7000 	C:\WINDOWS\SYSTEM32\WINMM.dll
0x00007ffd63ae0000 - 0x00007ffd63b4b000 	C:\WINDOWS\System32\WS2_32.dll
0x00007ffd5b3b0000 - 0x00007ffd5b3ba000 	C:\WINDOWS\SYSTEM32\VERSION.dll
0x00007ffd614b0000 - 0x00007ffd614c2000 	C:\WINDOWS\SYSTEM32\kernel.appcore.dll
0x00007ffd5d890000 - 0x00007ffd5d8a1000 	D:\android studio\jre\bin\verify.dll
0x00007ffd54c40000 - 0x00007ffd54e24000 	C:\WINDOWS\SYSTEM32\DBGHELP.DLL
0x00007ffd4f900000 - 0x00007ffd4f92c000 	C:\WINDOWS\SYSTEM32\dbgcore.DLL
0x00007ffd634c0000 - 0x00007ffd63542000 	C:\WINDOWS\System32\bcryptPrimitives.dll
0x00007ffd4e5d0000 - 0x00007ffd4e5f9000 	D:\android studio\jre\bin\java.dll
0x00007ffd5bbb0000 - 0x00007ffd5bbbb000 	D:\android studio\jre\bin\jimage.dll
0x00007ffd4e550000 - 0x00007ffd4e568000 	D:\android studio\jre\bin\zip.dll
0x00007ffd64730000 - 0x00007ffd64e74000 	C:\WINDOWS\System32\SHELL32.dll
0x00007ffd60800000 - 0x00007ffd60f94000 	C:\WINDOWS\SYSTEM32\windows.storage.dll
0x00007ffd635b0000 - 0x00007ffd63905000 	C:\WINDOWS\System32\combase.dll
0x00007ffd62670000 - 0x00007ffd6269e000 	C:\WINDOWS\SYSTEM32\Wldp.dll
0x00007ffd63910000 - 0x00007ffd639bd000 	C:\WINDOWS\System32\SHCORE.dll
0x00007ffd64180000 - 0x00007ffd641d5000 	C:\WINDOWS\System32\shlwapi.dll
0x00007ffd62b60000 - 0x00007ffd62b7f000 	C:\WINDOWS\SYSTEM32\profapi.dll
0x00007ffd4a9e0000 - 0x00007ffd4a9fa000 	D:\android studio\jre\bin\net.dll
0x00007ffd62140000 - 0x00007ffd6224c000 	C:\WINDOWS\SYSTEM32\WINHTTP.dll
0x00007ffd62300000 - 0x00007ffd6236a000 	C:\WINDOWS\system32\mswsock.dll
0x00007ffd4a9c0000 - 0x00007ffd4a9d4000 	D:\android studio\jre\bin\nio.dll
0x00007ffd4a1e0000 - 0x00007ffd4a206000 	D:\android SDK\native\31\windows-amd64\native-platform.dll
0x00007ffd4e5c0000 - 0x00007ffd4e5ca000 	D:\android studio\jre\bin\management.dll
0x00007ffd4e540000 - 0x00007ffd4e54d000 	D:\android studio\jre\bin\management_ext.dll
0x00007ffd624f0000 - 0x00007ffd62508000 	C:\WINDOWS\SYSTEM32\CRYPTSP.dll
0x00007ffd61830000 - 0x00007ffd61864000 	C:\WINDOWS\system32\rsaenh.dll
0x00007ffd630f0000 - 0x00007ffd63117000 	C:\WINDOWS\System32\bcrypt.dll
0x00007ffd62ae0000 - 0x00007ffd62b0e000 	C:\WINDOWS\SYSTEM32\USERENV.dll
0x00007ffd62510000 - 0x00007ffd6251c000 	C:\WINDOWS\SYSTEM32\CRYPTBASE.dll
0x00007ffd61ba0000 - 0x00007ffd61bdb000 	C:\WINDOWS\SYSTEM32\IPHLPAPI.DLL
0x00007ffd63a40000 - 0x00007ffd63a48000 	C:\WINDOWS\System32\NSI.dll
0x00007ffd5b5d0000 - 0x00007ffd5b5e7000 	C:\WINDOWS\SYSTEM32\dhcpcsvc6.DLL
0x00007ffd5b3e0000 - 0x00007ffd5b3fd000 	C:\WINDOWS\SYSTEM32\dhcpcsvc.DLL
0x00007ffd61be0000 - 0x00007ffd61cab000 	C:\WINDOWS\SYSTEM32\DNSAPI.dll
0x00007ffd4a450000 - 0x00007ffd4a477000 	D:\android studio\jre\bin\sunec.dll
0x00007ffd5c880000 - 0x00007ffd5c88a000 	C:\Windows\System32\rasadhlp.dll
0x00007ffd573f0000 - 0x00007ffd5746f000 	C:\WINDOWS\System32\fwpuclnt.dll
0x00007ffd612d0000 - 0x00007ffd61303000 	C:\WINDOWS\SYSTEM32\ntmarta.dll
0x00007ffd5ff60000 - 0x00007ffd5fff0000 	C:\WINDOWS\system32\apphelp.dll
0x00007ffd4a530000 - 0x00007ffd4a54e000 	C:\Users\super\AppData\Local\Temp\native-platform17948210458368072250dir\native-platform.dll

dbghelp: loaded successfully - version: 4.0.5 - missing functions: none
symbol engine: initialized successfully - sym options: 0x614 - pdb path: .;D:\android studio\jre\bin;C:\WINDOWS\SYSTEM32;C:\WINDOWS\WinSxS\amd64_microsoft.windows.common-controls_6595b64144ccf1df_6.0.19041.1110_none_60b5254171f9507e;D:\android studio\jre\bin\server;D:\android SDK\native\31\windows-amd64;C:\Users\super\AppData\Local\Temp\native-platform17948210458368072250dir

VM Arguments:
jvm_args: --add-opens=java.base/java.util=ALL-UNNAMED --add-opens=java.base/java.lang=ALL-UNNAMED --add-opens=java.base/java.lang.invoke=ALL-UNNAMED --add-opens=java.prefs/java.util.prefs=ALL-UNNAMED -Xmx2048m -Dfile.encoding=windows-1251 -Duser.country=RU -Duser.language=ru -Duser.variant 
java_command: org.gradle.launcher.daemon.bootstrap.GradleDaemon 6.1.1
java_class_path (initial): D:\android SDK\wrapper\dists\gradle-6.1.1-all\cfmwm155h49vnt3hynmlrsdst\gradle-6.1.1\lib\gradle-launcher-6.1.1.jar
Launcher Type: SUN_STANDARD

[Global flags]
     intx CICompilerCount                          = 3                                         {product} {ergonomic}
     uint ConcGCThreads                            = 1                                         {product} {ergonomic}
     uint G1ConcRefinementThreads                  = 4                                         {product} {ergonomic}
   size_t G1HeapRegionSize                         = 1048576                                   {product} {ergonomic}
    uintx GCDrainStackTargetSize                   = 64                                        {product} {ergonomic}
   size_t InitialHeapSize                          = 268435456                                 {product} {ergonomic}
   size_t MarkStackSize                            = 4194304                                   {product} {ergonomic}
   size_t MaxHeapSize                              = 2147483648                                {product} {command line}
   size_t MaxNewSize                               = 1287651328                                {product} {ergonomic}
   size_t MinHeapDeltaBytes                        = 1048576                                   {product} {ergonomic}
    uintx NonNMethodCodeHeapSize                   = 5830732                                {pd product} {ergonomic}
    uintx NonProfiledCodeHeapSize                  = 122913754                              {pd product} {ergonomic}
    uintx ProfiledCodeHeapSize                     = 122913754                              {pd product} {ergonomic}
    uintx ReservedCodeCacheSize                    = 251658240                              {pd product} {ergonomic}
     bool SegmentedCodeCache                       = true                                      {product} {ergonomic}
     bool UseCompressedClassPointers               = true                                 {lp64_product} {ergonomic}
     bool UseCompressedOops                        = true                                 {lp64_product} {ergonomic}
     bool UseG1GC                                  = true                                      {product} {ergonomic}
     bool UseLargePagesIndividualAllocation        = false                                  {pd product} {ergonomic}

Logging:
Log output configuration:
 #0: stdout all=warning uptime,level,tags
 #1: stderr all=off uptime,level,tags

Environment Variables:
PATH=C:\Program Files\Common Files\Oracle\Java\javapath;D:\xi\bin\nt;C:\ProgramData\Oracle\Java\javapath;C:\Program Files (x86)\Common Files\Intel\Shared Libraries\redist\intel64_win\compiler;C:\Program Files (x86)\Common Files\Intel\Shared Libraries\redist\ia32_win\compiler;C:\Program Files (x86)\Common Files\Intel\Shared Libraries\redist\ia32\compiler;C:\Program Files (x86)\Common Files\Intel\Shared Libraries\redist\intel64\compiler;C:\WINDOWS\system32;C:\WINDOWS;C:\WINDOWS\System32\Wbem;C:\WINDOWS\System32\WindowsPowerShell\v1.0\;C:\WINDOWS\System32\OpenSSH\;C:\Program Files\NVIDIA Corporation\NVIDIA NvDLISR;C:\Program Files\Microsoft SQL Server\130\Tools\Binn\;D:\Git\cmd;C:\Program Files (x86)\NVIDIA Corporation\PhysX\Common;C:\WINDOWS\system32;C:\WINDOWS;C:\WINDOWS\System32\Wbem;C:\WINDOWS\System32\WindowsPowerShell\v1.0\;C:\WINDOWS\System32\OpenSSH\;D:\xi\bin\nt64;C:\Program Files\Microsoft SQL Server\Client SDK\ODBC\170\Tools\Binn\;C:\Program Files\dotnet\;C:\Program Files\MySQL\MySQL Shell 8.0\bin\;C:\Users\super\AppData\Local\Microsoft\WindowsApps;C:\Users\super\AppData\Local\GitHubDesktop\bin;C:\Users\super\.dotnet\tools;D:\IntelliJ IDEA Community Edition 2022.1\bin;;D:\IntelliJ IDEA 2022.1.1\bin;
USERNAME=super
OS=Windows_NT
PROCESSOR_IDENTIFIER=Intel64 Family 6 Model 60 Stepping 3, GenuineIntel



---------------  S Y S T E M  ---------------

OS: Windows 10 , 64 bit Build 19041 (10.0.19041.1348)
OS uptime: 0 days 3:48 hours

CPU:total 4 (initial active 4) (4 cores per cpu, 1 threads per core) family 6 model 60 stepping 3 microcode 0x27, cmov, cx8, fxsr, mmx, sse, sse2, sse3, ssse3, sse4.1, sse4.2, popcnt, avx, avx2, aes, clmul, erms, lzcnt, tsc, tscinvbit, bmi1, bmi2, fma

Memory: 4k page, system-wide physical 16278M (3789M free)
TotalPageFile size 17302M (AvailPageFile size 1M)
current process WorkingSet (physical memory assigned to process): 562M, peak: 588M
current process commit charge ("private bytes"): 589M, peak: 846M

vm_info: OpenJDK 64-Bit Server VM (11.0.12+7-b1504.28-7817840) for windows-amd64 JRE (11.0.12+7-b1504.28-7817840), built on Oct 13 2021 22:12:33 by "builder" with MS VC++ 14.0 (VS2015)

END.
