#
# There is insufficient memory for the Java Runtime Environment to continue.
# Native memory allocation (malloc) failed to allocate 32744 bytes for ChunkPool::allocate
# Possible reasons:
#   The system is out of physical RAM or swap space
#   The process is running with CompressedOops enabled, and the Java Heap may be blocking the growth of the native heap
# Possible solutions:
#   Reduce memory load on the system
#   Increase physical memory or swap space
#   Check if swap backing store is full
#   Decrease Java heap size (-Xmx/-Xms)
#   Decrease number of Java threads
#   Decrease Java thread stack sizes (-Xss)
#   Set larger code cache with -XX:ReservedCodeCacheSize=
#   JVM is running with Unscaled Compressed Oops mode in which the Java heap is
#     placed in the first 4GB address space. The Java Heap base address is the
#     maximum limit for the native heap growth. Please use -XX:HeapBaseMinAddress
#     to set the Java Heap base and to place the Java Heap above 4GB virtual address.
# This output file may be truncated or incomplete.
#
#  Out of Memory Error (./src/hotspot/share/memory/arena.cpp:81), pid=12032, tid=15200
#
# JRE version: OpenJDK Runtime Environment (11.0.12+7) (build 11.0.12+7-b1504.28-7817840)
# Java VM: OpenJDK 64-Bit Server VM (11.0.12+7-b1504.28-7817840, mixed mode, tiered, compressed oops, g1 gc, windows-amd64)
# No core dump will be written. Minidumps are not enabled by default on client versions of Windows
#

---------------  S U M M A R Y ------------

Command Line: --add-opens=java.base/java.util=ALL-UNNAMED --add-opens=java.base/java.lang=ALL-UNNAMED --add-opens=java.base/java.lang.invoke=ALL-UNNAMED --add-opens=java.base/java.util=ALL-UNNAMED --add-opens=java.prefs/java.util.prefs=ALL-UNNAMED --add-opens=java.prefs/java.util.prefs=ALL-UNNAMED --add-opens=java.base/java.nio.charset=ALL-UNNAMED --add-opens=java.base/java.net=ALL-UNNAMED --add-opens=java.base/java.util.concurrent.atomic=ALL-UNNAMED -Xmx2048m -Dfile.encoding=windows-1251 -Duser.country=RU -Duser.language=ru -Duser.variant org.gradle.launcher.daemon.bootstrap.GradleDaemon 7.3.3

Host: Intel(R) Core(TM) i5-4590 CPU @ 3.30GHz, 4 cores, 15G,  Windows 10 , 64 bit Build 19041 (10.0.19041.1348)
Time: Mon Sep 12 22:01:11 2022 RTZ 2 (зима) elapsed time: 34.587692 seconds (0d 0h 0m 34s)

---------------  T H R E A D  ---------------

Current thread (0x0000020415841000):  JavaThread "C2 CompilerThread0" daemon [_thread_in_native, id=15200, stack(0x00000007c9900000,0x00000007c9a00000)]


Current CompileTask:
C2:  34587 12279   !   4       org.gradle.api.internal.attributes.DefaultImmutableAttributesFactory::doConcatIsolatable (128 bytes)

Stack: [0x00000007c9900000,0x00000007c9a00000]
Native frames: (J=compiled Java code, j=interpreted, Vv=VM code, C=native code)
V  [jvm.dll+0x5fbcea]
V  [jvm.dll+0x731905]
V  [jvm.dll+0x732f1d]
V  [jvm.dll+0x7335d3]
V  [jvm.dll+0x247bf8]
V  [jvm.dll+0xc041b]
V  [jvm.dll+0xc06cc]
V  [jvm.dll+0x36064e]
V  [jvm.dll+0x4f53c4]
V  [jvm.dll+0x328832]
V  [jvm.dll+0x327cfa]
V  [jvm.dll+0x200602]
V  [jvm.dll+0x1ff794]
V  [jvm.dll+0x18868c]
V  [jvm.dll+0x20e0d7]
V  [jvm.dll+0x20c901]
V  [jvm.dll+0x6f9b7f]
V  [jvm.dll+0x6f26a5]
V  [jvm.dll+0x5fabf6]
C  [ucrtbase.dll+0x21bb2]
C  [KERNEL32.DLL+0x17034]
C  [ntdll.dll+0x52651]


---------------  P R O C E S S  ---------------

Threads class SMR info:
_java_thread_list=0x000002041f3fffc0, length=50, elements={
0x000002047afda000, 0x0000020415820800, 0x0000020415823000, 0x000002041583e000,
0x000002041583f000, 0x0000020415840000, 0x0000020415841000, 0x0000020415846000,
0x0000020415848000, 0x0000020415a06000, 0x0000020418e5e800, 0x000002041782d800,
0x00000204171ac000, 0x0000020417a9c800, 0x00000204183eb000, 0x0000020417ed6800,
0x0000020417ed7800, 0x0000020417edb800, 0x0000020417ed9000, 0x0000020417ed5800,
0x000002041b34e800, 0x000002041b350000, 0x000002041b34e000, 0x000002041b34f800,
0x000002041b34c000, 0x00000204198fd800, 0x0000020419904000, 0x0000020419905800,
0x000002041ffe7000, 0x000002041ffed000, 0x000002041ffea800, 0x000002041ffeb000,
0x000002041ffe8000, 0x000002041fff0000, 0x000002041fff3800, 0x000002041fff5000,
0x00000204198fa000, 0x00000204198fb000, 0x00000204198fc800, 0x00000204198fb800,
0x00000204198fe000, 0x00000204198ff000, 0x00000204198f9800, 0x0000020419901800,
0x0000020419900000, 0x0000020419900800, 0x0000020419904800, 0x000002041aafe800,
0x0000020419902000, 0x0000020419906800
}

Java Threads: ( => current thread )
  0x000002047afda000 JavaThread "main" [_thread_blocked, id=15148, stack(0x00000007c8d00000,0x00000007c8e00000)]
  0x0000020415820800 JavaThread "Reference Handler" daemon [_thread_blocked, id=10404, stack(0x00000007c9400000,0x00000007c9500000)]
  0x0000020415823000 JavaThread "Finalizer" daemon [_thread_blocked, id=13612, stack(0x00000007c9500000,0x00000007c9600000)]
  0x000002041583e000 JavaThread "Signal Dispatcher" daemon [_thread_blocked, id=16584, stack(0x00000007c9600000,0x00000007c9700000)]
  0x000002041583f000 JavaThread "Attach Listener" daemon [_thread_blocked, id=12452, stack(0x00000007c9700000,0x00000007c9800000)]
  0x0000020415840000 JavaThread "Service Thread" daemon [_thread_blocked, id=8140, stack(0x00000007c9800000,0x00000007c9900000)]
=>0x0000020415841000 JavaThread "C2 CompilerThread0" daemon [_thread_in_native, id=15200, stack(0x00000007c9900000,0x00000007c9a00000)]
  0x0000020415846000 JavaThread "C1 CompilerThread0" daemon [_thread_in_native, id=3744, stack(0x00000007c9a00000,0x00000007c9b00000)]
  0x0000020415848000 JavaThread "Sweeper thread" daemon [_thread_blocked, id=15696, stack(0x00000007c9b00000,0x00000007c9c00000)]
  0x0000020415a06000 JavaThread "Common-Cleaner" daemon [_thread_blocked, id=14016, stack(0x00000007c9c00000,0x00000007c9d00000)]
  0x0000020418e5e800 JavaThread "Daemon health stats" [_thread_blocked, id=10392, stack(0x00000007ca200000,0x00000007ca300000)]
  0x000002041782d800 JavaThread "Incoming local TCP Connector on port 59016" [_thread_in_native, id=13220, stack(0x00000007c9e00000,0x00000007c9f00000)]
  0x00000204171ac000 JavaThread "Daemon periodic checks" [_thread_blocked, id=12692, stack(0x00000007ca300000,0x00000007ca400000)]
  0x0000020417a9c800 JavaThread "Daemon" [_thread_blocked, id=2156, stack(0x00000007ca400000,0x00000007ca500000)]
  0x00000204183eb000 JavaThread "Daemon worker" [_thread_blocked, id=16504, stack(0x00000007ca700000,0x00000007ca800000)]
  0x0000020417ed6800 JavaThread "Cache worker for journal cache (D:\android SDK\caches\journal-1)" [_thread_blocked, id=11056, stack(0x00000007cab00000,0x00000007cac00000)]
  0x0000020417ed7800 JavaThread "File lock request listener" [_thread_in_native, id=8036, stack(0x00000007cac00000,0x00000007cad00000)]
  0x0000020417edb800 JavaThread "Cache worker for file hash cache (D:\android SDK\caches\7.3.3\fileHashes)" [_thread_blocked, id=7540, stack(0x00000007cad00000,0x00000007cae00000)]
  0x0000020417ed9000 JavaThread "File watcher server" daemon [_thread_in_native, id=14748, stack(0x00000007cb000000,0x00000007cb100000)]
  0x0000020417ed5800 JavaThread "File watcher consumer" daemon [_thread_blocked, id=16544, stack(0x00000007cb100000,0x00000007cb200000)]
  0x000002041b34e800 JavaThread "Cache worker for execution history cache (D:\android SDK\caches\7.3.3\executionHistory)" [_thread_blocked, id=16416, stack(0x00000007cb500000,0x00000007cb600000)]
  0x000002041b350000 JavaThread "jar transforms" [_thread_blocked, id=5544, stack(0x00000007cb600000,0x00000007cb700000)]
  0x000002041b34e000 JavaThread "jar transforms Thread 2" [_thread_blocked, id=13036, stack(0x00000007cb700000,0x00000007cb800000)]
  0x000002041b34f800 JavaThread "Cache worker for file content cache (D:\android SDK\caches\7.3.3\fileContent)" [_thread_blocked, id=16184, stack(0x00000007cb800000,0x00000007cb900000)]
  0x000002041b34c000 JavaThread "jar transforms Thread 3" [_thread_blocked, id=404, stack(0x00000007cba00000,0x00000007cbb00000)]
  0x00000204198fd800 JavaThread "jar transforms Thread 4" [_thread_blocked, id=4916, stack(0x00000007ce400000,0x00000007ce500000)]
  0x0000020419904000 JavaThread "Memory manager" [_thread_blocked, id=14664, stack(0x00000007ce500000,0x00000007ce600000)]
  0x0000020419905800 JavaThread "pool-3-thread-1" [_thread_blocked, id=14820, stack(0x00000007ce700000,0x00000007ce800000)]
  0x000002041ffe7000 JavaThread "RMI Scheduler(0)" daemon [_thread_blocked, id=15636, stack(0x00000007cae00000,0x00000007caf00000)]
  0x000002041ffed000 JavaThread "RMI GC Daemon" daemon [_thread_blocked, id=10916, stack(0x00000007cee00000,0x00000007cef00000)]
  0x000002041ffea800 JavaThread "RMI TCP Accept-0" daemon [_thread_in_native, id=12816, stack(0x00000007cef00000,0x00000007cf000000)]
  0x000002041ffeb000 JavaThread "RMI Reaper" [_thread_blocked, id=16256, stack(0x00000007cf000000,0x00000007cf100000)]
  0x000002041ffe8000 JavaThread "RMI TCP Connection(1)-127.0.0.1" daemon [_thread_in_native, id=10776, stack(0x00000007cf100000,0x00000007cf200000)]
  0x000002041fff0000 JavaThread "ForkJoinPool.commonPool-worker-3" daemon [_thread_blocked, id=13260, stack(0x00000007ced00000,0x00000007cee00000)]
  0x000002041fff3800 JavaThread "ForkJoinPool.commonPool-worker-5" daemon [_thread_blocked, id=16576, stack(0x00000007cf800000,0x00000007cf900000)]
  0x000002041fff5000 JavaThread "ForkJoinPool.commonPool-worker-7" daemon [_thread_blocked, id=8216, stack(0x00000007cf900000,0x00000007cfa00000)]
  0x00000204198fa000 JavaThread "Handler for socket connection from /127.0.0.1:59016 to /127.0.0.1:59053" [_thread_in_native, id=3412, stack(0x00000007ca800000,0x00000007ca900000)]
  0x00000204198fb000 JavaThread "Cancel handler" [_thread_blocked, id=11520, stack(0x00000007ca900000,0x00000007caa00000)]
  0x00000204198fc800 JavaThread "Asynchronous log dispatcher for DefaultDaemonConnection: socket connection from /127.0.0.1:59016 to /127.0.0.1:59053" [_thread_blocked, id=7152, stack(0x00000007caa00000,0x00000007cab00000)]
  0x00000204198fb800 JavaThread "Stdin handler" [_thread_blocked, id=14660, stack(0x00000007cb200000,0x00000007cb300000)]
  0x00000204198fe000 JavaThread "Daemon client event forwarder" [_thread_blocked, id=13304, stack(0x00000007cb300000,0x00000007cb400000)]
  0x00000204198ff000 JavaThread "Cache worker for file hash cache (D:\AndroidDev\MyAndroidAPK\.gradle\7.3.3\fileHashes)" [_thread_blocked, id=13548, stack(0x00000007cb400000,0x00000007cb500000)]
  0x00000204198f9800 JavaThread "Cache worker for checksums cache (D:\AndroidDev\MyAndroidAPK\.gradle\7.3.3\checksums)" [_thread_blocked, id=12424, stack(0x00000007cb900000,0x00000007cba00000)]
  0x0000020419901800 JavaThread "Cache worker for cache directory md-supplier (D:\android SDK\caches\7.3.3\md-supplier)" [_thread_blocked, id=14168, stack(0x00000007cbb00000,0x00000007cbc00000)]
  0x0000020419900000 JavaThread "Cache worker for cache directory md-rule (D:\android SDK\caches\7.3.3\md-rule)" [_thread_blocked, id=16968, stack(0x00000007cbc00000,0x00000007cbd00000)]
  0x0000020419900800 JavaThread "Cache worker for dependencies-accessors (D:\AndroidDev\MyAndroidAPK\.gradle\7.3.3\dependencies-accessors)" [_thread_blocked, id=9760, stack(0x00000007cbd00000,0x00000007cbe00000)]
  0x0000020419904800 JavaThread "Cache worker for Build Output Cleanup Cache (D:\AndroidDev\MyAndroidAPK\.gradle\buildOutputCleanup)" [_thread_blocked, id=14628, stack(0x00000007cbe00000,0x00000007cbf00000)]
  0x000002041aafe800 JavaThread "C2 CompilerThread1" daemon [_thread_in_native, id=15340, stack(0x00000007cbf00000,0x00000007cc000000)]
  0x0000020419902000 JavaThread "Unconstrained build operations" [_thread_blocked, id=15592, stack(0x00000007cc000000,0x00000007cc100000)]
  0x0000020419906800 JavaThread "Unconstrained build operations Thread 2" [_thread_blocked, id=13632, stack(0x00000007cc100000,0x00000007cc200000)]

Other Threads:
  0x000002047fc13800 VMThread "VM Thread" [stack: 0x00000007c9300000,0x00000007c9400000] [id=12480]
  0x0000020415a36800 WatcherThread [stack: 0x00000007c9d00000,0x00000007c9e00000] [id=16620]
  0x000002047aff3800 GCTaskThread "GC Thread#0" [stack: 0x00000007c8e00000,0x00000007c8f00000] [id=13204]
  0x0000020416124800 GCTaskThread "GC Thread#1" [stack: 0x00000007c9f00000,0x00000007ca000000] [id=10924]
  0x0000020416125000 GCTaskThread "GC Thread#2" [stack: 0x00000007ca000000,0x00000007ca100000] [id=15520]
  0x0000020416126000 GCTaskThread "GC Thread#3" [stack: 0x00000007ca100000,0x00000007ca200000] [id=9512]
  0x000002047b027000 ConcurrentGCThread "G1 Main Marker" [stack: 0x00000007c8f00000,0x00000007c9000000] [id=11792]
  0x000002047b028000 ConcurrentGCThread "G1 Conc#0" [stack: 0x00000007c9000000,0x00000007c9100000] [id=14636]
  0x000002047fa84800 ConcurrentGCThread "G1 Refine#0" [stack: 0x00000007c9100000,0x00000007c9200000] [id=360]
  0x0000020417a66800 ConcurrentGCThread "G1 Refine#1" [stack: 0x00000007caf00000,0x00000007cb000000] [id=15800]
  0x000002047fa85800 ConcurrentGCThread "G1 Young RemSet Sampling" [stack: 0x00000007c9200000,0x00000007c9300000] [id=16068]

Threads with active compile tasks:
C2 CompilerThread0  35054 12279   !   4       org.gradle.api.internal.attributes.DefaultImmutableAttributesFactory::doConcatIsolatable (128 bytes)
C1 CompilerThread0  35054 12426       3       org.gradle.internal.component.external.model.DefaultConfigurationMetadata::requiresMavenArtifactDiscovery (24 bytes)
C2 CompilerThread1  35054 12416       4       com.esotericsoftware.kryo.io.Output::writeVarInt (433 bytes)

VM state:at safepoint (normal execution)

VM Mutex/Monitor currently owned by a thread:  ([mutex/lock_event])
[0x000002047afd9e20] Threads_lock - owner thread: 0x000002047fc13800

OutOfMemory and StackOverflow Exception counts:
StackOverflowErrors=1
LinkageErrors=165

Heap address: 0x0000000080000000, size: 2048 MB, Compressed Oops mode: 32-bit
Narrow klass base: 0x0000000000000000, Narrow klass shift: 3
Compressed class space size: 1073741824 Address: 0x0000000100000000

Heap:
 garbage-first heap   total 315392K, used 197021K [0x0000000080000000, 0x0000000100000000)
  region size 1024K, 114 young (116736K), 9 survivors (9216K)
 Metaspace       used 114126K, capacity 117194K, committed 117340K, reserved 1150976K
  class space    used 14815K, capacity 15926K, committed 15948K, reserved 1048576K
Heap Regions: E=young(eden), S=young(survivor), O=old, HS=humongous(starts), HC=humongous(continues), CS=collection set, F=free, A=archive, TAMS=top-at-mark-start (previous, next)
|   0|0x0000000080000000, 0x0000000080100000, 0x0000000080100000|100%| O|  |TAMS 0x0000000080100000, 0x0000000080000000| Untracked 
|   1|0x0000000080100000, 0x0000000080200000, 0x0000000080200000|100%| O|  |TAMS 0x0000000080200000, 0x0000000080100000| Untracked 
|   2|0x0000000080200000, 0x0000000080300000, 0x0000000080300000|100%| O|  |TAMS 0x0000000080300000, 0x0000000080200000| Untracked 
|   3|0x0000000080300000, 0x0000000080400000, 0x0000000080400000|100%|HS|  |TAMS 0x0000000080400000, 0x0000000080300000| Complete 
|   4|0x0000000080400000, 0x0000000080500000, 0x0000000080500000|100%|HC|  |TAMS 0x0000000080500000, 0x0000000080400000| Complete 
|   5|0x0000000080500000, 0x0000000080600000, 0x0000000080600000|100%|HC|  |TAMS 0x0000000080600000, 0x0000000080500000| Complete 
|   6|0x0000000080600000, 0x0000000080700000, 0x0000000080700000|100%| O|  |TAMS 0x0000000080700000, 0x0000000080600000| Untracked 
|   7|0x0000000080700000, 0x0000000080800000, 0x0000000080800000|100%| O|  |TAMS 0x0000000080800000, 0x0000000080700000| Untracked 
|   8|0x0000000080800000, 0x0000000080900000, 0x0000000080900000|100%| O|  |TAMS 0x0000000080900000, 0x0000000080800000| Untracked 
|   9|0x0000000080900000, 0x0000000080a00000, 0x0000000080a00000|100%| O|  |TAMS 0x0000000080a00000, 0x0000000080900000| Untracked 
|  10|0x0000000080a00000, 0x0000000080b00000, 0x0000000080b00000|100%| O|  |TAMS 0x0000000080b00000, 0x0000000080a00000| Untracked 
|  11|0x0000000080b00000, 0x0000000080c00000, 0x0000000080c00000|100%| O|  |TAMS 0x0000000080c00000, 0x0000000080b00000| Untracked 
|  12|0x0000000080c00000, 0x0000000080d00000, 0x0000000080d00000|100%| O|  |TAMS 0x0000000080d00000, 0x0000000080c00000| Untracked 
|  13|0x0000000080d00000, 0x0000000080e00000, 0x0000000080e00000|100%| O|  |TAMS 0x0000000080e00000, 0x0000000080d00000| Untracked 
|  14|0x0000000080e00000, 0x0000000080f00000, 0x0000000080f00000|100%|HS|  |TAMS 0x0000000080f00000, 0x0000000080e00000| Complete 
|  15|0x0000000080f00000, 0x0000000081000000, 0x0000000081000000|100%|HS|  |TAMS 0x0000000081000000, 0x0000000080f00000| Complete 
|  16|0x0000000081000000, 0x0000000081100000, 0x0000000081100000|100%|HS|  |TAMS 0x0000000081100000, 0x0000000081000000| Complete 
|  17|0x0000000081100000, 0x0000000081200000, 0x0000000081200000|100%|HC|  |TAMS 0x0000000081200000, 0x0000000081100000| Complete 
|  18|0x0000000081200000, 0x0000000081300000, 0x0000000081300000|100%| O|  |TAMS 0x0000000081300000, 0x0000000081200000| Untracked 
|  19|0x0000000081300000, 0x0000000081400000, 0x0000000081400000|100%| O|  |TAMS 0x0000000081400000, 0x0000000081300000| Untracked 
|  20|0x0000000081400000, 0x0000000081500000, 0x0000000081500000|100%| O|  |TAMS 0x0000000081500000, 0x0000000081400000| Untracked 
|  21|0x0000000081500000, 0x0000000081600000, 0x0000000081600000|100%|HS|  |TAMS 0x0000000081600000, 0x0000000081500000| Complete 
|  22|0x0000000081600000, 0x0000000081700000, 0x0000000081700000|100%|HC|  |TAMS 0x0000000081700000, 0x0000000081600000| Complete 
|  23|0x0000000081700000, 0x0000000081800000, 0x0000000081800000|100%|HC|  |TAMS 0x0000000081800000, 0x0000000081700000| Complete 
|  24|0x0000000081800000, 0x0000000081900000, 0x0000000081900000|100%| O|  |TAMS 0x0000000081900000, 0x0000000081800000| Untracked 
|  25|0x0000000081900000, 0x0000000081a00000, 0x0000000081a00000|100%| O|  |TAMS 0x0000000081a00000, 0x0000000081900000| Untracked 
|  26|0x0000000081a00000, 0x0000000081b00000, 0x0000000081b00000|100%| O|  |TAMS 0x0000000081b00000, 0x0000000081a00000| Untracked 
|  27|0x0000000081b00000, 0x0000000081c00000, 0x0000000081c00000|100%| O|  |TAMS 0x0000000081c00000, 0x0000000081b00000| Untracked 
|  28|0x0000000081c00000, 0x0000000081d00000, 0x0000000081d00000|100%| O|  |TAMS 0x0000000081d00000, 0x0000000081c00000| Untracked 
|  29|0x0000000081d00000, 0x0000000081e00000, 0x0000000081e00000|100%| O|  |TAMS 0x0000000081e00000, 0x0000000081d00000| Untracked 
|  30|0x0000000081e00000, 0x0000000081f00000, 0x0000000081f00000|100%| O|  |TAMS 0x0000000081f00000, 0x0000000081e00000| Untracked 
|  31|0x0000000081f00000, 0x0000000082000000, 0x0000000082000000|100%| O|  |TAMS 0x0000000082000000, 0x0000000081f00000| Untracked 
|  32|0x0000000082000000, 0x0000000082100000, 0x0000000082100000|100%| O|  |TAMS 0x0000000082100000, 0x0000000082000000| Untracked 
|  33|0x0000000082100000, 0x0000000082200000, 0x0000000082200000|100%| O|  |TAMS 0x0000000082200000, 0x0000000082100000| Untracked 
|  34|0x0000000082200000, 0x0000000082300000, 0x0000000082300000|100%| O|  |TAMS 0x0000000082300000, 0x0000000082200000| Untracked 
|  35|0x0000000082300000, 0x0000000082400000, 0x0000000082400000|100%| O|  |TAMS 0x0000000082400000, 0x0000000082300000| Untracked 
|  36|0x0000000082400000, 0x0000000082500000, 0x0000000082500000|100%| O|  |TAMS 0x0000000082500000, 0x0000000082400000| Untracked 
|  37|0x0000000082500000, 0x0000000082600000, 0x0000000082600000|100%| O|  |TAMS 0x0000000082600000, 0x0000000082500000| Untracked 
|  38|0x0000000082600000, 0x0000000082700000, 0x0000000082700000|100%| O|  |TAMS 0x0000000082700000, 0x0000000082600000| Untracked 
|  39|0x0000000082700000, 0x0000000082800000, 0x0000000082800000|100%| O|  |TAMS 0x0000000082800000, 0x0000000082700000| Untracked 
|  40|0x0000000082800000, 0x0000000082900000, 0x0000000082900000|100%| O|  |TAMS 0x0000000082900000, 0x0000000082800000| Untracked 
|  41|0x0000000082900000, 0x0000000082a00000, 0x0000000082a00000|100%| O|  |TAMS 0x0000000082a00000, 0x0000000082900000| Untracked 
|  42|0x0000000082a00000, 0x0000000082b00000, 0x0000000082b00000|100%| O|  |TAMS 0x0000000082b00000, 0x0000000082a00000| Untracked 
|  43|0x0000000082b00000, 0x0000000082c00000, 0x0000000082c00000|100%| O|  |TAMS 0x0000000082c00000, 0x0000000082b00000| Untracked 
|  44|0x0000000082c00000, 0x0000000082d00000, 0x0000000082d00000|100%| O|  |TAMS 0x0000000082d00000, 0x0000000082c00000| Untracked 
|  45|0x0000000082d00000, 0x0000000082e00000, 0x0000000082e00000|100%| O|  |TAMS 0x0000000082e00000, 0x0000000082d00000| Untracked 
|  46|0x0000000082e00000, 0x0000000082f00000, 0x0000000082f00000|100%| O|  |TAMS 0x0000000082f00000, 0x0000000082e00000| Untracked 
|  47|0x0000000082f00000, 0x0000000083000000, 0x0000000083000000|100%| O|  |TAMS 0x0000000083000000, 0x0000000082f00000| Untracked 
|  48|0x0000000083000000, 0x0000000083100000, 0x0000000083100000|100%| O|  |TAMS 0x0000000083100000, 0x0000000083000000| Untracked 
|  49|0x0000000083100000, 0x0000000083200000, 0x0000000083200000|100%| O|  |TAMS 0x0000000083200000, 0x0000000083100000| Untracked 
|  50|0x0000000083200000, 0x0000000083300000, 0x0000000083300000|100%| O|  |TAMS 0x0000000083300000, 0x0000000083200000| Untracked 
|  51|0x0000000083300000, 0x0000000083400000, 0x0000000083400000|100%| O|  |TAMS 0x0000000083400000, 0x0000000083300000| Untracked 
|  52|0x0000000083400000, 0x0000000083500000, 0x0000000083500000|100%| O|  |TAMS 0x0000000083500000, 0x0000000083400000| Untracked 
|  53|0x0000000083500000, 0x0000000083600000, 0x0000000083600000|100%| O|  |TAMS 0x0000000083600000, 0x0000000083500000| Untracked 
|  54|0x0000000083600000, 0x0000000083700000, 0x0000000083700000|100%| O|  |TAMS 0x0000000083700000, 0x0000000083600000| Untracked 
|  55|0x0000000083700000, 0x0000000083800000, 0x0000000083800000|100%| O|  |TAMS 0x0000000083800000, 0x0000000083700000| Untracked 
|  56|0x0000000083800000, 0x0000000083900000, 0x0000000083900000|100%| O|  |TAMS 0x0000000083900000, 0x0000000083800000| Untracked 
|  57|0x0000000083900000, 0x0000000083a00000, 0x0000000083a00000|100%| O|  |TAMS 0x0000000083a00000, 0x0000000083900000| Untracked 
|  58|0x0000000083a00000, 0x0000000083b00000, 0x0000000083b00000|100%| O|  |TAMS 0x0000000083b00000, 0x0000000083a00000| Untracked 
|  59|0x0000000083b00000, 0x0000000083c00000, 0x0000000083c00000|100%| O|  |TAMS 0x0000000083c00000, 0x0000000083b00000| Untracked 
|  60|0x0000000083c00000, 0x0000000083d00000, 0x0000000083d00000|100%| O|  |TAMS 0x0000000083d00000, 0x0000000083c00000| Untracked 
|  61|0x0000000083d00000, 0x0000000083e00000, 0x0000000083e00000|100%| O|  |TAMS 0x0000000083e00000, 0x0000000083d00000| Untracked 
|  62|0x0000000083e00000, 0x0000000083f00000, 0x0000000083f00000|100%| O|  |TAMS 0x0000000083f00000, 0x0000000083e00000| Untracked 
|  63|0x0000000083f00000, 0x0000000084000000, 0x0000000084000000|100%| O|  |TAMS 0x0000000084000000, 0x0000000083f00000| Untracked 
|  64|0x0000000084000000, 0x0000000084100000, 0x0000000084100000|100%| O|  |TAMS 0x0000000084100000, 0x0000000084000000| Untracked 
|  65|0x0000000084100000, 0x0000000084200000, 0x0000000084200000|100%| O|  |TAMS 0x0000000084200000, 0x0000000084100000| Untracked 
|  66|0x0000000084200000, 0x0000000084300000, 0x0000000084300000|100%| O|  |TAMS 0x0000000084300000, 0x0000000084200000| Untracked 
|  67|0x0000000084300000, 0x0000000084400000, 0x0000000084400000|100%| O|  |TAMS 0x0000000084400000, 0x0000000084300000| Untracked 
|  68|0x0000000084400000, 0x0000000084500000, 0x0000000084500000|100%| O|  |TAMS 0x0000000084500000, 0x0000000084400000| Untracked 
|  69|0x0000000084500000, 0x0000000084600000, 0x0000000084600000|100%| O|  |TAMS 0x0000000084600000, 0x0000000084500000| Untracked 
|  70|0x0000000084600000, 0x0000000084700000, 0x0000000084700000|100%| O|  |TAMS 0x0000000084700000, 0x0000000084600000| Untracked 
|  71|0x0000000084700000, 0x0000000084800000, 0x0000000084800000|100%| O|  |TAMS 0x0000000084800000, 0x0000000084700000| Untracked 
|  72|0x0000000084800000, 0x0000000084900000, 0x0000000084900000|100%|HS|  |TAMS 0x0000000084800000, 0x0000000084800000| Complete 
|  73|0x0000000084900000, 0x0000000084a00000, 0x0000000084a00000|100%|HC|  |TAMS 0x0000000084900000, 0x0000000084900000| Complete 
|  74|0x0000000084a00000, 0x0000000084b00000, 0x0000000084b00000|100%|HS|  |TAMS 0x0000000084a00000, 0x0000000084a00000| Complete 
|  75|0x0000000084b00000, 0x0000000084c00000, 0x0000000084c00000|100%|HC|  |TAMS 0x0000000084b00000, 0x0000000084b00000| Complete 
|  76|0x0000000084c00000, 0x0000000084d00000, 0x0000000084d00000|100%|HS|  |TAMS 0x0000000084c00000, 0x0000000084c00000| Complete 
|  77|0x0000000084d00000, 0x0000000084e00000, 0x0000000084e00000|100%|HC|  |TAMS 0x0000000084d00000, 0x0000000084d00000| Complete 
|  78|0x0000000084e00000, 0x0000000084f00000, 0x0000000084f00000|100%|HS|  |TAMS 0x0000000084e00000, 0x0000000084e00000| Complete 
|  79|0x0000000084f00000, 0x0000000085000000, 0x0000000085000000|100%|HC|  |TAMS 0x0000000084f00000, 0x0000000084f00000| Complete 
|  80|0x0000000085000000, 0x0000000085100000, 0x0000000085100000|100%|HS|  |TAMS 0x0000000085000000, 0x0000000085000000| Complete 
|  81|0x0000000085100000, 0x0000000085100000, 0x0000000085200000|  0%| F|  |TAMS 0x0000000085100000, 0x0000000085100000| Untracked 
|  82|0x0000000085200000, 0x0000000085200000, 0x0000000085300000|  0%| F|  |TAMS 0x0000000085200000, 0x0000000085200000| Untracked 
|  83|0x0000000085300000, 0x0000000085300000, 0x0000000085400000|  0%| F|  |TAMS 0x0000000085300000, 0x0000000085300000| Untracked 
|  84|0x0000000085400000, 0x0000000085400000, 0x0000000085500000|  0%| F|  |TAMS 0x0000000085400000, 0x0000000085400000| Untracked 
|  85|0x0000000085500000, 0x0000000085500000, 0x0000000085600000|  0%| F|  |TAMS 0x0000000085500000, 0x0000000085500000| Untracked 
|  86|0x0000000085600000, 0x0000000085600000, 0x0000000085700000|  0%| F|  |TAMS 0x0000000085600000, 0x0000000085600000| Untracked 
|  87|0x0000000085700000, 0x0000000085700000, 0x0000000085800000|  0%| F|  |TAMS 0x0000000085700000, 0x0000000085700000| Untracked 
|  88|0x0000000085800000, 0x0000000085800000, 0x0000000085900000|  0%| F|  |TAMS 0x0000000085800000, 0x0000000085800000| Untracked 
|  89|0x0000000085900000, 0x0000000085900000, 0x0000000085a00000|  0%| F|  |TAMS 0x0000000085900000, 0x0000000085900000| Untracked 
|  90|0x0000000085a00000, 0x0000000085a00000, 0x0000000085b00000|  0%| F|  |TAMS 0x0000000085a00000, 0x0000000085a00000| Untracked 
|  91|0x0000000085b00000, 0x0000000085b00000, 0x0000000085c00000|  0%| F|  |TAMS 0x0000000085b00000, 0x0000000085b00000| Untracked 
|  92|0x0000000085c00000, 0x0000000085c00000, 0x0000000085d00000|  0%| F|  |TAMS 0x0000000085c00000, 0x0000000085c00000| Untracked 
|  93|0x0000000085d00000, 0x0000000085d00000, 0x0000000085e00000|  0%| F|  |TAMS 0x0000000085d00000, 0x0000000085d00000| Untracked 
|  94|0x0000000085e00000, 0x0000000085e00000, 0x0000000085f00000|  0%| F|  |TAMS 0x0000000085e00000, 0x0000000085e00000| Untracked 
|  95|0x0000000085f00000, 0x0000000085f00000, 0x0000000086000000|  0%| F|  |TAMS 0x0000000085f00000, 0x0000000085f00000| Untracked 
|  96|0x0000000086000000, 0x0000000086000000, 0x0000000086100000|  0%| F|  |TAMS 0x0000000086000000, 0x0000000086000000| Untracked 
|  97|0x0000000086100000, 0x0000000086100000, 0x0000000086200000|  0%| F|  |TAMS 0x0000000086100000, 0x0000000086100000| Untracked 
|  98|0x0000000086200000, 0x0000000086200000, 0x0000000086300000|  0%| F|  |TAMS 0x0000000086200000, 0x0000000086200000| Untracked 
|  99|0x0000000086300000, 0x0000000086300000, 0x0000000086400000|  0%| F|  |TAMS 0x0000000086300000, 0x0000000086300000| Untracked 
| 100|0x0000000086400000, 0x0000000086400000, 0x0000000086500000|  0%| F|  |TAMS 0x0000000086400000, 0x0000000086400000| Untracked 
| 101|0x0000000086500000, 0x0000000086500000, 0x0000000086600000|  0%| F|  |TAMS 0x0000000086500000, 0x0000000086500000| Untracked 
| 102|0x0000000086600000, 0x0000000086600000, 0x0000000086700000|  0%| F|  |TAMS 0x0000000086600000, 0x0000000086600000| Untracked 
| 103|0x0000000086700000, 0x0000000086700000, 0x0000000086800000|  0%| F|  |TAMS 0x0000000086700000, 0x0000000086700000| Untracked 
| 104|0x0000000086800000, 0x0000000086800000, 0x0000000086900000|  0%| F|  |TAMS 0x0000000086800000, 0x0000000086800000| Untracked 
| 105|0x0000000086900000, 0x0000000086900000, 0x0000000086a00000|  0%| F|  |TAMS 0x0000000086900000, 0x0000000086900000| Untracked 
| 106|0x0000000086a00000, 0x0000000086a00000, 0x0000000086b00000|  0%| F|  |TAMS 0x0000000086a00000, 0x0000000086a00000| Untracked 
| 107|0x0000000086b00000, 0x0000000086b00000, 0x0000000086c00000|  0%| F|  |TAMS 0x0000000086b00000, 0x0000000086b00000| Untracked 
| 108|0x0000000086c00000, 0x0000000086c00000, 0x0000000086d00000|  0%| F|  |TAMS 0x0000000086c00000, 0x0000000086c00000| Untracked 
| 109|0x0000000086d00000, 0x0000000086d00000, 0x0000000086e00000|  0%| F|  |TAMS 0x0000000086d00000, 0x0000000086d00000| Untracked 
| 110|0x0000000086e00000, 0x0000000086e00000, 0x0000000086f00000|  0%| F|  |TAMS 0x0000000086e00000, 0x0000000086e00000| Untracked 
| 111|0x0000000086f00000, 0x0000000086f00000, 0x0000000087000000|  0%| F|  |TAMS 0x0000000086f00000, 0x0000000086f00000| Untracked 
| 112|0x0000000087000000, 0x0000000087000000, 0x0000000087100000|  0%| F|  |TAMS 0x0000000087000000, 0x0000000087000000| Untracked 
| 113|0x0000000087100000, 0x0000000087100000, 0x0000000087200000|  0%| F|  |TAMS 0x0000000087100000, 0x0000000087100000| Untracked 
| 114|0x0000000087200000, 0x0000000087200000, 0x0000000087300000|  0%| F|  |TAMS 0x0000000087200000, 0x0000000087200000| Untracked 
| 115|0x0000000087300000, 0x0000000087300000, 0x0000000087400000|  0%| F|  |TAMS 0x0000000087300000, 0x0000000087300000| Untracked 
| 116|0x0000000087400000, 0x0000000087400000, 0x0000000087500000|  0%| F|  |TAMS 0x0000000087400000, 0x0000000087400000| Untracked 
| 117|0x0000000087500000, 0x0000000087500000, 0x0000000087600000|  0%| F|  |TAMS 0x0000000087500000, 0x0000000087500000| Untracked 
| 118|0x0000000087600000, 0x0000000087600000, 0x0000000087700000|  0%| F|  |TAMS 0x0000000087600000, 0x0000000087600000| Untracked 
| 119|0x0000000087700000, 0x0000000087700000, 0x0000000087800000|  0%| F|  |TAMS 0x0000000087700000, 0x0000000087700000| Untracked 
| 120|0x0000000087800000, 0x0000000087800000, 0x0000000087900000|  0%| F|  |TAMS 0x0000000087800000, 0x0000000087800000| Untracked 
| 121|0x0000000087900000, 0x0000000087900000, 0x0000000087a00000|  0%| F|  |TAMS 0x0000000087900000, 0x0000000087900000| Untracked 
| 122|0x0000000087a00000, 0x0000000087a00000, 0x0000000087b00000|  0%| F|  |TAMS 0x0000000087a00000, 0x0000000087a00000| Untracked 
| 123|0x0000000087b00000, 0x0000000087b00000, 0x0000000087c00000|  0%| F|  |TAMS 0x0000000087b00000, 0x0000000087b00000| Untracked 
| 124|0x0000000087c00000, 0x0000000087c00000, 0x0000000087d00000|  0%| F|  |TAMS 0x0000000087c00000, 0x0000000087c00000| Untracked 
| 125|0x0000000087d00000, 0x0000000087d00000, 0x0000000087e00000|  0%| F|  |TAMS 0x0000000087d00000, 0x0000000087d00000| Untracked 
| 126|0x0000000087e00000, 0x0000000087e00000, 0x0000000087f00000|  0%| F|  |TAMS 0x0000000087e00000, 0x0000000087e00000| Untracked 
| 127|0x0000000087f00000, 0x0000000087f00000, 0x0000000088000000|  0%| F|  |TAMS 0x0000000087f00000, 0x0000000087f00000| Untracked 
| 128|0x0000000088000000, 0x0000000088000000, 0x0000000088100000|  0%| F|  |TAMS 0x0000000088000000, 0x0000000088000000| Untracked 
| 129|0x0000000088100000, 0x0000000088100000, 0x0000000088200000|  0%| F|  |TAMS 0x0000000088100000, 0x0000000088100000| Untracked 
| 130|0x0000000088200000, 0x0000000088200000, 0x0000000088300000|  0%| F|  |TAMS 0x0000000088200000, 0x0000000088200000| Untracked 
| 131|0x0000000088300000, 0x0000000088300000, 0x0000000088400000|  0%| F|  |TAMS 0x0000000088300000, 0x0000000088300000| Untracked 
| 132|0x0000000088400000, 0x0000000088400000, 0x0000000088500000|  0%| F|  |TAMS 0x0000000088400000, 0x0000000088400000| Untracked 
| 133|0x0000000088500000, 0x0000000088500000, 0x0000000088600000|  0%| F|  |TAMS 0x0000000088500000, 0x0000000088500000| Untracked 
| 134|0x0000000088600000, 0x0000000088600000, 0x0000000088700000|  0%| F|  |TAMS 0x0000000088600000, 0x0000000088600000| Untracked 
| 135|0x0000000088700000, 0x0000000088700000, 0x0000000088800000|  0%| F|  |TAMS 0x0000000088700000, 0x0000000088700000| Untracked 
| 136|0x0000000088800000, 0x0000000088800000, 0x0000000088900000|  0%| F|  |TAMS 0x0000000088800000, 0x0000000088800000| Untracked 
| 137|0x0000000088900000, 0x0000000088900000, 0x0000000088a00000|  0%| F|  |TAMS 0x0000000088900000, 0x0000000088900000| Untracked 
| 138|0x0000000088a00000, 0x0000000088a00000, 0x0000000088b00000|  0%| F|  |TAMS 0x0000000088a00000, 0x0000000088a00000| Untracked 
| 139|0x0000000088b00000, 0x0000000088b00000, 0x0000000088c00000|  0%| F|  |TAMS 0x0000000088b00000, 0x0000000088b00000| Untracked 
| 140|0x0000000088c00000, 0x0000000088c00000, 0x0000000088d00000|  0%| F|  |TAMS 0x0000000088c00000, 0x0000000088c00000| Untracked 
| 141|0x0000000088d00000, 0x0000000088d00000, 0x0000000088e00000|  0%| F|  |TAMS 0x0000000088d00000, 0x0000000088d00000| Untracked 
| 142|0x0000000088e00000, 0x0000000088e00000, 0x0000000088f00000|  0%| F|  |TAMS 0x0000000088e00000, 0x0000000088e00000| Untracked 
| 143|0x0000000088f00000, 0x0000000088f00000, 0x0000000089000000|  0%| F|  |TAMS 0x0000000088f00000, 0x0000000088f00000| Untracked 
| 144|0x0000000089000000, 0x0000000089000000, 0x0000000089100000|  0%| F|  |TAMS 0x0000000089000000, 0x0000000089000000| Untracked 
| 145|0x0000000089100000, 0x0000000089100000, 0x0000000089200000|  0%| F|  |TAMS 0x0000000089100000, 0x0000000089100000| Untracked 
| 146|0x0000000089200000, 0x0000000089200000, 0x0000000089300000|  0%| F|  |TAMS 0x0000000089200000, 0x0000000089200000| Untracked 
| 147|0x0000000089300000, 0x0000000089300000, 0x0000000089400000|  0%| F|  |TAMS 0x0000000089300000, 0x0000000089300000| Untracked 
| 148|0x0000000089400000, 0x0000000089400000, 0x0000000089500000|  0%| F|  |TAMS 0x0000000089400000, 0x0000000089400000| Untracked 
| 149|0x0000000089500000, 0x0000000089500000, 0x0000000089600000|  0%| F|  |TAMS 0x0000000089500000, 0x0000000089500000| Untracked 
| 150|0x0000000089600000, 0x0000000089600000, 0x0000000089700000|  0%| F|  |TAMS 0x0000000089600000, 0x0000000089600000| Untracked 
| 151|0x0000000089700000, 0x0000000089700000, 0x0000000089800000|  0%| F|  |TAMS 0x0000000089700000, 0x0000000089700000| Untracked 
| 152|0x0000000089800000, 0x0000000089800000, 0x0000000089900000|  0%| F|  |TAMS 0x0000000089800000, 0x0000000089800000| Untracked 
| 153|0x0000000089900000, 0x0000000089900000, 0x0000000089a00000|  0%| F|  |TAMS 0x0000000089900000, 0x0000000089900000| Untracked 
| 154|0x0000000089a00000, 0x0000000089a00000, 0x0000000089b00000|  0%| F|  |TAMS 0x0000000089a00000, 0x0000000089a00000| Untracked 
| 155|0x0000000089b00000, 0x0000000089b00000, 0x0000000089c00000|  0%| F|  |TAMS 0x0000000089b00000, 0x0000000089b00000| Untracked 
| 156|0x0000000089c00000, 0x0000000089c00000, 0x0000000089d00000|  0%| F|  |TAMS 0x0000000089c00000, 0x0000000089c00000| Untracked 
| 157|0x0000000089d00000, 0x0000000089d00000, 0x0000000089e00000|  0%| F|  |TAMS 0x0000000089d00000, 0x0000000089d00000| Untracked 
| 158|0x0000000089e00000, 0x0000000089e00000, 0x0000000089f00000|  0%| F|  |TAMS 0x0000000089e00000, 0x0000000089e00000| Untracked 
| 159|0x0000000089f00000, 0x0000000089f00000, 0x000000008a000000|  0%| F|  |TAMS 0x0000000089f00000, 0x0000000089f00000| Untracked 
| 160|0x000000008a000000, 0x000000008a000000, 0x000000008a100000|  0%| F|  |TAMS 0x000000008a000000, 0x000000008a000000| Untracked 
| 161|0x000000008a100000, 0x000000008a100000, 0x000000008a200000|  0%| F|  |TAMS 0x000000008a100000, 0x000000008a100000| Untracked 
| 162|0x000000008a200000, 0x000000008a200000, 0x000000008a300000|  0%| F|  |TAMS 0x000000008a200000, 0x000000008a200000| Untracked 
| 163|0x000000008a300000, 0x000000008a300000, 0x000000008a400000|  0%| F|  |TAMS 0x000000008a300000, 0x000000008a300000| Untracked 
| 164|0x000000008a400000, 0x000000008a400000, 0x000000008a500000|  0%| F|  |TAMS 0x000000008a400000, 0x000000008a400000| Untracked 
| 165|0x000000008a500000, 0x000000008a500000, 0x000000008a600000|  0%| F|  |TAMS 0x000000008a500000, 0x000000008a500000| Untracked 
| 166|0x000000008a600000, 0x000000008a600000, 0x000000008a700000|  0%| F|  |TAMS 0x000000008a600000, 0x000000008a600000| Untracked 
| 167|0x000000008a700000, 0x000000008a700000, 0x000000008a800000|  0%| F|  |TAMS 0x000000008a700000, 0x000000008a700000| Untracked 
| 168|0x000000008a800000, 0x000000008a800000, 0x000000008a900000|  0%| F|  |TAMS 0x000000008a800000, 0x000000008a800000| Untracked 
| 169|0x000000008a900000, 0x000000008a900000, 0x000000008aa00000|  0%| F|  |TAMS 0x000000008a900000, 0x000000008a900000| Untracked 
| 170|0x000000008aa00000, 0x000000008aa00000, 0x000000008ab00000|  0%| F|  |TAMS 0x000000008aa00000, 0x000000008aa00000| Untracked 
| 171|0x000000008ab00000, 0x000000008ab00000, 0x000000008ac00000|  0%| F|  |TAMS 0x000000008ab00000, 0x000000008ab00000| Untracked 
| 172|0x000000008ac00000, 0x000000008ac00000, 0x000000008ad00000|  0%| F|  |TAMS 0x000000008ac00000, 0x000000008ac00000| Untracked 
| 173|0x000000008ad00000, 0x000000008ad00000, 0x000000008ae00000|  0%| F|  |TAMS 0x000000008ad00000, 0x000000008ad00000| Untracked 
| 174|0x000000008ae00000, 0x000000008ae00000, 0x000000008af00000|  0%| F|  |TAMS 0x000000008ae00000, 0x000000008ae00000| Untracked 
| 175|0x000000008af00000, 0x000000008af00000, 0x000000008b000000|  0%| F|  |TAMS 0x000000008af00000, 0x000000008af00000| Untracked 
| 176|0x000000008b000000, 0x000000008b000000, 0x000000008b100000|  0%| F|  |TAMS 0x000000008b000000, 0x000000008b000000| Untracked 
| 177|0x000000008b100000, 0x000000008b100000, 0x000000008b200000|  0%| F|  |TAMS 0x000000008b100000, 0x000000008b100000| Untracked 
| 178|0x000000008b200000, 0x000000008b200000, 0x000000008b300000|  0%| F|  |TAMS 0x000000008b200000, 0x000000008b200000| Untracked 
| 179|0x000000008b300000, 0x000000008b300000, 0x000000008b400000|  0%| F|  |TAMS 0x000000008b300000, 0x000000008b300000| Untracked 
| 180|0x000000008b400000, 0x000000008b400000, 0x000000008b500000|  0%| F|  |TAMS 0x000000008b400000, 0x000000008b400000| Untracked 
| 181|0x000000008b500000, 0x000000008b500000, 0x000000008b600000|  0%| F|  |TAMS 0x000000008b500000, 0x000000008b500000| Untracked 
| 182|0x000000008b600000, 0x000000008b600000, 0x000000008b700000|  0%| F|  |TAMS 0x000000008b600000, 0x000000008b600000| Untracked 
| 183|0x000000008b700000, 0x000000008b700000, 0x000000008b800000|  0%| F|  |TAMS 0x000000008b700000, 0x000000008b700000| Untracked 
| 184|0x000000008b800000, 0x000000008b800000, 0x000000008b900000|  0%| F|  |TAMS 0x000000008b800000, 0x000000008b800000| Untracked 
| 185|0x000000008b900000, 0x000000008b900000, 0x000000008ba00000|  0%| F|  |TAMS 0x000000008b900000, 0x000000008b900000| Untracked 
| 186|0x000000008ba00000, 0x000000008ba00000, 0x000000008bb00000|  0%| F|  |TAMS 0x000000008ba00000, 0x000000008ba00000| Untracked 
| 187|0x000000008bb00000, 0x000000008bb00000, 0x000000008bc00000|  0%| F|  |TAMS 0x000000008bb00000, 0x000000008bb00000| Untracked 
| 188|0x000000008bc00000, 0x000000008bc00000, 0x000000008bd00000|  0%| F|  |TAMS 0x000000008bc00000, 0x000000008bc00000| Untracked 
| 189|0x000000008bd00000, 0x000000008bd00000, 0x000000008be00000|  0%| F|  |TAMS 0x000000008bd00000, 0x000000008bd00000| Untracked 
| 190|0x000000008be00000, 0x000000008be00000, 0x000000008bf00000|  0%| F|  |TAMS 0x000000008be00000, 0x000000008be00000| Untracked 
| 191|0x000000008bf00000, 0x000000008bf00000, 0x000000008c000000|  0%| F|  |TAMS 0x000000008bf00000, 0x000000008bf00000| Untracked 
| 192|0x000000008c000000, 0x000000008c000000, 0x000000008c100000|  0%| F|  |TAMS 0x000000008c000000, 0x000000008c000000| Untracked 
| 193|0x000000008c100000, 0x000000008c100000, 0x000000008c200000|  0%| F|  |TAMS 0x000000008c100000, 0x000000008c100000| Untracked 
| 194|0x000000008c200000, 0x000000008c29d5a0, 0x000000008c300000| 61%| E|  |TAMS 0x000000008c200000, 0x000000008c200000| Complete 
| 195|0x000000008c300000, 0x000000008c400000, 0x000000008c400000|100%| E|CS|TAMS 0x000000008c300000, 0x000000008c300000| Complete 
| 196|0x000000008c400000, 0x000000008c500000, 0x000000008c500000|100%| E|CS|TAMS 0x000000008c400000, 0x000000008c400000| Complete 
| 197|0x000000008c500000, 0x000000008c600000, 0x000000008c600000|100%| E|CS|TAMS 0x000000008c500000, 0x000000008c500000| Complete 
| 198|0x000000008c600000, 0x000000008c700000, 0x000000008c700000|100%| E|CS|TAMS 0x000000008c600000, 0x000000008c600000| Complete 
| 199|0x000000008c700000, 0x000000008c800000, 0x000000008c800000|100%| E|CS|TAMS 0x000000008c700000, 0x000000008c700000| Complete 
| 200|0x000000008c800000, 0x000000008c900000, 0x000000008c900000|100%| E|CS|TAMS 0x000000008c800000, 0x000000008c800000| Complete 
| 201|0x000000008c900000, 0x000000008ca00000, 0x000000008ca00000|100%| E|CS|TAMS 0x000000008c900000, 0x000000008c900000| Complete 
| 202|0x000000008ca00000, 0x000000008cb00000, 0x000000008cb00000|100%| E|CS|TAMS 0x000000008ca00000, 0x000000008ca00000| Complete 
| 203|0x000000008cb00000, 0x000000008cc00000, 0x000000008cc00000|100%| E|CS|TAMS 0x000000008cb00000, 0x000000008cb00000| Complete 
| 204|0x000000008cc00000, 0x000000008cd00000, 0x000000008cd00000|100%| E|CS|TAMS 0x000000008cc00000, 0x000000008cc00000| Complete 
| 205|0x000000008cd00000, 0x000000008ce00000, 0x000000008ce00000|100%| E|CS|TAMS 0x000000008cd00000, 0x000000008cd00000| Complete 
| 206|0x000000008ce00000, 0x000000008cf00000, 0x000000008cf00000|100%| E|CS|TAMS 0x000000008ce00000, 0x000000008ce00000| Complete 
| 207|0x000000008cf00000, 0x000000008d000000, 0x000000008d000000|100%| E|CS|TAMS 0x000000008cf00000, 0x000000008cf00000| Complete 
| 208|0x000000008d000000, 0x000000008d100000, 0x000000008d100000|100%| E|CS|TAMS 0x000000008d000000, 0x000000008d000000| Complete 
| 209|0x000000008d100000, 0x000000008d200000, 0x000000008d200000|100%| E|CS|TAMS 0x000000008d100000, 0x000000008d100000| Complete 
| 210|0x000000008d200000, 0x000000008d300000, 0x000000008d300000|100%| E|CS|TAMS 0x000000008d200000, 0x000000008d200000| Complete 
| 211|0x000000008d300000, 0x000000008d400000, 0x000000008d400000|100%| E|CS|TAMS 0x000000008d300000, 0x000000008d300000| Complete 
| 212|0x000000008d400000, 0x000000008d500000, 0x000000008d500000|100%| E|CS|TAMS 0x000000008d400000, 0x000000008d400000| Complete 
| 213|0x000000008d500000, 0x000000008d600000, 0x000000008d600000|100%| E|CS|TAMS 0x000000008d500000, 0x000000008d500000| Complete 
| 214|0x000000008d600000, 0x000000008d700000, 0x000000008d700000|100%| E|CS|TAMS 0x000000008d600000, 0x000000008d600000| Complete 
| 215|0x000000008d700000, 0x000000008d800000, 0x000000008d800000|100%| E|CS|TAMS 0x000000008d700000, 0x000000008d700000| Complete 
| 216|0x000000008d800000, 0x000000008d900000, 0x000000008d900000|100%| E|CS|TAMS 0x000000008d800000, 0x000000008d800000| Complete 
| 217|0x000000008d900000, 0x000000008da00000, 0x000000008da00000|100%| E|  |TAMS 0x000000008d900000, 0x000000008d900000| Complete 
| 218|0x000000008da00000, 0x000000008db00000, 0x000000008db00000|100%| E|CS|TAMS 0x000000008da00000, 0x000000008da00000| Complete 
| 219|0x000000008db00000, 0x000000008dc00000, 0x000000008dc00000|100%| E|CS|TAMS 0x000000008db00000, 0x000000008db00000| Complete 
| 220|0x000000008dc00000, 0x000000008dd00000, 0x000000008dd00000|100%| E|CS|TAMS 0x000000008dc00000, 0x000000008dc00000| Complete 
| 221|0x000000008dd00000, 0x000000008de00000, 0x000000008de00000|100%| E|CS|TAMS 0x000000008dd00000, 0x000000008dd00000| Complete 
| 222|0x000000008de00000, 0x000000008df00000, 0x000000008df00000|100%| E|CS|TAMS 0x000000008de00000, 0x000000008de00000| Complete 
| 223|0x000000008df00000, 0x000000008e000000, 0x000000008e000000|100%| E|CS|TAMS 0x000000008df00000, 0x000000008df00000| Complete 
| 224|0x000000008e000000, 0x000000008e100000, 0x000000008e100000|100%| E|CS|TAMS 0x000000008e000000, 0x000000008e000000| Complete 
| 225|0x000000008e100000, 0x000000008e200000, 0x000000008e200000|100%| E|CS|TAMS 0x000000008e100000, 0x000000008e100000| Complete 
| 226|0x000000008e200000, 0x000000008e300000, 0x000000008e300000|100%| E|CS|TAMS 0x000000008e200000, 0x000000008e200000| Complete 
| 227|0x000000008e300000, 0x000000008e400000, 0x000000008e400000|100%| E|CS|TAMS 0x000000008e300000, 0x000000008e300000| Complete 
| 228|0x000000008e400000, 0x000000008e500000, 0x000000008e500000|100%| E|CS|TAMS 0x000000008e400000, 0x000000008e400000| Complete 
| 229|0x000000008e500000, 0x000000008e600000, 0x000000008e600000|100%| E|CS|TAMS 0x000000008e500000, 0x000000008e500000| Complete 
| 230|0x000000008e600000, 0x000000008e700000, 0x000000008e700000|100%| E|CS|TAMS 0x000000008e600000, 0x000000008e600000| Complete 
| 231|0x000000008e700000, 0x000000008e800000, 0x000000008e800000|100%| E|CS|TAMS 0x000000008e700000, 0x000000008e700000| Complete 
| 232|0x000000008e800000, 0x000000008e900000, 0x000000008e900000|100%| E|CS|TAMS 0x000000008e800000, 0x000000008e800000| Complete 
| 233|0x000000008e900000, 0x000000008ea00000, 0x000000008ea00000|100%| E|CS|TAMS 0x000000008e900000, 0x000000008e900000| Complete 
| 234|0x000000008ea00000, 0x000000008eb00000, 0x000000008eb00000|100%| E|CS|TAMS 0x000000008ea00000, 0x000000008ea00000| Complete 
| 235|0x000000008eb00000, 0x000000008ec00000, 0x000000008ec00000|100%| E|CS|TAMS 0x000000008eb00000, 0x000000008eb00000| Complete 
| 236|0x000000008ec00000, 0x000000008ed00000, 0x000000008ed00000|100%| E|CS|TAMS 0x000000008ec00000, 0x000000008ec00000| Complete 
| 237|0x000000008ed00000, 0x000000008ee00000, 0x000000008ee00000|100%| E|CS|TAMS 0x000000008ed00000, 0x000000008ed00000| Complete 
| 238|0x000000008ee00000, 0x000000008ef00000, 0x000000008ef00000|100%| E|CS|TAMS 0x000000008ee00000, 0x000000008ee00000| Complete 
| 239|0x000000008ef00000, 0x000000008f000000, 0x000000008f000000|100%| E|CS|TAMS 0x000000008ef00000, 0x000000008ef00000| Complete 
| 240|0x000000008f000000, 0x000000008f100000, 0x000000008f100000|100%| E|CS|TAMS 0x000000008f000000, 0x000000008f000000| Complete 
| 241|0x000000008f100000, 0x000000008f200000, 0x000000008f200000|100%| E|CS|TAMS 0x000000008f100000, 0x000000008f100000| Complete 
| 242|0x000000008f200000, 0x000000008f300000, 0x000000008f300000|100%| E|CS|TAMS 0x000000008f200000, 0x000000008f200000| Complete 
| 243|0x000000008f300000, 0x000000008f400000, 0x000000008f400000|100%| E|CS|TAMS 0x000000008f300000, 0x000000008f300000| Complete 
| 244|0x000000008f400000, 0x000000008f500000, 0x000000008f500000|100%| E|CS|TAMS 0x000000008f400000, 0x000000008f400000| Complete 
| 245|0x000000008f500000, 0x000000008f600000, 0x000000008f600000|100%| E|CS|TAMS 0x000000008f500000, 0x000000008f500000| Complete 
| 246|0x000000008f600000, 0x000000008f700000, 0x000000008f700000|100%| E|CS|TAMS 0x000000008f600000, 0x000000008f600000| Complete 
| 247|0x000000008f700000, 0x000000008f800000, 0x000000008f800000|100%| E|CS|TAMS 0x000000008f700000, 0x000000008f700000| Complete 
| 248|0x000000008f800000, 0x000000008f900000, 0x000000008f900000|100%| E|CS|TAMS 0x000000008f800000, 0x000000008f800000| Complete 
| 249|0x000000008f900000, 0x000000008fa00000, 0x000000008fa00000|100%| E|CS|TAMS 0x000000008f900000, 0x000000008f900000| Complete 
| 250|0x000000008fa00000, 0x000000008fb00000, 0x000000008fb00000|100%| E|CS|TAMS 0x000000008fa00000, 0x000000008fa00000| Complete 
| 251|0x000000008fb00000, 0x000000008fc00000, 0x000000008fc00000|100%| E|CS|TAMS 0x000000008fb00000, 0x000000008fb00000| Complete 
| 252|0x000000008fc00000, 0x000000008fd00000, 0x000000008fd00000|100%| E|CS|TAMS 0x000000008fc00000, 0x000000008fc00000| Complete 
| 253|0x000000008fd00000, 0x000000008fe00000, 0x000000008fe00000|100%| E|CS|TAMS 0x000000008fd00000, 0x000000008fd00000| Complete 
| 254|0x000000008fe00000, 0x000000008fe67548, 0x000000008ff00000| 40%| S|CS|TAMS 0x000000008fe00000, 0x000000008fe00000| Complete 
| 255|0x000000008ff00000, 0x0000000090000000, 0x0000000090000000|100%| S|CS|TAMS 0x000000008ff00000, 0x000000008ff00000| Complete 
| 256|0x0000000090000000, 0x0000000090100000, 0x0000000090100000|100%| S|CS|TAMS 0x0000000090000000, 0x0000000090000000| Complete 
| 257|0x0000000090100000, 0x0000000090200000, 0x0000000090200000|100%| S|CS|TAMS 0x0000000090100000, 0x0000000090100000| Complete 
| 258|0x0000000090200000, 0x0000000090300000, 0x0000000090300000|100%| S|CS|TAMS 0x0000000090200000, 0x0000000090200000| Complete 
| 259|0x0000000090300000, 0x0000000090400000, 0x0000000090400000|100%| S|CS|TAMS 0x0000000090300000, 0x0000000090300000| Complete 
| 260|0x0000000090400000, 0x0000000090500000, 0x0000000090500000|100%| S|CS|TAMS 0x0000000090400000, 0x0000000090400000| Complete 
| 261|0x0000000090500000, 0x0000000090600000, 0x0000000090600000|100%| S|CS|TAMS 0x0000000090500000, 0x0000000090500000| Complete 
| 262|0x0000000090600000, 0x0000000090700000, 0x0000000090700000|100%| S|CS|TAMS 0x0000000090600000, 0x0000000090600000| Complete 
| 263|0x0000000090700000, 0x0000000090800000, 0x0000000090800000|100%| E|CS|TAMS 0x0000000090700000, 0x0000000090700000| Complete 
| 264|0x0000000090800000, 0x0000000090900000, 0x0000000090900000|100%| E|CS|TAMS 0x0000000090800000, 0x0000000090800000| Complete 
| 265|0x0000000090900000, 0x0000000090a00000, 0x0000000090a00000|100%| E|CS|TAMS 0x0000000090900000, 0x0000000090900000| Complete 
| 266|0x0000000090a00000, 0x0000000090b00000, 0x0000000090b00000|100%| E|CS|TAMS 0x0000000090a00000, 0x0000000090a00000| Complete 
| 267|0x0000000090b00000, 0x0000000090c00000, 0x0000000090c00000|100%| E|CS|TAMS 0x0000000090b00000, 0x0000000090b00000| Complete 
| 268|0x0000000090c00000, 0x0000000090d00000, 0x0000000090d00000|100%| E|CS|TAMS 0x0000000090c00000, 0x0000000090c00000| Complete 
| 269|0x0000000090d00000, 0x0000000090e00000, 0x0000000090e00000|100%| E|CS|TAMS 0x0000000090d00000, 0x0000000090d00000| Complete 
| 270|0x0000000090e00000, 0x0000000090f00000, 0x0000000090f00000|100%| E|CS|TAMS 0x0000000090e00000, 0x0000000090e00000| Complete 
| 271|0x0000000090f00000, 0x0000000091000000, 0x0000000091000000|100%| E|CS|TAMS 0x0000000090f00000, 0x0000000090f00000| Complete 
| 272|0x0000000091000000, 0x0000000091100000, 0x0000000091100000|100%| E|CS|TAMS 0x0000000091000000, 0x0000000091000000| Complete 
| 273|0x0000000091100000, 0x0000000091200000, 0x0000000091200000|100%| E|CS|TAMS 0x0000000091100000, 0x0000000091100000| Complete 
| 274|0x0000000091200000, 0x0000000091300000, 0x0000000091300000|100%| E|CS|TAMS 0x0000000091200000, 0x0000000091200000| Complete 
| 275|0x0000000091300000, 0x0000000091400000, 0x0000000091400000|100%| E|CS|TAMS 0x0000000091300000, 0x0000000091300000| Complete 
| 276|0x0000000091400000, 0x0000000091500000, 0x0000000091500000|100%| E|CS|TAMS 0x0000000091400000, 0x0000000091400000| Complete 
| 277|0x0000000091500000, 0x0000000091600000, 0x0000000091600000|100%| E|CS|TAMS 0x0000000091500000, 0x0000000091500000| Complete 
| 278|0x0000000091600000, 0x0000000091700000, 0x0000000091700000|100%| E|CS|TAMS 0x0000000091600000, 0x0000000091600000| Complete 
| 279|0x0000000091700000, 0x0000000091800000, 0x0000000091800000|100%| E|CS|TAMS 0x0000000091700000, 0x0000000091700000| Complete 
| 280|0x0000000091800000, 0x0000000091900000, 0x0000000091900000|100%| E|CS|TAMS 0x0000000091800000, 0x0000000091800000| Complete 
| 281|0x0000000091900000, 0x0000000091a00000, 0x0000000091a00000|100%| E|CS|TAMS 0x0000000091900000, 0x0000000091900000| Complete 
| 282|0x0000000091a00000, 0x0000000091b00000, 0x0000000091b00000|100%| E|CS|TAMS 0x0000000091a00000, 0x0000000091a00000| Complete 
| 283|0x0000000091b00000, 0x0000000091c00000, 0x0000000091c00000|100%| E|CS|TAMS 0x0000000091b00000, 0x0000000091b00000| Complete 
| 284|0x0000000091c00000, 0x0000000091d00000, 0x0000000091d00000|100%| E|CS|TAMS 0x0000000091c00000, 0x0000000091c00000| Complete 
| 285|0x0000000091d00000, 0x0000000091e00000, 0x0000000091e00000|100%| E|CS|TAMS 0x0000000091d00000, 0x0000000091d00000| Complete 
| 286|0x0000000091e00000, 0x0000000091f00000, 0x0000000091f00000|100%| E|CS|TAMS 0x0000000091e00000, 0x0000000091e00000| Complete 
| 287|0x0000000091f00000, 0x0000000092000000, 0x0000000092000000|100%| E|CS|TAMS 0x0000000091f00000, 0x0000000091f00000| Complete 
| 288|0x0000000092000000, 0x0000000092100000, 0x0000000092100000|100%| E|CS|TAMS 0x0000000092000000, 0x0000000092000000| Complete 
| 289|0x0000000092100000, 0x0000000092200000, 0x0000000092200000|100%| E|CS|TAMS 0x0000000092100000, 0x0000000092100000| Complete 
| 290|0x0000000092200000, 0x0000000092300000, 0x0000000092300000|100%| E|CS|TAMS 0x0000000092200000, 0x0000000092200000| Complete 
| 291|0x0000000092300000, 0x0000000092400000, 0x0000000092400000|100%| E|CS|TAMS 0x0000000092300000, 0x0000000092300000| Complete 
| 292|0x0000000092400000, 0x0000000092500000, 0x0000000092500000|100%| E|CS|TAMS 0x0000000092400000, 0x0000000092400000| Complete 
| 293|0x0000000092500000, 0x0000000092600000, 0x0000000092600000|100%| E|CS|TAMS 0x0000000092500000, 0x0000000092500000| Complete 
| 294|0x0000000092600000, 0x0000000092700000, 0x0000000092700000|100%| E|CS|TAMS 0x0000000092600000, 0x0000000092600000| Complete 
| 295|0x0000000092700000, 0x0000000092800000, 0x0000000092800000|100%| E|CS|TAMS 0x0000000092700000, 0x0000000092700000| Complete 
| 296|0x0000000092800000, 0x0000000092900000, 0x0000000092900000|100%| E|CS|TAMS 0x0000000092800000, 0x0000000092800000| Complete 
| 297|0x0000000092900000, 0x0000000092a00000, 0x0000000092a00000|100%| E|CS|TAMS 0x0000000092900000, 0x0000000092900000| Complete 
| 298|0x0000000092a00000, 0x0000000092b00000, 0x0000000092b00000|100%| E|CS|TAMS 0x0000000092a00000, 0x0000000092a00000| Complete 
| 299|0x0000000092b00000, 0x0000000092c00000, 0x0000000092c00000|100%| E|CS|TAMS 0x0000000092b00000, 0x0000000092b00000| Complete 
| 300|0x0000000092c00000, 0x0000000092d00000, 0x0000000092d00000|100%| E|CS|TAMS 0x0000000092c00000, 0x0000000092c00000| Complete 
| 301|0x0000000092d00000, 0x0000000092e00000, 0x0000000092e00000|100%| E|CS|TAMS 0x0000000092d00000, 0x0000000092d00000| Complete 
| 302|0x0000000092e00000, 0x0000000092f00000, 0x0000000092f00000|100%| E|CS|TAMS 0x0000000092e00000, 0x0000000092e00000| Complete 
| 303|0x0000000092f00000, 0x0000000093000000, 0x0000000093000000|100%| E|CS|TAMS 0x0000000092f00000, 0x0000000092f00000| Complete 
| 304|0x0000000093000000, 0x0000000093100000, 0x0000000093100000|100%| E|CS|TAMS 0x0000000093000000, 0x0000000093000000| Complete 
| 305|0x0000000093100000, 0x0000000093200000, 0x0000000093200000|100%| E|CS|TAMS 0x0000000093100000, 0x0000000093100000| Complete 
| 306|0x0000000093200000, 0x0000000093300000, 0x0000000093300000|100%| E|CS|TAMS 0x0000000093200000, 0x0000000093200000| Complete 
| 307|0x0000000093300000, 0x0000000093400000, 0x0000000093400000|100%| E|CS|TAMS 0x0000000093300000, 0x0000000093300000| Complete 

Card table byte_map: [0x000002047eef0000,0x000002047f2f0000] _byte_map_base: 0x000002047eaf0000

Marking Bits (Prev, Next): (CMBitMap*) 0x000002047b01e0b8, (CMBitMap*) 0x000002047b01e0f0
 Prev Bits: [0x000002040f000000, 0x0000020411000000)
 Next Bits: [0x0000020411000000, 0x0000020413000000)

Polling page: 0x0000020478fd0000

Metaspace:

Usage:
  Non-class:     98.89 MB capacity,    96.98 MB ( 98%) used,     1.57 MB (  2%) free+waste,   354.56 KB ( <1%) overhead. 
      Class:     15.55 MB capacity,    14.47 MB ( 93%) used,   947.36 KB (  6%) free+waste,   162.69 KB (  1%) overhead. 
       Both:    114.45 MB capacity,   111.45 MB ( 97%) used,     2.49 MB (  2%) free+waste,   517.25 KB ( <1%) overhead. 

Virtual space:
  Non-class space:      100.00 MB reserved,      99.02 MB (>99%) committed 
      Class space:        1.00 GB reserved,      15.57 MB (  2%) committed 
             Both:        1.10 GB reserved,     114.59 MB ( 10%) committed 

Chunk freelists:
   Non-Class:  60.00 KB
       Class:  10.00 KB
        Both:  70.00 KB

MaxMetaspaceSize: 17179869184.00 GB
CompressedClassSpaceSize: 1.00 GB
Initial GC threshold: 20.80 MB
Current GC threshold: 166.19 MB
CDS: off

CodeHeap 'non-profiled nmethods': size=120064Kb used=7223Kb max_used=7223Kb free=112841Kb
 bounds [0x0000020407ac0000, 0x00000204081d0000, 0x000002040f000000]
CodeHeap 'profiled nmethods': size=120000Kb used=27411Kb max_used=27411Kb free=92588Kb
 bounds [0x0000020400590000, 0x0000020402060000, 0x0000020407ac0000]
CodeHeap 'non-nmethods': size=5696Kb used=2453Kb max_used=2506Kb free=3242Kb
 bounds [0x0000020400000000, 0x0000020400280000, 0x0000020400590000]
 total_blobs=13379 nmethods=12393 adapters=898
 compilation: enabled
              stopped_count=0, restarted_count=0
 full_count=0

Compilation events (20 events):
Event: 34.583 Thread 0x0000020415846000 12419       3       org.gradle.api.internal.artifacts.ivyservice.resolveengine.graph.conflicts.VersionConflictResolutionDetails::mergeCauses (127 bytes)
Event: 34.584 Thread 0x0000020415846000 nmethod 12419 0x000002040204f490 code [0x000002040204f860, 0x00000204020513f8]
Event: 34.584 Thread 0x0000020415846000 12413       3       org.gradle.internal.resolve.result.DefaultBuildableComponentIdResolveResult::getRejectedVersions (8 bytes)
Event: 34.584 Thread 0x0000020415846000 nmethod 12413 0x0000020402051d90 code [0x0000020402051f60, 0x0000020402052228]
Event: 34.584 Thread 0x0000020415846000 12414       3       org.gradle.internal.resolve.result.DefaultBuildableComponentIdResolveResult::getUnmatchedVersions (8 bytes)
Event: 34.584 Thread 0x0000020415846000 nmethod 12414 0x0000020402052310 code [0x00000204020524e0, 0x00000204020527a8]
Event: 34.584 Thread 0x0000020415846000 12418       3       org.gradle.api.internal.artifacts.ivyservice.resolveengine.graph.builder.NodeState::shouldIncludedInGraphResult (26 bytes)
Event: 34.585 Thread 0x0000020415846000 nmethod 12418 0x0000020402052890 code [0x0000020402052a80, 0x0000020402052f08]
Event: 34.585 Thread 0x0000020415846000 12420       3       org.gradle.api.internal.artifacts.ivyservice.resolveengine.result.StreamingResolutionResultBuilder$$Lambda$514/0x0000000100658c40::write (13 bytes)
Event: 34.585 Thread 0x0000020415846000 nmethod 12420 0x0000020402053090 code [0x0000020402053260, 0x00000204020534f8]
Event: 34.585 Thread 0x0000020415846000 12411       1       org.gradle.api.internal.artifacts.ivyservice.resolveengine.result.DefaultComponentSelectionDescriptor::getDescribable (5 bytes)
Event: 34.585 Thread 0x0000020415846000 nmethod 12411 0x00000204081cd910 code [0x00000204081cdac0, 0x00000204081cdb78]
Event: 34.585 Thread 0x0000020415846000 12422       3       org.gradle.api.internal.artifacts.ivyservice.resolveengine.artifact.DefaultResolvedArtifactsBuilder::visitArtifacts (26 bytes)
Event: 34.585 Thread 0x0000020415846000 nmethod 12422 0x0000020402053690 code [0x0000020402053860, 0x0000020402053a58]
Event: 34.585 Thread 0x0000020415846000 12423       3       org.gradle.api.internal.artifacts.ivyservice.resolveengine.artifact.DefaultArtifactSet$LazyArtifactSupplier::<init> (8 bytes)
Event: 34.585 Thread 0x0000020415846000 nmethod 12423 0x0000020402053b90 code [0x0000020402053d60, 0x0000020402054038]
Event: 34.585 Thread 0x0000020415846000 12424       3       org.gradle.api.internal.artifacts.ivyservice.resolveengine.artifact.DefaultArtifactSet$LazyArtifactSupplier::<init> (20 bytes)
Event: 34.585 Thread 0x0000020415846000 nmethod 12424 0x0000020402054110 code [0x00000204020542c0, 0x0000020402054538]
Event: 34.585 Thread 0x0000020415846000 12425       3       com.google.common.collect.ImmutableList::copyOf (32 bytes)
Event: 34.586 Thread 0x0000020415846000 nmethod 12425 0x0000020402054610 code [0x0000020402054820, 0x0000020402054dd8]

GC Heap History (20 events):
Event: 3.245 GC heap before
{Heap before GC invocations=6 (full 0):
 garbage-first heap   total 262144K, used 79235K [0x0000000080000000, 0x0000000100000000)
  region size 1024K, 64 young (65536K), 4 survivors (4096K)
 Metaspace       used 27062K, capacity 27705K, committed 27824K, reserved 1073152K
  class space    used 3531K, capacity 3737K, committed 3840K, reserved 1048576K
}
Event: 3.250 GC heap after
{Heap after GC invocations=7 (full 0):
 garbage-first heap   total 262144K, used 19994K [0x0000000080000000, 0x0000000100000000)
  region size 1024K, 6 young (6144K), 6 survivors (6144K)
 Metaspace       used 27062K, capacity 27705K, committed 27824K, reserved 1073152K
  class space    used 3531K, capacity 3737K, committed 3840K, reserved 1048576K
}
Event: 3.827 GC heap before
{Heap before GC invocations=7 (full 0):
 garbage-first heap   total 262144K, used 71194K [0x0000000080000000, 0x0000000100000000)
  region size 1024K, 57 young (58368K), 6 survivors (6144K)
 Metaspace       used 34888K, capacity 35663K, committed 35708K, reserved 1081344K
  class space    used 4529K, capacity 4839K, committed 4864K, reserved 1048576K
}
Event: 3.836 GC heap after
{Heap after GC invocations=8 (full 0):
 garbage-first heap   total 262144K, used 22770K [0x0000000080000000, 0x0000000100000000)
  region size 1024K, 9 young (9216K), 9 survivors (9216K)
 Metaspace       used 34888K, capacity 35663K, committed 35708K, reserved 1081344K
  class space    used 4529K, capacity 4839K, committed 4864K, reserved 1048576K
}
Event: 4.941 GC heap before
{Heap before GC invocations=9 (full 0):
 garbage-first heap   total 262144K, used 130290K [0x0000000080000000, 0x0000000100000000)
  region size 1024K, 111 young (113664K), 9 survivors (9216K)
 Metaspace       used 44264K, capacity 45354K, committed 45640K, reserved 1089536K
  class space    used 5666K, capacity 6032K, committed 6092K, reserved 1048576K
}
Event: 4.953 GC heap after
{Heap after GC invocations=10 (full 0):
 garbage-first heap   total 262144K, used 29630K [0x0000000080000000, 0x0000000100000000)
  region size 1024K, 13 young (13312K), 13 survivors (13312K)
 Metaspace       used 44264K, capacity 45354K, committed 45640K, reserved 1089536K
  class space    used 5666K, capacity 6032K, committed 6092K, reserved 1048576K
}
Event: 6.176 GC heap before
{Heap before GC invocations=10 (full 0):
 garbage-first heap   total 262144K, used 164798K [0x0000000080000000, 0x0000000100000000)
  region size 1024K, 139 young (142336K), 13 survivors (13312K)
 Metaspace       used 52240K, capacity 53730K, committed 53960K, reserved 1095680K
  class space    used 6669K, capacity 7143K, committed 7244K, reserved 1048576K
}
Event: 6.191 GC heap after
{Heap after GC invocations=11 (full 0):
 garbage-first heap   total 262144K, used 47843K [0x0000000080000000, 0x0000000100000000)
  region size 1024K, 18 young (18432K), 18 survivors (18432K)
 Metaspace       used 52240K, capacity 53730K, committed 53960K, reserved 1095680K
  class space    used 6669K, capacity 7143K, committed 7244K, reserved 1048576K
}
Event: 6.657 GC heap before
{Heap before GC invocations=11 (full 0):
 garbage-first heap   total 262144K, used 89827K [0x0000000080000000, 0x0000000100000000)
  region size 1024K, 60 young (61440K), 18 survivors (18432K)
 Metaspace       used 58465K, capacity 59928K, committed 59976K, reserved 1101824K
  class space    used 7372K, capacity 7862K, committed 7884K, reserved 1048576K
}
Event: 6.673 GC heap after
{Heap after GC invocations=12 (full 0):
 garbage-first heap   total 262144K, used 49664K [0x0000000080000000, 0x0000000100000000)
  region size 1024K, 3 young (3072K), 3 survivors (3072K)
 Metaspace       used 58465K, capacity 59928K, committed 59976K, reserved 1101824K
  class space    used 7372K, capacity 7862K, committed 7884K, reserved 1048576K
}
Event: 7.837 GC heap before
{Heap before GC invocations=13 (full 0):
 garbage-first heap   total 262144K, used 164352K [0x0000000080000000, 0x0000000100000000)
  region size 1024K, 115 young (117760K), 3 survivors (3072K)
 Metaspace       used 68061K, capacity 69718K, committed 69832K, reserved 1110016K
  class space    used 8612K, capacity 9235K, committed 9292K, reserved 1048576K
}
Event: 7.850 GC heap after
{Heap after GC invocations=14 (full 0):
 garbage-first heap   total 262144K, used 57269K [0x0000000080000000, 0x0000000100000000)
  region size 1024K, 10 young (10240K), 10 survivors (10240K)
 Metaspace       used 68061K, capacity 69718K, committed 69832K, reserved 1110016K
  class space    used 8612K, capacity 9235K, committed 9292K, reserved 1048576K
}
Event: 9.149 GC heap before
{Heap before GC invocations=14 (full 0):
 garbage-first heap   total 262144K, used 174005K [0x0000000080000000, 0x0000000100000000)
  region size 1024K, 124 young (126976K), 10 survivors (10240K)
 Metaspace       used 79744K, capacity 81496K, committed 81864K, reserved 1120256K
  class space    used 10331K, capacity 10961K, committed 11084K, reserved 1048576K
}
Event: 9.163 GC heap after
{Heap after GC invocations=15 (full 0):
 garbage-first heap   total 262144K, used 63601K [0x0000000080000000, 0x0000000100000000)
  region size 1024K, 15 young (15360K), 15 survivors (15360K)
 Metaspace       used 79744K, capacity 81496K, committed 81864K, reserved 1120256K
  class space    used 10331K, capacity 10961K, committed 11084K, reserved 1048576K
}
Event: 10.954 GC heap before
{Heap before GC invocations=15 (full 0):
 garbage-first heap   total 262144K, used 181361K [0x0000000080000000, 0x0000000100000000)
  region size 1024K, 131 young (134144K), 15 survivors (15360K)
 Metaspace       used 87506K, capacity 89762K, committed 89800K, reserved 1126400K
  class space    used 11282K, capacity 12093K, committed 12108K, reserved 1048576K
}
Event: 10.978 GC heap after
{Heap after GC invocations=16 (full 0):
 garbage-first heap   total 262144K, used 74445K [0x0000000080000000, 0x0000000100000000)
  region size 1024K, 17 young (17408K), 17 survivors (17408K)
 Metaspace       used 87506K, capacity 89762K, committed 89800K, reserved 1126400K
  class space    used 11282K, capacity 12093K, committed 12108K, reserved 1048576K
}
Event: 12.316 GC heap before
{Heap before GC invocations=16 (full 0):
 garbage-first heap   total 262144K, used 189133K [0x0000000080000000, 0x0000000100000000)
  region size 1024K, 130 young (133120K), 17 survivors (17408K)
 Metaspace       used 95702K, capacity 98047K, committed 98120K, reserved 1134592K
  class space    used 12364K, capacity 13233K, committed 13260K, reserved 1048576K
}
Event: 12.344 GC heap after
{Heap after GC invocations=17 (full 0):
 garbage-first heap   total 315392K, used 80896K [0x0000000080000000, 0x0000000100000000)
  region size 1024K, 7 young (7168K), 7 survivors (7168K)
 Metaspace       used 95702K, capacity 98047K, committed 98120K, reserved 1134592K
  class space    used 12364K, capacity 13233K, committed 13260K, reserved 1048576K
}
Event: 14.133 GC heap before
{Heap before GC invocations=17 (full 0):
 garbage-first heap   total 315392K, used 125952K [0x0000000080000000, 0x0000000100000000)
  region size 1024K, 52 young (53248K), 7 survivors (7168K)
 Metaspace       used 97977K, capacity 100395K, committed 100552K, reserved 1136640K
  class space    used 12665K, capacity 13524K, committed 13644K, reserved 1048576K
}
Event: 14.145 GC heap after
{Heap after GC invocations=18 (full 0):
 garbage-first heap   total 315392K, used 82333K [0x0000000080000000, 0x0000000100000000)
  region size 1024K, 9 young (9216K), 9 survivors (9216K)
 Metaspace       used 97977K, capacity 100395K, committed 100552K, reserved 1136640K
  class space    used 12665K, capacity 13524K, committed 13644K, reserved 1048576K
}

Deoptimization events (20 events):
Event: 34.297 Thread 0x00000204183eb000 Uncommon trap: trap_request=0xffffff4d fr.pc=0x0000020407f0f110 relative=0x0000000000000070
Event: 34.297 Thread 0x00000204183eb000 Uncommon trap: reason=unstable_if action=reinterpret pc=0x0000020407f0f110 method=com.google.common.math.IntMath.log2(ILjava/math/RoundingMode;)I @ 15 c2
Event: 34.297 Thread 0x00000204183eb000 DEOPT PACKING pc=0x0000020407f0f110 sp=0x00000007ca7fb790
Event: 34.297 Thread 0x00000204183eb000 DEOPT UNPACKING pc=0x000002040004a1af sp=0x00000007ca7fb718 mode 2
Event: 34.299 Thread 0x00000204183eb000 Uncommon trap: trap_request=0xffffff4d fr.pc=0x00000204081a1e34 relative=0x0000000000000474
Event: 34.299 Thread 0x00000204183eb000 Uncommon trap: reason=unstable_if action=reinterpret pc=0x00000204081a1e34 method=org.gradle.internal.file.FileHierarchySet$Node.isChildOfOrThis(Ljava/lang/String;I)Z @ 7 c2
Event: 34.299 Thread 0x00000204183eb000 DEOPT PACKING pc=0x00000204081a1e34 sp=0x00000007ca7fb870
Event: 34.299 Thread 0x00000204183eb000 DEOPT UNPACKING pc=0x000002040004a1af sp=0x00000007ca7fb7e0 mode 2
Event: 34.299 Thread 0x00000204183eb000 Uncommon trap: trap_request=0xffffff4d fr.pc=0x00000204081a3ae8 relative=0x0000000000000a88
Event: 34.299 Thread 0x00000204183eb000 Uncommon trap: reason=unstable_if action=reinterpret pc=0x00000204081a3ae8 method=org.gradle.internal.file.FileHierarchySet$Node.contains(Ljava/lang/String;I)Z @ 32 c2
Event: 34.299 Thread 0x00000204183eb000 DEOPT PACKING pc=0x00000204081a3ae8 sp=0x00000007ca7fb8b0
Event: 34.299 Thread 0x00000204183eb000 DEOPT UNPACKING pc=0x000002040004a1af sp=0x00000007ca7fb890 mode 2
Event: 34.299 Thread 0x00000204183eb000 Uncommon trap: trap_request=0xffffffc6 fr.pc=0x0000020408012390 relative=0x0000000000000710
Event: 34.299 Thread 0x00000204183eb000 Uncommon trap: reason=bimorphic_or_optimized_type_check action=maybe_recompile pc=0x0000020408012390 method=java.util.stream.MatchOps$MatchOp.evaluateSequential(Ljava/util/stream/PipelineHelper;Ljava/util/Spliterator;)Ljava/lang/Boolean; @ 14 c2
Event: 34.299 Thread 0x00000204183eb000 DEOPT PACKING pc=0x0000020408012390 sp=0x00000007ca7fb4c0
Event: 34.299 Thread 0x00000204183eb000 DEOPT UNPACKING pc=0x000002040004a1af sp=0x00000007ca7fb3e8 mode 2
Event: 34.337 Thread 0x00000204183eb000 Uncommon trap: trap_request=0xffffff4d fr.pc=0x000002040803e750 relative=0x0000000000005410
Event: 34.337 Thread 0x00000204183eb000 Uncommon trap: reason=unstable_if action=reinterpret pc=0x000002040803e750 method=org.gradle.cache.internal.DefaultCrossBuildInMemoryCacheFactory$AbstractCrossBuildInMemoryCache.getIfPresentWithoutLock(Ljava/lang/Object;)Ljava/lang/Object; @ 24 c2
Event: 34.337 Thread 0x00000204183eb000 DEOPT PACKING pc=0x000002040803e750 sp=0x00000007ca7f8a80
Event: 34.337 Thread 0x00000204183eb000 DEOPT UNPACKING pc=0x000002040004a1af sp=0x00000007ca7f8890 mode 2

Classes redefined (0 events):
No events

Internal exceptions (20 events):
Event: 15.061 Thread 0x000002041fff4000 Exception <a 'sun/nio/fs/WindowsException'{0x000000008fcc9908}> (0x000000008fcc9908) thrown at [./src/hotspot/share/prims/jni.cpp, line 615]
Event: 15.210 Thread 0x00000204183eb000 Exception <a 'java/lang/NoSuchMethodError'{0x000000008f29ddc0}: <clinit>> (0x000000008f29ddc0) thrown at [./src/hotspot/share/prims/jni.cpp, line 1365]
Event: 15.211 Thread 0x00000204183eb000 Exception <a 'java/lang/NoSuchMethodError'{0x000000008f2b6fa8}: <clinit>> (0x000000008f2b6fa8) thrown at [./src/hotspot/share/prims/jni.cpp, line 1365]
Event: 15.243 Thread 0x000002041ffe8800 Implicit null exception at 0x000002040813bad6 to 0x000002040813c374
Event: 15.298 Thread 0x000002041ffe8800 Exception <a 'sun/nio/fs/WindowsException'{0x000000008f0c8040}> (0x000000008f0c8040) thrown at [./src/hotspot/share/prims/jni.cpp, line 615]
Event: 15.308 Thread 0x000002041ffe8800 Implicit null exception at 0x00000204080ce8a0 to 0x00000204080d17f0
Event: 15.432 Thread 0x000002041ffe8800 Exception <a 'java/lang/NoSuchMethodError'{0x000000008ef78a88}: 'java.lang.Object java.lang.invoke.DirectMethodHandle$Holder.invokeStatic(java.lang.Object, java.lang.Object, java.lang.Object, java.lang.Object, java.lang.Object, int, java.lang.Object)'> (0x000000008ef78a88) thrown at [./src/hotspot/share/interpreter/linkResolver.cpp, line 773]
Event: 15.432 Thread 0x000002041ffe8800 Exception <a 'java/lang/NoSuchMethodError'{0x000000008ef7ff88}: 'java.lang.Object java.lang.invoke.Invokers$Holder.linkToTargetMethod(java.lang.Object, java.lang.Object, java.lang.Object, java.lang.Object, int, java.lang.Object, java.lang.Object)'> (0x000000008ef7ff88) thrown at [./src/hotspot/share/interpreter/linkResolver.cpp, line 773]
Event: 15.519 Thread 0x000002041ffe8800 Exception <a 'java/lang/NoSuchMethodError'{0x000000008eb625b0}: 'java.lang.Object java.lang.invoke.DirectMethodHandle$Holder.invokeSpecial(java.lang.Object, java.lang.Object, java.lang.Object, java.lang.Object, java.lang.Object, java.lang.Object, java.lang.Object, int, java.lang.Object)'> (0x000000008eb625b0) thrown at [./src/hotspot/share/interpreter/linkResolver.cpp, line 773]
Event: 15.520 Thread 0x000002041ffe8800 Exception <a 'java/lang/NoSuchMethodError'{0x000000008eb6be98}: 'java.lang.Object java.lang.invoke.DirectMethodHandle$Holder.invokeStatic(java.lang.Object, java.lang.Object, java.lang.Object, java.lang.Object, java.lang.Object, java.lang.Object, java.lang.Object, int)'> (0x000000008eb6be98) thrown at [./src/hotspot/share/interpreter/linkResolver.cpp, line 773]
Event: 15.520 Thread 0x000002041ffe8800 Exception <a 'java/lang/NoSuchMethodError'{0x000000008eb6feb8}: 'java.lang.Object java.lang.invoke.DirectMethodHandle$Holder.invokeSpecial(java.lang.Object, java.lang.Object, java.lang.Object, java.lang.Object, java.lang.Object, java.lang.Object, java.lang.Object, java.lang.Object, int)'> (0x000000008eb6feb8) thrown at [./src/hotspot/share/interpreter/linkResolver.cpp, line 773]
Event: 15.521 Thread 0x000002041ffe8800 Exception <a 'java/lang/NoSuchMethodError'{0x000000008eb73550}: 'java.lang.Object java.lang.invoke.Invokers$Holder.linkToTargetMethod(java.lang.Object, java.lang.Object, java.lang.Object, java.lang.Object, java.lang.Object, java.lang.Object, int, java.lang.Object)'> (0x000000008eb73550) thrown at [./src/hotspot/share/interpreter/linkResolver.cpp, line 773]
Event: 15.667 Thread 0x000002041ffe8800 Exception <a 'java/lang/NoSuchMethodError'{0x000000008e4f8f18}: 'java.lang.Object java.lang.invoke.DirectMethodHandle$Holder.invokeVirtual(java.lang.Object, java.lang.Object, int)'> (0x000000008e4f8f18) thrown at [./src/hotspot/share/interpreter/linkResolver.cpp, line 773]
Event: 15.743 Thread 0x000002041ffef800 Exception <a 'sun/nio/fs/WindowsException'{0x000000008e3eeb28}> (0x000000008e3eeb28) thrown at [./src/hotspot/share/prims/jni.cpp, line 615]
Event: 15.755 Thread 0x00000204183eb000 Exception <a 'sun/nio/fs/WindowsException'{0x000000008e2c2f80}> (0x000000008e2c2f80) thrown at [./src/hotspot/share/prims/jni.cpp, line 615]
Event: 15.755 Thread 0x00000204183eb000 Exception <a 'sun/nio/fs/WindowsException'{0x000000008e2c30c8}> (0x000000008e2c30c8) thrown at [./src/hotspot/share/prims/jni.cpp, line 615]
Event: 15.755 Thread 0x00000204183eb000 Exception <a 'sun/nio/fs/WindowsException'{0x000000008e2c49d8}> (0x000000008e2c49d8) thrown at [./src/hotspot/share/prims/jni.cpp, line 615]
Event: 15.803 Thread 0x00000204183eb000 Exception <a 'java/lang/NoSuchMethodError'{0x000000008dda3a70}: 'java.lang.Object java.lang.invoke.DirectMethodHandle$Holder.invokeSpecial(java.lang.Object, java.lang.Object, java.lang.Object, java.lang.Object, int, java.lang.Object, java.lang.Object)'> (0x000000008dda3a70) thrown at [./src/hotspot/share/interpreter/linkResolver.cpp, line 773]
Event: 21.975 Thread 0x00000204171ac000 Implicit null exception at 0x0000020407af3ff4 to 0x0000020407af4500
Event: 21.975 Thread 0x00000204171ac000 Implicit null exception at 0x0000020407dff012 to 0x0000020407dff5e8

Events (20 events):
Event: 34.219 loading class org/gradle/internal/snapshot/FileSystemLocationSnapshot
Event: 34.219 loading class org/gradle/internal/snapshot/FileSystemLocationSnapshot done
Event: 34.220 loading class org/gradle/internal/snapshot/SnapshotHierarchy$NodeDiffListener
Event: 34.220 loading class org/gradle/internal/snapshot/SnapshotHierarchy$NodeDiffListener done
Event: 34.248 Thread 0x00000204198fa000 Thread added: 0x00000204198fa000
Event: 34.270 Thread 0x00000204198fb000 Thread added: 0x00000204198fb000
Event: 34.282 Thread 0x00000204198fc800 Thread added: 0x00000204198fc800
Event: 34.283 Thread 0x00000204198fb800 Thread added: 0x00000204198fb800
Event: 34.283 Thread 0x00000204198fe000 Thread added: 0x00000204198fe000
Event: 34.291 Thread 0x00000204198ff000 Thread added: 0x00000204198ff000
Event: 34.299 loading class org/gradle/internal/watch/vfs/impl/WatchingVirtualFileSystem
Event: 34.299 loading class org/gradle/internal/watch/vfs/impl/WatchingVirtualFileSystem done
Event: 34.331 Thread 0x00000204198f9800 Thread added: 0x00000204198f9800
Event: 34.335 Thread 0x0000020419901800 Thread added: 0x0000020419901800
Event: 34.338 Thread 0x0000020419900000 Thread added: 0x0000020419900000
Event: 34.344 Thread 0x0000020419900800 Thread added: 0x0000020419900800
Event: 34.376 Thread 0x0000020419904800 Thread added: 0x0000020419904800
Event: 34.547 Thread 0x000002041aafe800 Thread added: 0x000002041aafe800
Event: 34.555 Executing VM operation: ICBufferFull
Event: 34.556 Executing VM operation: ICBufferFull done


Dynamic libraries:
0x00007ff6bb4a0000 - 0x00007ff6bb4aa000 	D:\android studio\jre\bin\java.exe
0x00007ffd65510000 - 0x00007ffd65705000 	C:\WINDOWS\SYSTEM32\ntdll.dll
0x00007ffd64670000 - 0x00007ffd6472e000 	C:\WINDOWS\System32\KERNEL32.DLL
0x00007ffd62c70000 - 0x00007ffd62f38000 	C:\WINDOWS\System32\KERNELBASE.dll
0x00007ffd63280000 - 0x00007ffd63380000 	C:\WINDOWS\System32\ucrtbase.dll
0x00007ffd48d20000 - 0x00007ffd48d39000 	D:\android studio\jre\bin\jli.dll
0x00007ffd48d40000 - 0x00007ffd48d57000 	D:\android studio\jre\bin\VCRUNTIME140.dll
0x00007ffd63e80000 - 0x00007ffd64021000 	C:\WINDOWS\System32\USER32.dll
0x00007ffd63380000 - 0x00007ffd633a2000 	C:\WINDOWS\System32\win32u.dll
0x00007ffd56bc0000 - 0x00007ffd56e5a000 	C:\WINDOWS\WinSxS\amd64_microsoft.windows.common-controls_6595b64144ccf1df_6.0.19041.1110_none_60b5254171f9507e\COMCTL32.dll
0x00007ffd64560000 - 0x00007ffd6458b000 	C:\WINDOWS\System32\GDI32.dll
0x00007ffd62f40000 - 0x00007ffd6304d000 	C:\WINDOWS\System32\gdi32full.dll
0x00007ffd63c30000 - 0x00007ffd63cce000 	C:\WINDOWS\System32\msvcrt.dll
0x00007ffd63050000 - 0x00007ffd630ed000 	C:\WINDOWS\System32\msvcp_win.dll
0x00007ffd64360000 - 0x00007ffd64390000 	C:\WINDOWS\System32\IMM32.DLL
0x00007ffd44650000 - 0x00007ffd446ed000 	D:\android studio\jre\bin\msvcp140.dll
0x00007ffd0b450000 - 0x00007ffd0bf35000 	D:\android studio\jre\bin\server\jvm.dll
0x00007ffd65420000 - 0x00007ffd654cc000 	C:\WINDOWS\System32\ADVAPI32.dll
0x00007ffd64390000 - 0x00007ffd6442b000 	C:\WINDOWS\System32\sechost.dll
0x00007ffd64050000 - 0x00007ffd6417a000 	C:\WINDOWS\System32\RPCRT4.dll
0x00007ffd63b50000 - 0x00007ffd63b58000 	C:\WINDOWS\System32\PSAPI.DLL
0x00007ffd5df50000 - 0x00007ffd5df59000 	C:\WINDOWS\SYSTEM32\WSOCK32.dll
0x00007ffd63ae0000 - 0x00007ffd63b4b000 	C:\WINDOWS\System32\WS2_32.dll
0x00007ffd57990000 - 0x00007ffd579b7000 	C:\WINDOWS\SYSTEM32\WINMM.dll
0x00007ffd5b3b0000 - 0x00007ffd5b3ba000 	C:\WINDOWS\SYSTEM32\VERSION.dll
0x00007ffd614b0000 - 0x00007ffd614c2000 	C:\WINDOWS\SYSTEM32\kernel.appcore.dll
0x00007ffd5d890000 - 0x00007ffd5d8a1000 	D:\android studio\jre\bin\verify.dll
0x00007ffd54c40000 - 0x00007ffd54e24000 	C:\WINDOWS\SYSTEM32\DBGHELP.DLL
0x00007ffd4f900000 - 0x00007ffd4f92c000 	C:\WINDOWS\SYSTEM32\dbgcore.DLL
0x00007ffd634c0000 - 0x00007ffd63542000 	C:\WINDOWS\System32\bcryptPrimitives.dll
0x00007ffd4e5d0000 - 0x00007ffd4e5f9000 	D:\android studio\jre\bin\java.dll
0x00007ffd5bbb0000 - 0x00007ffd5bbbb000 	D:\android studio\jre\bin\jimage.dll
0x00007ffd4e550000 - 0x00007ffd4e568000 	D:\android studio\jre\bin\zip.dll
0x00007ffd64730000 - 0x00007ffd64e74000 	C:\WINDOWS\System32\SHELL32.dll
0x00007ffd60800000 - 0x00007ffd60f94000 	C:\WINDOWS\SYSTEM32\windows.storage.dll
0x00007ffd635b0000 - 0x00007ffd63905000 	C:\WINDOWS\System32\combase.dll
0x00007ffd62670000 - 0x00007ffd6269e000 	C:\WINDOWS\SYSTEM32\Wldp.dll
0x00007ffd63910000 - 0x00007ffd639bd000 	C:\WINDOWS\System32\SHCORE.dll
0x00007ffd64180000 - 0x00007ffd641d5000 	C:\WINDOWS\System32\shlwapi.dll
0x00007ffd62b60000 - 0x00007ffd62b7f000 	C:\WINDOWS\SYSTEM32\profapi.dll
0x00007ffd4a9e0000 - 0x00007ffd4a9fa000 	D:\android studio\jre\bin\net.dll
0x00007ffd62140000 - 0x00007ffd6224c000 	C:\WINDOWS\SYSTEM32\WINHTTP.dll
0x00007ffd62300000 - 0x00007ffd6236a000 	C:\WINDOWS\system32\mswsock.dll
0x00007ffd4a9c0000 - 0x00007ffd4a9d4000 	D:\android studio\jre\bin\nio.dll
0x00007ffd514c0000 - 0x00007ffd514e7000 	D:\android SDK\native\e1d6ef7f7dcc3fd88c89a11ec53ec762bb8ba0a96d01ffa2cd45eb1d1d8dd5c5\windows-amd64\native-platform.dll
0x00007ffd316c0000 - 0x00007ffd31804000 	D:\android SDK\native\5664cfc778a61ccfe75a443a1ab52a65af34e5dc3c78e0209fed803814484fcb\windows-amd64\native-platform-file-events.dll
0x00007ffd4e5c0000 - 0x00007ffd4e5ca000 	D:\android studio\jre\bin\management.dll
0x00007ffd4e540000 - 0x00007ffd4e54d000 	D:\android studio\jre\bin\management_ext.dll
0x00007ffd624f0000 - 0x00007ffd62508000 	C:\WINDOWS\SYSTEM32\CRYPTSP.dll
0x00007ffd61830000 - 0x00007ffd61864000 	C:\WINDOWS\system32\rsaenh.dll
0x00007ffd630f0000 - 0x00007ffd63117000 	C:\WINDOWS\System32\bcrypt.dll
0x00007ffd62ae0000 - 0x00007ffd62b0e000 	C:\WINDOWS\SYSTEM32\USERENV.dll
0x00007ffd62510000 - 0x00007ffd6251c000 	C:\WINDOWS\SYSTEM32\CRYPTBASE.dll
0x00007ffd61ba0000 - 0x00007ffd61bdb000 	C:\WINDOWS\SYSTEM32\IPHLPAPI.DLL
0x00007ffd63a40000 - 0x00007ffd63a48000 	C:\WINDOWS\System32\NSI.dll
0x00007ffd5b5d0000 - 0x00007ffd5b5e7000 	C:\WINDOWS\SYSTEM32\dhcpcsvc6.DLL
0x00007ffd5b3e0000 - 0x00007ffd5b3fd000 	C:\WINDOWS\SYSTEM32\dhcpcsvc.DLL
0x00007ffd61be0000 - 0x00007ffd61cab000 	C:\WINDOWS\SYSTEM32\DNSAPI.dll
0x00007ffd492d0000 - 0x00007ffd492d8000 	D:\android studio\jre\bin\rmi.dll
0x00007ffd4a450000 - 0x00007ffd4a477000 	D:\android studio\jre\bin\sunec.dll

dbghelp: loaded successfully - version: 4.0.5 - missing functions: none
symbol engine: initialized successfully - sym options: 0x614 - pdb path: .;D:\android studio\jre\bin;C:\WINDOWS\SYSTEM32;C:\WINDOWS\WinSxS\amd64_microsoft.windows.common-controls_6595b64144ccf1df_6.0.19041.1110_none_60b5254171f9507e;D:\android studio\jre\bin\server;D:\android SDK\native\e1d6ef7f7dcc3fd88c89a11ec53ec762bb8ba0a96d01ffa2cd45eb1d1d8dd5c5\windows-amd64;D:\android SDK\native\5664cfc778a61ccfe75a443a1ab52a65af34e5dc3c78e0209fed803814484fcb\windows-amd64

VM Arguments:
jvm_args: --add-opens=java.base/java.util=ALL-UNNAMED --add-opens=java.base/java.lang=ALL-UNNAMED --add-opens=java.base/java.lang.invoke=ALL-UNNAMED --add-opens=java.base/java.util=ALL-UNNAMED --add-opens=java.prefs/java.util.prefs=ALL-UNNAMED --add-opens=java.prefs/java.util.prefs=ALL-UNNAMED --add-opens=java.base/java.nio.charset=ALL-UNNAMED --add-opens=java.base/java.net=ALL-UNNAMED --add-opens=java.base/java.util.concurrent.atomic=ALL-UNNAMED -Xmx2048m -Dfile.encoding=windows-1251 -Duser.country=RU -Duser.language=ru -Duser.variant 
java_command: org.gradle.launcher.daemon.bootstrap.GradleDaemon 7.3.3
java_class_path (initial): D:\android SDK\wrapper\dists\gradle-7.3.3-all\4295vidhdd9hd3gbjyw1xqxpo\gradle-7.3.3\lib\gradle-launcher-7.3.3.jar
Launcher Type: SUN_STANDARD

[Global flags]
     intx CICompilerCount                          = 3                                         {product} {ergonomic}
     uint ConcGCThreads                            = 1                                         {product} {ergonomic}
     uint G1ConcRefinementThreads                  = 4                                         {product} {ergonomic}
   size_t G1HeapRegionSize                         = 1048576                                   {product} {ergonomic}
    uintx GCDrainStackTargetSize                   = 64                                        {product} {ergonomic}
   size_t InitialHeapSize                          = 268435456                                 {product} {ergonomic}
   size_t MarkStackSize                            = 4194304                                   {product} {ergonomic}
   size_t MaxHeapSize                              = 2147483648                                {product} {command line}
   size_t MaxNewSize                               = 1287651328                                {product} {ergonomic}
   size_t MinHeapDeltaBytes                        = 1048576                                   {product} {ergonomic}
    uintx NonNMethodCodeHeapSize                   = 5830732                                {pd product} {ergonomic}
    uintx NonProfiledCodeHeapSize                  = 122913754                              {pd product} {ergonomic}
    uintx ProfiledCodeHeapSize                     = 122913754                              {pd product} {ergonomic}
    uintx ReservedCodeCacheSize                    = 251658240                              {pd product} {ergonomic}
     bool SegmentedCodeCache                       = true                                      {product} {ergonomic}
     bool UseCompressedClassPointers               = true                                 {lp64_product} {ergonomic}
     bool UseCompressedOops                        = true                                 {lp64_product} {ergonomic}
     bool UseG1GC                                  = true                                      {product} {ergonomic}
     bool UseLargePagesIndividualAllocation        = false                                  {pd product} {ergonomic}

Logging:
Log output configuration:
 #0: stdout all=warning uptime,level,tags
 #1: stderr all=off uptime,level,tags

Environment Variables:
PATH=C:\Program Files\Common Files\Oracle\Java\javapath;D:\xi\bin\nt;C:\ProgramData\Oracle\Java\javapath;C:\Program Files (x86)\Common Files\Intel\Shared Libraries\redist\intel64_win\compiler;C:\Program Files (x86)\Common Files\Intel\Shared Libraries\redist\ia32_win\compiler;C:\Program Files (x86)\Common Files\Intel\Shared Libraries\redist\ia32\compiler;C:\Program Files (x86)\Common Files\Intel\Shared Libraries\redist\intel64\compiler;C:\WINDOWS\system32;C:\WINDOWS;C:\WINDOWS\System32\Wbem;C:\WINDOWS\System32\WindowsPowerShell\v1.0\;C:\WINDOWS\System32\OpenSSH\;C:\Program Files\NVIDIA Corporation\NVIDIA NvDLISR;C:\Program Files\Microsoft SQL Server\130\Tools\Binn\;D:\Git\cmd;C:\Program Files (x86)\NVIDIA Corporation\PhysX\Common;C:\WINDOWS\system32;C:\WINDOWS;C:\WINDOWS\System32\Wbem;C:\WINDOWS\System32\WindowsPowerShell\v1.0\;C:\WINDOWS\System32\OpenSSH\;D:\xi\bin\nt64;C:\Program Files\Microsoft SQL Server\Client SDK\ODBC\170\Tools\Binn\;C:\Program Files\dotnet\;C:\Program Files\MySQL\MySQL Shell 8.0\bin\;C:\Users\super\AppData\Local\Microsoft\WindowsApps;C:\Users\super\AppData\Local\GitHubDesktop\bin;C:\Users\super\.dotnet\tools;D:\IntelliJ IDEA Community Edition 2022.1\bin;;D:\IntelliJ IDEA 2022.1.1\bin;
USERNAME=super
OS=Windows_NT
PROCESSOR_IDENTIFIER=Intel64 Family 6 Model 60 Stepping 3, GenuineIntel



---------------  S Y S T E M  ---------------

OS: Windows 10 , 64 bit Build 19041 (10.0.19041.1348)
OS uptime: 0 days 4:26 hours

CPU:total 4 (initial active 4) (4 cores per cpu, 1 threads per core) family 6 model 60 stepping 3 microcode 0x27, cmov, cx8, fxsr, mmx, sse, sse2, sse3, ssse3, sse4.1, sse4.2, popcnt, avx, avx2, aes, clmul, erms, lzcnt, tsc, tscinvbit, bmi1, bmi2, fma

Memory: 4k page, system-wide physical 16278M (4457M free)
TotalPageFile size 17302M (AvailPageFile size 170M)
current process WorkingSet (physical memory assigned to process): 573M, peak: 600M
current process commit charge ("private bytes"): 629M, peak: 651M

vm_info: OpenJDK 64-Bit Server VM (11.0.12+7-b1504.28-7817840) for windows-amd64 JRE (11.0.12+7-b1504.28-7817840), built on Oct 13 2021 22:12:33 by "builder" with MS VC++ 14.0 (VS2015)

END.
