#
# There is insufficient memory for the Java Runtime Environment to continue.
# Native memory allocation (malloc) failed to allocate 32744 bytes for ChunkPool::allocate
# Possible reasons:
#   The system is out of physical RAM or swap space
#   The process is running with CompressedOops enabled, and the Java Heap may be blocking the growth of the native heap
# Possible solutions:
#   Reduce memory load on the system
#   Increase physical memory or swap space
#   Check if swap backing store is full
#   Decrease Java heap size (-Xmx/-Xms)
#   Decrease number of Java threads
#   Decrease Java thread stack sizes (-Xss)
#   Set larger code cache with -XX:ReservedCodeCacheSize=
#   JVM is running with Unscaled Compressed Oops mode in which the Java heap is
#     placed in the first 4GB address space. The Java Heap base address is the
#     maximum limit for the native heap growth. Please use -XX:HeapBaseMinAddress
#     to set the Java Heap base and to place the Java Heap above 4GB virtual address.
# This output file may be truncated or incomplete.
#
#  Out of Memory Error (./src/hotspot/share/memory/arena.cpp:81), pid=11220, tid=6828
#
# JRE version: OpenJDK Runtime Environment (11.0.12+7) (build 11.0.12+7-b1504.28-7817840)
# Java VM: OpenJDK 64-Bit Server VM (11.0.12+7-b1504.28-7817840, mixed mode, tiered, compressed oops, g1 gc, windows-amd64)
# No core dump will be written. Minidumps are not enabled by default on client versions of Windows
#

---------------  S U M M A R Y ------------

Command Line: --add-opens=java.base/java.util=ALL-UNNAMED --add-opens=java.base/java.lang=ALL-UNNAMED --add-opens=java.base/java.lang.invoke=ALL-UNNAMED --add-opens=java.base/java.util=ALL-UNNAMED --add-opens=java.prefs/java.util.prefs=ALL-UNNAMED --add-opens=java.prefs/java.util.prefs=ALL-UNNAMED --add-opens=java.base/java.nio.charset=ALL-UNNAMED --add-opens=java.base/java.net=ALL-UNNAMED --add-opens=java.base/java.util.concurrent.atomic=ALL-UNNAMED -Xmx2048m -Dfile.encoding=windows-1251 -Duser.country=RU -Duser.language=ru -Duser.variant org.gradle.launcher.daemon.bootstrap.GradleDaemon 7.3.3

Host: Intel(R) Core(TM) i5-4590 CPU @ 3.30GHz, 4 cores, 15G,  Windows 10 , 64 bit Build 19041 (10.0.19041.1348)
Time: Mon Sep 12 21:33:58 2022 RTZ 2 (зима) elapsed time: 75.641654 seconds (0d 0h 1m 15s)

---------------  T H R E A D  ---------------

Current thread (0x00000242fcde2800):  JavaThread "C2 CompilerThread1" daemon [_thread_in_native, id=6828, stack(0x000000dcc4500000,0x000000dcc4600000)]


Current CompileTask:
C2:  75641 14430       4       com.sun.org.apache.xerces.internal.impl.XMLNSDocumentScannerImpl::scanStartElement (1026 bytes)

Stack: [0x000000dcc4500000,0x000000dcc4600000]
Native frames: (J=compiled Java code, j=interpreted, Vv=VM code, C=native code)
V  [jvm.dll+0x5fbcea]
V  [jvm.dll+0x731905]
V  [jvm.dll+0x732f1d]
V  [jvm.dll+0x7335d3]
V  [jvm.dll+0x247bf8]
V  [jvm.dll+0xc041b]
V  [jvm.dll+0xc06cc]
V  [jvm.dll+0x5d9966]
V  [jvm.dll+0x5d925e]
V  [jvm.dll+0xca35d]
V  [jvm.dll+0x33837c]
V  [jvm.dll+0x33e6de]
V  [jvm.dll+0x343eed]
V  [jvm.dll+0x18be9b]
V  [jvm.dll+0x18ba6e]
V  [jvm.dll+0x2bbcef]
V  [jvm.dll+0x619065]
V  [jvm.dll+0x610dea]
V  [jvm.dll+0x610453]
V  [jvm.dll+0x60e4a2]
V  [jvm.dll+0x18addc]
V  [jvm.dll+0x2bbcef]
V  [jvm.dll+0x619065]
V  [jvm.dll+0x610dea]
V  [jvm.dll+0x610453]
V  [jvm.dll+0x60e4a2]
V  [jvm.dll+0x18addc]
V  [jvm.dll+0x2bbcef]
V  [jvm.dll+0x619065]
V  [jvm.dll+0x610dea]
V  [jvm.dll+0x610453]
V  [jvm.dll+0x60e4a2]
V  [jvm.dll+0x18addc]
V  [jvm.dll+0x2bbcef]
V  [jvm.dll+0x619065]
V  [jvm.dll+0x610dea]
V  [jvm.dll+0x610453]
V  [jvm.dll+0x60e4a2]
V  [jvm.dll+0x18addc]
V  [jvm.dll+0x18bb29]
V  [jvm.dll+0x2bbcef]
V  [jvm.dll+0x619065]
V  [jvm.dll+0x610dea]
V  [jvm.dll+0x610453]
V  [jvm.dll+0x60e4a2]
V  [jvm.dll+0x18addc]
V  [jvm.dll+0x2bbcef]
V  [jvm.dll+0x619065]
V  [jvm.dll+0x610dea]
V  [jvm.dll+0x610453]
V  [jvm.dll+0x60e4a2]
V  [jvm.dll+0x18addc]
V  [jvm.dll+0x18bb29]
V  [jvm.dll+0x2bbcef]
V  [jvm.dll+0x619065]
V  [jvm.dll+0x610dea]
V  [jvm.dll+0x610453]
V  [jvm.dll+0x60e4a2]
V  [jvm.dll+0x18addc]
V  [jvm.dll+0x1ff4b5]
V  [jvm.dll+0x18868c]
V  [jvm.dll+0x20e0d7]
V  [jvm.dll+0x20c901]
V  [jvm.dll+0x6f9b7f]
V  [jvm.dll+0x6f26a5]
V  [jvm.dll+0x5fabf6]
C  [ucrtbase.dll+0x21bb2]
C  [KERNEL32.DLL+0x17034]
C  [ntdll.dll+0x52651]


---------------  P R O C E S S  ---------------

Threads class SMR info:
_java_thread_list=0x00000242fd0b3e80, length=79, elements={
0x00000242daa2e000, 0x00000242f466d800, 0x00000242f4e92800, 0x00000242f4eb2000,
0x00000242f4eb4000, 0x00000242f4eb5000, 0x00000242f4efc800, 0x00000242f4f02800,
0x00000242f4f16000, 0x00000242f5075000, 0x00000242f607d000, 0x00000242f6502800,
0x00000242f833c800, 0x00000242f7bd5800, 0x00000242f6357000, 0x00000242f68df800,
0x00000242f67a8000, 0x00000242f6472800, 0x00000242f668b800, 0x00000242f668a000,
0x00000242f668b000, 0x00000242f668f000, 0x00000242f668c800, 0x00000242f668d800,
0x00000242f668e000, 0x00000242f6690000, 0x00000242f6690800, 0x00000242f95cf800,
0x00000242f95d0800, 0x00000242f95d2800, 0x00000242f95ce800, 0x00000242f95d3800,
0x00000242f95d1000, 0x00000242f95d6000, 0x00000242f95d9800, 0x00000242f95d7800,
0x00000242f95d5000, 0x00000242f95d8800, 0x00000242f95da000, 0x00000242f95d4800,
0x00000242f95db000, 0x00000242f95db800, 0x00000242f95dc800, 0x00000242f8f36000,
0x00000242f8f34800, 0x00000242f8f33800, 0x00000242f8f37000, 0x00000242f8f35800,
0x00000242f8f32000, 0x00000242f8f31000, 0x00000242f8f37800, 0x00000242f8f38800,
0x00000242f8f33000, 0x00000242f8f3e800, 0x00000242f8f3c800, 0x00000242f8f3c000,
0x00000242f8f3d800, 0x00000242f8f39800, 0x00000242f8f3f000, 0x00000242f8f40000,
0x00000242f8f3a000, 0x00000242f8f3b000, 0x00000242fc2cd000, 0x00000242fc2cb800,
0x00000242fc2c9000, 0x00000242fc2c7800, 0x00000242fc2ce000, 0x00000242fc2ca000,
0x00000242fc2ca800, 0x00000242fc2c8000, 0x00000242fc2d2000, 0x00000242fc2cc000,
0x00000242fc2d0800, 0x00000242fc2ce800, 0x00000242fc2d3000, 0x00000242fc2d3800,
0x00000242fc2cf800, 0x00000242fcde1000, 0x00000242fcde2800
}

Java Threads: ( => current thread )
  0x00000242daa2e000 JavaThread "main" [_thread_blocked, id=16012, stack(0x000000dcc4800000,0x000000dcc4900000)]
  0x00000242f466d800 JavaThread "Reference Handler" daemon [_thread_blocked, id=16248, stack(0x000000dcc4f00000,0x000000dcc5000000)]
  0x00000242f4e92800 JavaThread "Finalizer" daemon [_thread_blocked, id=17052, stack(0x000000dcc5000000,0x000000dcc5100000)]
  0x00000242f4eb2000 JavaThread "Signal Dispatcher" daemon [_thread_blocked, id=16168, stack(0x000000dcc5100000,0x000000dcc5200000)]
  0x00000242f4eb4000 JavaThread "Attach Listener" daemon [_thread_blocked, id=8432, stack(0x000000dcc5200000,0x000000dcc5300000)]
  0x00000242f4eb5000 JavaThread "Service Thread" daemon [_thread_blocked, id=8352, stack(0x000000dcc5300000,0x000000dcc5400000)]
  0x00000242f4efc800 JavaThread "C2 CompilerThread0" daemon [_thread_in_native, id=17016, stack(0x000000dcc5400000,0x000000dcc5500000)]
  0x00000242f4f02800 JavaThread "C1 CompilerThread0" daemon [_thread_blocked, id=4576, stack(0x000000dcc5500000,0x000000dcc5600000)]
  0x00000242f4f16000 JavaThread "Sweeper thread" daemon [_thread_blocked, id=17144, stack(0x000000dcc5600000,0x000000dcc5700000)]
  0x00000242f5075000 JavaThread "Common-Cleaner" daemon [_thread_blocked, id=8828, stack(0x000000dcc5700000,0x000000dcc5800000)]
  0x00000242f607d000 JavaThread "Daemon health stats" [_thread_blocked, id=12836, stack(0x000000dcc5d00000,0x000000dcc5e00000)]
  0x00000242f6502800 JavaThread "Incoming local TCP Connector on port 56809" [_thread_in_native, id=8336, stack(0x000000dcc5900000,0x000000dcc5a00000)]
  0x00000242f833c800 JavaThread "Daemon periodic checks" [_thread_blocked, id=14356, stack(0x000000dcc5e00000,0x000000dcc5f00000)]
  0x00000242f7bd5800 JavaThread "Daemon" [_thread_blocked, id=8048, stack(0x000000dcc5f00000,0x000000dcc6000000)]
  0x00000242f6357000 JavaThread "Handler for socket connection from /127.0.0.1:56809 to /127.0.0.1:56810" [_thread_in_native, id=13800, stack(0x000000dcc6000000,0x000000dcc6100000)]
  0x00000242f68df800 JavaThread "Cancel handler" [_thread_blocked, id=14216, stack(0x000000dcc6100000,0x000000dcc6200000)]
  0x00000242f67a8000 JavaThread "Daemon worker" [_thread_blocked, id=1292, stack(0x000000dcc6200000,0x000000dcc6300000)]
  0x00000242f6472800 JavaThread "Asynchronous log dispatcher for DefaultDaemonConnection: socket connection from /127.0.0.1:56809 to /127.0.0.1:56810" [_thread_blocked, id=14640, stack(0x000000dcc6300000,0x000000dcc6400000)]
  0x00000242f668b800 JavaThread "Daemon client event forwarder" [_thread_blocked, id=16720, stack(0x000000dcc6500000,0x000000dcc6600000)]
  0x00000242f668a000 JavaThread "Cache worker for journal cache (D:\android SDK\caches\journal-1)" [_thread_blocked, id=16380, stack(0x000000dcc6600000,0x000000dcc6700000)]
  0x00000242f668b000 JavaThread "File lock request listener" [_thread_in_native, id=16784, stack(0x000000dcc6700000,0x000000dcc6800000)]
  0x00000242f668f000 JavaThread "Cache worker for file hash cache (D:\android SDK\caches\7.3.3\fileHashes)" [_thread_blocked, id=15028, stack(0x000000dcc6800000,0x000000dcc6900000)]
  0x00000242f668c800 JavaThread "Cache worker for file hash cache (D:\AndroidDev\MyAndroidAPK\.gradle\7.3.3\fileHashes)" [_thread_blocked, id=7144, stack(0x000000dcc6900000,0x000000dcc6a00000)]
  0x00000242f668d800 JavaThread "File watcher server" daemon [_thread_in_native, id=16028, stack(0x000000dcc6b00000,0x000000dcc6c00000)]
  0x00000242f668e000 JavaThread "File watcher consumer" daemon [_thread_blocked, id=13544, stack(0x000000dcc6c00000,0x000000dcc6d00000)]
  0x00000242f6690000 JavaThread "jar transforms" [_thread_blocked, id=12136, stack(0x000000dcc6a00000,0x000000dcc6b00000)]
  0x00000242f6690800 JavaThread "jar transforms Thread 2" [_thread_blocked, id=3300, stack(0x000000dcc6d00000,0x000000dcc6e00000)]
  0x00000242f95cf800 JavaThread "jar transforms Thread 3" [_thread_blocked, id=7100, stack(0x000000dcc6e00000,0x000000dcc6f00000)]
  0x00000242f95d0800 JavaThread "jar transforms Thread 4" [_thread_blocked, id=14352, stack(0x000000dcc6f00000,0x000000dcc7000000)]
  0x00000242f95d2800 JavaThread "Cache worker for checksums cache (D:\AndroidDev\MyAndroidAPK\.gradle\7.3.3\checksums)" [_thread_blocked, id=15344, stack(0x000000dcc7000000,0x000000dcc7100000)]
  0x00000242f95ce800 JavaThread "Cache worker for cache directory md-supplier (D:\android SDK\caches\7.3.3\md-supplier)" [_thread_blocked, id=12604, stack(0x000000dcc7100000,0x000000dcc7200000)]
  0x00000242f95d3800 JavaThread "Cache worker for cache directory md-rule (D:\android SDK\caches\7.3.3\md-rule)" [_thread_blocked, id=11552, stack(0x000000dcc7200000,0x000000dcc7300000)]
  0x00000242f95d1000 JavaThread "Cache worker for execution history cache (D:\android SDK\caches\7.3.3\executionHistory)" [_thread_blocked, id=13844, stack(0x000000dcc7300000,0x000000dcc7400000)]
  0x00000242f95d6000 JavaThread "Cache worker for file content cache (D:\android SDK\caches\7.3.3\fileContent)" [_thread_blocked, id=16300, stack(0x000000dcc7500000,0x000000dcc7600000)]
  0x00000242f95d9800 JavaThread "Cache worker for dependencies-accessors (D:\AndroidDev\MyAndroidAPK\.gradle\7.3.3\dependencies-accessors)" [_thread_blocked, id=3920, stack(0x000000dcc7600000,0x000000dcc7700000)]
  0x00000242f95d7800 JavaThread "Cache worker for Build Output Cleanup Cache (D:\AndroidDev\MyAndroidAPK\.gradle\buildOutputCleanup)" [_thread_blocked, id=17268, stack(0x000000dcc7700000,0x000000dcc7800000)]
  0x00000242f95d5000 JavaThread "Unconstrained build operations" [_thread_blocked, id=8672, stack(0x000000dcc7800000,0x000000dcc7900000)]
  0x00000242f95d8800 JavaThread "Unconstrained build operations Thread 2" [_thread_blocked, id=3584, stack(0x000000dcc7900000,0x000000dcc7a00000)]
  0x00000242f95da000 JavaThread "Unconstrained build operations Thread 3" [_thread_blocked, id=3356, stack(0x000000dcc7b00000,0x000000dcc7c00000)]
  0x00000242f95d4800 JavaThread "Unconstrained build operations Thread 4" [_thread_blocked, id=2848, stack(0x000000dcc7c00000,0x000000dcc7d00000)]
  0x00000242f95db000 JavaThread "Unconstrained build operations Thread 5" [_thread_blocked, id=2180, stack(0x000000dcc7d00000,0x000000dcc7e00000)]
  0x00000242f95db800 JavaThread "Unconstrained build operations Thread 6" [_thread_blocked, id=8704, stack(0x000000dcc7e00000,0x000000dcc7f00000)]
  0x00000242f95dc800 JavaThread "Unconstrained build operations Thread 7" [_thread_blocked, id=3500, stack(0x000000dcc7f00000,0x000000dcc8000000)]
  0x00000242f8f36000 JavaThread "Unconstrained build operations Thread 8" [_thread_blocked, id=3516, stack(0x000000dcc8000000,0x000000dcc8100000)]
  0x00000242f8f34800 JavaThread "Unconstrained build operations Thread 9" [_thread_blocked, id=3512, stack(0x000000dcc8100000,0x000000dcc8200000)]
  0x00000242f8f33800 JavaThread "Unconstrained build operations Thread 10" [_thread_blocked, id=12900, stack(0x000000dcc8200000,0x000000dcc8300000)]
  0x00000242f8f37000 JavaThread "Unconstrained build operations Thread 11" [_thread_blocked, id=1880, stack(0x000000dcc8300000,0x000000dcc8400000)]
  0x00000242f8f35800 JavaThread "Unconstrained build operations Thread 12" [_thread_blocked, id=1192, stack(0x000000dcc8400000,0x000000dcc8500000)]
  0x00000242f8f32000 JavaThread "Unconstrained build operations Thread 13" [_thread_blocked, id=12124, stack(0x000000dcc8500000,0x000000dcc8600000)]
  0x00000242f8f31000 JavaThread "Unconstrained build operations Thread 14" [_thread_blocked, id=13348, stack(0x000000dcc8600000,0x000000dcc8700000)]
  0x00000242f8f37800 JavaThread "Unconstrained build operations Thread 15" [_thread_blocked, id=12220, stack(0x000000dcc8700000,0x000000dcc8800000)]
  0x00000242f8f38800 JavaThread "Unconstrained build operations Thread 16" [_thread_blocked, id=9908, stack(0x000000dcc8800000,0x000000dcc8900000)]
  0x00000242f8f33000 JavaThread "Unconstrained build operations Thread 17" [_thread_blocked, id=14156, stack(0x000000dcc8900000,0x000000dcc8a00000)]
  0x00000242f8f3e800 JavaThread "Unconstrained build operations Thread 18" [_thread_blocked, id=12800, stack(0x000000dcc8a00000,0x000000dcc8b00000)]
  0x00000242f8f3c800 JavaThread "Unconstrained build operations Thread 19" [_thread_blocked, id=16936, stack(0x000000dcc8b00000,0x000000dcc8c00000)]
  0x00000242f8f3c000 JavaThread "Unconstrained build operations Thread 20" [_thread_blocked, id=2524, stack(0x000000dcc8c00000,0x000000dcc8d00000)]
  0x00000242f8f3d800 JavaThread "Unconstrained build operations Thread 21" [_thread_blocked, id=12084, stack(0x000000dcc8d00000,0x000000dcc8e00000)]
  0x00000242f8f39800 JavaThread "Unconstrained build operations Thread 22" [_thread_blocked, id=8604, stack(0x000000dcc8e00000,0x000000dcc8f00000)]
  0x00000242f8f3f000 JavaThread "Unconstrained build operations Thread 23" [_thread_blocked, id=16112, stack(0x000000dcc8f00000,0x000000dcc9000000)]
  0x00000242f8f40000 JavaThread "Unconstrained build operations Thread 24" [_thread_blocked, id=15076, stack(0x000000dcc9000000,0x000000dcc9100000)]
  0x00000242f8f3a000 JavaThread "Unconstrained build operations Thread 25" [_thread_blocked, id=13168, stack(0x000000dcc9100000,0x000000dcc9200000)]
  0x00000242f8f3b000 JavaThread "Unconstrained build operations Thread 26" [_thread_blocked, id=14444, stack(0x000000dcc9200000,0x000000dcc9300000)]
  0x00000242fc2cd000 JavaThread "Unconstrained build operations Thread 27" [_thread_blocked, id=11420, stack(0x000000dcc9300000,0x000000dcc9400000)]
  0x00000242fc2cb800 JavaThread "Unconstrained build operations Thread 28" [_thread_blocked, id=14376, stack(0x000000dcc9400000,0x000000dcc9500000)]
  0x00000242fc2c9000 JavaThread "Unconstrained build operations Thread 29" [_thread_blocked, id=16628, stack(0x000000dcc9500000,0x000000dcc9600000)]
  0x00000242fc2c7800 JavaThread "Unconstrained build operations Thread 30" [_thread_blocked, id=14164, stack(0x000000dcc9600000,0x000000dcc9700000)]
  0x00000242fc2ce000 JavaThread "Unconstrained build operations Thread 31" [_thread_blocked, id=14588, stack(0x000000dcc9700000,0x000000dcc9800000)]
  0x00000242fc2ca000 JavaThread "Unconstrained build operations Thread 32" [_thread_blocked, id=2240, stack(0x000000dcc9800000,0x000000dcc9900000)]
  0x00000242fc2ca800 JavaThread "Unconstrained build operations Thread 33" [_thread_blocked, id=15744, stack(0x000000dcc9900000,0x000000dcc9a00000)]
  0x00000242fc2c8000 JavaThread "Unconstrained build operations Thread 34" [_thread_blocked, id=9928, stack(0x000000dcc9a00000,0x000000dcc9b00000)]
  0x00000242fc2d2000 JavaThread "Unconstrained build operations Thread 35" [_thread_blocked, id=8796, stack(0x000000dcc9b00000,0x000000dcc9c00000)]
  0x00000242fc2cc000 JavaThread "Unconstrained build operations Thread 36" [_thread_blocked, id=17288, stack(0x000000dcc9c00000,0x000000dcc9d00000)]
  0x00000242fc2d0800 JavaThread "Unconstrained build operations Thread 37" [_thread_blocked, id=16988, stack(0x000000dcc9d00000,0x000000dcc9e00000)]
  0x00000242fc2ce800 JavaThread "Unconstrained build operations Thread 38" [_thread_blocked, id=5996, stack(0x000000dcc9e00000,0x000000dcc9f00000)]
  0x00000242fc2d3000 JavaThread "Unconstrained build operations Thread 39" [_thread_blocked, id=15892, stack(0x000000dcc9f00000,0x000000dcca000000)]
  0x00000242fc2d3800 JavaThread "Unconstrained build operations Thread 40" [_thread_blocked, id=7900, stack(0x000000dcca000000,0x000000dcca100000)]
  0x00000242fc2cf800 JavaThread "Memory manager" [_thread_blocked, id=664, stack(0x000000dcc4600000,0x000000dcc4700000)]
  0x00000242fcde1000 JavaThread "Keep-Alive-Timer" daemon [_thread_blocked, id=12664, stack(0x000000dcc4700000,0x000000dcc4800000)]
=>0x00000242fcde2800 JavaThread "C2 CompilerThread1" daemon [_thread_in_native, id=6828, stack(0x000000dcc4500000,0x000000dcc4600000)]

Other Threads:
  0x00000242f466a800 VMThread "VM Thread" [stack: 0x000000dcc4e00000,0x000000dcc4f00000] [id=3036]
  0x00000242f508e800 WatcherThread [stack: 0x000000dcc5800000,0x000000dcc5900000] [id=16624]
  0x00000242daa44000 GCTaskThread "GC Thread#0" [stack: 0x000000dcc4900000,0x000000dcc4a00000] [id=17404]
  0x00000242f5388800 GCTaskThread "GC Thread#1" [stack: 0x000000dcc5a00000,0x000000dcc5b00000] [id=16364]
  0x00000242f5389000 GCTaskThread "GC Thread#2" [stack: 0x000000dcc5b00000,0x000000dcc5c00000] [id=16504]
  0x00000242f5389800 GCTaskThread "GC Thread#3" [stack: 0x000000dcc5c00000,0x000000dcc5d00000] [id=16560]
  0x00000242daa77800 ConcurrentGCThread "G1 Main Marker" [stack: 0x000000dcc4a00000,0x000000dcc4b00000] [id=14000]
  0x00000242daa78800 ConcurrentGCThread "G1 Conc#0" [stack: 0x000000dcc4b00000,0x000000dcc4c00000] [id=5808]
  0x00000242f44d4800 ConcurrentGCThread "G1 Refine#0" [stack: 0x000000dcc4c00000,0x000000dcc4d00000] [id=16772]
  0x00000242f44d5000 ConcurrentGCThread "G1 Young RemSet Sampling" [stack: 0x000000dcc4d00000,0x000000dcc4e00000] [id=11020]

Threads with active compile tasks:
C2 CompilerThread0  76175 14428       4       com.sun.org.apache.xerces.internal.util.ParserConfigurationSettings::getPropertyState (35 bytes)
C1 CompilerThread0  76175 14468       2       com.sun.org.apache.xerces.internal.impl.XMLNSDocumentScannerImpl::scanAttribute (824 bytes)
C2 CompilerThread1  76175 14430       4       com.sun.org.apache.xerces.internal.impl.XMLNSDocumentScannerImpl::scanStartElement (1026 bytes)

VM state:at safepoint (normal execution)

VM Mutex/Monitor currently owned by a thread:  ([mutex/lock_event])
[0x00000242daa29950] Threads_lock - owner thread: 0x00000242f466a800

Heap address: 0x0000000080000000, size: 2048 MB, Compressed Oops mode: 32-bit
Narrow klass base: 0x0000000000000000, Narrow klass shift: 3
Compressed class space size: 1073741824 Address: 0x0000000100000000

Heap:
 garbage-first heap   total 262144K, used 146013K [0x0000000080000000, 0x0000000100000000)
  region size 1024K, 63 young (64512K), 7 survivors (7168K)
 Metaspace       used 100147K, capacity 102478K, committed 102692K, reserved 1138688K
  class space    used 12582K, capacity 13383K, committed 13440K, reserved 1048576K
Heap Regions: E=young(eden), S=young(survivor), O=old, HS=humongous(starts), HC=humongous(continues), CS=collection set, F=free, A=archive, TAMS=top-at-mark-start (previous, next)
|   0|0x0000000080000000, 0x0000000080100000, 0x0000000080100000|100%| O|  |TAMS 0x0000000080100000, 0x0000000080000000| Untracked 
|   1|0x0000000080100000, 0x0000000080200000, 0x0000000080200000|100%| O|  |TAMS 0x0000000080200000, 0x0000000080100000| Untracked 
|   2|0x0000000080200000, 0x0000000080300000, 0x0000000080300000|100%| O|  |TAMS 0x0000000080300000, 0x0000000080200000| Untracked 
|   3|0x0000000080300000, 0x0000000080400000, 0x0000000080400000|100%|HS|  |TAMS 0x0000000080400000, 0x0000000080300000| Complete 
|   4|0x0000000080400000, 0x0000000080500000, 0x0000000080500000|100%|HC|  |TAMS 0x0000000080500000, 0x0000000080400000| Complete 
|   5|0x0000000080500000, 0x0000000080600000, 0x0000000080600000|100%|HC|  |TAMS 0x0000000080600000, 0x0000000080500000| Complete 
|   6|0x0000000080600000, 0x0000000080700000, 0x0000000080700000|100%| O|  |TAMS 0x0000000080700000, 0x0000000080600000| Untracked 
|   7|0x0000000080700000, 0x0000000080800000, 0x0000000080800000|100%| O|  |TAMS 0x0000000080800000, 0x0000000080700000| Untracked 
|   8|0x0000000080800000, 0x0000000080900000, 0x0000000080900000|100%| O|  |TAMS 0x0000000080900000, 0x0000000080800000| Untracked 
|   9|0x0000000080900000, 0x0000000080a00000, 0x0000000080a00000|100%| O|  |TAMS 0x0000000080a00000, 0x0000000080900000| Untracked 
|  10|0x0000000080a00000, 0x0000000080b00000, 0x0000000080b00000|100%| O|  |TAMS 0x0000000080b00000, 0x0000000080a00000| Untracked 
|  11|0x0000000080b00000, 0x0000000080c00000, 0x0000000080c00000|100%| O|  |TAMS 0x0000000080c00000, 0x0000000080b00000| Untracked 
|  12|0x0000000080c00000, 0x0000000080d00000, 0x0000000080d00000|100%| O|  |TAMS 0x0000000080d00000, 0x0000000080c00000| Untracked 
|  13|0x0000000080d00000, 0x0000000080e00000, 0x0000000080e00000|100%| O|  |TAMS 0x0000000080e00000, 0x0000000080d00000| Untracked 
|  14|0x0000000080e00000, 0x0000000080f00000, 0x0000000080f00000|100%| O|  |TAMS 0x0000000080f00000, 0x0000000080e00000| Untracked 
|  15|0x0000000080f00000, 0x0000000081000000, 0x0000000081000000|100%| O|  |TAMS 0x0000000081000000, 0x0000000080f00000| Untracked 
|  16|0x0000000081000000, 0x0000000081100000, 0x0000000081100000|100%| O|  |TAMS 0x0000000081100000, 0x0000000081000000| Untracked 
|  17|0x0000000081100000, 0x0000000081200000, 0x0000000081200000|100%|HS|  |TAMS 0x0000000081200000, 0x0000000081100000| Complete 
|  18|0x0000000081200000, 0x0000000081300000, 0x0000000081300000|100%|HC|  |TAMS 0x0000000081300000, 0x0000000081200000| Complete 
|  19|0x0000000081300000, 0x0000000081400000, 0x0000000081400000|100%|HS|  |TAMS 0x0000000081400000, 0x0000000081300000| Complete 
|  20|0x0000000081400000, 0x0000000081500000, 0x0000000081500000|100%|HC|  |TAMS 0x0000000081500000, 0x0000000081400000| Complete 
|  21|0x0000000081500000, 0x0000000081600000, 0x0000000081600000|100%|HC|  |TAMS 0x0000000081600000, 0x0000000081500000| Complete 
|  22|0x0000000081600000, 0x0000000081700000, 0x0000000081700000|100%|HS|  |TAMS 0x0000000081700000, 0x0000000081600000| Complete 
|  23|0x0000000081700000, 0x0000000081800000, 0x0000000081800000|100%|HC|  |TAMS 0x0000000081800000, 0x0000000081700000| Complete 
|  24|0x0000000081800000, 0x0000000081900000, 0x0000000081900000|100%|HC|  |TAMS 0x0000000081900000, 0x0000000081800000| Complete 
|  25|0x0000000081900000, 0x0000000081a00000, 0x0000000081a00000|100%|HC|  |TAMS 0x0000000081a00000, 0x0000000081900000| Complete 
|  26|0x0000000081a00000, 0x0000000081b00000, 0x0000000081b00000|100%| O|  |TAMS 0x0000000081b00000, 0x0000000081a00000| Untracked 
|  27|0x0000000081b00000, 0x0000000081c00000, 0x0000000081c00000|100%| O|  |TAMS 0x0000000081c00000, 0x0000000081b00000| Untracked 
|  28|0x0000000081c00000, 0x0000000081d00000, 0x0000000081d00000|100%| O|  |TAMS 0x0000000081d00000, 0x0000000081c00000| Untracked 
|  29|0x0000000081d00000, 0x0000000081e00000, 0x0000000081e00000|100%| O|  |TAMS 0x0000000081e00000, 0x0000000081d00000| Untracked 
|  30|0x0000000081e00000, 0x0000000081f00000, 0x0000000081f00000|100%| O|  |TAMS 0x0000000081f00000, 0x0000000081e00000| Untracked 
|  31|0x0000000081f00000, 0x0000000082000000, 0x0000000082000000|100%| O|  |TAMS 0x0000000082000000, 0x0000000081f00000| Untracked 
|  32|0x0000000082000000, 0x0000000082100000, 0x0000000082100000|100%| O|  |TAMS 0x0000000082100000, 0x0000000082000000| Untracked 
|  33|0x0000000082100000, 0x0000000082200000, 0x0000000082200000|100%| O|  |TAMS 0x0000000082200000, 0x0000000082100000| Untracked 
|  34|0x0000000082200000, 0x0000000082300000, 0x0000000082300000|100%| O|  |TAMS 0x0000000082300000, 0x0000000082200000| Untracked 
|  35|0x0000000082300000, 0x0000000082400000, 0x0000000082400000|100%| O|  |TAMS 0x0000000082400000, 0x0000000082300000| Untracked 
|  36|0x0000000082400000, 0x0000000082500000, 0x0000000082500000|100%| O|  |TAMS 0x0000000082500000, 0x0000000082400000| Untracked 
|  37|0x0000000082500000, 0x0000000082600000, 0x0000000082600000|100%| O|  |TAMS 0x0000000082600000, 0x0000000082500000| Untracked 
|  38|0x0000000082600000, 0x0000000082700000, 0x0000000082700000|100%| O|  |TAMS 0x0000000082700000, 0x0000000082600000| Untracked 
|  39|0x0000000082700000, 0x0000000082800000, 0x0000000082800000|100%| O|  |TAMS 0x0000000082800000, 0x0000000082700000| Untracked 
|  40|0x0000000082800000, 0x0000000082900000, 0x0000000082900000|100%| O|  |TAMS 0x0000000082900000, 0x0000000082800000| Untracked 
|  41|0x0000000082900000, 0x0000000082a00000, 0x0000000082a00000|100%| O|  |TAMS 0x0000000082a00000, 0x0000000082900000| Untracked 
|  42|0x0000000082a00000, 0x0000000082b00000, 0x0000000082b00000|100%| O|  |TAMS 0x0000000082b00000, 0x0000000082a00000| Untracked 
|  43|0x0000000082b00000, 0x0000000082c00000, 0x0000000082c00000|100%| O|  |TAMS 0x0000000082c00000, 0x0000000082b00000| Untracked 
|  44|0x0000000082c00000, 0x0000000082d00000, 0x0000000082d00000|100%| O|  |TAMS 0x0000000082d00000, 0x0000000082c00000| Untracked 
|  45|0x0000000082d00000, 0x0000000082e00000, 0x0000000082e00000|100%| O|  |TAMS 0x0000000082e00000, 0x0000000082d00000| Untracked 
|  46|0x0000000082e00000, 0x0000000082f00000, 0x0000000082f00000|100%| O|  |TAMS 0x0000000082f00000, 0x0000000082e00000| Untracked 
|  47|0x0000000082f00000, 0x0000000083000000, 0x0000000083000000|100%| O|  |TAMS 0x0000000083000000, 0x0000000082f00000| Untracked 
|  48|0x0000000083000000, 0x0000000083100000, 0x0000000083100000|100%| O|  |TAMS 0x0000000083100000, 0x0000000083000000| Untracked 
|  49|0x0000000083100000, 0x0000000083200000, 0x0000000083200000|100%|HS|  |TAMS 0x0000000083200000, 0x0000000083100000| Complete 
|  50|0x0000000083200000, 0x0000000083300000, 0x0000000083300000|100%| O|  |TAMS 0x000000008326de00, 0x0000000083200000| Untracked 
|  51|0x0000000083300000, 0x0000000083400000, 0x0000000083400000|100%|HS|  |TAMS 0x0000000083400000, 0x0000000083300000| Complete 
|  52|0x0000000083400000, 0x0000000083500000, 0x0000000083500000|100%| O|  |TAMS 0x0000000083500000, 0x0000000083400000| Untracked 
|  53|0x0000000083500000, 0x0000000083600000, 0x0000000083600000|100%| O|  |TAMS 0x0000000083600000, 0x0000000083500000| Untracked 
|  54|0x0000000083600000, 0x0000000083700000, 0x0000000083700000|100%| O|  |TAMS 0x0000000083600000, 0x0000000083600000| Untracked 
|  55|0x0000000083700000, 0x0000000083800000, 0x0000000083800000|100%| O|  |TAMS 0x0000000083800000, 0x0000000083700000| Untracked 
|  56|0x0000000083800000, 0x0000000083900000, 0x0000000083900000|100%| O|  |TAMS 0x0000000083800000, 0x0000000083800000| Untracked 
|  57|0x0000000083900000, 0x0000000083a00000, 0x0000000083a00000|100%| O|  |TAMS 0x0000000083900000, 0x0000000083900000| Untracked 
|  58|0x0000000083a00000, 0x0000000083b00000, 0x0000000083b00000|100%|HS|  |TAMS 0x0000000083b00000, 0x0000000083a00000| Complete 
|  59|0x0000000083b00000, 0x0000000083c00000, 0x0000000083c00000|100%|HC|  |TAMS 0x0000000083c00000, 0x0000000083b00000| Complete 
|  60|0x0000000083c00000, 0x0000000083d00000, 0x0000000083d00000|100%|HC|  |TAMS 0x0000000083d00000, 0x0000000083c00000| Complete 
|  61|0x0000000083d00000, 0x0000000083e00000, 0x0000000083e00000|100%|HS|  |TAMS 0x0000000083e00000, 0x0000000083d00000| Complete 
|  62|0x0000000083e00000, 0x0000000083f00000, 0x0000000083f00000|100%|HC|  |TAMS 0x0000000083f00000, 0x0000000083e00000| Complete 
|  63|0x0000000083f00000, 0x0000000084000000, 0x0000000084000000|100%| O|  |TAMS 0x0000000083f00000, 0x0000000083f00000| Untracked 
|  64|0x0000000084000000, 0x0000000084100000, 0x0000000084100000|100%| O|  |TAMS 0x0000000084000000, 0x0000000084000000| Untracked 
|  65|0x0000000084100000, 0x0000000084200000, 0x0000000084200000|100%| O|  |TAMS 0x0000000084100000, 0x0000000084100000| Untracked 
|  66|0x0000000084200000, 0x0000000084300000, 0x0000000084300000|100%| O|  |TAMS 0x0000000084200000, 0x0000000084200000| Untracked 
|  67|0x0000000084300000, 0x0000000084400000, 0x0000000084400000|100%| O|  |TAMS 0x0000000084300000, 0x0000000084300000| Untracked 
|  68|0x0000000084400000, 0x0000000084500000, 0x0000000084500000|100%| O|  |TAMS 0x0000000084400000, 0x0000000084400000| Untracked 
|  69|0x0000000084500000, 0x0000000084600000, 0x0000000084600000|100%| O|  |TAMS 0x0000000084500000, 0x0000000084500000| Untracked 
|  70|0x0000000084600000, 0x0000000084700000, 0x0000000084700000|100%| O|  |TAMS 0x0000000084600000, 0x0000000084600000| Untracked 
|  71|0x0000000084700000, 0x0000000084800000, 0x0000000084800000|100%| O|  |TAMS 0x0000000084700000, 0x0000000084700000| Untracked 
|  72|0x0000000084800000, 0x0000000084900000, 0x0000000084900000|100%| O|  |TAMS 0x0000000084800000, 0x0000000084800000| Untracked 
|  73|0x0000000084900000, 0x0000000084a00000, 0x0000000084a00000|100%| O|  |TAMS 0x0000000084900000, 0x0000000084900000| Untracked 
|  74|0x0000000084a00000, 0x0000000084b00000, 0x0000000084b00000|100%| O|  |TAMS 0x0000000084a00000, 0x0000000084a00000| Untracked 
|  75|0x0000000084b00000, 0x0000000084c00000, 0x0000000084c00000|100%| O|  |TAMS 0x0000000084b00000, 0x0000000084b00000| Untracked 
|  76|0x0000000084c00000, 0x0000000084d00000, 0x0000000084d00000|100%| O|  |TAMS 0x0000000084c00000, 0x0000000084c00000| Untracked 
|  77|0x0000000084d00000, 0x0000000084e00000, 0x0000000084e00000|100%| O|  |TAMS 0x0000000084d00000, 0x0000000084d00000| Untracked 
|  78|0x0000000084e00000, 0x0000000084f00000, 0x0000000084f00000|100%| O|  |TAMS 0x0000000084e00000, 0x0000000084e00000| Untracked 
|  79|0x0000000084f00000, 0x0000000085000000, 0x0000000085000000|100%| O|  |TAMS 0x0000000084f00000, 0x0000000084f00000| Untracked 
|  80|0x0000000085000000, 0x0000000085097400, 0x0000000085100000| 59%| O|  |TAMS 0x0000000085000000, 0x0000000085000000| Untracked 
|  81|0x0000000085100000, 0x0000000085100000, 0x0000000085200000|  0%| F|  |TAMS 0x0000000085100000, 0x0000000085100000| Untracked 
|  82|0x0000000085200000, 0x0000000085200000, 0x0000000085300000|  0%| F|  |TAMS 0x0000000085200000, 0x0000000085200000| Untracked 
|  83|0x0000000085300000, 0x0000000085300000, 0x0000000085400000|  0%| F|  |TAMS 0x0000000085300000, 0x0000000085300000| Untracked 
|  84|0x0000000085400000, 0x0000000085400000, 0x0000000085500000|  0%| F|  |TAMS 0x0000000085400000, 0x0000000085400000| Untracked 
|  85|0x0000000085500000, 0x0000000085500000, 0x0000000085600000|  0%| F|  |TAMS 0x0000000085500000, 0x0000000085500000| Untracked 
|  86|0x0000000085600000, 0x0000000085600000, 0x0000000085700000|  0%| F|  |TAMS 0x0000000085600000, 0x0000000085600000| Untracked 
|  87|0x0000000085700000, 0x0000000085700000, 0x0000000085800000|  0%| F|  |TAMS 0x0000000085700000, 0x0000000085700000| Untracked 
|  88|0x0000000085800000, 0x0000000085800000, 0x0000000085900000|  0%| F|  |TAMS 0x0000000085800000, 0x0000000085800000| Untracked 
|  89|0x0000000085900000, 0x0000000085900000, 0x0000000085a00000|  0%| F|  |TAMS 0x0000000085900000, 0x0000000085900000| Untracked 
|  90|0x0000000085a00000, 0x0000000085a00000, 0x0000000085b00000|  0%| F|  |TAMS 0x0000000085a00000, 0x0000000085a00000| Untracked 
|  91|0x0000000085b00000, 0x0000000085b00000, 0x0000000085c00000|  0%| F|  |TAMS 0x0000000085b00000, 0x0000000085b00000| Untracked 
|  92|0x0000000085c00000, 0x0000000085c00000, 0x0000000085d00000|  0%| F|  |TAMS 0x0000000085c00000, 0x0000000085c00000| Untracked 
|  93|0x0000000085d00000, 0x0000000085d00000, 0x0000000085e00000|  0%| F|  |TAMS 0x0000000085d00000, 0x0000000085d00000| Untracked 
|  94|0x0000000085e00000, 0x0000000085e00000, 0x0000000085f00000|  0%| F|  |TAMS 0x0000000085e00000, 0x0000000085e00000| Untracked 
|  95|0x0000000085f00000, 0x0000000085f00000, 0x0000000086000000|  0%| F|  |TAMS 0x0000000085f00000, 0x0000000085f00000| Untracked 
|  96|0x0000000086000000, 0x0000000086000000, 0x0000000086100000|  0%| F|  |TAMS 0x0000000086000000, 0x0000000086000000| Untracked 
|  97|0x0000000086100000, 0x0000000086100000, 0x0000000086200000|  0%| F|  |TAMS 0x0000000086100000, 0x0000000086100000| Untracked 
|  98|0x0000000086200000, 0x0000000086200000, 0x0000000086300000|  0%| F|  |TAMS 0x0000000086200000, 0x0000000086200000| Untracked 
|  99|0x0000000086300000, 0x0000000086300000, 0x0000000086400000|  0%| F|  |TAMS 0x0000000086300000, 0x0000000086300000| Untracked 
| 100|0x0000000086400000, 0x0000000086400000, 0x0000000086500000|  0%| F|  |TAMS 0x0000000086400000, 0x0000000086400000| Untracked 
| 101|0x0000000086500000, 0x0000000086500000, 0x0000000086600000|  0%| F|  |TAMS 0x0000000086500000, 0x0000000086500000| Untracked 
| 102|0x0000000086600000, 0x0000000086600000, 0x0000000086700000|  0%| F|  |TAMS 0x0000000086600000, 0x0000000086600000| Untracked 
| 103|0x0000000086700000, 0x0000000086700000, 0x0000000086800000|  0%| F|  |TAMS 0x0000000086700000, 0x0000000086700000| Untracked 
| 104|0x0000000086800000, 0x0000000086800000, 0x0000000086900000|  0%| F|  |TAMS 0x0000000086800000, 0x0000000086800000| Untracked 
| 105|0x0000000086900000, 0x0000000086900000, 0x0000000086a00000|  0%| F|  |TAMS 0x0000000086900000, 0x0000000086900000| Untracked 
| 106|0x0000000086a00000, 0x0000000086a00000, 0x0000000086b00000|  0%| F|  |TAMS 0x0000000086a00000, 0x0000000086a00000| Untracked 
| 107|0x0000000086b00000, 0x0000000086b00000, 0x0000000086c00000|  0%| F|  |TAMS 0x0000000086b00000, 0x0000000086b00000| Untracked 
| 108|0x0000000086c00000, 0x0000000086c00000, 0x0000000086d00000|  0%| F|  |TAMS 0x0000000086c00000, 0x0000000086c00000| Untracked 
| 109|0x0000000086d00000, 0x0000000086d00000, 0x0000000086e00000|  0%| F|  |TAMS 0x0000000086d00000, 0x0000000086d00000| Untracked 
| 110|0x0000000086e00000, 0x0000000086e00000, 0x0000000086f00000|  0%| F|  |TAMS 0x0000000086e00000, 0x0000000086e00000| Untracked 
| 111|0x0000000086f00000, 0x0000000086f00000, 0x0000000087000000|  0%| F|  |TAMS 0x0000000086f00000, 0x0000000086f00000| Untracked 
| 112|0x0000000087000000, 0x0000000087000000, 0x0000000087100000|  0%| F|  |TAMS 0x0000000087000000, 0x0000000087000000| Untracked 
| 113|0x0000000087100000, 0x0000000087100000, 0x0000000087200000|  0%| F|  |TAMS 0x0000000087100000, 0x0000000087100000| Untracked 
| 114|0x0000000087200000, 0x0000000087200000, 0x0000000087300000|  0%| F|  |TAMS 0x0000000087200000, 0x0000000087200000| Untracked 
| 115|0x0000000087300000, 0x0000000087300000, 0x0000000087400000|  0%| F|  |TAMS 0x0000000087300000, 0x0000000087300000| Untracked 
| 116|0x0000000087400000, 0x0000000087400000, 0x0000000087500000|  0%| F|  |TAMS 0x0000000087400000, 0x0000000087400000| Untracked 
| 117|0x0000000087500000, 0x0000000087500000, 0x0000000087600000|  0%| F|  |TAMS 0x0000000087500000, 0x0000000087500000| Untracked 
| 118|0x0000000087600000, 0x0000000087600000, 0x0000000087700000|  0%| F|  |TAMS 0x0000000087600000, 0x0000000087600000| Untracked 
| 119|0x0000000087700000, 0x0000000087700000, 0x0000000087800000|  0%| F|  |TAMS 0x0000000087700000, 0x0000000087700000| Untracked 
| 120|0x0000000087800000, 0x0000000087800000, 0x0000000087900000|  0%| F|  |TAMS 0x0000000087800000, 0x0000000087800000| Untracked 
| 121|0x0000000087900000, 0x0000000087900000, 0x0000000087a00000|  0%| F|  |TAMS 0x0000000087900000, 0x0000000087900000| Untracked 
| 122|0x0000000087a00000, 0x0000000087b00000, 0x0000000087b00000|100%| S|CS|TAMS 0x0000000087a00000, 0x0000000087a00000| Complete 
| 123|0x0000000087b00000, 0x0000000087c00000, 0x0000000087c00000|100%| S|CS|TAMS 0x0000000087b00000, 0x0000000087b00000| Complete 
| 124|0x0000000087c00000, 0x0000000087d00000, 0x0000000087d00000|100%| S|CS|TAMS 0x0000000087c00000, 0x0000000087c00000| Complete 
| 125|0x0000000087d00000, 0x0000000087e00000, 0x0000000087e00000|100%| S|CS|TAMS 0x0000000087d00000, 0x0000000087d00000| Complete 
| 126|0x0000000087e00000, 0x0000000087f00000, 0x0000000087f00000|100%| S|CS|TAMS 0x0000000087e00000, 0x0000000087e00000| Complete 
| 127|0x0000000087f00000, 0x0000000088000000, 0x0000000088000000|100%| S|CS|TAMS 0x0000000087f00000, 0x0000000087f00000| Complete 
| 128|0x0000000088000000, 0x0000000088000000, 0x0000000088100000|  0%| F|  |TAMS 0x0000000088000000, 0x0000000088000000| Untracked 
| 129|0x0000000088100000, 0x0000000088100000, 0x0000000088200000|  0%| F|  |TAMS 0x0000000088100000, 0x0000000088100000| Untracked 
| 130|0x0000000088200000, 0x0000000088200000, 0x0000000088300000|  0%| F|  |TAMS 0x0000000088200000, 0x0000000088200000| Untracked 
| 131|0x0000000088300000, 0x0000000088300000, 0x0000000088400000|  0%| F|  |TAMS 0x0000000088300000, 0x0000000088300000| Untracked 
| 132|0x0000000088400000, 0x0000000088500000, 0x0000000088500000|100%| S|CS|TAMS 0x0000000088400000, 0x0000000088400000| Complete 
| 133|0x0000000088500000, 0x0000000088500000, 0x0000000088600000|  0%| F|  |TAMS 0x0000000088500000, 0x0000000088500000| Untracked 
| 134|0x0000000088600000, 0x0000000088600000, 0x0000000088700000|  0%| F|  |TAMS 0x0000000088600000, 0x0000000088600000| Untracked 
| 135|0x0000000088700000, 0x0000000088700000, 0x0000000088800000|  0%| F|  |TAMS 0x0000000088700000, 0x0000000088700000| Untracked 
| 136|0x0000000088800000, 0x0000000088800000, 0x0000000088900000|  0%| F|  |TAMS 0x0000000088800000, 0x0000000088800000| Untracked 
| 137|0x0000000088900000, 0x0000000088900000, 0x0000000088a00000|  0%| F|  |TAMS 0x0000000088900000, 0x0000000088900000| Untracked 
| 138|0x0000000088a00000, 0x0000000088a00000, 0x0000000088b00000|  0%| F|  |TAMS 0x0000000088a00000, 0x0000000088a00000| Untracked 
| 139|0x0000000088b00000, 0x0000000088b00000, 0x0000000088c00000|  0%| F|  |TAMS 0x0000000088b00000, 0x0000000088b00000| Untracked 
| 140|0x0000000088c00000, 0x0000000088c00000, 0x0000000088d00000|  0%| F|  |TAMS 0x0000000088c00000, 0x0000000088c00000| Untracked 
| 141|0x0000000088d00000, 0x0000000088d00000, 0x0000000088e00000|  0%| F|  |TAMS 0x0000000088d00000, 0x0000000088d00000| Untracked 
| 142|0x0000000088e00000, 0x0000000088e00000, 0x0000000088f00000|  0%| F|  |TAMS 0x0000000088e00000, 0x0000000088e00000| Untracked 
| 143|0x0000000088f00000, 0x0000000088f00000, 0x0000000089000000|  0%| F|  |TAMS 0x0000000088f00000, 0x0000000088f00000| Untracked 
| 144|0x0000000089000000, 0x0000000089000000, 0x0000000089100000|  0%| F|  |TAMS 0x0000000089000000, 0x0000000089000000| Untracked 
| 145|0x0000000089100000, 0x0000000089100000, 0x0000000089200000|  0%| F|  |TAMS 0x0000000089100000, 0x0000000089100000| Untracked 
| 146|0x0000000089200000, 0x0000000089200000, 0x0000000089300000|  0%| F|  |TAMS 0x0000000089200000, 0x0000000089200000| Untracked 
| 147|0x0000000089300000, 0x0000000089300000, 0x0000000089400000|  0%| F|  |TAMS 0x0000000089300000, 0x0000000089300000| Untracked 
| 148|0x0000000089400000, 0x0000000089400000, 0x0000000089500000|  0%| F|  |TAMS 0x0000000089400000, 0x0000000089400000| Untracked 
| 149|0x0000000089500000, 0x0000000089500000, 0x0000000089600000|  0%| F|  |TAMS 0x0000000089500000, 0x0000000089500000| Untracked 
| 150|0x0000000089600000, 0x0000000089600000, 0x0000000089700000|  0%| F|  |TAMS 0x0000000089600000, 0x0000000089600000| Untracked 
| 151|0x0000000089700000, 0x0000000089700000, 0x0000000089800000|  0%| F|  |TAMS 0x0000000089700000, 0x0000000089700000| Untracked 
| 152|0x0000000089800000, 0x0000000089800000, 0x0000000089900000|  0%| F|  |TAMS 0x0000000089800000, 0x0000000089800000| Untracked 
| 153|0x0000000089900000, 0x0000000089900000, 0x0000000089a00000|  0%| F|  |TAMS 0x0000000089900000, 0x0000000089900000| Untracked 
| 154|0x0000000089a00000, 0x0000000089a00000, 0x0000000089b00000|  0%| F|  |TAMS 0x0000000089a00000, 0x0000000089a00000| Untracked 
| 155|0x0000000089b00000, 0x0000000089b00000, 0x0000000089c00000|  0%| F|  |TAMS 0x0000000089b00000, 0x0000000089b00000| Untracked 
| 156|0x0000000089c00000, 0x0000000089c00000, 0x0000000089d00000|  0%| F|  |TAMS 0x0000000089c00000, 0x0000000089c00000| Untracked 
| 157|0x0000000089d00000, 0x0000000089d00000, 0x0000000089e00000|  0%| F|  |TAMS 0x0000000089d00000, 0x0000000089d00000| Untracked 
| 158|0x0000000089e00000, 0x0000000089e00000, 0x0000000089f00000|  0%| F|  |TAMS 0x0000000089e00000, 0x0000000089e00000| Untracked 
| 159|0x0000000089f00000, 0x0000000089f00000, 0x000000008a000000|  0%| F|  |TAMS 0x0000000089f00000, 0x0000000089f00000| Untracked 
| 160|0x000000008a000000, 0x000000008a000000, 0x000000008a100000|  0%| F|  |TAMS 0x000000008a000000, 0x000000008a000000| Untracked 
| 161|0x000000008a100000, 0x000000008a100000, 0x000000008a200000|  0%| F|  |TAMS 0x000000008a100000, 0x000000008a100000| Untracked 
| 162|0x000000008a200000, 0x000000008a200000, 0x000000008a300000|  0%| F|  |TAMS 0x000000008a200000, 0x000000008a200000| Untracked 
| 163|0x000000008a300000, 0x000000008a300000, 0x000000008a400000|  0%| F|  |TAMS 0x000000008a300000, 0x000000008a300000| Untracked 
| 164|0x000000008a400000, 0x000000008a400000, 0x000000008a500000|  0%| F|  |TAMS 0x000000008a400000, 0x000000008a400000| Untracked 
| 165|0x000000008a500000, 0x000000008a500000, 0x000000008a600000|  0%| F|  |TAMS 0x000000008a500000, 0x000000008a500000| Untracked 
| 166|0x000000008a600000, 0x000000008a600000, 0x000000008a700000|  0%| F|  |TAMS 0x000000008a600000, 0x000000008a600000| Untracked 
| 167|0x000000008a700000, 0x000000008a700000, 0x000000008a800000|  0%| F|  |TAMS 0x000000008a700000, 0x000000008a700000| Untracked 
| 168|0x000000008a800000, 0x000000008a800000, 0x000000008a900000|  0%| F|  |TAMS 0x000000008a800000, 0x000000008a800000| Untracked 
| 169|0x000000008a900000, 0x000000008a900000, 0x000000008aa00000|  0%| F|  |TAMS 0x000000008a900000, 0x000000008a900000| Untracked 
| 170|0x000000008aa00000, 0x000000008aa00000, 0x000000008ab00000|  0%| F|  |TAMS 0x000000008aa00000, 0x000000008aa00000| Untracked 
| 171|0x000000008ab00000, 0x000000008ab00000, 0x000000008ac00000|  0%| F|  |TAMS 0x000000008ab00000, 0x000000008ab00000| Untracked 
| 172|0x000000008ac00000, 0x000000008ac00000, 0x000000008ad00000|  0%| F|  |TAMS 0x000000008ac00000, 0x000000008ac00000| Untracked 
| 173|0x000000008ad00000, 0x000000008ad00000, 0x000000008ae00000|  0%| F|  |TAMS 0x000000008ad00000, 0x000000008ad00000| Untracked 
| 174|0x000000008ae00000, 0x000000008ae00000, 0x000000008af00000|  0%| F|  |TAMS 0x000000008ae00000, 0x000000008ae00000| Untracked 
| 175|0x000000008af00000, 0x000000008af00000, 0x000000008b000000|  0%| F|  |TAMS 0x000000008af00000, 0x000000008af00000| Untracked 
| 176|0x000000008b000000, 0x000000008b000000, 0x000000008b100000|  0%| F|  |TAMS 0x000000008b000000, 0x000000008b000000| Untracked 
| 177|0x000000008b100000, 0x000000008b100000, 0x000000008b200000|  0%| F|  |TAMS 0x000000008b100000, 0x000000008b100000| Untracked 
| 178|0x000000008b200000, 0x000000008b200000, 0x000000008b300000|  0%| F|  |TAMS 0x000000008b200000, 0x000000008b200000| Untracked 
| 179|0x000000008b300000, 0x000000008b300000, 0x000000008b400000|  0%| F|  |TAMS 0x000000008b300000, 0x000000008b300000| Untracked 
| 180|0x000000008b400000, 0x000000008b400000, 0x000000008b500000|  0%| F|  |TAMS 0x000000008b400000, 0x000000008b400000| Untracked 
| 181|0x000000008b500000, 0x000000008b500000, 0x000000008b600000|  0%| F|  |TAMS 0x000000008b500000, 0x000000008b500000| Untracked 
| 182|0x000000008b600000, 0x000000008b600000, 0x000000008b700000|  0%| F|  |TAMS 0x000000008b600000, 0x000000008b600000| Untracked 
| 183|0x000000008b700000, 0x000000008b700000, 0x000000008b800000|  0%| F|  |TAMS 0x000000008b700000, 0x000000008b700000| Untracked 
| 184|0x000000008b800000, 0x000000008b800000, 0x000000008b900000|  0%| F|  |TAMS 0x000000008b800000, 0x000000008b800000| Untracked 
| 185|0x000000008b900000, 0x000000008b900000, 0x000000008ba00000|  0%| F|  |TAMS 0x000000008b900000, 0x000000008b900000| Untracked 
| 186|0x000000008ba00000, 0x000000008ba00000, 0x000000008bb00000|  0%| F|  |TAMS 0x000000008ba00000, 0x000000008ba00000| Untracked 
| 187|0x000000008bb00000, 0x000000008bb00000, 0x000000008bc00000|  0%| F|  |TAMS 0x000000008bb00000, 0x000000008bb00000| Untracked 
| 188|0x000000008bc00000, 0x000000008bc00000, 0x000000008bd00000|  0%| F|  |TAMS 0x000000008bc00000, 0x000000008bc00000| Untracked 
| 189|0x000000008bd00000, 0x000000008bd00000, 0x000000008be00000|  0%| F|  |TAMS 0x000000008bd00000, 0x000000008bd00000| Untracked 
| 190|0x000000008be00000, 0x000000008be00000, 0x000000008bf00000|  0%| F|  |TAMS 0x000000008be00000, 0x000000008be00000| Untracked 
| 191|0x000000008bf00000, 0x000000008bf00000, 0x000000008c000000|  0%| F|  |TAMS 0x000000008bf00000, 0x000000008bf00000| Untracked 
| 192|0x000000008c000000, 0x000000008c000000, 0x000000008c100000|  0%| F|  |TAMS 0x000000008c000000, 0x000000008c000000| Untracked 
| 193|0x000000008c100000, 0x000000008c100000, 0x000000008c200000|  0%| F|  |TAMS 0x000000008c100000, 0x000000008c100000| Untracked 
| 194|0x000000008c200000, 0x000000008c200000, 0x000000008c300000|  0%| F|  |TAMS 0x000000008c200000, 0x000000008c200000| Untracked 
| 195|0x000000008c300000, 0x000000008c300000, 0x000000008c400000|  0%| F|  |TAMS 0x000000008c300000, 0x000000008c300000| Untracked 
| 196|0x000000008c400000, 0x000000008c400000, 0x000000008c500000|  0%| F|  |TAMS 0x000000008c400000, 0x000000008c400000| Untracked 
| 197|0x000000008c500000, 0x000000008c500000, 0x000000008c600000|  0%| F|  |TAMS 0x000000008c500000, 0x000000008c500000| Untracked 
| 198|0x000000008c600000, 0x000000008c600000, 0x000000008c700000|  0%| F|  |TAMS 0x000000008c600000, 0x000000008c600000| Untracked 
| 199|0x000000008c700000, 0x000000008c700000, 0x000000008c800000|  0%| F|  |TAMS 0x000000008c700000, 0x000000008c700000| Untracked 
| 200|0x000000008c800000, 0x000000008c880800, 0x000000008c900000| 50%| E|  |TAMS 0x000000008c800000, 0x000000008c800000| Complete 
| 201|0x000000008c900000, 0x000000008ca00000, 0x000000008ca00000|100%| E|CS|TAMS 0x000000008c900000, 0x000000008c900000| Complete 
| 202|0x000000008ca00000, 0x000000008cb00000, 0x000000008cb00000|100%| E|CS|TAMS 0x000000008ca00000, 0x000000008ca00000| Complete 
| 203|0x000000008cb00000, 0x000000008cc00000, 0x000000008cc00000|100%| E|CS|TAMS 0x000000008cb00000, 0x000000008cb00000| Complete 
| 204|0x000000008cc00000, 0x000000008cd00000, 0x000000008cd00000|100%| E|CS|TAMS 0x000000008cc00000, 0x000000008cc00000| Complete 
| 205|0x000000008cd00000, 0x000000008ce00000, 0x000000008ce00000|100%| E|CS|TAMS 0x000000008cd00000, 0x000000008cd00000| Complete 
| 206|0x000000008ce00000, 0x000000008cf00000, 0x000000008cf00000|100%| E|CS|TAMS 0x000000008ce00000, 0x000000008ce00000| Complete 
| 207|0x000000008cf00000, 0x000000008d000000, 0x000000008d000000|100%| E|CS|TAMS 0x000000008cf00000, 0x000000008cf00000| Complete 
| 208|0x000000008d000000, 0x000000008d100000, 0x000000008d100000|100%| E|CS|TAMS 0x000000008d000000, 0x000000008d000000| Complete 
| 209|0x000000008d100000, 0x000000008d200000, 0x000000008d200000|100%| E|CS|TAMS 0x000000008d100000, 0x000000008d100000| Complete 
| 210|0x000000008d200000, 0x000000008d300000, 0x000000008d300000|100%| E|CS|TAMS 0x000000008d200000, 0x000000008d200000| Complete 
| 211|0x000000008d300000, 0x000000008d400000, 0x000000008d400000|100%| E|CS|TAMS 0x000000008d300000, 0x000000008d300000| Complete 
| 212|0x000000008d400000, 0x000000008d500000, 0x000000008d500000|100%| E|CS|TAMS 0x000000008d400000, 0x000000008d400000| Complete 
| 213|0x000000008d500000, 0x000000008d600000, 0x000000008d600000|100%| E|CS|TAMS 0x000000008d500000, 0x000000008d500000| Complete 
| 214|0x000000008d600000, 0x000000008d700000, 0x000000008d700000|100%| E|CS|TAMS 0x000000008d600000, 0x000000008d600000| Complete 
| 215|0x000000008d700000, 0x000000008d800000, 0x000000008d800000|100%| E|CS|TAMS 0x000000008d700000, 0x000000008d700000| Complete 
| 216|0x000000008d800000, 0x000000008d900000, 0x000000008d900000|100%| E|CS|TAMS 0x000000008d800000, 0x000000008d800000| Complete 
| 217|0x000000008d900000, 0x000000008da00000, 0x000000008da00000|100%| E|CS|TAMS 0x000000008d900000, 0x000000008d900000| Complete 
| 218|0x000000008da00000, 0x000000008db00000, 0x000000008db00000|100%| E|CS|TAMS 0x000000008da00000, 0x000000008da00000| Complete 
| 219|0x000000008db00000, 0x000000008dc00000, 0x000000008dc00000|100%| E|CS|TAMS 0x000000008db00000, 0x000000008db00000| Complete 
| 220|0x000000008dc00000, 0x000000008dd00000, 0x000000008dd00000|100%| E|CS|TAMS 0x000000008dc00000, 0x000000008dc00000| Complete 
| 221|0x000000008dd00000, 0x000000008de00000, 0x000000008de00000|100%| E|CS|TAMS 0x000000008dd00000, 0x000000008dd00000| Complete 
| 222|0x000000008de00000, 0x000000008df00000, 0x000000008df00000|100%| E|CS|TAMS 0x000000008de00000, 0x000000008de00000| Complete 
| 223|0x000000008df00000, 0x000000008e000000, 0x000000008e000000|100%| E|CS|TAMS 0x000000008df00000, 0x000000008df00000| Complete 
| 224|0x000000008e000000, 0x000000008e100000, 0x000000008e100000|100%| E|CS|TAMS 0x000000008e000000, 0x000000008e000000| Complete 
| 225|0x000000008e100000, 0x000000008e200000, 0x000000008e200000|100%| E|CS|TAMS 0x000000008e100000, 0x000000008e100000| Complete 
| 226|0x000000008e200000, 0x000000008e300000, 0x000000008e300000|100%| E|CS|TAMS 0x000000008e200000, 0x000000008e200000| Complete 
| 227|0x000000008e300000, 0x000000008e400000, 0x000000008e400000|100%| E|CS|TAMS 0x000000008e300000, 0x000000008e300000| Complete 
| 228|0x000000008e400000, 0x000000008e500000, 0x000000008e500000|100%| E|CS|TAMS 0x000000008e400000, 0x000000008e400000| Complete 
| 229|0x000000008e500000, 0x000000008e600000, 0x000000008e600000|100%| E|CS|TAMS 0x000000008e500000, 0x000000008e500000| Complete 
| 230|0x000000008e600000, 0x000000008e700000, 0x000000008e700000|100%| E|CS|TAMS 0x000000008e600000, 0x000000008e600000| Complete 
| 231|0x000000008e700000, 0x000000008e800000, 0x000000008e800000|100%| E|CS|TAMS 0x000000008e700000, 0x000000008e700000| Complete 
| 232|0x000000008e800000, 0x000000008e900000, 0x000000008e900000|100%| E|CS|TAMS 0x000000008e800000, 0x000000008e800000| Complete 
| 233|0x000000008e900000, 0x000000008ea00000, 0x000000008ea00000|100%| E|CS|TAMS 0x000000008e900000, 0x000000008e900000| Complete 
| 234|0x000000008ea00000, 0x000000008eb00000, 0x000000008eb00000|100%| E|CS|TAMS 0x000000008ea00000, 0x000000008ea00000| Complete 
| 235|0x000000008eb00000, 0x000000008ec00000, 0x000000008ec00000|100%| E|CS|TAMS 0x000000008eb00000, 0x000000008eb00000| Complete 
| 236|0x000000008ec00000, 0x000000008ed00000, 0x000000008ed00000|100%| E|CS|TAMS 0x000000008ec00000, 0x000000008ec00000| Complete 
| 237|0x000000008ed00000, 0x000000008ee00000, 0x000000008ee00000|100%| E|CS|TAMS 0x000000008ed00000, 0x000000008ed00000| Complete 
| 238|0x000000008ee00000, 0x000000008ef00000, 0x000000008ef00000|100%| E|CS|TAMS 0x000000008ee00000, 0x000000008ee00000| Complete 
| 239|0x000000008ef00000, 0x000000008f000000, 0x000000008f000000|100%| E|CS|TAMS 0x000000008ef00000, 0x000000008ef00000| Complete 
| 240|0x000000008f000000, 0x000000008f100000, 0x000000008f100000|100%| E|CS|TAMS 0x000000008f000000, 0x000000008f000000| Complete 
| 241|0x000000008f100000, 0x000000008f200000, 0x000000008f200000|100%| E|CS|TAMS 0x000000008f100000, 0x000000008f100000| Complete 
| 242|0x000000008f200000, 0x000000008f300000, 0x000000008f300000|100%| E|CS|TAMS 0x000000008f200000, 0x000000008f200000| Complete 
| 243|0x000000008f300000, 0x000000008f400000, 0x000000008f400000|100%| E|CS|TAMS 0x000000008f300000, 0x000000008f300000| Complete 
| 244|0x000000008f400000, 0x000000008f500000, 0x000000008f500000|100%| E|CS|TAMS 0x000000008f400000, 0x000000008f400000| Complete 
| 245|0x000000008f500000, 0x000000008f600000, 0x000000008f600000|100%| E|CS|TAMS 0x000000008f500000, 0x000000008f500000| Complete 
| 246|0x000000008f600000, 0x000000008f700000, 0x000000008f700000|100%| E|CS|TAMS 0x000000008f600000, 0x000000008f600000| Complete 
| 247|0x000000008f700000, 0x000000008f800000, 0x000000008f800000|100%| E|CS|TAMS 0x000000008f700000, 0x000000008f700000| Complete 
| 248|0x000000008f800000, 0x000000008f900000, 0x000000008f900000|100%| E|CS|TAMS 0x000000008f800000, 0x000000008f800000| Complete 
| 249|0x000000008f900000, 0x000000008fa00000, 0x000000008fa00000|100%| E|CS|TAMS 0x000000008f900000, 0x000000008f900000| Complete 
| 250|0x000000008fa00000, 0x000000008fb00000, 0x000000008fb00000|100%| E|CS|TAMS 0x000000008fa00000, 0x000000008fa00000| Complete 
| 251|0x000000008fb00000, 0x000000008fc00000, 0x000000008fc00000|100%| E|CS|TAMS 0x000000008fb00000, 0x000000008fb00000| Complete 
| 252|0x000000008fc00000, 0x000000008fd00000, 0x000000008fd00000|100%| E|CS|TAMS 0x000000008fc00000, 0x000000008fc00000| Complete 
| 253|0x000000008fd00000, 0x000000008fe00000, 0x000000008fe00000|100%| E|CS|TAMS 0x000000008fd00000, 0x000000008fd00000| Complete 
| 254|0x000000008fe00000, 0x000000008ff00000, 0x000000008ff00000|100%| E|CS|TAMS 0x000000008fe00000, 0x000000008fe00000| Complete 
| 255|0x000000008ff00000, 0x0000000090000000, 0x0000000090000000|100%| E|CS|TAMS 0x000000008ff00000, 0x000000008ff00000| Complete 

Card table byte_map: [0x00000242ed940000,0x00000242edd40000] _byte_map_base: 0x00000242ed540000

Marking Bits (Prev, Next): (CMBitMap*) 0x00000242daa6eaa8, (CMBitMap*) 0x00000242daa6eae0
 Prev Bits: [0x00000242ee140000, 0x00000242f0140000)
 Next Bits: [0x00000242f0140000, 0x00000242f2140000)

Polling page: 0x00000242d8880000

Metaspace:

Usage:
  Non-class:     87.01 MB capacity,    85.51 MB ( 98%) used,     1.25 MB (  1%) free+waste,   250.94 KB ( <1%) overhead. 
      Class:     13.07 MB capacity,    12.29 MB ( 94%) used,   688.98 KB (  5%) free+waste,   111.50 KB ( <1%) overhead. 
       Both:    100.08 MB capacity,    97.80 MB ( 98%) used,     1.92 MB (  2%) free+waste,   362.44 KB ( <1%) overhead. 

Virtual space:
  Non-class space:       88.00 MB reserved,      87.16 MB (>99%) committed 
      Class space:        1.00 GB reserved,      13.13 MB (  1%) committed 
             Both:        1.09 GB reserved,     100.29 MB (  9%) committed 

Chunk freelists:
   Non-Class:  29.00 KB
       Class:  25.00 KB
        Both:  54.00 KB

MaxMetaspaceSize: 17179869184.00 GB
CompressedClassSpaceSize: 1.00 GB
Initial GC threshold: 20.80 MB
Current GC threshold: 132.14 MB
CDS: off

CodeHeap 'non-profiled nmethods': size=120064Kb used=11882Kb max_used=11882Kb free=108181Kb
 bounds [0x00000242e6000000, 0x00000242e6ba0000, 0x00000242ed540000]
CodeHeap 'profiled nmethods': size=120000Kb used=29251Kb max_used=29251Kb free=90748Kb
 bounds [0x00000242dead0000, 0x00000242e0770000, 0x00000242e6000000]
CodeHeap 'non-nmethods': size=5696Kb used=2412Kb max_used=2467Kb free=3283Kb
 bounds [0x00000242de540000, 0x00000242de7c0000, 0x00000242dead0000]
 total_blobs=13854 nmethods=12914 adapters=852
 compilation: enabled
              stopped_count=0, restarted_count=0
 full_count=0

Compilation events (20 events):
Event: 75.440 Thread 0x00000242f4f02800 nmethod 14448 0x00000242e6b99910 code [0x00000242e6b99ac0, 0x00000242e6b99b78]
Event: 75.440 Thread 0x00000242f4f02800 14449       3       com.sun.org.apache.xerces.internal.impl.xs.opti.NamedNodeMapImpl::getLength (6 bytes)
Event: 75.440 Thread 0x00000242f4f02800 nmethod 14449 0x00000242e075b910 code [0x00000242e075bac0, 0x00000242e075bbd8]
Event: 75.441 Thread 0x00000242f4f02800 14450       1       com.sun.org.apache.xerces.internal.impl.xs.opti.AttrImpl::getValue (5 bytes)
Event: 75.441 Thread 0x00000242f4f02800 nmethod 14450 0x00000242e6b99c10 code [0x00000242e6b99dc0, 0x00000242e6b99e78]
Event: 75.441 Thread 0x00000242f4f02800 14451       3       com.sun.org.apache.xerces.internal.util.XMLChar::isNCNameStart (23 bytes)
Event: 75.441 Thread 0x00000242f4f02800 nmethod 14451 0x00000242e075bc90 code [0x00000242e075be40, 0x00000242e075bff8]
Event: 75.441 Thread 0x00000242f4f02800 14452       3       java.lang.StringConcatHelper::mixCoder (8 bytes)
Event: 75.441 Thread 0x00000242f4f02800 nmethod 14452 0x00000242e075c110 code [0x00000242e075c2c0, 0x00000242e075c438]
Event: 75.441 Thread 0x00000242f4f02800 14453       3       com.sun.org.apache.xerces.internal.util.SymbolHash::hash (31 bytes)
Event: 75.441 Thread 0x00000242f4f02800 nmethod 14453 0x00000242e075c510 code [0x00000242e075c700, 0x00000242e075cb38]
Event: 75.441 Thread 0x00000242f4f02800 14454       3       com.sun.org.apache.xerces.internal.util.DOMUtil::getNamespaceURI (7 bytes)
Event: 75.442 Thread 0x00000242f4f02800 nmethod 14454 0x00000242e075cc10 code [0x00000242e075cdc0, 0x00000242e075cf68]
Event: 75.442 Thread 0x00000242f4f02800 14456       1       com.sun.org.apache.xerces.internal.impl.xs.util.XInt::intValue (5 bytes)
Event: 75.442 Thread 0x00000242f4f02800 nmethod 14456 0x00000242e6b99f10 code [0x00000242e6b9a0c0, 0x00000242e6b9a178]
Event: 75.442 Thread 0x00000242f4f02800 14455       1       com.sun.org.apache.xerces.internal.impl.xs.opti.NodeImpl::getNodeName (5 bytes)
Event: 75.442 Thread 0x00000242f4f02800 nmethod 14455 0x00000242e6b9a210 code [0x00000242e6b9a3c0, 0x00000242e6b9a478]
Event: 75.445 Thread 0x00000242f4f02800 14457       3       java.lang.invoke.MethodHandles::foldArguments (100 bytes)
Event: 75.446 Thread 0x00000242f4f02800 nmethod 14457 0x00000242e075d010 code [0x00000242e075d260, 0x00000242e075dc18]
Event: 75.446 Thread 0x00000242f4f02800 14458       3       java.lang.invoke.MethodHandles::foldArgumentChecks (217 bytes)

GC Heap History (20 events):
Event: 61.998 GC heap before
{Heap before GC invocations=48 (full 0):
 garbage-first heap   total 262144K, used 212649K [0x0000000080000000, 0x0000000100000000)
  region size 1024K, 153 young (156672K), 2 survivors (2048K)
 Metaspace       used 65615K, capacity 67137K, committed 67328K, reserved 1107968K
  class space    used 8045K, capacity 8583K, committed 8704K, reserved 1048576K
}
Event: 62.000 GC heap after
{Heap after GC invocations=49 (full 0):
 garbage-first heap   total 262144K, used 60142K [0x0000000080000000, 0x0000000100000000)
  region size 1024K, 4 young (4096K), 4 survivors (4096K)
 Metaspace       used 65615K, capacity 67137K, committed 67328K, reserved 1107968K
  class space    used 8045K, capacity 8583K, committed 8704K, reserved 1048576K
}
Event: 62.358 GC heap before
{Heap before GC invocations=49 (full 0):
 garbage-first heap   total 262144K, used 212718K [0x0000000080000000, 0x0000000100000000)
  region size 1024K, 153 young (156672K), 4 survivors (4096K)
 Metaspace       used 65616K, capacity 67137K, committed 67328K, reserved 1107968K
  class space    used 8045K, capacity 8583K, committed 8704K, reserved 1048576K
}
Event: 62.359 GC heap after
{Heap after GC invocations=50 (full 0):
 garbage-first heap   total 262144K, used 54329K [0x0000000080000000, 0x0000000100000000)
  region size 1024K, 1 young (1024K), 1 survivors (1024K)
 Metaspace       used 65616K, capacity 67137K, committed 67328K, reserved 1107968K
  class space    used 8045K, capacity 8583K, committed 8704K, reserved 1048576K
}
Event: 62.780 GC heap before
{Heap before GC invocations=50 (full 0):
 garbage-first heap   total 262144K, used 208953K [0x0000000080000000, 0x0000000100000000)
  region size 1024K, 153 young (156672K), 1 survivors (1024K)
 Metaspace       used 65621K, capacity 67137K, committed 67328K, reserved 1107968K
  class space    used 8045K, capacity 8583K, committed 8704K, reserved 1048576K
}
Event: 62.781 GC heap after
{Heap after GC invocations=51 (full 0):
 garbage-first heap   total 262144K, used 54126K [0x0000000080000000, 0x0000000100000000)
  region size 1024K, 1 young (1024K), 1 survivors (1024K)
 Metaspace       used 65621K, capacity 67137K, committed 67328K, reserved 1107968K
  class space    used 8045K, capacity 8583K, committed 8704K, reserved 1048576K
}
Event: 63.069 GC heap before
{Heap before GC invocations=51 (full 0):
 garbage-first heap   total 262144K, used 211822K [0x0000000080000000, 0x0000000100000000)
  region size 1024K, 153 young (156672K), 1 survivors (1024K)
 Metaspace       used 65621K, capacity 67137K, committed 67328K, reserved 1107968K
  class space    used 8045K, capacity 8583K, committed 8704K, reserved 1048576K
}
Event: 63.071 GC heap after
{Heap after GC invocations=52 (full 0):
 garbage-first heap   total 262144K, used 57865K [0x0000000080000000, 0x0000000100000000)
  region size 1024K, 3 young (3072K), 3 survivors (3072K)
 Metaspace       used 65621K, capacity 67137K, committed 67328K, reserved 1107968K
  class space    used 8045K, capacity 8583K, committed 8704K, reserved 1048576K
}
Event: 63.946 GC heap before
{Heap before GC invocations=52 (full 0):
 garbage-first heap   total 262144K, used 217609K [0x0000000080000000, 0x0000000100000000)
  region size 1024K, 153 young (156672K), 3 survivors (3072K)
 Metaspace       used 66330K, capacity 67955K, committed 68224K, reserved 1107968K
  class space    used 8150K, capacity 8717K, committed 8832K, reserved 1048576K
}
Event: 63.950 GC heap after
{Heap after GC invocations=53 (full 0):
 garbage-first heap   total 262144K, used 68882K [0x0000000080000000, 0x0000000100000000)
  region size 1024K, 8 young (8192K), 8 survivors (8192K)
 Metaspace       used 66330K, capacity 67955K, committed 68224K, reserved 1107968K
  class space    used 8150K, capacity 8717K, committed 8832K, reserved 1048576K
}
Event: 65.186 GC heap before
{Heap before GC invocations=53 (full 0):
 garbage-first heap   total 262144K, used 191762K [0x0000000080000000, 0x0000000100000000)
  region size 1024K, 130 young (133120K), 8 survivors (8192K)
 Metaspace       used 78770K, capacity 80650K, committed 80768K, reserved 1120256K
  class space    used 9637K, capacity 10296K, committed 10368K, reserved 1048576K
}
Event: 65.201 GC heap after
{Heap after GC invocations=54 (full 0):
 garbage-first heap   total 262144K, used 74451K [0x0000000080000000, 0x0000000100000000)
  region size 1024K, 14 young (14336K), 14 survivors (14336K)
 Metaspace       used 78770K, capacity 80650K, committed 80768K, reserved 1120256K
  class space    used 9637K, capacity 10296K, committed 10368K, reserved 1048576K
}
Event: 66.597 GC heap before
{Heap before GC invocations=55 (full 0):
 garbage-first heap   total 262144K, used 211667K [0x0000000080000000, 0x0000000100000000)
  region size 1024K, 148 young (151552K), 14 survivors (14336K)
 Metaspace       used 89479K, capacity 91565K, committed 91812K, reserved 1128448K
  class space    used 11213K, capacity 11956K, committed 12032K, reserved 1048576K
}
Event: 66.615 GC heap after
{Heap after GC invocations=56 (full 0):
 garbage-first heap   total 262144K, used 83156K [0x0000000080000000, 0x0000000100000000)
  region size 1024K, 14 young (14336K), 14 survivors (14336K)
 Metaspace       used 89479K, capacity 91565K, committed 91812K, reserved 1128448K
  class space    used 11213K, capacity 11956K, committed 12032K, reserved 1048576K
}
Event: 68.175 GC heap before
{Heap before GC invocations=56 (full 0):
 garbage-first heap   total 262144K, used 214228K [0x0000000080000000, 0x0000000100000000)
  region size 1024K, 142 young (145408K), 14 survivors (14336K)
 Metaspace       used 97264K, capacity 99476K, committed 99620K, reserved 1136640K
  class space    used 12295K, capacity 13078K, committed 13184K, reserved 1048576K
}
Event: 68.190 GC heap after
{Heap after GC invocations=57 (full 0):
 garbage-first heap   total 262144K, used 89518K [0x0000000080000000, 0x0000000100000000)
  region size 1024K, 15 young (15360K), 15 survivors (15360K)
 Metaspace       used 97264K, capacity 99476K, committed 99620K, reserved 1136640K
  class space    used 12295K, capacity 13078K, committed 13184K, reserved 1048576K
}
Event: 68.704 GC heap before
{Heap before GC invocations=57 (full 0):
 garbage-first heap   total 262144K, used 215470K [0x0000000080000000, 0x0000000100000000)
  region size 1024K, 139 young (142336K), 15 survivors (15360K)
 Metaspace       used 97682K, capacity 99936K, committed 100132K, reserved 1136640K
  class space    used 12312K, capacity 13100K, committed 13184K, reserved 1048576K
}
Event: 68.716 GC heap after
{Heap after GC invocations=58 (full 0):
 garbage-first heap   total 262144K, used 91229K [0x0000000080000000, 0x0000000100000000)
  region size 1024K, 9 young (9216K), 9 survivors (9216K)
 Metaspace       used 97682K, capacity 99936K, committed 100132K, reserved 1136640K
  class space    used 12312K, capacity 13100K, committed 13184K, reserved 1048576K
}
Event: 72.608 GC heap before
{Heap before GC invocations=58 (full 0):
 garbage-first heap   total 262144K, used 217181K [0x0000000080000000, 0x0000000100000000)
  region size 1024K, 132 young (135168K), 9 survivors (9216K)
 Metaspace       used 97956K, capacity 100290K, committed 100388K, reserved 1136640K
  class space    used 12341K, capacity 13145K, committed 13184K, reserved 1048576K
}
Event: 72.615 GC heap after
{Heap after GC invocations=59 (full 0):
 garbage-first heap   total 262144K, used 89693K [0x0000000080000000, 0x0000000100000000)
  region size 1024K, 7 young (7168K), 7 survivors (7168K)
 Metaspace       used 97956K, capacity 100290K, committed 100388K, reserved 1136640K
  class space    used 12341K, capacity 13145K, committed 13184K, reserved 1048576K
}

Deoptimization events (20 events):
Event: 75.415 Thread 0x00000242f67a8000 Uncommon trap: trap_request=0xffffffde fr.pc=0x00000242e658de44 relative=0x0000000000000084
Event: 75.415 Thread 0x00000242f67a8000 Uncommon trap: reason=class_check action=maybe_recompile pc=0x00000242e658de44 method=com.sun.org.apache.xerces.internal.util.ParserConfigurationSettings.getProperty(Ljava/lang/String;Ljava/lang/Object;)Ljava/lang/Object; @ 2 c2
Event: 75.415 Thread 0x00000242f67a8000 DEOPT PACKING pc=0x00000242e658de44 sp=0x000000dcc62f93a0
Event: 75.415 Thread 0x00000242f67a8000 DEOPT UNPACKING pc=0x00000242de58a1af sp=0x000000dcc62f9330 mode 2
Event: 75.415 Thread 0x00000242f67a8000 Uncommon trap: trap_request=0xffffffde fr.pc=0x00000242e6486dbc relative=0x00000000000011dc
Event: 75.415 Thread 0x00000242f67a8000 Uncommon trap: reason=class_check action=maybe_recompile pc=0x00000242e6486dbc method=com.sun.org.apache.xerces.internal.util.ParserConfigurationSettings.getFeatureState(Ljava/lang/String;)Lcom/sun/org/apache/xerces/internal/util/FeatureState; @ 20 c2
Event: 75.415 Thread 0x00000242f67a8000 DEOPT PACKING pc=0x00000242e6486dbc sp=0x000000dcc62f92e0
Event: 75.415 Thread 0x00000242f67a8000 DEOPT UNPACKING pc=0x00000242de58a1af sp=0x000000dcc62f92b8 mode 2
Event: 75.415 Thread 0x00000242f67a8000 Uncommon trap: trap_request=0xffffffde fr.pc=0x00000242e6486dbc relative=0x00000000000011dc
Event: 75.415 Thread 0x00000242f67a8000 Uncommon trap: reason=class_check action=maybe_recompile pc=0x00000242e6486dbc method=com.sun.org.apache.xerces.internal.util.ParserConfigurationSettings.getFeatureState(Ljava/lang/String;)Lcom/sun/org/apache/xerces/internal/util/FeatureState; @ 20 c2
Event: 75.415 Thread 0x00000242f67a8000 DEOPT PACKING pc=0x00000242e6486dbc sp=0x000000dcc62f92e0
Event: 75.415 Thread 0x00000242f67a8000 DEOPT UNPACKING pc=0x00000242de58a1af sp=0x000000dcc62f92b8 mode 2
Event: 75.417 Thread 0x00000242f67a8000 Uncommon trap: trap_request=0xffffffde fr.pc=0x00000242e658de44 relative=0x0000000000000084
Event: 75.417 Thread 0x00000242f67a8000 Uncommon trap: reason=class_check action=maybe_recompile pc=0x00000242e658de44 method=com.sun.org.apache.xerces.internal.util.ParserConfigurationSettings.getProperty(Ljava/lang/String;Ljava/lang/Object;)Ljava/lang/Object; @ 2 c2
Event: 75.417 Thread 0x00000242f67a8000 DEOPT PACKING pc=0x00000242e658de44 sp=0x000000dcc62f9010
Event: 75.417 Thread 0x00000242f67a8000 DEOPT UNPACKING pc=0x00000242de58a1af sp=0x000000dcc62f8fa0 mode 2
Event: 75.446 Thread 0x00000242f67a8000 Uncommon trap: trap_request=0xffffff4d fr.pc=0x00000242e616d960 relative=0x0000000000000040
Event: 75.446 Thread 0x00000242f67a8000 Uncommon trap: reason=unstable_if action=reinterpret pc=0x00000242e616d960 method=java.lang.String.valueOf(Ljava/lang/Object;)Ljava/lang/String; @ 1 c2
Event: 75.446 Thread 0x00000242f67a8000 DEOPT PACKING pc=0x00000242e616d960 sp=0x000000dcc62f9100
Event: 75.446 Thread 0x00000242f67a8000 DEOPT UNPACKING pc=0x00000242de58a1af sp=0x000000dcc62f9098 mode 2

Classes redefined (0 events):
No events

Internal exceptions (20 events):
Event: 75.348 Thread 0x00000242f67a8000 Exception <a 'sun/nio/fs/WindowsException'{0x000000008cbafbb0}> (0x000000008cbafbb0) thrown at [./src/hotspot/share/prims/jni.cpp, line 615]
Event: 75.349 Thread 0x00000242f67a8000 Exception <a 'sun/nio/fs/WindowsException'{0x000000008cbb0c40}> (0x000000008cbb0c40) thrown at [./src/hotspot/share/prims/jni.cpp, line 615]
Event: 75.349 Thread 0x00000242f67a8000 Exception <a 'sun/nio/fs/WindowsException'{0x000000008cbb0d98}> (0x000000008cbb0d98) thrown at [./src/hotspot/share/prims/jni.cpp, line 615]
Event: 75.349 Thread 0x00000242f67a8000 Exception <a 'sun/nio/fs/WindowsException'{0x000000008cbb2fb0}> (0x000000008cbb2fb0) thrown at [./src/hotspot/share/prims/jni.cpp, line 615]
Event: 75.350 Thread 0x00000242f67a8000 Exception <a 'sun/nio/fs/WindowsException'{0x000000008cbbd628}> (0x000000008cbbd628) thrown at [./src/hotspot/share/prims/jni.cpp, line 615]
Event: 75.350 Thread 0x00000242f67a8000 Exception <a 'sun/nio/fs/WindowsException'{0x000000008cbbe6b8}> (0x000000008cbbe6b8) thrown at [./src/hotspot/share/prims/jni.cpp, line 615]
Event: 75.350 Thread 0x00000242f67a8000 Exception <a 'sun/nio/fs/WindowsException'{0x000000008cbbe828}> (0x000000008cbbe828) thrown at [./src/hotspot/share/prims/jni.cpp, line 615]
Event: 75.350 Thread 0x00000242f67a8000 Exception <a 'sun/nio/fs/WindowsException'{0x000000008cbc0a40}> (0x000000008cbc0a40) thrown at [./src/hotspot/share/prims/jni.cpp, line 615]
Event: 75.351 Thread 0x00000242f67a8000 Exception <a 'sun/nio/fs/WindowsException'{0x000000008cbcb2e0}> (0x000000008cbcb2e0) thrown at [./src/hotspot/share/prims/jni.cpp, line 615]
Event: 75.352 Thread 0x00000242f67a8000 Exception <a 'sun/nio/fs/WindowsException'{0x000000008cbcc370}> (0x000000008cbcc370) thrown at [./src/hotspot/share/prims/jni.cpp, line 615]
Event: 75.352 Thread 0x00000242f67a8000 Exception <a 'sun/nio/fs/WindowsException'{0x000000008cbcc4d0}> (0x000000008cbcc4d0) thrown at [./src/hotspot/share/prims/jni.cpp, line 615]
Event: 75.352 Thread 0x00000242f67a8000 Exception <a 'sun/nio/fs/WindowsException'{0x000000008cbce6e8}> (0x000000008cbce6e8) thrown at [./src/hotspot/share/prims/jni.cpp, line 615]
Event: 75.368 Thread 0x00000242f67a8000 Exception <a 'sun/nio/fs/WindowsException'{0x000000008cbfe648}> (0x000000008cbfe648) thrown at [./src/hotspot/share/prims/jni.cpp, line 615]
Event: 75.368 Thread 0x00000242f67a8000 Exception <a 'sun/nio/fs/WindowsException'{0x000000008cbfe728}> (0x000000008cbfe728) thrown at [./src/hotspot/share/prims/jni.cpp, line 615]
Event: 75.368 Thread 0x00000242f67a8000 Exception <a 'sun/nio/fs/WindowsException'{0x000000008ca00d68}> (0x000000008ca00d68) thrown at [./src/hotspot/share/prims/jni.cpp, line 615]
Event: 75.368 Thread 0x00000242f67a8000 Exception <a 'sun/nio/fs/WindowsException'{0x000000008ca010e0}> (0x000000008ca010e0) thrown at [./src/hotspot/share/prims/jni.cpp, line 615]
Event: 75.369 Thread 0x00000242f67a8000 Exception <a 'sun/nio/fs/WindowsException'{0x000000008ca01250}> (0x000000008ca01250) thrown at [./src/hotspot/share/prims/jni.cpp, line 615]
Event: 75.369 Thread 0x00000242f67a8000 Exception <a 'sun/nio/fs/WindowsException'{0x000000008ca012d0}> (0x000000008ca012d0) thrown at [./src/hotspot/share/prims/jni.cpp, line 615]
Event: 75.369 Thread 0x00000242f67a8000 Exception <a 'sun/nio/fs/WindowsException'{0x000000008ca03468}> (0x000000008ca03468) thrown at [./src/hotspot/share/prims/jni.cpp, line 615]
Event: 75.410 Thread 0x00000242f67a8000 Exception <a 'java/lang/ClassNotFoundException'{0x000000008c985a80}: com/sun/org/apache/xerces/internal/impl/xpath/regex/spi/messageProvider> (0x000000008c985a80) thrown at [./src/hotspot/share/classfile/systemDictionary.cpp, line 231]

Events (20 events):
Event: 75.438 loading class com/sun/org/apache/xerces/internal/impl/xpath/regex/Token$ConcatToken
Event: 75.438 loading class com/sun/org/apache/xerces/internal/impl/xpath/regex/Token$ConcatToken done
Event: 75.440 Thread 0x00000242fcde2800 Thread added: 0x00000242fcde2800
Event: 75.440 loading class com/sun/org/apache/xerces/internal/impl/xpath/regex/Token$StringToken
Event: 75.440 loading class com/sun/org/apache/xerces/internal/impl/xpath/regex/Token$StringToken done
Event: 75.443 loading class com/sun/org/apache/xerces/internal/impl/xs/XSConstraints
Event: 75.445 loading class com/sun/org/apache/xerces/internal/impl/xs/XSConstraints done
Event: 75.445 loading class com/sun/org/apache/xerces/internal/impl/xs/XSConstraints$1
Event: 75.445 loading class com/sun/org/apache/xerces/internal/impl/xs/XSConstraints$1 done
Event: 75.446 loading class com/sun/org/apache/xerces/internal/impl/xs/models/XSCMLeaf
Event: 75.446 loading class com/sun/org/apache/xerces/internal/impl/dtd/models/CMNode
Event: 75.446 loading class com/sun/org/apache/xerces/internal/impl/dtd/models/CMNode done
Event: 75.446 loading class com/sun/org/apache/xerces/internal/impl/xs/models/XSCMLeaf done
Event: 75.446 loading class com/sun/org/apache/xerces/internal/impl/xs/models/XSCMUniOp
Event: 75.446 loading class com/sun/org/apache/xerces/internal/impl/xs/models/XSCMUniOp done
Event: 75.446 loading class com/sun/org/apache/xerces/internal/impl/xs/models/XSCMBinOp
Event: 75.446 loading class com/sun/org/apache/xerces/internal/impl/xs/models/XSCMBinOp done
Event: 75.446 loading class com/sun/org/apache/xerces/internal/impl/xs/models/XSDFACM
Event: 75.447 loading class com/sun/org/apache/xerces/internal/impl/xs/models/XSDFACM done
Event: 75.447 loading class com/sun/org/apache/xerces/internal/impl/dtd/models/CMStateSet


Dynamic libraries:
0x00007ff6bb4a0000 - 0x00007ff6bb4aa000 	D:\android studio\jre\bin\java.exe
0x00007ffd65510000 - 0x00007ffd65705000 	C:\WINDOWS\SYSTEM32\ntdll.dll
0x00007ffd64670000 - 0x00007ffd6472e000 	C:\WINDOWS\System32\KERNEL32.DLL
0x00007ffd62c70000 - 0x00007ffd62f38000 	C:\WINDOWS\System32\KERNELBASE.dll
0x00007ffd63280000 - 0x00007ffd63380000 	C:\WINDOWS\System32\ucrtbase.dll
0x00007ffd48d20000 - 0x00007ffd48d39000 	D:\android studio\jre\bin\jli.dll
0x00007ffd48d40000 - 0x00007ffd48d57000 	D:\android studio\jre\bin\VCRUNTIME140.dll
0x00007ffd63e80000 - 0x00007ffd64021000 	C:\WINDOWS\System32\USER32.dll
0x00007ffd63380000 - 0x00007ffd633a2000 	C:\WINDOWS\System32\win32u.dll
0x00007ffd64560000 - 0x00007ffd6458b000 	C:\WINDOWS\System32\GDI32.dll
0x00007ffd62f40000 - 0x00007ffd6304d000 	C:\WINDOWS\System32\gdi32full.dll
0x00007ffd56bc0000 - 0x00007ffd56e5a000 	C:\WINDOWS\WinSxS\amd64_microsoft.windows.common-controls_6595b64144ccf1df_6.0.19041.1110_none_60b5254171f9507e\COMCTL32.dll
0x00007ffd63050000 - 0x00007ffd630ed000 	C:\WINDOWS\System32\msvcp_win.dll
0x00007ffd63c30000 - 0x00007ffd63cce000 	C:\WINDOWS\System32\msvcrt.dll
0x00007ffd64360000 - 0x00007ffd64390000 	C:\WINDOWS\System32\IMM32.DLL
0x00007ffd44650000 - 0x00007ffd446ed000 	D:\android studio\jre\bin\msvcp140.dll
0x00007ffd0b450000 - 0x00007ffd0bf35000 	D:\android studio\jre\bin\server\jvm.dll
0x00007ffd65420000 - 0x00007ffd654cc000 	C:\WINDOWS\System32\ADVAPI32.dll
0x00007ffd64390000 - 0x00007ffd6442b000 	C:\WINDOWS\System32\sechost.dll
0x00007ffd64050000 - 0x00007ffd6417a000 	C:\WINDOWS\System32\RPCRT4.dll
0x00007ffd63b50000 - 0x00007ffd63b58000 	C:\WINDOWS\System32\PSAPI.DLL
0x00007ffd57990000 - 0x00007ffd579b7000 	C:\WINDOWS\SYSTEM32\WINMM.dll
0x00007ffd5df50000 - 0x00007ffd5df59000 	C:\WINDOWS\SYSTEM32\WSOCK32.dll
0x00007ffd5b3b0000 - 0x00007ffd5b3ba000 	C:\WINDOWS\SYSTEM32\VERSION.dll
0x00007ffd63ae0000 - 0x00007ffd63b4b000 	C:\WINDOWS\System32\WS2_32.dll
0x00007ffd614b0000 - 0x00007ffd614c2000 	C:\WINDOWS\SYSTEM32\kernel.appcore.dll
0x00007ffd5d890000 - 0x00007ffd5d8a1000 	D:\android studio\jre\bin\verify.dll
0x00007ffd54c40000 - 0x00007ffd54e24000 	C:\WINDOWS\SYSTEM32\DBGHELP.DLL
0x00007ffd4f900000 - 0x00007ffd4f92c000 	C:\WINDOWS\SYSTEM32\dbgcore.DLL
0x00007ffd634c0000 - 0x00007ffd63542000 	C:\WINDOWS\System32\bcryptPrimitives.dll
0x00007ffd4e5d0000 - 0x00007ffd4e5f9000 	D:\android studio\jre\bin\java.dll
0x00007ffd5bbb0000 - 0x00007ffd5bbbb000 	D:\android studio\jre\bin\jimage.dll
0x00007ffd4e550000 - 0x00007ffd4e568000 	D:\android studio\jre\bin\zip.dll
0x00007ffd64730000 - 0x00007ffd64e74000 	C:\WINDOWS\System32\SHELL32.dll
0x00007ffd60800000 - 0x00007ffd60f94000 	C:\WINDOWS\SYSTEM32\windows.storage.dll
0x00007ffd635b0000 - 0x00007ffd63905000 	C:\WINDOWS\System32\combase.dll
0x00007ffd62670000 - 0x00007ffd6269e000 	C:\WINDOWS\SYSTEM32\Wldp.dll
0x00007ffd63910000 - 0x00007ffd639bd000 	C:\WINDOWS\System32\SHCORE.dll
0x00007ffd64180000 - 0x00007ffd641d5000 	C:\WINDOWS\System32\shlwapi.dll
0x00007ffd62b60000 - 0x00007ffd62b7f000 	C:\WINDOWS\SYSTEM32\profapi.dll
0x00007ffd4a9e0000 - 0x00007ffd4a9fa000 	D:\android studio\jre\bin\net.dll
0x00007ffd62140000 - 0x00007ffd6224c000 	C:\WINDOWS\SYSTEM32\WINHTTP.dll
0x00007ffd62300000 - 0x00007ffd6236a000 	C:\WINDOWS\system32\mswsock.dll
0x00007ffd4a9c0000 - 0x00007ffd4a9d4000 	D:\android studio\jre\bin\nio.dll
0x00007ffd492f0000 - 0x00007ffd49317000 	D:\android SDK\native\e1d6ef7f7dcc3fd88c89a11ec53ec762bb8ba0a96d01ffa2cd45eb1d1d8dd5c5\windows-amd64\native-platform.dll
0x00007ffd3caf0000 - 0x00007ffd3cc34000 	D:\android SDK\native\5664cfc778a61ccfe75a443a1ab52a65af34e5dc3c78e0209fed803814484fcb\windows-amd64\native-platform-file-events.dll
0x00007ffd4e5c0000 - 0x00007ffd4e5ca000 	D:\android studio\jre\bin\management.dll
0x00007ffd4e540000 - 0x00007ffd4e54d000 	D:\android studio\jre\bin\management_ext.dll
0x00007ffd624f0000 - 0x00007ffd62508000 	C:\WINDOWS\SYSTEM32\CRYPTSP.dll
0x00007ffd61830000 - 0x00007ffd61864000 	C:\WINDOWS\system32\rsaenh.dll
0x00007ffd630f0000 - 0x00007ffd63117000 	C:\WINDOWS\System32\bcrypt.dll
0x00007ffd62ae0000 - 0x00007ffd62b0e000 	C:\WINDOWS\SYSTEM32\USERENV.dll
0x00007ffd62510000 - 0x00007ffd6251c000 	C:\WINDOWS\SYSTEM32\CRYPTBASE.dll
0x00007ffd61ba0000 - 0x00007ffd61bdb000 	C:\WINDOWS\SYSTEM32\IPHLPAPI.DLL
0x00007ffd63a40000 - 0x00007ffd63a48000 	C:\WINDOWS\System32\NSI.dll
0x00007ffd5b5d0000 - 0x00007ffd5b5e7000 	C:\WINDOWS\SYSTEM32\dhcpcsvc6.DLL
0x00007ffd5b3e0000 - 0x00007ffd5b3fd000 	C:\WINDOWS\SYSTEM32\dhcpcsvc.DLL
0x00007ffd61be0000 - 0x00007ffd61cab000 	C:\WINDOWS\SYSTEM32\DNSAPI.dll
0x00007ffd4a450000 - 0x00007ffd4a477000 	D:\android studio\jre\bin\sunec.dll
0x00007ffd5c880000 - 0x00007ffd5c88a000 	C:\Windows\System32\rasadhlp.dll
0x00007ffd573f0000 - 0x00007ffd5746f000 	C:\WINDOWS\System32\fwpuclnt.dll

dbghelp: loaded successfully - version: 4.0.5 - missing functions: none
symbol engine: initialized successfully - sym options: 0x614 - pdb path: .;D:\android studio\jre\bin;C:\WINDOWS\SYSTEM32;C:\WINDOWS\WinSxS\amd64_microsoft.windows.common-controls_6595b64144ccf1df_6.0.19041.1110_none_60b5254171f9507e;D:\android studio\jre\bin\server;D:\android SDK\native\e1d6ef7f7dcc3fd88c89a11ec53ec762bb8ba0a96d01ffa2cd45eb1d1d8dd5c5\windows-amd64;D:\android SDK\native\5664cfc778a61ccfe75a443a1ab52a65af34e5dc3c78e0209fed803814484fcb\windows-amd64

VM Arguments:
jvm_args: --add-opens=java.base/java.util=ALL-UNNAMED --add-opens=java.base/java.lang=ALL-UNNAMED --add-opens=java.base/java.lang.invoke=ALL-UNNAMED --add-opens=java.base/java.util=ALL-UNNAMED --add-opens=java.prefs/java.util.prefs=ALL-UNNAMED --add-opens=java.prefs/java.util.prefs=ALL-UNNAMED --add-opens=java.base/java.nio.charset=ALL-UNNAMED --add-opens=java.base/java.net=ALL-UNNAMED --add-opens=java.base/java.util.concurrent.atomic=ALL-UNNAMED -Xmx2048m -Dfile.encoding=windows-1251 -Duser.country=RU -Duser.language=ru -Duser.variant 
java_command: org.gradle.launcher.daemon.bootstrap.GradleDaemon 7.3.3
java_class_path (initial): D:\android SDK\wrapper\dists\gradle-7.3.3-all\4295vidhdd9hd3gbjyw1xqxpo\gradle-7.3.3\lib\gradle-launcher-7.3.3.jar
Launcher Type: SUN_STANDARD

[Global flags]
     intx CICompilerCount                          = 3                                         {product} {ergonomic}
     uint ConcGCThreads                            = 1                                         {product} {ergonomic}
     uint G1ConcRefinementThreads                  = 4                                         {product} {ergonomic}
   size_t G1HeapRegionSize                         = 1048576                                   {product} {ergonomic}
    uintx GCDrainStackTargetSize                   = 64                                        {product} {ergonomic}
   size_t InitialHeapSize                          = 268435456                                 {product} {ergonomic}
   size_t MarkStackSize                            = 4194304                                   {product} {ergonomic}
   size_t MaxHeapSize                              = 2147483648                                {product} {command line}
   size_t MaxNewSize                               = 1287651328                                {product} {ergonomic}
   size_t MinHeapDeltaBytes                        = 1048576                                   {product} {ergonomic}
    uintx NonNMethodCodeHeapSize                   = 5830732                                {pd product} {ergonomic}
    uintx NonProfiledCodeHeapSize                  = 122913754                              {pd product} {ergonomic}
    uintx ProfiledCodeHeapSize                     = 122913754                              {pd product} {ergonomic}
    uintx ReservedCodeCacheSize                    = 251658240                              {pd product} {ergonomic}
     bool SegmentedCodeCache                       = true                                      {product} {ergonomic}
     bool UseCompressedClassPointers               = true                                 {lp64_product} {ergonomic}
     bool UseCompressedOops                        = true                                 {lp64_product} {ergonomic}
     bool UseG1GC                                  = true                                      {product} {ergonomic}
     bool UseLargePagesIndividualAllocation        = false                                  {pd product} {ergonomic}

Logging:
Log output configuration:
 #0: stdout all=warning uptime,level,tags
 #1: stderr all=off uptime,level,tags

Environment Variables:
PATH=C:\Program Files\Common Files\Oracle\Java\javapath;D:\xi\bin\nt;C:\ProgramData\Oracle\Java\javapath;C:\Program Files (x86)\Common Files\Intel\Shared Libraries\redist\intel64_win\compiler;C:\Program Files (x86)\Common Files\Intel\Shared Libraries\redist\ia32_win\compiler;C:\Program Files (x86)\Common Files\Intel\Shared Libraries\redist\ia32\compiler;C:\Program Files (x86)\Common Files\Intel\Shared Libraries\redist\intel64\compiler;C:\WINDOWS\system32;C:\WINDOWS;C:\WINDOWS\System32\Wbem;C:\WINDOWS\System32\WindowsPowerShell\v1.0\;C:\WINDOWS\System32\OpenSSH\;C:\Program Files\NVIDIA Corporation\NVIDIA NvDLISR;C:\Program Files\Microsoft SQL Server\130\Tools\Binn\;D:\Git\cmd;C:\Program Files (x86)\NVIDIA Corporation\PhysX\Common;C:\WINDOWS\system32;C:\WINDOWS;C:\WINDOWS\System32\Wbem;C:\WINDOWS\System32\WindowsPowerShell\v1.0\;C:\WINDOWS\System32\OpenSSH\;D:\xi\bin\nt64;C:\Program Files\Microsoft SQL Server\Client SDK\ODBC\170\Tools\Binn\;C:\Program Files\dotnet\;C:\Program Files\MySQL\MySQL Shell 8.0\bin\;C:\Users\super\AppData\Local\Microsoft\WindowsApps;C:\Users\super\AppData\Local\GitHubDesktop\bin;C:\Users\super\.dotnet\tools;D:\IntelliJ IDEA Community Edition 2022.1\bin;;D:\IntelliJ IDEA 2022.1.1\bin;
USERNAME=super
OS=Windows_NT
PROCESSOR_IDENTIFIER=Intel64 Family 6 Model 60 Stepping 3, GenuineIntel



---------------  S Y S T E M  ---------------

OS: Windows 10 , 64 bit Build 19041 (10.0.19041.1348)
OS uptime: 0 days 3:59 hours

CPU:total 4 (initial active 4) (4 cores per cpu, 1 threads per core) family 6 model 60 stepping 3 microcode 0x27, cmov, cx8, fxsr, mmx, sse, sse2, sse3, ssse3, sse4.1, sse4.2, popcnt, avx, avx2, aes, clmul, erms, lzcnt, tsc, tscinvbit, bmi1, bmi2, fma

Memory: 4k page, system-wide physical 16278M (3745M free)
TotalPageFile size 17302M (AvailPageFile size 16M)
current process WorkingSet (physical memory assigned to process): 494M, peak: 529M
current process commit charge ("private bytes"): 553M, peak: 575M

vm_info: OpenJDK 64-Bit Server VM (11.0.12+7-b1504.28-7817840) for windows-amd64 JRE (11.0.12+7-b1504.28-7817840), built on Oct 13 2021 22:12:33 by "builder" with MS VC++ 14.0 (VS2015)

END.
