#
# There is insufficient memory for the Java Runtime Environment to continue.
# Native memory allocation (malloc) failed to allocate 32744 bytes for ChunkPool::allocate
# Possible reasons:
#   The system is out of physical RAM or swap space
#   The process is running with CompressedOops enabled, and the Java Heap may be blocking the growth of the native heap
# Possible solutions:
#   Reduce memory load on the system
#   Increase physical memory or swap space
#   Check if swap backing store is full
#   Decrease Java heap size (-Xmx/-Xms)
#   Decrease number of Java threads
#   Decrease Java thread stack sizes (-Xss)
#   Set larger code cache with -XX:ReservedCodeCacheSize=
#   JVM is running with Zero Based Compressed Oops mode in which the Java heap is
#     placed in the first 32GB address space. The Java Heap base address is the
#     maximum limit for the native heap growth. Please use -XX:HeapBaseMinAddress
#     to set the Java Heap base and to place the Java Heap above 32GB virtual address.
# This output file may be truncated or incomplete.
#
#  Out of Memory Error (./src/hotspot/share/memory/arena.cpp:81), pid=7936, tid=9288
#
# JRE version: OpenJDK Runtime Environment (11.0.12+7) (build 11.0.12+7-b1504.28-7817840)
# Java VM: OpenJDK 64-Bit Server VM (11.0.12+7-b1504.28-7817840, mixed mode, tiered, compressed oops, g1 gc, windows-amd64)
# No core dump will be written. Minidumps are not enabled by default on client versions of Windows
#

---------------  S U M M A R Y ------------

Command Line: org.jetbrains.kotlin.cli.jvm.K2JVMCompiler -Xallow-no-source-files -classpath D:\AndroidDev\MyAndroidAPK\app\build\intermediates\compile_and_runtime_not_namespaced_r_class_jar\debug\R.jar;D:\android SDK\caches\transforms-2\files-2.1\3e8dc1072b3dc6d06f94c550fe8429a6\jetified-kotlin-android-extensions-runtime-1.3.72.jar;D:\android SDK\caches\transforms-2\files-2.1\edaef255ae3ef092003a6bdef3bdeb0b\jetified-core-ktx-1.1.0-api.jar;D:\android SDK\caches\transforms-2\files-2.1\b87f47617c59ac9ee181a007f480e53f\jetified-kotlin-stdlib-1.3.72.jar;D:\android SDK\caches\transforms-2\files-2.1\481f4a34bee68d86b8ce8774eb15d925\jetified-kotlin-stdlib-common-1.3.72.jar;D:\android SDK\caches\transforms-2\files-2.1\8d2026e1436f86ed1258cdda39e32916\jetified-annotations-13.0.jar;D:\android SDK\caches\transforms-2\files-2.1\c3fb832b3b85275cf341d64cfb7c86c6\appcompat-1.3.1-api.jar;D:\android SDK\caches\transforms-2\files-2.1\ae2ea4a84681815ec41169179e3a4506\fragment-1.3.6-api.jar;D:\android SDK\caches\transforms-2\files-2.1\a10e1e2686d733e3460d4df539ec0f82\jetified-activity-1.2.4-api.jar;D:\android SDK\caches\transforms-2\files-2.1\17cb7480f86c0120904dc80ae5d83640\jetified-appcompat-resources-1.3.1-api.jar;D:\android SDK\caches\transforms-2\files-2.1\4c8ff528696f7b6e27953e8d6eeb01a9\drawerlayout-1.0.0-api.jar;D:\android SDK\caches\transforms-2\files-2.1\a93c93c702050f703c78764de0b113e8\viewpager-1.0.0-api.jar;D:\android SDK\caches\transforms-2\files-2.1\7df8f94dfe2872df3e5d3da266742398\loader-1.0.0-api.jar;D:\android SDK\caches\transforms-2\files-2.1\9bb80f26171acae195bade97293151c9\vectordrawable-animated-1.1.0-api.jar;D:\android SDK\caches\transforms-2\files-2.1\f1ec0feb275f3ee75c8446afd4ec38f1\vectordrawable-1.1.0-api.jar;D:\android SDK\caches\transforms-2\files-2.1\30e4ebab8ad3b301f3b8554edbe4a242\customview-1.0.0-api.jar;D:\android SDK\caches\transforms-2\files-2.1\b4de1e8ce39be58179e3b03880756a12\core-1.5.0-api.jar;D:\android SDK\caches\transforms-2\files-2.1\259ece3e9744bf00d8af80155ee033b6\cursoradapter-1.0.0-api.jar;D:\android SDK\caches\transforms-2\files-2.1\34d9290b81545f32c8d34711d791990e\jetified-lifecycle-viewmodel-savedstate-2.3.1-api.jar;D:\android SDK\caches\transforms-2\files-2.1\098a0a91d3b05aa1cce704d405608a2a\jetified-savedstate-1.1.0-api.jar;D:\android SDK\caches\transforms-2\files-2.1\7bb6a30ed6bf9715f1039f2f9fc0e226\lifecycle-runtime-2.3.1-api.jar;D:\android SDK\caches\transforms-2\files-2.1\e54eb899e8937f6771e2c7c01a13df99\versionedparcelable-1.1.1-api.jar;D:\android SDK\caches\transforms-2\files-2.1\cd616f47ec67077631267580524c0f7f\lifecycle-viewmodel-2.3.1-api.jar;D:\android SDK\caches\modules-2\files-2.1\androidx.collection\collection\1.1.0\1f27220b47669781457de0d600849a5de0e89909\collection-1.1.0.jar;D:\android SDK\caches\transforms-2\files-2.1\5a44724d4b349bf0b4f2398d442b564a\lifecycle-livedata-2.0.0-api.jar;D:\android SDK\caches\transforms-2\files-2.1\65db0ba1c24a53d95ea50a2fc2fceaea\lifecycle-livedata-core-2.3.1-api.jar;D:\android SDK\caches\modules-2\files-2.1\androidx.lifecycle\lifecycle-common\2.3.1\fc466261d52f4433863642fb40d12441ae274a98\lifecycle-common-2.3.1.jar;D:\android SDK\caches\transforms-2\files-2.1\947525f2c1deb416f53a603246ae9627\core-runtime-2.1.0-api.jar;D:\android SDK\caches\modules-2\files-2.1\androidx.arch.core\core-common\2.1.0\b3152fc64428c9354344bd89848ecddc09b6f07e\core-common-2.1.0.jar;D:\android SDK\caches\transforms-2\files-2.1\1b7ea307c888389580ad8c51956f44bc\interpolator-1.0.0-api.jar;D:\android SDK\caches\modules-2\files-2.1\androidx.annotation\annotation\1.2.0\57136ff68ee784c6e19db34ed4a175338fadfde1\annotation-1.2.0.jar;D:\android SDK\caches\transforms-2\files-2.1\3e6856f0f3270dae4f034dbba46e4bca\jetified-annotation-experimental-1.0.0-api.jar;D:\android SDK\caches\transforms-2\files-2.1\c5e67dd2e8e2de1e696a974773473626\constraintlayout-1.1.3-api.jar;D:\android SDK\caches\modules-2\files-2.1\androidx.constraintlayout\constraintlayout-solver\1.1.3\54abe9ffb22cc9019b0b6fcc10f185cc4e67b34e\constraintlayout-solver-1.1.3.jar;D:\AndroidSDK\platforms\android-30\android.jar -d D:\AndroidDev\MyAndroidAPK\app\build\tmp\kotlin-classes\debug -Xjava-source-roots=D:\AndroidDev\MyAndroidAPK\app\build\generated\source\buildConfig\debug -module-name app_debug -no-jdk -no-reflect -no-stdlib -Xcommon-sources=D:\AndroidDev\MyAndroidAPK\app\src\main\java\com\example\myandroidapk\HelloActivity.kt -Xplugin=D:\android SDK\caches\modules-2\files-2.1\org.jetbrains.intellij.deps\trove4j\1.0.20181211\216c2e14b070f334479d800987affe4054cd563f\trove4j-1.0.20181211.jar,D:\android SDK\caches\modules-2\files-2.1\org.jetbrains.kotlin\kotlin-android-extensions\1.3.72\ecbb105a12a9766d2188f454b3bc3aab46cb80b6\kotlin-android-extensions-1.3.72.jar,D:\android SDK\caches\modules-2\files-2.1\org.jetbrains.kotlin\kotlin-compiler-embeddable\1.3.72\fb72232c8fa977d5e07d33c43381ddbdc5edab6\kotlin-compiler-embeddable-1.3.72.jar,D:\android SDK\caches\modules-2\files-2.1\org.jetbrains.kotlin\kotlin-daemon-embeddable\1.3.72\53bbaa2816dbf6bdb85f629451b1fcc88f2164d2\kotlin-daemon-embeddable-1.3.72.jar,D:\android SDK\caches\modules-2\files-2.1\org.jetbrains.kotlin\kotlin-reflect\1.3.72\86613e1a669a701b0c660bfd2af4f82a7ae11fca\kotlin-reflect-1.3.72.jar,D:\android SDK\caches\modules-2\files-2.1\org.jetbrains.kotlin\kotlin-script-runtime\1.3.72\657d8d34d91e1964b4439378c09933e840bfe8d5\kotlin-script-runtime-1.3.72.jar,D:\android SDK\caches\modules-2\files-2.1\org.jetbrains.kotlin\kotlin-stdlib-common\1.3.72\6ca8bee3d88957eaaaef077c41c908c9940492d8\kotlin-stdlib-common-1.3.72.jar,D:\android SDK\caches\modules-2\files-2.1\org.jetbrains.kotlin\kotlin-stdlib\1.3.72\8032138f12c0180bc4e51fe139d4c52b46db6109\kotlin-stdlib-1.3.72.jar,D:\android SDK\caches\modules-2\files-2.1\org.jetbrains\annotations\13.0\919f0dfe192fb4e063e7dacadee7f8bb9a2672a9\annotations-13.0.jar -P plugin:org.jetbrains.kotlin.android:configuration=rO0ABXeJAAAAAwAIZmVhdHVyZXMAAAABAA92aWV3cyxwYXJjZWxpemUAB3BhY2thZ2UAAAABABhjb20uZXhhbXBsZS5teWFuZHJvaWRhcGsAB3ZhcmlhbnQAAAABADBtYWluO0Q6XEFuZHJvaWREZXZcTXlBbmRyb2lkQVBLXGFwcFxzcmNcbWFpblxyZXM= D:\AndroidDev\MyAndroidAPK\app\src\main\java\com\example\myandroidapk\HelloActivity.kt

Host: Intel(R) Core(TM) i5-4590 CPU @ 3.30GHz, 4 cores, 15G,  Windows 10 , 64 bit Build 19041 (10.0.19041.1348)
Time: Mon Sep 12 21:25:47 2022 RTZ 2 (зима) elapsed time: 3.377546 seconds (0d 0h 0m 3s)

---------------  T H R E A D  ---------------

Current thread (0x0000023370a6c000):  JavaThread "main" [_thread_in_vm, id=9288, stack(0x000000a83da00000,0x000000a83db00000)]

Stack: [0x000000a83da00000,0x000000a83db00000]
Native frames: (J=compiled Java code, j=interpreted, Vv=VM code, C=native code)
V  [jvm.dll+0x5fbcea]
V  [jvm.dll+0x731905]
V  [jvm.dll+0x732f1d]
V  [jvm.dll+0x7335d3]
V  [jvm.dll+0x247bf8]
V  [jvm.dll+0xc041b]
V  [jvm.dll+0xc06cc]
V  [jvm.dll+0x1c8247]
V  [jvm.dll+0x1c8f65]
V  [jvm.dll+0x1c9a3a]
V  [jvm.dll+0x1bea94]
V  [jvm.dll+0x4d3bdb]
V  [jvm.dll+0x6cf38b]
V  [jvm.dll+0x3eb3b4]
V  [jvm.dll+0x3ef679]
C  [java.dll+0x19b4]

Java frames: (J=compiled Java code, j=interpreted, Vv=VM code)
J 571  java.lang.ClassLoader.defineClass1(Ljava/lang/ClassLoader;Ljava/lang/String;[BIILjava/security/ProtectionDomain;Ljava/lang/String;)Ljava/lang/Class; java.base@11.0.12 (0 bytes) @ 0x0000023307ae5e8b [0x0000023307ae5dc0+0x00000000000000cb]
J 475 c1 java.lang.ClassLoader.defineClass(Ljava/lang/String;[BIILjava/security/ProtectionDomain;)Ljava/lang/Class; java.base@11.0.12 (43 bytes) @ 0x000002330065d0fc [0x000002330065cda0+0x000000000000035c]
J 400 c1 jdk.internal.loader.BuiltinClassLoader.defineClass(Ljava/lang/String;Ljdk/internal/loader/Resource;)Ljava/lang/Class; java.base@11.0.12 (121 bytes) @ 0x0000023300636b34 [0x00000233006359c0+0x0000000000001174]
J 357 c1 jdk.internal.loader.BuiltinClassLoader.findClassOnClassPathOrNull(Ljava/lang/String;)Ljava/lang/Class; java.base@11.0.12 (64 bytes) @ 0x0000023300614534 [0x0000023300614340+0x00000000000001f4]
J 2597 c1 jdk.internal.loader.BuiltinClassLoader.loadClassOrNull(Ljava/lang/String;Z)Ljava/lang/Class; java.base@11.0.12 (143 bytes) @ 0x0000023300ad07a4 [0x0000023300acf600+0x00000000000011a4]
J 340 c1 jdk.internal.loader.ClassLoaders$AppClassLoader.loadClass(Ljava/lang/String;Z)Ljava/lang/Class; java.base@11.0.12 (40 bytes) @ 0x0000023300607c24 [0x0000023300607660+0x00000000000005c4]
J 339 c1 java.lang.ClassLoader.loadClass(Ljava/lang/String;)Ljava/lang/Class; java.base@11.0.12 (7 bytes) @ 0x00000233006072cc [0x00000233006071c0+0x000000000000010c]
v  ~StubRoutines::call_stub
j  org.jetbrains.kotlin.codegen.signature.JvmSignatureWriter.makeJvmMethodSignature(Ljava/lang/String;)Lorg/jetbrains/kotlin/resolve/jvm/jvmSignature/JvmMethodGenericSignature;+101
j  org.jetbrains.kotlin.codegen.state.KotlinTypeMapper.mapSignatureWithCustomParameters(Lorg/jetbrains/kotlin/descriptors/FunctionDescriptor;Lorg/jetbrains/kotlin/codegen/OwnerKind;Lkotlin/sequences/Sequence;Lorg/jetbrains/kotlin/types/KotlinType;ZZ)Lorg/jetbrains/kotlin/resolve/jvm/jvmSignature/JvmMethodGenericSignature;+614
j  org.jetbrains.kotlin.codegen.state.KotlinTypeMapper.mapSignature(Lorg/jetbrains/kotlin/descriptors/FunctionDescriptor;Lorg/jetbrains/kotlin/resolve/calls/model/ResolvedCall;Lorg/jetbrains/kotlin/codegen/OwnerKind;ZZ)Lorg/jetbrains/kotlin/resolve/jvm/jvmSignature/JvmMethodGenericSignature;+375
j  org.jetbrains.kotlin.codegen.state.KotlinTypeMapper.mapSignature(Lorg/jetbrains/kotlin/descriptors/FunctionDescriptor;Lorg/jetbrains/kotlin/codegen/OwnerKind;Z)Lorg/jetbrains/kotlin/resolve/jvm/jvmSignature/JvmMethodGenericSignature;+6
j  org.jetbrains.kotlin.codegen.state.KotlinTypeMapper.mapSignature(Lorg/jetbrains/kotlin/descriptors/FunctionDescriptor;)Lorg/jetbrains/kotlin/resolve/jvm/jvmSignature/JvmMethodGenericSignature;+6
j  org.jetbrains.kotlin.codegen.state.KotlinTypeMapper.mapAsmMethod(Lorg/jetbrains/kotlin/descriptors/FunctionDescriptor;)Lorg/jetbrains/org/objectweb/asm/commons/Method;+8
j  org.jetbrains.kotlin.codegen.signature.KotlinToJvmSignatureMapperImpl.mapToJvmMethodSignature(Lorg/jetbrains/kotlin/descriptors/FunctionDescriptor;)Lorg/jetbrains/org/objectweb/asm/commons/Method;+11
j  org.jetbrains.kotlin.resolve.jvm.kotlinSignature.SignaturesPropagationData.getSuperFunctionsForMethod(Lorg/jetbrains/kotlin/load/java/structure/JavaMethod;Lorg/jetbrains/kotlin/load/java/descriptors/JavaMethodDescriptor;Lorg/jetbrains/kotlin/descriptors/ClassDescriptor;)Ljava/util/List;+130
j  org.jetbrains.kotlin.resolve.jvm.kotlinSignature.SignaturesPropagationData.<init>(Lorg/jetbrains/kotlin/descriptors/ClassDescriptor;Lorg/jetbrains/kotlin/types/KotlinType;Lorg/jetbrains/kotlin/types/KotlinType;Ljava/util/List;Ljava/util/List;Lorg/jetbrains/kotlin/load/java/structure/JavaMethod;)V+137
j  org.jetbrains.kotlin.load.java.components.SignaturePropagatorImpl.resolvePropagatedSignature(Lorg/jetbrains/kotlin/load/java/structure/JavaMethod;Lorg/jetbrains/kotlin/descriptors/ClassDescriptor;Lorg/jetbrains/kotlin/types/KotlinType;Lorg/jetbrains/kotlin/types/KotlinType;Ljava/util/List;Ljava/util/List;)Lorg/jetbrains/kotlin/load/java/components/SignaturePropagator$PropagatedSignature;+55
j  org.jetbrains.kotlin.load.java.lazy.descriptors.LazyJavaClassMemberScope.resolveMethodSignature(Lorg/jetbrains/kotlin/load/java/structure/JavaMethod;Ljava/util/List;Lorg/jetbrains/kotlin/types/KotlinType;Ljava/util/List;)Lorg/jetbrains/kotlin/load/java/lazy/descriptors/LazyJavaScope$MethodSignatureData;+49
j  org.jetbrains.kotlin.load.java.lazy.descriptors.LazyJavaScope.resolveMethodToFunctionDescriptor(Lorg/jetbrains/kotlin/load/java/structure/JavaMethod;)Lorg/jetbrains/kotlin/load/java/descriptors/JavaMethodDescriptor;+243
j  org.jetbrains.kotlin.load.java.lazy.descriptors.LazyJavaScope$declaredFunctions$1.invoke(Lorg/jetbrains/kotlin/name/Name;)Ljava/util/Collection;+103
j  org.jetbrains.kotlin.load.java.lazy.descriptors.LazyJavaScope$declaredFunctions$1.invoke(Ljava/lang/Object;)Ljava/lang/Object;+5
J 3110 c1 org.jetbrains.kotlin.storage.LockBasedStorageManager$MapBasedMemoizedFunction.invoke(Ljava/lang/Object;)Ljava/lang/Object; (281 bytes) @ 0x0000023300c0c7b4 [0x0000023300c0c0c0+0x00000000000006f4]
j  org.jetbrains.kotlin.storage.LockBasedStorageManager$MapBasedMemoizedFunctionToNotNull.invoke(Ljava/lang/Object;)Ljava/lang/Object;+2
j  org.jetbrains.kotlin.load.java.lazy.descriptors.LazyJavaScope$declaredFunctions$1.invoke(Lorg/jetbrains/kotlin/name/Name;)Ljava/util/Collection;+27
j  org.jetbrains.kotlin.load.java.lazy.descriptors.LazyJavaScope$declaredFunctions$1.invoke(Ljava/lang/Object;)Ljava/lang/Object;+5
J 3110 c1 org.jetbrains.kotlin.storage.LockBasedStorageManager$MapBasedMemoizedFunction.invoke(Ljava/lang/Object;)Ljava/lang/Object; (281 bytes) @ 0x0000023300c0c7b4 [0x0000023300c0c0c0+0x00000000000006f4]
j  org.jetbrains.kotlin.storage.LockBasedStorageManager$MapBasedMemoizedFunctionToNotNull.invoke(Ljava/lang/Object;)Ljava/lang/Object;+2
j  org.jetbrains.kotlin.load.java.lazy.descriptors.LazyJavaScope$functions$1.invoke(Lorg/jetbrains/kotlin/name/Name;)Ljava/util/List;+18
j  org.jetbrains.kotlin.load.java.lazy.descriptors.LazyJavaScope$functions$1.invoke(Ljava/lang/Object;)Ljava/lang/Object;+5
J 3110 c1 org.jetbrains.kotlin.storage.LockBasedStorageManager$MapBasedMemoizedFunction.invoke(Ljava/lang/Object;)Ljava/lang/Object; (281 bytes) @ 0x0000023300c0c7b4 [0x0000023300c0c0c0+0x00000000000006f4]
j  org.jetbrains.kotlin.storage.LockBasedStorageManager$MapBasedMemoizedFunctionToNotNull.invoke(Ljava/lang/Object;)Ljava/lang/Object;+2
j  org.jetbrains.kotlin.load.java.lazy.descriptors.LazyJavaScope.getContributedFunctions(Lorg/jetbrains/kotlin/name/Name;Lorg/jetbrains/kotlin/incremental/components/LookupLocation;)Ljava/util/Collection;+39
j  org.jetbrains.kotlin.load.java.lazy.descriptors.LazyJavaClassMemberScope.getContributedFunctions(Lorg/jetbrains/kotlin/name/Name;Lorg/jetbrains/kotlin/incremental/components/LookupLocation;)Ljava/util/Collection;+23
j  org.jetbrains.kotlin.load.java.lazy.descriptors.LazyJavaClassMemberScope.getFunctionsFromSupertypes(Lorg/jetbrains/kotlin/name/Name;)Ljava/util/Set;+71
j  org.jetbrains.kotlin.load.java.lazy.descriptors.LazyJavaClassMemberScope.computeNonDeclaredFunctions(Ljava/util/Collection;Lorg/jetbrains/kotlin/name/Name;)V+16
j  org.jetbrains.kotlin.load.java.lazy.descriptors.LazyJavaScope$functions$1.invoke(Lorg/jetbrains/kotlin/name/Name;)Ljava/util/List;+46
j  org.jetbrains.kotlin.load.java.lazy.descriptors.LazyJavaScope$functions$1.invoke(Ljava/lang/Object;)Ljava/lang/Object;+5
J 3110 c1 org.jetbrains.kotlin.storage.LockBasedStorageManager$MapBasedMemoizedFunction.invoke(Ljava/lang/Object;)Ljava/lang/Object; (281 bytes) @ 0x0000023300c0c7b4 [0x0000023300c0c0c0+0x00000000000006f4]
j  org.jetbrains.kotlin.storage.LockBasedStorageManager$MapBasedMemoizedFunctionToNotNull.invoke(Ljava/lang/Object;)Ljava/lang/Object;+2
j  org.jetbrains.kotlin.load.java.lazy.descriptors.LazyJavaScope.getContributedFunctions(Lorg/jetbrains/kotlin/name/Name;Lorg/jetbrains/kotlin/incremental/components/LookupLocation;)Ljava/util/Collection;+39
j  org.jetbrains.kotlin.load.java.lazy.descriptors.LazyJavaClassMemberScope.getContributedFunctions(Lorg/jetbrains/kotlin/name/Name;Lorg/jetbrains/kotlin/incremental/components/LookupLocation;)Ljava/util/Collection;+23
j  org.jetbrains.kotlin.load.java.lazy.descriptors.LazyJavaClassMemberScope.getFunctionsFromSupertypes(Lorg/jetbrains/kotlin/name/Name;)Ljava/util/Set;+71
j  org.jetbrains.kotlin.load.java.lazy.descriptors.LazyJavaClassMemberScope.computeNonDeclaredFunctions(Ljava/util/Collection;Lorg/jetbrains/kotlin/name/Name;)V+16
j  org.jetbrains.kotlin.load.java.lazy.descriptors.LazyJavaScope$functions$1.invoke(Lorg/jetbrains/kotlin/name/Name;)Ljava/util/List;+46
j  org.jetbrains.kotlin.load.java.lazy.descriptors.LazyJavaScope$functions$1.invoke(Ljava/lang/Object;)Ljava/lang/Object;+5
J 3110 c1 org.jetbrains.kotlin.storage.LockBasedStorageManager$MapBasedMemoizedFunction.invoke(Ljava/lang/Object;)Ljava/lang/Object; (281 bytes) @ 0x0000023300c0c7b4 [0x0000023300c0c0c0+0x00000000000006f4]
j  org.jetbrains.kotlin.storage.LockBasedStorageManager$MapBasedMemoizedFunctionToNotNull.invoke(Ljava/lang/Object;)Ljava/lang/Object;+2
j  org.jetbrains.kotlin.load.java.lazy.descriptors.LazyJavaScope.getContributedFunctions(Lorg/jetbrains/kotlin/name/Name;Lorg/jetbrains/kotlin/incremental/components/LookupLocation;)Ljava/util/Collection;+39
j  org.jetbrains.kotlin.load.java.lazy.descriptors.LazyJavaClassMemberScope.getContributedFunctions(Lorg/jetbrains/kotlin/name/Name;Lorg/jetbrains/kotlin/incremental/components/LookupLocation;)Ljava/util/Collection;+23
j  org.jetbrains.kotlin.load.java.lazy.descriptors.LazyJavaScope.computeDescriptors(Lorg/jetbrains/kotlin/resolve/scopes/DescriptorKindFilter;Lkotlin/jvm/functions/Function1;)Ljava/util/List;+202
j  org.jetbrains.kotlin.load.java.lazy.descriptors.LazyJavaScope$allDescriptors$1.invoke()Ljava/util/List;+13
j  org.jetbrains.kotlin.load.java.lazy.descriptors.LazyJavaScope$allDescriptors$1.invoke()Ljava/lang/Object;+1
J 2976 c1 org.jetbrains.kotlin.storage.LockBasedStorageManager$LockBasedLazyValue.invoke()Ljava/lang/Object; (257 bytes) @ 0x0000023300bc7394 [0x0000023300bc6c00+0x0000000000000794]
J 2978 c1 org.jetbrains.kotlin.storage.LockBasedStorageManager$LockBasedNotNullLazyValue.invoke()Ljava/lang/Object; (35 bytes) @ 0x0000023300bc93d4 [0x0000023300bc9360+0x0000000000000074]
j  org.jetbrains.kotlin.load.java.lazy.descriptors.LazyJavaScope.getContributedDescriptors(Lorg/jetbrains/kotlin/resolve/scopes/DescriptorKindFilter;Lkotlin/jvm/functions/Function1;)Ljava/util/Collection;+18
j  org.jetbrains.kotlin.resolve.scopes.ResolutionScope$DefaultImpls.getContributedDescriptors$default(Lorg/jetbrains/kotlin/resolve/scopes/ResolutionScope;Lorg/jetbrains/kotlin/resolve/scopes/DescriptorKindFilter;Lkotlin/jvm/functions/Function1;ILjava/lang/Object;)Ljava/util/Collection;+41
j  org.jetbrains.kotlin.resolve.lazy.descriptors.LazyClassMemberScope.computeExtraDescriptors(Lorg/jetbrains/kotlin/incremental/components/LookupLocation;)Ljava/util/Collection;+54
j  org.jetbrains.kotlin.resolve.lazy.descriptors.LazyClassMemberScope$extraDescriptors$1.invoke()Ljava/util/Collection;+10
j  org.jetbrains.kotlin.resolve.lazy.descriptors.LazyClassMemberScope$extraDescriptors$1.invoke()Ljava/lang/Object;+1
J 2976 c1 org.jetbrains.kotlin.storage.LockBasedStorageManager$LockBasedLazyValue.invoke()Ljava/lang/Object; (257 bytes) @ 0x0000023300bc7394 [0x0000023300bc6c00+0x0000000000000794]
J 2978 c1 org.jetbrains.kotlin.storage.LockBasedStorageManager$LockBasedNotNullLazyValue.invoke()Ljava/lang/Object; (35 bytes) @ 0x0000023300bc93d4 [0x0000023300bc9360+0x0000000000000074]
j  org.jetbrains.kotlin.resolve.lazy.descriptors.LazyClassMemberScope.getContributedDescriptors(Lorg/jetbrains/kotlin/resolve/scopes/DescriptorKindFilter;Lkotlin/jvm/functions/Function1;)Ljava/util/Collection;+37
j  org.jetbrains.kotlin.resolve.DescriptorUtils.getAllDescriptors(Lorg/jetbrains/kotlin/resolve/scopes/MemberScope;)Ljava/util/Collection;+19
j  org.jetbrains.kotlin.resolve.lazy.descriptors.LazyClassDescriptor.resolveMemberHeaders()V+73
j  org.jetbrains.kotlin.resolve.LazyTopDownAnalyzer.resolveAllHeadersInClasses(Lorg/jetbrains/kotlin/resolve/TopDownAnalysisContext;)V+48
j  org.jetbrains.kotlin.resolve.LazyTopDownAnalyzer.analyzeDeclarations(Lorg/jetbrains/kotlin/resolve/TopDownAnalysisMode;Ljava/util/Collection;Lorg/jetbrains/kotlin/resolve/calls/smartcasts/DataFlowInfo;)Lorg/jetbrains/kotlin/resolve/TopDownAnalysisContext;+251
j  org.jetbrains.kotlin.resolve.LazyTopDownAnalyzer.analyzeDeclarations$default(Lorg/jetbrains/kotlin/resolve/LazyTopDownAnalyzer;Lorg/jetbrains/kotlin/resolve/TopDownAnalysisMode;Ljava/util/Collection;Lorg/jetbrains/kotlin/resolve/calls/smartcasts/DataFlowInfo;ILjava/lang/Object;)Lorg/jetbrains/kotlin/resolve/TopDownAnalysisContext;+18
j  org.jetbrains.kotlin.cli.jvm.compiler.TopDownAnalyzerFacadeForJVM.analyzeFilesWithJavaIntegration(Lorg/jetbrains/kotlin/com/intellij/openapi/project/Project;Ljava/util/Collection;Lorg/jetbrains/kotlin/resolve/BindingTrace;Lorg/jetbrains/kotlin/config/CompilerConfiguration;Lkotlin/jvm/functions/Function1;Lkotlin/jvm/functions/Function2;Lorg/jetbrains/kotlin/com/intellij/psi/search/GlobalSearchScope;)Lorg/jetbrains/kotlin/analyzer/AnalysisResult;+249
j  org.jetbrains.kotlin.cli.jvm.compiler.TopDownAnalyzerFacadeForJVM.analyzeFilesWithJavaIntegration$default(Lorg/jetbrains/kotlin/com/intellij/openapi/project/Project;Ljava/util/Collection;Lorg/jetbrains/kotlin/resolve/BindingTrace;Lorg/jetbrains/kotlin/config/CompilerConfiguration;Lkotlin/jvm/functions/Function1;Lkotlin/jvm/functions/Function2;Lorg/jetbrains/kotlin/com/intellij/psi/search/GlobalSearchScope;ILjava/lang/Object;)Lorg/jetbrains/kotlin/analyzer/AnalysisResult;+44
j  org.jetbrains.kotlin.cli.jvm.compiler.KotlinToJVMBytecodeCompiler$analyze$1.invoke()Lorg/jetbrains/kotlin/analyzer/AnalysisResult;+280
j  org.jetbrains.kotlin.cli.jvm.compiler.KotlinToJVMBytecodeCompiler$analyze$1.invoke()Ljava/lang/Object;+1
j  org.jetbrains.kotlin.cli.common.messages.AnalyzerWithCompilerReport.analyzeAndReport(Ljava/util/Collection;Lkotlin/jvm/functions/Function0;)V+16
j  org.jetbrains.kotlin.cli.jvm.compiler.KotlinToJVMBytecodeCompiler.analyze(Lorg/jetbrains/kotlin/cli/jvm/compiler/KotlinCoreEnvironment;Ljava/lang/String;)Lorg/jetbrains/kotlin/analyzer/AnalysisResult;+83
j  org.jetbrains.kotlin.cli.jvm.compiler.KotlinToJVMBytecodeCompiler.compileModules$cli(Lorg/jetbrains/kotlin/cli/jvm/compiler/KotlinCoreEnvironment;Ljava/io/File;Ljava/util/List;)Z+208
j  org.jetbrains.kotlin.cli.jvm.K2JVMCompiler.doExecute(Lorg/jetbrains/kotlin/cli/common/arguments/K2JVMCompilerArguments;Lorg/jetbrains/kotlin/config/CompilerConfiguration;Lorg/jetbrains/kotlin/com/intellij/openapi/Disposable;Lorg/jetbrains/kotlin/utils/KotlinPaths;)Lorg/jetbrains/kotlin/cli/common/ExitCode;+1023
j  org.jetbrains.kotlin.cli.jvm.K2JVMCompiler.doExecute(Lorg/jetbrains/kotlin/cli/common/arguments/CommonCompilerArguments;Lorg/jetbrains/kotlin/config/CompilerConfiguration;Lorg/jetbrains/kotlin/com/intellij/openapi/Disposable;Lorg/jetbrains/kotlin/utils/KotlinPaths;)Lorg/jetbrains/kotlin/cli/common/ExitCode;+9
j  org.jetbrains.kotlin.cli.common.CLICompiler.execImpl(Lorg/jetbrains/kotlin/cli/common/messages/MessageCollector;Lorg/jetbrains/kotlin/config/Services;Lorg/jetbrains/kotlin/cli/common/arguments/CommonCompilerArguments;)Lorg/jetbrains/kotlin/cli/common/ExitCode;+191
j  org.jetbrains.kotlin.cli.common.CLICompiler.execImpl(Lorg/jetbrains/kotlin/cli/common/messages/MessageCollector;Lorg/jetbrains/kotlin/config/Services;Lorg/jetbrains/kotlin/cli/common/arguments/CommonToolArguments;)Lorg/jetbrains/kotlin/cli/common/ExitCode;+7
j  org.jetbrains.kotlin.cli.common.CLITool.exec(Lorg/jetbrains/kotlin/cli/common/messages/MessageCollector;Lorg/jetbrains/kotlin/config/Services;Lorg/jetbrains/kotlin/cli/common/arguments/CommonToolArguments;)Lorg/jetbrains/kotlin/cli/common/ExitCode;+76
j  org.jetbrains.kotlin.cli.common.CLITool.exec(Ljava/io/PrintStream;Lorg/jetbrains/kotlin/config/Services;Lorg/jetbrains/kotlin/cli/common/messages/MessageRenderer;[Ljava/lang/String;)Lorg/jetbrains/kotlin/cli/common/ExitCode;+209
j  org.jetbrains.kotlin.cli.common.CLITool.exec(Ljava/io/PrintStream;[Ljava/lang/String;)Lorg/jetbrains/kotlin/cli/common/ExitCode;+152
j  org.jetbrains.kotlin.cli.common.CLITool$Companion.doMainNoExit(Lorg/jetbrains/kotlin/cli/common/CLITool;[Ljava/lang/String;)Lorg/jetbrains/kotlin/cli/common/ExitCode;+32
j  org.jetbrains.kotlin.cli.common.CLITool$Companion.doMain(Lorg/jetbrains/kotlin/cli/common/CLITool;[Ljava/lang/String;)V+53
j  org.jetbrains.kotlin.cli.jvm.K2JVMCompiler$Companion.main([Ljava/lang/String;)V+20
j  org.jetbrains.kotlin.cli.jvm.K2JVMCompiler.main([Ljava/lang/String;)V+4
v  ~StubRoutines::call_stub

---------------  P R O C E S S  ---------------

Threads class SMR info:
_java_thread_list=0x0000023313377f90, length=11, elements={
0x0000023370a6c000, 0x00000233111d1000, 0x00000233111fe000, 0x0000023311ada800,
0x0000023311adb800, 0x0000023311add000, 0x0000023311ae0000, 0x0000023311ae6800,
0x0000023311b37800, 0x0000023311c66000, 0x0000023313337000
}

Java Threads: ( => current thread )
=>0x0000023370a6c000 JavaThread "main" [_thread_in_vm, id=9288, stack(0x000000a83da00000,0x000000a83db00000)]
  0x00000233111d1000 JavaThread "Reference Handler" daemon [_thread_blocked, id=10372, stack(0x000000a83e100000,0x000000a83e200000)]
  0x00000233111fe000 JavaThread "Finalizer" daemon [_thread_blocked, id=5804, stack(0x000000a83e200000,0x000000a83e300000)]
  0x0000023311ada800 JavaThread "Signal Dispatcher" daemon [_thread_blocked, id=13796, stack(0x000000a83e300000,0x000000a83e400000)]
  0x0000023311adb800 JavaThread "Attach Listener" daemon [_thread_blocked, id=13028, stack(0x000000a83e400000,0x000000a83e500000)]
  0x0000023311add000 JavaThread "Service Thread" daemon [_thread_blocked, id=16484, stack(0x000000a83e500000,0x000000a83e600000)]
  0x0000023311ae0000 JavaThread "C2 CompilerThread0" daemon [_thread_in_native, id=15376, stack(0x000000a83e600000,0x000000a83e700000)]
  0x0000023311ae6800 JavaThread "C1 CompilerThread0" daemon [_thread_blocked, id=5848, stack(0x000000a83e700000,0x000000a83e800000)]
  0x0000023311b37800 JavaThread "Sweeper thread" daemon [_thread_blocked, id=13656, stack(0x000000a83e800000,0x000000a83e900000)]
  0x0000023311c66000 JavaThread "Common-Cleaner" daemon [_thread_blocked, id=2112, stack(0x000000a83ea00000,0x000000a83eb00000)]
  0x0000023313337000 JavaThread "C2 CompilerThread1" daemon [_thread_in_native, id=13424, stack(0x000000a83eb00000,0x000000a83ec00000)]

Other Threads:
  0x00000233111d0800 VMThread "VM Thread" [stack: 0x000000a83e000000,0x000000a83e100000] [id=11672]
  0x0000023311c59800 WatcherThread [stack: 0x000000a83e900000,0x000000a83ea00000] [id=7448]
  0x0000023370a7e800 GCTaskThread "GC Thread#0" [stack: 0x000000a83db00000,0x000000a83dc00000] [id=3456]
  0x0000023312176800 GCTaskThread "GC Thread#1" [stack: 0x000000a83ec00000,0x000000a83ed00000] [id=16784]
  0x0000023312177000 GCTaskThread "GC Thread#2" [stack: 0x000000a83ed00000,0x000000a83ee00000] [id=1856]
  0x0000023312237800 GCTaskThread "GC Thread#3" [stack: 0x000000a83ee00000,0x000000a83ef00000] [id=12712]
  0x0000023370ada800 ConcurrentGCThread "G1 Main Marker" [stack: 0x000000a83dc00000,0x000000a83dd00000] [id=14532]
  0x0000023370adc000 ConcurrentGCThread "G1 Conc#0" [stack: 0x000000a83dd00000,0x000000a83de00000] [id=11564]
  0x00000233110aa800 ConcurrentGCThread "G1 Refine#0" [stack: 0x000000a83de00000,0x000000a83df00000] [id=6236]
  0x00000233110ab800 ConcurrentGCThread "G1 Young RemSet Sampling" [stack: 0x000000a83df00000,0x000000a83e000000] [id=3400]

Threads with active compile tasks:
C2 CompilerThread0   3386 2760       4       java.lang.ClassLoader::loadClass (7 bytes)
C2 CompilerThread1   3386 3059   !   4       jdk.internal.loader.BuiltinClassLoader::findClassOnClassPathOrNull (64 bytes)

VM state:not at safepoint (normal execution)

VM Mutex/Monitor currently owned by a thread: None

Heap address: 0x0000000701a00000, size: 4070 MB, Compressed Oops mode: Zero based, Oop shift amount: 3
Narrow klass base: 0x0000000800000000, Narrow klass shift: 0
Compressed class space size: 1073741824 Address: 0x0000000800000000

Heap:
 garbage-first heap   total 262144K, used 59392K [0x0000000701a00000, 0x0000000800000000)
  region size 1024K, 42 young (43008K), 2 survivors (2048K)
 Metaspace       used 43691K, capacity 44134K, committed 44412K, reserved 1087488K
  class space    used 5275K, capacity 5430K, committed 5500K, reserved 1048576K
Heap Regions: E=young(eden), S=young(survivor), O=old, HS=humongous(starts), HC=humongous(continues), CS=collection set, F=free, A=archive, TAMS=top-at-mark-start (previous, next)
|   0|0x0000000701a00000, 0x0000000701b00000, 0x0000000701b00000|100%|HS|  |TAMS 0x0000000701b00000, 0x0000000701a00000| Complete 
|   1|0x0000000701b00000, 0x0000000701c00000, 0x0000000701c00000|100%|HC|  |TAMS 0x0000000701c00000, 0x0000000701b00000| Complete 
|   2|0x0000000701c00000, 0x0000000701d00000, 0x0000000701d00000|100%|HC|  |TAMS 0x0000000701d00000, 0x0000000701c00000| Complete 
|   3|0x0000000701d00000, 0x0000000701e00000, 0x0000000701e00000|100%| O|  |TAMS 0x0000000701e00000, 0x0000000701d00000| Untracked 
|   4|0x0000000701e00000, 0x0000000701f00000, 0x0000000701f00000|100%| O|  |TAMS 0x0000000701f00000, 0x0000000701e00000| Untracked 
|   5|0x0000000701f00000, 0x0000000702000000, 0x0000000702000000|100%|HS|  |TAMS 0x0000000702000000, 0x0000000701f00000| Complete 
|   6|0x0000000702000000, 0x0000000702100000, 0x0000000702100000|100%|HC|  |TAMS 0x0000000702100000, 0x0000000702000000| Complete 
|   7|0x0000000702100000, 0x0000000702200000, 0x0000000702200000|100%| O|  |TAMS 0x0000000702200000, 0x0000000702100000| Untracked 
|   8|0x0000000702200000, 0x0000000702300000, 0x0000000702300000|100%| O|  |TAMS 0x0000000702300000, 0x0000000702200000| Untracked 
|   9|0x0000000702300000, 0x0000000702400000, 0x0000000702400000|100%| O|  |TAMS 0x0000000702400000, 0x0000000702300000| Untracked 
|  10|0x0000000702400000, 0x0000000702500000, 0x0000000702500000|100%| O|  |TAMS 0x0000000702500000, 0x0000000702400000| Untracked 
|  11|0x0000000702500000, 0x0000000702600000, 0x0000000702600000|100%| O|  |TAMS 0x0000000702600000, 0x0000000702500000| Untracked 
|  12|0x0000000702600000, 0x0000000702700000, 0x0000000702700000|100%| O|  |TAMS 0x0000000702700000, 0x0000000702600000| Untracked 
|  13|0x0000000702700000, 0x0000000702800000, 0x0000000702800000|100%| O|  |TAMS 0x0000000702800000, 0x0000000702700000| Untracked 
|  14|0x0000000702800000, 0x0000000702900000, 0x0000000702900000|100%| O|  |TAMS 0x0000000702900000, 0x0000000702800000| Untracked 
|  15|0x0000000702900000, 0x0000000702a00000, 0x0000000702a00000|100%| O|  |TAMS 0x0000000702a00000, 0x0000000702900000| Untracked 
|  16|0x0000000702a00000, 0x0000000702b00000, 0x0000000702b00000|100%| O|  |TAMS 0x0000000702b00000, 0x0000000702a00000| Untracked 
|  17|0x0000000702b00000, 0x0000000702b00000, 0x0000000702c00000|  0%| F|  |TAMS 0x0000000702b00000, 0x0000000702b00000| Untracked 
|  18|0x0000000702c00000, 0x0000000702c00000, 0x0000000702d00000|  0%| F|  |TAMS 0x0000000702c00000, 0x0000000702c00000| Untracked 
|  19|0x0000000702d00000, 0x0000000702d00000, 0x0000000702e00000|  0%| F|  |TAMS 0x0000000702d00000, 0x0000000702d00000| Untracked 
|  20|0x0000000702e00000, 0x0000000702e00000, 0x0000000702f00000|  0%| F|  |TAMS 0x0000000702e00000, 0x0000000702e00000| Untracked 
|  21|0x0000000702f00000, 0x0000000702f00000, 0x0000000703000000|  0%| F|  |TAMS 0x0000000702f00000, 0x0000000702f00000| Untracked 
|  22|0x0000000703000000, 0x0000000703000000, 0x0000000703100000|  0%| F|  |TAMS 0x0000000703000000, 0x0000000703000000| Untracked 
|  23|0x0000000703100000, 0x0000000703100000, 0x0000000703200000|  0%| F|  |TAMS 0x0000000703100000, 0x0000000703100000| Untracked 
|  24|0x0000000703200000, 0x0000000703200000, 0x0000000703300000|  0%| F|  |TAMS 0x0000000703200000, 0x0000000703200000| Untracked 
|  25|0x0000000703300000, 0x0000000703300000, 0x0000000703400000|  0%| F|  |TAMS 0x0000000703300000, 0x0000000703300000| Untracked 
|  26|0x0000000703400000, 0x0000000703400000, 0x0000000703500000|  0%| F|  |TAMS 0x0000000703400000, 0x0000000703400000| Untracked 
|  27|0x0000000703500000, 0x0000000703500000, 0x0000000703600000|  0%| F|  |TAMS 0x0000000703500000, 0x0000000703500000| Untracked 
|  28|0x0000000703600000, 0x0000000703600000, 0x0000000703700000|  0%| F|  |TAMS 0x0000000703600000, 0x0000000703600000| Untracked 
|  29|0x0000000703700000, 0x0000000703700000, 0x0000000703800000|  0%| F|  |TAMS 0x0000000703700000, 0x0000000703700000| Untracked 
|  30|0x0000000703800000, 0x0000000703800000, 0x0000000703900000|  0%| F|  |TAMS 0x0000000703800000, 0x0000000703800000| Untracked 
|  31|0x0000000703900000, 0x0000000703900000, 0x0000000703a00000|  0%| F|  |TAMS 0x0000000703900000, 0x0000000703900000| Untracked 
|  32|0x0000000703a00000, 0x0000000703a00000, 0x0000000703b00000|  0%| F|  |TAMS 0x0000000703a00000, 0x0000000703a00000| Untracked 
|  33|0x0000000703b00000, 0x0000000703b00000, 0x0000000703c00000|  0%| F|  |TAMS 0x0000000703b00000, 0x0000000703b00000| Untracked 
|  34|0x0000000703c00000, 0x0000000703c00000, 0x0000000703d00000|  0%| F|  |TAMS 0x0000000703c00000, 0x0000000703c00000| Untracked 
|  35|0x0000000703d00000, 0x0000000703d00000, 0x0000000703e00000|  0%| F|  |TAMS 0x0000000703d00000, 0x0000000703d00000| Untracked 
|  36|0x0000000703e00000, 0x0000000703e00000, 0x0000000703f00000|  0%| F|  |TAMS 0x0000000703e00000, 0x0000000703e00000| Untracked 
|  37|0x0000000703f00000, 0x0000000703f00000, 0x0000000704000000|  0%| F|  |TAMS 0x0000000703f00000, 0x0000000703f00000| Untracked 
|  38|0x0000000704000000, 0x0000000704000000, 0x0000000704100000|  0%| F|  |TAMS 0x0000000704000000, 0x0000000704000000| Untracked 
|  39|0x0000000704100000, 0x0000000704100000, 0x0000000704200000|  0%| F|  |TAMS 0x0000000704100000, 0x0000000704100000| Untracked 
|  40|0x0000000704200000, 0x0000000704200000, 0x0000000704300000|  0%| F|  |TAMS 0x0000000704200000, 0x0000000704200000| Untracked 
|  41|0x0000000704300000, 0x0000000704300000, 0x0000000704400000|  0%| F|  |TAMS 0x0000000704300000, 0x0000000704300000| Untracked 
|  42|0x0000000704400000, 0x0000000704400000, 0x0000000704500000|  0%| F|  |TAMS 0x0000000704400000, 0x0000000704400000| Untracked 
|  43|0x0000000704500000, 0x0000000704500000, 0x0000000704600000|  0%| F|  |TAMS 0x0000000704500000, 0x0000000704500000| Untracked 
|  44|0x0000000704600000, 0x0000000704600000, 0x0000000704700000|  0%| F|  |TAMS 0x0000000704600000, 0x0000000704600000| Untracked 
|  45|0x0000000704700000, 0x0000000704700000, 0x0000000704800000|  0%| F|  |TAMS 0x0000000704700000, 0x0000000704700000| Untracked 
|  46|0x0000000704800000, 0x0000000704800000, 0x0000000704900000|  0%| F|  |TAMS 0x0000000704800000, 0x0000000704800000| Untracked 
|  47|0x0000000704900000, 0x0000000704900000, 0x0000000704a00000|  0%| F|  |TAMS 0x0000000704900000, 0x0000000704900000| Untracked 
|  48|0x0000000704a00000, 0x0000000704a00000, 0x0000000704b00000|  0%| F|  |TAMS 0x0000000704a00000, 0x0000000704a00000| Untracked 
|  49|0x0000000704b00000, 0x0000000704b00000, 0x0000000704c00000|  0%| F|  |TAMS 0x0000000704b00000, 0x0000000704b00000| Untracked 
|  50|0x0000000704c00000, 0x0000000704c00000, 0x0000000704d00000|  0%| F|  |TAMS 0x0000000704c00000, 0x0000000704c00000| Untracked 
|  51|0x0000000704d00000, 0x0000000704d00000, 0x0000000704e00000|  0%| F|  |TAMS 0x0000000704d00000, 0x0000000704d00000| Untracked 
|  52|0x0000000704e00000, 0x0000000704e00000, 0x0000000704f00000|  0%| F|  |TAMS 0x0000000704e00000, 0x0000000704e00000| Untracked 
|  53|0x0000000704f00000, 0x0000000704f00000, 0x0000000705000000|  0%| F|  |TAMS 0x0000000704f00000, 0x0000000704f00000| Untracked 
|  54|0x0000000705000000, 0x0000000705000000, 0x0000000705100000|  0%| F|  |TAMS 0x0000000705000000, 0x0000000705000000| Untracked 
|  55|0x0000000705100000, 0x0000000705100000, 0x0000000705200000|  0%| F|  |TAMS 0x0000000705100000, 0x0000000705100000| Untracked 
|  56|0x0000000705200000, 0x0000000705200000, 0x0000000705300000|  0%| F|  |TAMS 0x0000000705200000, 0x0000000705200000| Untracked 
|  57|0x0000000705300000, 0x0000000705300000, 0x0000000705400000|  0%| F|  |TAMS 0x0000000705300000, 0x0000000705300000| Untracked 
|  58|0x0000000705400000, 0x0000000705400000, 0x0000000705500000|  0%| F|  |TAMS 0x0000000705400000, 0x0000000705400000| Untracked 
|  59|0x0000000705500000, 0x0000000705500000, 0x0000000705600000|  0%| F|  |TAMS 0x0000000705500000, 0x0000000705500000| Untracked 
|  60|0x0000000705600000, 0x0000000705600000, 0x0000000705700000|  0%| F|  |TAMS 0x0000000705600000, 0x0000000705600000| Untracked 
|  61|0x0000000705700000, 0x0000000705700000, 0x0000000705800000|  0%| F|  |TAMS 0x0000000705700000, 0x0000000705700000| Untracked 
|  62|0x0000000705800000, 0x0000000705800000, 0x0000000705900000|  0%| F|  |TAMS 0x0000000705800000, 0x0000000705800000| Untracked 
|  63|0x0000000705900000, 0x0000000705900000, 0x0000000705a00000|  0%| F|  |TAMS 0x0000000705900000, 0x0000000705900000| Untracked 
|  64|0x0000000705a00000, 0x0000000705a00000, 0x0000000705b00000|  0%| F|  |TAMS 0x0000000705a00000, 0x0000000705a00000| Untracked 
|  65|0x0000000705b00000, 0x0000000705b00000, 0x0000000705c00000|  0%| F|  |TAMS 0x0000000705b00000, 0x0000000705b00000| Untracked 
|  66|0x0000000705c00000, 0x0000000705c00000, 0x0000000705d00000|  0%| F|  |TAMS 0x0000000705c00000, 0x0000000705c00000| Untracked 
|  67|0x0000000705d00000, 0x0000000705d00000, 0x0000000705e00000|  0%| F|  |TAMS 0x0000000705d00000, 0x0000000705d00000| Untracked 
|  68|0x0000000705e00000, 0x0000000705e00000, 0x0000000705f00000|  0%| F|  |TAMS 0x0000000705e00000, 0x0000000705e00000| Untracked 
|  69|0x0000000705f00000, 0x0000000705f00000, 0x0000000706000000|  0%| F|  |TAMS 0x0000000705f00000, 0x0000000705f00000| Untracked 
|  70|0x0000000706000000, 0x0000000706000000, 0x0000000706100000|  0%| F|  |TAMS 0x0000000706000000, 0x0000000706000000| Untracked 
|  71|0x0000000706100000, 0x0000000706100000, 0x0000000706200000|  0%| F|  |TAMS 0x0000000706100000, 0x0000000706100000| Untracked 
|  72|0x0000000706200000, 0x0000000706200000, 0x0000000706300000|  0%| F|  |TAMS 0x0000000706200000, 0x0000000706200000| Untracked 
|  73|0x0000000706300000, 0x0000000706300000, 0x0000000706400000|  0%| F|  |TAMS 0x0000000706300000, 0x0000000706300000| Untracked 
|  74|0x0000000706400000, 0x0000000706400000, 0x0000000706500000|  0%| F|  |TAMS 0x0000000706400000, 0x0000000706400000| Untracked 
|  75|0x0000000706500000, 0x0000000706500000, 0x0000000706600000|  0%| F|  |TAMS 0x0000000706500000, 0x0000000706500000| Untracked 
|  76|0x0000000706600000, 0x0000000706600000, 0x0000000706700000|  0%| F|  |TAMS 0x0000000706600000, 0x0000000706600000| Untracked 
|  77|0x0000000706700000, 0x0000000706700000, 0x0000000706800000|  0%| F|  |TAMS 0x0000000706700000, 0x0000000706700000| Untracked 
|  78|0x0000000706800000, 0x0000000706800000, 0x0000000706900000|  0%| F|  |TAMS 0x0000000706800000, 0x0000000706800000| Untracked 
|  79|0x0000000706900000, 0x0000000706900000, 0x0000000706a00000|  0%| F|  |TAMS 0x0000000706900000, 0x0000000706900000| Untracked 
|  80|0x0000000706a00000, 0x0000000706a00000, 0x0000000706b00000|  0%| F|  |TAMS 0x0000000706a00000, 0x0000000706a00000| Untracked 
|  81|0x0000000706b00000, 0x0000000706b00000, 0x0000000706c00000|  0%| F|  |TAMS 0x0000000706b00000, 0x0000000706b00000| Untracked 
|  82|0x0000000706c00000, 0x0000000706c00000, 0x0000000706d00000|  0%| F|  |TAMS 0x0000000706c00000, 0x0000000706c00000| Untracked 
|  83|0x0000000706d00000, 0x0000000706d00000, 0x0000000706e00000|  0%| F|  |TAMS 0x0000000706d00000, 0x0000000706d00000| Untracked 
|  84|0x0000000706e00000, 0x0000000706e00000, 0x0000000706f00000|  0%| F|  |TAMS 0x0000000706e00000, 0x0000000706e00000| Untracked 
|  85|0x0000000706f00000, 0x0000000706f00000, 0x0000000707000000|  0%| F|  |TAMS 0x0000000706f00000, 0x0000000706f00000| Untracked 
|  86|0x0000000707000000, 0x0000000707000000, 0x0000000707100000|  0%| F|  |TAMS 0x0000000707000000, 0x0000000707000000| Untracked 
|  87|0x0000000707100000, 0x0000000707100000, 0x0000000707200000|  0%| F|  |TAMS 0x0000000707100000, 0x0000000707100000| Untracked 
|  88|0x0000000707200000, 0x0000000707200000, 0x0000000707300000|  0%| F|  |TAMS 0x0000000707200000, 0x0000000707200000| Untracked 
|  89|0x0000000707300000, 0x0000000707300000, 0x0000000707400000|  0%| F|  |TAMS 0x0000000707300000, 0x0000000707300000| Untracked 
|  90|0x0000000707400000, 0x0000000707400000, 0x0000000707500000|  0%| F|  |TAMS 0x0000000707400000, 0x0000000707400000| Untracked 
|  91|0x0000000707500000, 0x0000000707500000, 0x0000000707600000|  0%| F|  |TAMS 0x0000000707500000, 0x0000000707500000| Untracked 
|  92|0x0000000707600000, 0x0000000707600000, 0x0000000707700000|  0%| F|  |TAMS 0x0000000707600000, 0x0000000707600000| Untracked 
|  93|0x0000000707700000, 0x0000000707700000, 0x0000000707800000|  0%| F|  |TAMS 0x0000000707700000, 0x0000000707700000| Untracked 
|  94|0x0000000707800000, 0x0000000707800000, 0x0000000707900000|  0%| F|  |TAMS 0x0000000707800000, 0x0000000707800000| Untracked 
|  95|0x0000000707900000, 0x0000000707900000, 0x0000000707a00000|  0%| F|  |TAMS 0x0000000707900000, 0x0000000707900000| Untracked 
|  96|0x0000000707a00000, 0x0000000707a00000, 0x0000000707b00000|  0%| F|  |TAMS 0x0000000707a00000, 0x0000000707a00000| Untracked 
|  97|0x0000000707b00000, 0x0000000707b00000, 0x0000000707c00000|  0%| F|  |TAMS 0x0000000707b00000, 0x0000000707b00000| Untracked 
|  98|0x0000000707c00000, 0x0000000707c00000, 0x0000000707d00000|  0%| F|  |TAMS 0x0000000707c00000, 0x0000000707c00000| Untracked 
|  99|0x0000000707d00000, 0x0000000707d00000, 0x0000000707e00000|  0%| F|  |TAMS 0x0000000707d00000, 0x0000000707d00000| Untracked 
| 100|0x0000000707e00000, 0x0000000707e00000, 0x0000000707f00000|  0%| F|  |TAMS 0x0000000707e00000, 0x0000000707e00000| Untracked 
| 101|0x0000000707f00000, 0x0000000707f00000, 0x0000000708000000|  0%| F|  |TAMS 0x0000000707f00000, 0x0000000707f00000| Untracked 
| 102|0x0000000708000000, 0x0000000708000000, 0x0000000708100000|  0%| F|  |TAMS 0x0000000708000000, 0x0000000708000000| Untracked 
| 103|0x0000000708100000, 0x0000000708100000, 0x0000000708200000|  0%| F|  |TAMS 0x0000000708100000, 0x0000000708100000| Untracked 
| 104|0x0000000708200000, 0x0000000708200000, 0x0000000708300000|  0%| F|  |TAMS 0x0000000708200000, 0x0000000708200000| Untracked 
| 105|0x0000000708300000, 0x0000000708300000, 0x0000000708400000|  0%| F|  |TAMS 0x0000000708300000, 0x0000000708300000| Untracked 
| 106|0x0000000708400000, 0x0000000708400000, 0x0000000708500000|  0%| F|  |TAMS 0x0000000708400000, 0x0000000708400000| Untracked 
| 107|0x0000000708500000, 0x0000000708500000, 0x0000000708600000|  0%| F|  |TAMS 0x0000000708500000, 0x0000000708500000| Untracked 
| 108|0x0000000708600000, 0x0000000708600000, 0x0000000708700000|  0%| F|  |TAMS 0x0000000708600000, 0x0000000708600000| Untracked 
| 109|0x0000000708700000, 0x0000000708700000, 0x0000000708800000|  0%| F|  |TAMS 0x0000000708700000, 0x0000000708700000| Untracked 
| 110|0x0000000708800000, 0x0000000708800000, 0x0000000708900000|  0%| F|  |TAMS 0x0000000708800000, 0x0000000708800000| Untracked 
| 111|0x0000000708900000, 0x0000000708900000, 0x0000000708a00000|  0%| F|  |TAMS 0x0000000708900000, 0x0000000708900000| Untracked 
| 112|0x0000000708a00000, 0x0000000708a00000, 0x0000000708b00000|  0%| F|  |TAMS 0x0000000708a00000, 0x0000000708a00000| Untracked 
| 113|0x0000000708b00000, 0x0000000708b00000, 0x0000000708c00000|  0%| F|  |TAMS 0x0000000708b00000, 0x0000000708b00000| Untracked 
| 114|0x0000000708c00000, 0x0000000708c00000, 0x0000000708d00000|  0%| F|  |TAMS 0x0000000708c00000, 0x0000000708c00000| Untracked 
| 115|0x0000000708d00000, 0x0000000708d00000, 0x0000000708e00000|  0%| F|  |TAMS 0x0000000708d00000, 0x0000000708d00000| Untracked 
| 116|0x0000000708e00000, 0x0000000708e00000, 0x0000000708f00000|  0%| F|  |TAMS 0x0000000708e00000, 0x0000000708e00000| Untracked 
| 117|0x0000000708f00000, 0x0000000708f00000, 0x0000000709000000|  0%| F|  |TAMS 0x0000000708f00000, 0x0000000708f00000| Untracked 
| 118|0x0000000709000000, 0x0000000709000000, 0x0000000709100000|  0%| F|  |TAMS 0x0000000709000000, 0x0000000709000000| Untracked 
| 119|0x0000000709100000, 0x0000000709100000, 0x0000000709200000|  0%| F|  |TAMS 0x0000000709100000, 0x0000000709100000| Untracked 
| 120|0x0000000709200000, 0x0000000709200000, 0x0000000709300000|  0%| F|  |TAMS 0x0000000709200000, 0x0000000709200000| Untracked 
| 121|0x0000000709300000, 0x0000000709300000, 0x0000000709400000|  0%| F|  |TAMS 0x0000000709300000, 0x0000000709300000| Untracked 
| 122|0x0000000709400000, 0x0000000709400000, 0x0000000709500000|  0%| F|  |TAMS 0x0000000709400000, 0x0000000709400000| Untracked 
| 123|0x0000000709500000, 0x0000000709500000, 0x0000000709600000|  0%| F|  |TAMS 0x0000000709500000, 0x0000000709500000| Untracked 
| 124|0x0000000709600000, 0x0000000709600000, 0x0000000709700000|  0%| F|  |TAMS 0x0000000709600000, 0x0000000709600000| Untracked 
| 125|0x0000000709700000, 0x0000000709700000, 0x0000000709800000|  0%| F|  |TAMS 0x0000000709700000, 0x0000000709700000| Untracked 
| 126|0x0000000709800000, 0x0000000709800000, 0x0000000709900000|  0%| F|  |TAMS 0x0000000709800000, 0x0000000709800000| Untracked 
| 127|0x0000000709900000, 0x0000000709900000, 0x0000000709a00000|  0%| F|  |TAMS 0x0000000709900000, 0x0000000709900000| Untracked 
| 128|0x0000000709a00000, 0x0000000709a00000, 0x0000000709b00000|  0%| F|  |TAMS 0x0000000709a00000, 0x0000000709a00000| Untracked 
| 129|0x0000000709b00000, 0x0000000709b00000, 0x0000000709c00000|  0%| F|  |TAMS 0x0000000709b00000, 0x0000000709b00000| Untracked 
| 130|0x0000000709c00000, 0x0000000709c00000, 0x0000000709d00000|  0%| F|  |TAMS 0x0000000709c00000, 0x0000000709c00000| Untracked 
| 131|0x0000000709d00000, 0x0000000709d00000, 0x0000000709e00000|  0%| F|  |TAMS 0x0000000709d00000, 0x0000000709d00000| Untracked 
| 132|0x0000000709e00000, 0x0000000709e00000, 0x0000000709f00000|  0%| F|  |TAMS 0x0000000709e00000, 0x0000000709e00000| Untracked 
| 133|0x0000000709f00000, 0x0000000709f00000, 0x000000070a000000|  0%| F|  |TAMS 0x0000000709f00000, 0x0000000709f00000| Untracked 
| 134|0x000000070a000000, 0x000000070a000000, 0x000000070a100000|  0%| F|  |TAMS 0x000000070a000000, 0x000000070a000000| Untracked 
| 135|0x000000070a100000, 0x000000070a100000, 0x000000070a200000|  0%| F|  |TAMS 0x000000070a100000, 0x000000070a100000| Untracked 
| 136|0x000000070a200000, 0x000000070a200000, 0x000000070a300000|  0%| F|  |TAMS 0x000000070a200000, 0x000000070a200000| Untracked 
| 137|0x000000070a300000, 0x000000070a300000, 0x000000070a400000|  0%| F|  |TAMS 0x000000070a300000, 0x000000070a300000| Untracked 
| 138|0x000000070a400000, 0x000000070a400000, 0x000000070a500000|  0%| F|  |TAMS 0x000000070a400000, 0x000000070a400000| Untracked 
| 139|0x000000070a500000, 0x000000070a500000, 0x000000070a600000|  0%| F|  |TAMS 0x000000070a500000, 0x000000070a500000| Untracked 
| 140|0x000000070a600000, 0x000000070a600000, 0x000000070a700000|  0%| F|  |TAMS 0x000000070a600000, 0x000000070a600000| Untracked 
| 141|0x000000070a700000, 0x000000070a700000, 0x000000070a800000|  0%| F|  |TAMS 0x000000070a700000, 0x000000070a700000| Untracked 
| 142|0x000000070a800000, 0x000000070a800000, 0x000000070a900000|  0%| F|  |TAMS 0x000000070a800000, 0x000000070a800000| Untracked 
| 143|0x000000070a900000, 0x000000070a900000, 0x000000070aa00000|  0%| F|  |TAMS 0x000000070a900000, 0x000000070a900000| Untracked 
| 144|0x000000070aa00000, 0x000000070aa00000, 0x000000070ab00000|  0%| F|  |TAMS 0x000000070aa00000, 0x000000070aa00000| Untracked 
| 145|0x000000070ab00000, 0x000000070ab00000, 0x000000070ac00000|  0%| F|  |TAMS 0x000000070ab00000, 0x000000070ab00000| Untracked 
| 146|0x000000070ac00000, 0x000000070ac00000, 0x000000070ad00000|  0%| F|  |TAMS 0x000000070ac00000, 0x000000070ac00000| Untracked 
| 147|0x000000070ad00000, 0x000000070ad00000, 0x000000070ae00000|  0%| F|  |TAMS 0x000000070ad00000, 0x000000070ad00000| Untracked 
| 148|0x000000070ae00000, 0x000000070ae00000, 0x000000070af00000|  0%| F|  |TAMS 0x000000070ae00000, 0x000000070ae00000| Untracked 
| 149|0x000000070af00000, 0x000000070af00000, 0x000000070b000000|  0%| F|  |TAMS 0x000000070af00000, 0x000000070af00000| Untracked 
| 150|0x000000070b000000, 0x000000070b000000, 0x000000070b100000|  0%| F|  |TAMS 0x000000070b000000, 0x000000070b000000| Untracked 
| 151|0x000000070b100000, 0x000000070b100000, 0x000000070b200000|  0%| F|  |TAMS 0x000000070b100000, 0x000000070b100000| Untracked 
| 152|0x000000070b200000, 0x000000070b200000, 0x000000070b300000|  0%| F|  |TAMS 0x000000070b200000, 0x000000070b200000| Untracked 
| 153|0x000000070b300000, 0x000000070b300000, 0x000000070b400000|  0%| F|  |TAMS 0x000000070b300000, 0x000000070b300000| Untracked 
| 154|0x000000070b400000, 0x000000070b400000, 0x000000070b500000|  0%| F|  |TAMS 0x000000070b400000, 0x000000070b400000| Untracked 
| 155|0x000000070b500000, 0x000000070b500000, 0x000000070b600000|  0%| F|  |TAMS 0x000000070b500000, 0x000000070b500000| Untracked 
| 156|0x000000070b600000, 0x000000070b600000, 0x000000070b700000|  0%| F|  |TAMS 0x000000070b600000, 0x000000070b600000| Untracked 
| 157|0x000000070b700000, 0x000000070b700000, 0x000000070b800000|  0%| F|  |TAMS 0x000000070b700000, 0x000000070b700000| Untracked 
| 158|0x000000070b800000, 0x000000070b800000, 0x000000070b900000|  0%| F|  |TAMS 0x000000070b800000, 0x000000070b800000| Untracked 
| 159|0x000000070b900000, 0x000000070b900000, 0x000000070ba00000|  0%| F|  |TAMS 0x000000070b900000, 0x000000070b900000| Untracked 
| 160|0x000000070ba00000, 0x000000070ba00000, 0x000000070bb00000|  0%| F|  |TAMS 0x000000070ba00000, 0x000000070ba00000| Untracked 
| 161|0x000000070bb00000, 0x000000070bb00000, 0x000000070bc00000|  0%| F|  |TAMS 0x000000070bb00000, 0x000000070bb00000| Untracked 
| 162|0x000000070bc00000, 0x000000070bc00000, 0x000000070bd00000|  0%| F|  |TAMS 0x000000070bc00000, 0x000000070bc00000| Untracked 
| 163|0x000000070bd00000, 0x000000070bd00000, 0x000000070be00000|  0%| F|  |TAMS 0x000000070bd00000, 0x000000070bd00000| Untracked 
| 164|0x000000070be00000, 0x000000070be00000, 0x000000070bf00000|  0%| F|  |TAMS 0x000000070be00000, 0x000000070be00000| Untracked 
| 165|0x000000070bf00000, 0x000000070bf00000, 0x000000070c000000|  0%| F|  |TAMS 0x000000070bf00000, 0x000000070bf00000| Untracked 
| 166|0x000000070c000000, 0x000000070c000000, 0x000000070c100000|  0%| F|  |TAMS 0x000000070c000000, 0x000000070c000000| Untracked 
| 167|0x000000070c100000, 0x000000070c100000, 0x000000070c200000|  0%| F|  |TAMS 0x000000070c100000, 0x000000070c100000| Untracked 
| 168|0x000000070c200000, 0x000000070c200000, 0x000000070c300000|  0%| F|  |TAMS 0x000000070c200000, 0x000000070c200000| Untracked 
| 169|0x000000070c300000, 0x000000070c300000, 0x000000070c400000|  0%| F|  |TAMS 0x000000070c300000, 0x000000070c300000| Untracked 
| 170|0x000000070c400000, 0x000000070c400000, 0x000000070c500000|  0%| F|  |TAMS 0x000000070c400000, 0x000000070c400000| Untracked 
| 171|0x000000070c500000, 0x000000070c500000, 0x000000070c600000|  0%| F|  |TAMS 0x000000070c500000, 0x000000070c500000| Untracked 
| 172|0x000000070c600000, 0x000000070c600000, 0x000000070c700000|  0%| F|  |TAMS 0x000000070c600000, 0x000000070c600000| Untracked 
| 173|0x000000070c700000, 0x000000070c700000, 0x000000070c800000|  0%| F|  |TAMS 0x000000070c700000, 0x000000070c700000| Untracked 
| 174|0x000000070c800000, 0x000000070c800000, 0x000000070c900000|  0%| F|  |TAMS 0x000000070c800000, 0x000000070c800000| Untracked 
| 175|0x000000070c900000, 0x000000070c900000, 0x000000070ca00000|  0%| F|  |TAMS 0x000000070c900000, 0x000000070c900000| Untracked 
| 176|0x000000070ca00000, 0x000000070ca00000, 0x000000070cb00000|  0%| F|  |TAMS 0x000000070ca00000, 0x000000070ca00000| Untracked 
| 177|0x000000070cb00000, 0x000000070cb00000, 0x000000070cc00000|  0%| F|  |TAMS 0x000000070cb00000, 0x000000070cb00000| Untracked 
| 178|0x000000070cc00000, 0x000000070cc00000, 0x000000070cd00000|  0%| F|  |TAMS 0x000000070cc00000, 0x000000070cc00000| Untracked 
| 179|0x000000070cd00000, 0x000000070cd00000, 0x000000070ce00000|  0%| F|  |TAMS 0x000000070cd00000, 0x000000070cd00000| Untracked 
| 180|0x000000070ce00000, 0x000000070ce00000, 0x000000070cf00000|  0%| F|  |TAMS 0x000000070ce00000, 0x000000070ce00000| Untracked 
| 181|0x000000070cf00000, 0x000000070cf00000, 0x000000070d000000|  0%| F|  |TAMS 0x000000070cf00000, 0x000000070cf00000| Untracked 
| 182|0x000000070d000000, 0x000000070d000000, 0x000000070d100000|  0%| F|  |TAMS 0x000000070d000000, 0x000000070d000000| Untracked 
| 183|0x000000070d100000, 0x000000070d100000, 0x000000070d200000|  0%| F|  |TAMS 0x000000070d100000, 0x000000070d100000| Untracked 
| 184|0x000000070d200000, 0x000000070d200000, 0x000000070d300000|  0%| F|  |TAMS 0x000000070d200000, 0x000000070d200000| Untracked 
| 185|0x000000070d300000, 0x000000070d300000, 0x000000070d400000|  0%| F|  |TAMS 0x000000070d300000, 0x000000070d300000| Untracked 
| 186|0x000000070d400000, 0x000000070d400000, 0x000000070d500000|  0%| F|  |TAMS 0x000000070d400000, 0x000000070d400000| Untracked 
| 187|0x000000070d500000, 0x000000070d500000, 0x000000070d600000|  0%| F|  |TAMS 0x000000070d500000, 0x000000070d500000| Untracked 
| 188|0x000000070d600000, 0x000000070d600000, 0x000000070d700000|  0%| F|  |TAMS 0x000000070d600000, 0x000000070d600000| Untracked 
| 189|0x000000070d700000, 0x000000070d700000, 0x000000070d800000|  0%| F|  |TAMS 0x000000070d700000, 0x000000070d700000| Untracked 
| 190|0x000000070d800000, 0x000000070d800000, 0x000000070d900000|  0%| F|  |TAMS 0x000000070d800000, 0x000000070d800000| Untracked 
| 191|0x000000070d900000, 0x000000070d900000, 0x000000070da00000|  0%| F|  |TAMS 0x000000070d900000, 0x000000070d900000| Untracked 
| 192|0x000000070da00000, 0x000000070da00000, 0x000000070db00000|  0%| F|  |TAMS 0x000000070da00000, 0x000000070da00000| Untracked 
| 193|0x000000070db00000, 0x000000070db00000, 0x000000070dc00000|  0%| F|  |TAMS 0x000000070db00000, 0x000000070db00000| Untracked 
| 194|0x000000070dc00000, 0x000000070dc00000, 0x000000070dd00000|  0%| F|  |TAMS 0x000000070dc00000, 0x000000070dc00000| Untracked 
| 195|0x000000070dd00000, 0x000000070dd00000, 0x000000070de00000|  0%| F|  |TAMS 0x000000070dd00000, 0x000000070dd00000| Untracked 
| 196|0x000000070de00000, 0x000000070de00000, 0x000000070df00000|  0%| F|  |TAMS 0x000000070de00000, 0x000000070de00000| Untracked 
| 197|0x000000070df00000, 0x000000070df00000, 0x000000070e000000|  0%| F|  |TAMS 0x000000070df00000, 0x000000070df00000| Untracked 
| 198|0x000000070e000000, 0x000000070e000000, 0x000000070e100000|  0%| F|  |TAMS 0x000000070e000000, 0x000000070e000000| Untracked 
| 199|0x000000070e100000, 0x000000070e100000, 0x000000070e200000|  0%| F|  |TAMS 0x000000070e100000, 0x000000070e100000| Untracked 
| 200|0x000000070e200000, 0x000000070e200000, 0x000000070e300000|  0%| F|  |TAMS 0x000000070e200000, 0x000000070e200000| Untracked 
| 201|0x000000070e300000, 0x000000070e300000, 0x000000070e400000|  0%| F|  |TAMS 0x000000070e300000, 0x000000070e300000| Untracked 
| 202|0x000000070e400000, 0x000000070e400000, 0x000000070e500000|  0%| F|  |TAMS 0x000000070e400000, 0x000000070e400000| Untracked 
| 203|0x000000070e500000, 0x000000070e500000, 0x000000070e600000|  0%| F|  |TAMS 0x000000070e500000, 0x000000070e500000| Untracked 
| 204|0x000000070e600000, 0x000000070e600000, 0x000000070e700000|  0%| F|  |TAMS 0x000000070e600000, 0x000000070e600000| Untracked 
| 205|0x000000070e700000, 0x000000070e700000, 0x000000070e800000|  0%| F|  |TAMS 0x000000070e700000, 0x000000070e700000| Untracked 
| 206|0x000000070e800000, 0x000000070e800000, 0x000000070e900000|  0%| F|  |TAMS 0x000000070e800000, 0x000000070e800000| Untracked 
| 207|0x000000070e900000, 0x000000070e900000, 0x000000070ea00000|  0%| F|  |TAMS 0x000000070e900000, 0x000000070e900000| Untracked 
| 208|0x000000070ea00000, 0x000000070ea00000, 0x000000070eb00000|  0%| F|  |TAMS 0x000000070ea00000, 0x000000070ea00000| Untracked 
| 209|0x000000070eb00000, 0x000000070eb00000, 0x000000070ec00000|  0%| F|  |TAMS 0x000000070eb00000, 0x000000070eb00000| Untracked 
| 210|0x000000070ec00000, 0x000000070ec00000, 0x000000070ed00000|  0%| F|  |TAMS 0x000000070ec00000, 0x000000070ec00000| Untracked 
| 211|0x000000070ed00000, 0x000000070ed00000, 0x000000070ee00000|  0%| F|  |TAMS 0x000000070ed00000, 0x000000070ed00000| Untracked 
| 212|0x000000070ee00000, 0x000000070ee00000, 0x000000070ef00000|  0%| F|  |TAMS 0x000000070ee00000, 0x000000070ee00000| Untracked 
| 213|0x000000070ef00000, 0x000000070ef00000, 0x000000070f000000|  0%| F|  |TAMS 0x000000070ef00000, 0x000000070ef00000| Untracked 
| 214|0x000000070f000000, 0x000000070f100000, 0x000000070f100000|100%| E|  |TAMS 0x000000070f000000, 0x000000070f000000| Complete 
| 215|0x000000070f100000, 0x000000070f200000, 0x000000070f200000|100%| E|CS|TAMS 0x000000070f100000, 0x000000070f100000| Complete 
| 216|0x000000070f200000, 0x000000070f300000, 0x000000070f300000|100%| E|CS|TAMS 0x000000070f200000, 0x000000070f200000| Complete 
| 217|0x000000070f300000, 0x000000070f400000, 0x000000070f400000|100%| E|CS|TAMS 0x000000070f300000, 0x000000070f300000| Complete 
| 218|0x000000070f400000, 0x000000070f500000, 0x000000070f500000|100%| E|CS|TAMS 0x000000070f400000, 0x000000070f400000| Complete 
| 219|0x000000070f500000, 0x000000070f600000, 0x000000070f600000|100%| E|CS|TAMS 0x000000070f500000, 0x000000070f500000| Complete 
| 220|0x000000070f600000, 0x000000070f700000, 0x000000070f700000|100%| E|CS|TAMS 0x000000070f600000, 0x000000070f600000| Complete 
| 221|0x000000070f700000, 0x000000070f800000, 0x000000070f800000|100%| E|CS|TAMS 0x000000070f700000, 0x000000070f700000| Complete 
| 222|0x000000070f800000, 0x000000070f900000, 0x000000070f900000|100%| E|CS|TAMS 0x000000070f800000, 0x000000070f800000| Complete 
| 223|0x000000070f900000, 0x000000070fa00000, 0x000000070fa00000|100%| E|CS|TAMS 0x000000070f900000, 0x000000070f900000| Complete 
| 224|0x000000070fa00000, 0x000000070fb00000, 0x000000070fb00000|100%| E|CS|TAMS 0x000000070fa00000, 0x000000070fa00000| Complete 
| 225|0x000000070fb00000, 0x000000070fc00000, 0x000000070fc00000|100%| E|CS|TAMS 0x000000070fb00000, 0x000000070fb00000| Complete 
| 226|0x000000070fc00000, 0x000000070fd00000, 0x000000070fd00000|100%| E|CS|TAMS 0x000000070fc00000, 0x000000070fc00000| Complete 
| 227|0x000000070fd00000, 0x000000070fe00000, 0x000000070fe00000|100%| E|CS|TAMS 0x000000070fd00000, 0x000000070fd00000| Complete 
| 228|0x000000070fe00000, 0x000000070ff00000, 0x000000070ff00000|100%| E|CS|TAMS 0x000000070fe00000, 0x000000070fe00000| Complete 
| 229|0x000000070ff00000, 0x0000000710000000, 0x0000000710000000|100%| E|CS|TAMS 0x000000070ff00000, 0x000000070ff00000| Complete 
| 230|0x0000000710000000, 0x0000000710100000, 0x0000000710100000|100%| E|CS|TAMS 0x0000000710000000, 0x0000000710000000| Complete 
| 231|0x0000000710100000, 0x0000000710200000, 0x0000000710200000|100%| E|CS|TAMS 0x0000000710100000, 0x0000000710100000| Complete 
| 232|0x0000000710200000, 0x0000000710300000, 0x0000000710300000|100%| E|CS|TAMS 0x0000000710200000, 0x0000000710200000| Complete 
| 233|0x0000000710300000, 0x0000000710400000, 0x0000000710400000|100%| E|CS|TAMS 0x0000000710300000, 0x0000000710300000| Complete 
| 234|0x0000000710400000, 0x0000000710500000, 0x0000000710500000|100%| E|CS|TAMS 0x0000000710400000, 0x0000000710400000| Complete 
| 235|0x0000000710500000, 0x0000000710600000, 0x0000000710600000|100%| E|CS|TAMS 0x0000000710500000, 0x0000000710500000| Complete 
| 236|0x0000000710600000, 0x0000000710700000, 0x0000000710700000|100%| S|CS|TAMS 0x0000000710600000, 0x0000000710600000| Complete 
| 237|0x0000000710700000, 0x0000000710800000, 0x0000000710800000|100%| S|CS|TAMS 0x0000000710700000, 0x0000000710700000| Complete 
| 238|0x0000000710800000, 0x0000000710900000, 0x0000000710900000|100%| E|CS|TAMS 0x0000000710800000, 0x0000000710800000| Complete 
| 239|0x0000000710900000, 0x0000000710a00000, 0x0000000710a00000|100%| E|CS|TAMS 0x0000000710900000, 0x0000000710900000| Complete 
| 240|0x0000000710a00000, 0x0000000710b00000, 0x0000000710b00000|100%| E|CS|TAMS 0x0000000710a00000, 0x0000000710a00000| Complete 
| 241|0x0000000710b00000, 0x0000000710c00000, 0x0000000710c00000|100%| E|CS|TAMS 0x0000000710b00000, 0x0000000710b00000| Complete 
| 242|0x0000000710c00000, 0x0000000710d00000, 0x0000000710d00000|100%| E|CS|TAMS 0x0000000710c00000, 0x0000000710c00000| Complete 
| 243|0x0000000710d00000, 0x0000000710e00000, 0x0000000710e00000|100%| E|CS|TAMS 0x0000000710d00000, 0x0000000710d00000| Complete 
| 244|0x0000000710e00000, 0x0000000710f00000, 0x0000000710f00000|100%| E|CS|TAMS 0x0000000710e00000, 0x0000000710e00000| Complete 
| 245|0x0000000710f00000, 0x0000000711000000, 0x0000000711000000|100%| E|CS|TAMS 0x0000000710f00000, 0x0000000710f00000| Complete 
| 246|0x0000000711000000, 0x0000000711100000, 0x0000000711100000|100%| E|CS|TAMS 0x0000000711000000, 0x0000000711000000| Complete 
| 247|0x0000000711100000, 0x0000000711200000, 0x0000000711200000|100%| E|CS|TAMS 0x0000000711100000, 0x0000000711100000| Complete 
| 248|0x0000000711200000, 0x0000000711300000, 0x0000000711300000|100%| E|CS|TAMS 0x0000000711200000, 0x0000000711200000| Complete 
| 249|0x0000000711300000, 0x0000000711400000, 0x0000000711400000|100%| E|CS|TAMS 0x0000000711300000, 0x0000000711300000| Complete 
| 250|0x0000000711400000, 0x0000000711500000, 0x0000000711500000|100%| E|CS|TAMS 0x0000000711400000, 0x0000000711400000| Complete 
| 251|0x0000000711500000, 0x0000000711600000, 0x0000000711600000|100%| E|CS|TAMS 0x0000000711500000, 0x0000000711500000| Complete 
| 252|0x0000000711600000, 0x0000000711700000, 0x0000000711700000|100%| E|CS|TAMS 0x0000000711600000, 0x0000000711600000| Complete 
| 253|0x0000000711700000, 0x0000000711800000, 0x0000000711800000|100%| E|CS|TAMS 0x0000000711700000, 0x0000000711700000| Complete 
| 254|0x0000000711800000, 0x0000000711900000, 0x0000000711900000|100%| E|CS|TAMS 0x0000000711800000, 0x0000000711800000| Complete 
| 255|0x0000000711900000, 0x0000000711a00000, 0x0000000711a00000|100%| E|CS|TAMS 0x0000000711900000, 0x0000000711900000| Complete 

Card table byte_map: [0x0000023376b80000,0x0000023377380000] _byte_map_base: 0x0000023373373000

Marking Bits (Prev, Next): (CMBitMap*) 0x0000023370ac9ae8, (CMBitMap*) 0x0000023370ac9b20
 Prev Bits: [0x0000023377b80000, 0x000002337bb18000)
 Next Bits: [0x000002337bb20000, 0x000002337fab8000)

Polling page: 0x0000023370b40000

Metaspace:

Usage:
  Non-class:     37.80 MB capacity,    37.52 MB (>99%) used,   227.24 KB ( <1%) free+waste,    60.88 KB ( <1%) overhead. 
      Class:      5.30 MB capacity,     5.15 MB ( 97%) used,   128.03 KB (  2%) free+waste,    26.00 KB ( <1%) overhead. 
       Both:     43.10 MB capacity,    42.67 MB ( 99%) used,   355.27 KB ( <1%) free+waste,    86.88 KB ( <1%) overhead. 

Virtual space:
  Non-class space:       38.00 MB reserved,      38.00 MB (100%) committed 
      Class space:        1.00 GB reserved,       5.37 MB ( <1%) committed 
             Both:        1.04 GB reserved,      43.37 MB (  4%) committed 

Chunk freelists:
   Non-Class:  80.00 KB
       Class:  10.00 KB
        Both:  90.00 KB

MaxMetaspaceSize: 17179869184.00 GB
CompressedClassSpaceSize: 1.00 GB
Initial GC threshold: 20.80 MB
Current GC threshold: 58.95 MB
CDS: off

CodeHeap 'non-profiled nmethods': size=120064Kb used=1276Kb max_used=1276Kb free=118787Kb
 bounds [0x0000023307ac0000, 0x0000023307d30000, 0x000002330f000000]
CodeHeap 'profiled nmethods': size=120000Kb used=6666Kb max_used=6666Kb free=113333Kb
 bounds [0x0000023300590000, 0x0000023300c20000, 0x0000023307ac0000]
CodeHeap 'non-nmethods': size=5696Kb used=1221Kb max_used=1251Kb free=4474Kb
 bounds [0x0000023300000000, 0x0000023300270000, 0x0000023300590000]
 total_blobs=3594 nmethods=3111 adapters=395
 compilation: enabled
              stopped_count=0, restarted_count=0
 full_count=0

Compilation events (20 events):
Event: 3.349 Thread 0x0000023311ae6800 3111       3       jdk.internal.reflect.ClassFileAssembler::incStack (11 bytes)
Event: 3.349 Thread 0x0000023311ae6800 nmethod 3111 0x0000023300c0e790 code [0x0000023300c0e940, 0x0000023300c0eaf8]
Event: 3.350 Thread 0x0000023311ae6800 3112       3       org.jetbrains.kotlin.com.intellij.psi.impl.source.SourceTreeToPsiMap::treeElementToPsi (15 bytes)
Event: 3.350 Thread 0x0000023311ae6800 nmethod 3112 0x0000023300c0eb90 code [0x0000023300c0ed60, 0x0000023300c0ef68]
Event: 3.350 Thread 0x0000023311ae6800 3113       3       org.jetbrains.kotlin.com.intellij.psi.impl.source.tree.CompositeElement::getPsi (46 bytes)
Event: 3.351 Thread 0x0000023311ae6800 nmethod 3113 0x0000023300c0f010 code [0x0000023300c0f260, 0x0000023300c0fbb8]
Event: 3.352 Thread 0x0000023311ae6800 3114  s!   2       jdk.internal.loader.URLClassPath::getLoader (194 bytes)
Event: 3.353 Thread 0x0000023311ae6800 nmethod 3114 0x0000023300c0fe90 code [0x0000023300c10120, 0x0000023300c10cf8]
Event: 3.353 Thread 0x0000023311ae6800 3115       3       org.jetbrains.kotlin.com.intellij.extapi.psi.StubBasedPsiElementBase::getStub (14 bytes)
Event: 3.353 Thread 0x0000023311ae6800 nmethod 3115 0x0000023300c11290 code [0x0000023300c11480, 0x0000023300c11938]
Event: 3.354 Thread 0x0000023311ae6800 3116   !   3       java.lang.Class::desiredAssertionStatus (54 bytes)
Event: 3.354 Thread 0x0000023311ae6800 nmethod 3116 0x0000023300c11a90 code [0x0000023300c11ca0, 0x0000023300c12298]
Event: 3.354 Thread 0x0000023311ae6800 3119       1       org.jetbrains.kotlin.load.java.structure.impl.classFiles.BinaryJavaField::getAccess (5 bytes)
Event: 3.354 Thread 0x0000023311ae6800 nmethod 3119 0x0000023307bfea90 code [0x0000023307bfec40, 0x0000023307bfecf8]
Event: 3.354 Thread 0x0000023311ae6800 3118       1       kotlin.sequences.FilteringSequence::access$getSequence$p (5 bytes)
Event: 3.355 Thread 0x0000023311ae6800 nmethod 3118 0x0000023307bfed90 code [0x0000023307bfef40, 0x0000023307bfefd8]
Event: 3.356 Thread 0x0000023311ae6800 3120       1       org.jetbrains.kotlin.cli.jvm.index.JvmDependenciesIndexImpl$TraverseRequest::getAcceptedRootTypes (5 bytes)
Event: 3.356 Thread 0x0000023311ae6800 nmethod 3120 0x0000023307bff090 code [0x0000023307bff240, 0x0000023307bff2f8]
Event: 3.356 Thread 0x0000023311ae6800 3121       3       java.util.RegularEnumSet::contains (57 bytes)
Event: 3.357 Thread 0x0000023311ae6800 nmethod 3121 0x0000023300c12490 code [0x0000023300c12660, 0x0000023300c12a68]

GC Heap History (8 events):
Event: 0.397 GC heap before
{Heap before GC invocations=0 (full 0):
 garbage-first heap   total 262144K, used 17408K [0x0000000701a00000, 0x0000000800000000)
  region size 1024K, 14 young (14336K), 0 survivors (0K)
 Metaspace       used 10016K, capacity 10120K, committed 10240K, reserved 1058816K
  class space    used 897K, capacity 926K, committed 1024K, reserved 1048576K
}
Event: 0.399 GC heap after
{Heap after GC invocations=1 (full 0):
 garbage-first heap   total 262144K, used 5269K [0x0000000701a00000, 0x0000000800000000)
  region size 1024K, 2 young (2048K), 2 survivors (2048K)
 Metaspace       used 10016K, capacity 10120K, committed 10240K, reserved 1058816K
  class space    used 897K, capacity 926K, committed 1024K, reserved 1048576K
}
Event: 1.181 GC heap before
{Heap before GC invocations=1 (full 0):
 garbage-first heap   total 262144K, used 48277K [0x0000000701a00000, 0x0000000800000000)
  region size 1024K, 45 young (46080K), 2 survivors (2048K)
 Metaspace       used 20915K, capacity 21182K, committed 21296K, reserved 1069056K
  class space    used 2233K, capacity 2313K, committed 2352K, reserved 1048576K
}
Event: 1.189 GC heap after
{Heap after GC invocations=2 (full 0):
 garbage-first heap   total 262144K, used 9329K [0x0000000701a00000, 0x0000000800000000)
  region size 1024K, 6 young (6144K), 6 survivors (6144K)
 Metaspace       used 20915K, capacity 21182K, committed 21296K, reserved 1069056K
  class space    used 2233K, capacity 2313K, committed 2352K, reserved 1048576K
}
Event: 2.128 GC heap before
{Heap before GC invocations=3 (full 0):
 garbage-first heap   total 262144K, used 56433K [0x0000000701a00000, 0x0000000800000000)
  region size 1024K, 50 young (51200K), 6 survivors (6144K)
 Metaspace       used 31014K, capacity 31423K, committed 31664K, reserved 1077248K
  class space    used 3475K, capacity 3628K, committed 3760K, reserved 1048576K
}
Event: 2.139 GC heap after
{Heap after GC invocations=4 (full 0):
 garbage-first heap   total 262144K, used 17400K [0x0000000701a00000, 0x0000000800000000)
  region size 1024K, 6 young (6144K), 6 survivors (6144K)
 Metaspace       used 31014K, capacity 31423K, committed 31664K, reserved 1077248K
  class space    used 3475K, capacity 3628K, committed 3760K, reserved 1048576K
}
Event: 2.348 GC heap before
{Heap before GC invocations=4 (full 0):
 garbage-first heap   total 262144K, used 34808K [0x0000000701a00000, 0x0000000800000000)
  region size 1024K, 24 young (24576K), 6 survivors (6144K)
 Metaspace       used 35150K, capacity 35525K, committed 35708K, reserved 1081344K
  class space    used 4220K, capacity 4397K, committed 4476K, reserved 1048576K
}
Event: 2.361 GC heap after
{Heap after GC invocations=5 (full 0):
 garbage-first heap   total 262144K, used 19456K [0x0000000701a00000, 0x0000000800000000)
  region size 1024K, 2 young (2048K), 2 survivors (2048K)
 Metaspace       used 35150K, capacity 35525K, committed 35708K, reserved 1081344K
  class space    used 4220K, capacity 4397K, committed 4476K, reserved 1048576K
}

Deoptimization events (20 events):
Event: 2.876 Thread 0x0000023370a6c000 DEOPT PACKING pc=0x0000023307b8c370 sp=0x000000a83daf8480
Event: 2.876 Thread 0x0000023370a6c000 DEOPT UNPACKING pc=0x000002330004a1af sp=0x000000a83daf8368 mode 2
Event: 2.877 Thread 0x0000023370a6c000 Uncommon trap: trap_request=0xffffffc6 fr.pc=0x0000023307b8c370 relative=0x00000000000004f0
Event: 2.877 Thread 0x0000023370a6c000 Uncommon trap: reason=bimorphic_or_optimized_type_check action=maybe_recompile pc=0x0000023307b8c370 method=org.jetbrains.kotlin.protobuf.CodedInputStream.tryRefillBuffer(I)Z @ 177 c2
Event: 2.877 Thread 0x0000023370a6c000 DEOPT PACKING pc=0x0000023307b8c370 sp=0x000000a83daf9b60
Event: 2.877 Thread 0x0000023370a6c000 DEOPT UNPACKING pc=0x000002330004a1af sp=0x000000a83daf9a48 mode 2
Event: 2.887 Thread 0x0000023370a6c000 Uncommon trap: trap_request=0xffffff4d fr.pc=0x0000023307bdd788 relative=0x00000000000006a8
Event: 2.887 Thread 0x0000023370a6c000 Uncommon trap: reason=unstable_if action=reinterpret pc=0x0000023307bdd788 method=org.jetbrains.org.objectweb.asm.ClassReader.readUtf(II[C)Ljava/lang/String; @ 41 c2
Event: 2.887 Thread 0x0000023370a6c000 DEOPT PACKING pc=0x0000023307bdd788 sp=0x000000a83daf9550
Event: 2.887 Thread 0x0000023370a6c000 DEOPT UNPACKING pc=0x000002330004a1af sp=0x000000a83daf9468 mode 2
Event: 2.889 Thread 0x0000023370a6c000 Uncommon trap: trap_request=0xffffff4d fr.pc=0x0000023307bd9b70 relative=0x00000000000005b0
Event: 2.889 Thread 0x0000023370a6c000 Uncommon trap: reason=unstable_if action=reinterpret pc=0x0000023307bd9b70 method=org.jetbrains.org.objectweb.asm.ClassReader.readUtf(II[C)Ljava/lang/String; @ 41 c2
Event: 2.889 Thread 0x0000023370a6c000 DEOPT PACKING pc=0x0000023307bd9b70 sp=0x000000a83daf9490
Event: 2.889 Thread 0x0000023370a6c000 DEOPT UNPACKING pc=0x000002330004a1af sp=0x000000a83daf9458 mode 2
Event: 3.100 Thread 0x0000023370a6c000 DEOPT PACKING pc=0x0000023300ab4fff sp=0x000000a83dafb770
Event: 3.100 Thread 0x0000023370a6c000 DEOPT UNPACKING pc=0x000002330004a95e sp=0x000000a83dafabc0 mode 0
Event: 3.348 Thread 0x0000023370a6c000 Uncommon trap: trap_request=0xffffff4d fr.pc=0x0000023307bf1e8c relative=0x000000000000068c
Event: 3.348 Thread 0x0000023370a6c000 Uncommon trap: reason=unstable_if action=reinterpret pc=0x0000023307bf1e8c method=gnu.trove.TObjectHash.insertionIndex(Ljava/lang/Object;)I @ 65 c2
Event: 3.348 Thread 0x0000023370a6c000 DEOPT PACKING pc=0x0000023307bf1e8c sp=0x000000a83dafd710
Event: 3.348 Thread 0x0000023370a6c000 DEOPT UNPACKING pc=0x000002330004a1af sp=0x000000a83dafd6a0 mode 2

Classes redefined (0 events):
No events

Internal exceptions (17 events):
Event: 0.213 Thread 0x0000023370a6c000 Exception <a 'java/lang/NoSuchMethodError'{0x000000071165a120}: 'int java.lang.invoke.DirectMethodHandle$Holder.invokeSpecialIFC(java.lang.Object, java.lang.Object, int)'> (0x000000071165a120) thrown at [./src/hotspot/share/interpreter/linkResolver.cpp, line 773]
Event: 1.034 Thread 0x0000023370a6c000 Exception <a 'java/lang/NoSuchMethodError'{0x000000070f6c5da0}: 'int java.lang.invoke.DirectMethodHandle$Holder.invokeStaticInit(java.lang.Object, java.lang.Object, java.lang.Object)'> (0x000000070f6c5da0) thrown at [./src/hotspot/share/interpreter/linkResolver.cpp, line 773]
Event: 1.038 Thread 0x0000023370a6c000 Exception <a 'java/lang/NoSuchMethodError'{0x000000070f500950}: 'java.lang.Object java.lang.invoke.DirectMethodHandle$Holder.invokeStaticInit(java.lang.Object, int)'> (0x000000070f500950) thrown at [./src/hotspot/share/interpreter/linkResolver.cpp, line 773]
Event: 1.060 Thread 0x0000023370a6c000 Exception <a 'java/lang/NoSuchMethodError'{0x000000070f46b040}: 'long java.lang.invoke.DirectMethodHandle$Holder.invokeStatic(java.lang.Object)'> (0x000000070f46b040) thrown at [./src/hotspot/share/interpreter/linkResolver.cpp, line 773]
Event: 1.061 Thread 0x0000023370a6c000 Exception <a 'java/lang/NoSuchMethodError'{0x000000070f46de98}: 'long java.lang.invoke.DirectMethodHandle$Holder.invokeStaticInit(java.lang.Object)'> (0x000000070f46de98) thrown at [./src/hotspot/share/interpreter/linkResolver.cpp, line 773]
Event: 1.110 Thread 0x0000023370a6c000 Exception <a 'java/lang/NoSuchMethodError'{0x000000070f02c988}: 'int java.lang.invoke.DirectMethodHandle$Holder.invokeStaticInit(java.lang.Object, java.lang.Object)'> (0x000000070f02c988) thrown at [./src/hotspot/share/interpreter/linkResolver.cpp, line 773]
Event: 1.178 Thread 0x0000023370a6c000 Exception <a 'java/lang/NoSuchMethodError'{0x000000070ed8d8b8}: 'java.lang.Object java.lang.invoke.DirectMethodHandle$Holder.invokeStatic(java.lang.Object, java.lang.Object, java.lang.Object, java.lang.Object, java.lang.Object, java.lang.Object, java.lang.Object, java.lang.Object, java.lang.Object, java.lang.Object, java.lang.Object, java.lang.Object, java.lang.Object, java.lang.Object, java.lang.Object)'> (0x000000070ed8d8b8) thrown at [./src/hotspot/share/interpreter/linkResolver.cpp, line 773]
Event: 1.179 Thread 0x0000023370a6c000 Exception <a 'java/lang/NoSuchMethodError'{0x000000070ed9b8c0}: 'java.lang.Object java.lang.invoke.DirectMethodHandle$Holder.invokeStatic(java.lang.Object, java.lang.Object, java.lang.Object, java.lang.Object, java.lang.Object, java.lang.Object, java.lang.Object, java.lang.Object, java.lang.Object, java.lang.Object, java.lang.Object, java.lang.Object, java.lang.Object, java.lang.Object, java.lang.Object, java.lang.Object)'> (0x000000070ed9b8c0) thrown at [./src/hotspot/share/interpreter/linkResolver.cpp, l
Event: 1.190 Thread 0x0000023370a6c000 Exception <a 'java/lang/NoSuchMethodError'{0x0000000711902020}: 'java.lang.Object java.lang.invoke.DirectMethodHandle$Holder.invokeSpecial(java.lang.Object, java.lang.Object, int, int, java.lang.Object, java.lang.Object, java.lang.Object)'> (0x0000000711902020) thrown at [./src/hotspot/share/interpreter/linkResolver.cpp, line 773]
Event: 1.190 Thread 0x0000023370a6c000 Exception <a 'java/lang/NoSuchMethodError'{0x0000000711905858}: 'java.lang.Object java.lang.invoke.DelegatingMethodHandle$Holder.reinvoke_L(java.lang.Object, int, int, java.lang.Object, java.lang.Object, java.lang.Object)'> (0x0000000711905858) thrown at [./src/hotspot/share/interpreter/linkResolver.cpp, line 773]
Event: 1.191 Thread 0x0000023370a6c000 Exception <a 'java/lang/NoSuchMethodError'{0x0000000711909cd8}: 'java.lang.Object java.lang.invoke.DirectMethodHandle$Holder.invokeStatic(java.lang.Object, java.lang.Object, java.lang.Object, java.lang.Object, int)'> (0x0000000711909cd8) thrown at [./src/hotspot/share/interpreter/linkResolver.cpp, line 773]
Event: 1.307 Thread 0x0000023370a6c000 Exception <a 'java/lang/NoSuchMethodError'{0x000000071165dcd0}: 'void java.lang.invoke.DirectMethodHandle$Holder.invokeSpecial(java.lang.Object, java.lang.Object)'> (0x000000071165dcd0) thrown at [./src/hotspot/share/interpreter/linkResolver.cpp, line 773]
Event: 1.347 Thread 0x0000023370a6c000 Exception <a 'java/lang/NoSuchMethodError'{0x00000007114ddbe0}: 'void java.lang.invoke.DirectMethodHandle$Holder.invokeStaticInit(java.lang.Object, java.lang.Object)'> (0x00000007114ddbe0) thrown at [./src/hotspot/share/interpreter/linkResolver.cpp, line 773]
Event: 1.355 Thread 0x0000023370a6c000 Exception <a 'java/lang/NoSuchMethodError'{0x000000071131b360}: 'void java.lang.invoke.DirectMethodHandle$Holder.invokeInterface(java.lang.Object, java.lang.Object)'> (0x000000071131b360) thrown at [./src/hotspot/share/interpreter/linkResolver.cpp, line 773]
Event: 1.464 Thread 0x0000023370a6c000 Exception <a 'java/lang/NoSuchMethodError'{0x0000000710fc0d88}: 'int java.lang.invoke.DirectMethodHandle$Holder.invokeVirtual(java.lang.Object, java.lang.Object)'> (0x0000000710fc0d88) thrown at [./src/hotspot/share/interpreter/linkResolver.cpp, line 773]
Event: 1.969 Thread 0x0000023370a6c000 Exception <a 'java/lang/NoSuchMethodError'{0x000000070f6e5ed8}: 'java.lang.Object java.lang.invoke.DirectMethodHandle$Holder.invokeVirtual(java.lang.Object, java.lang.Object, java.lang.Object)'> (0x000000070f6e5ed8) thrown at [./src/hotspot/share/interpreter/linkResolver.cpp, line 773]
Event: 2.666 Thread 0x0000023370a6c000 Exception <a 'java/lang/NoSuchMethodError'{0x0000000710c5eb40}: 'java.lang.Object java.lang.invoke.Invokers$Holder.linkToTargetMethod(java.lang.Object, int, java.lang.Object)'> (0x0000000710c5eb40) thrown at [./src/hotspot/share/interpreter/linkResolver.cpp, line 773]

Events (20 events):
Event: 3.369 loading class org/jetbrains/kotlin/resolve/InlineClassesUtilsKt
Event: 3.369 loading class org/jetbrains/kotlin/resolve/InlineClassesUtilsKt done
Event: 3.369 loading class org/jetbrains/kotlin/codegen/state/KotlinTypeMapper$mapType$1
Event: 3.369 loading class org/jetbrains/kotlin/codegen/state/KotlinTypeMapper$mapType$1 done
Event: 3.369 loading class org/jetbrains/kotlin/codegen/binding/CodegenBinding
Event: 3.369 loading class org/jetbrains/kotlin/codegen/binding/CodegenBinding done
Event: 3.370 loading class org/jetbrains/kotlin/codegen/binding/CodegenAnnotatingVisitor
Event: 3.370 loading class org/jetbrains/kotlin/codegen/binding/CodegenAnnotatingVisitor done
Event: 3.372 loading class org/jetbrains/kotlin/descriptors/impl/FunctionExpressionDescriptor
Event: 3.372 loading class org/jetbrains/kotlin/descriptors/impl/FunctionExpressionDescriptor done
Event: 3.373 loading class org/jetbrains/kotlin/descriptors/ScriptDescriptor
Event: 3.373 loading class org/jetbrains/kotlin/descriptors/ScriptDescriptor done
Event: 3.373 loading class org/jetbrains/kotlin/codegen/state/InlineClassManglingUtilsKt
Event: 3.373 loading class org/jetbrains/kotlin/codegen/state/InlineClassManglingUtilsKt done
Event: 3.373 loading class org/jetbrains/kotlin/resolve/jvm/InlineClassManglingRulesKt
Event: 3.373 loading class org/jetbrains/kotlin/resolve/jvm/InlineClassManglingRulesKt done
Event: 3.374 loading class org/jetbrains/org/objectweb/asm/commons/Method
Event: 3.374 loading class org/jetbrains/org/objectweb/asm/commons/Method done
Event: 3.374 loading class org/jetbrains/kotlin/resolve/jvm/jvmSignature/JvmMethodGenericSignature
Event: 3.374 loading class org/jetbrains/kotlin/resolve/jvm/jvmSignature/JvmMethodGenericSignature done


Dynamic libraries:
0x00007ff6bb4a0000 - 0x00007ff6bb4aa000 	D:\android studio\jre\bin\java.exe
0x00007ffd65510000 - 0x00007ffd65705000 	C:\WINDOWS\SYSTEM32\ntdll.dll
0x00007ffd64670000 - 0x00007ffd6472e000 	C:\WINDOWS\System32\KERNEL32.DLL
0x00007ffd62c70000 - 0x00007ffd62f38000 	C:\WINDOWS\System32\KERNELBASE.dll
0x00007ffd63280000 - 0x00007ffd63380000 	C:\WINDOWS\System32\ucrtbase.dll
0x00007ffd48d40000 - 0x00007ffd48d57000 	D:\android studio\jre\bin\VCRUNTIME140.dll
0x00007ffd48d20000 - 0x00007ffd48d39000 	D:\android studio\jre\bin\jli.dll
0x00007ffd63e80000 - 0x00007ffd64021000 	C:\WINDOWS\System32\USER32.dll
0x00007ffd63380000 - 0x00007ffd633a2000 	C:\WINDOWS\System32\win32u.dll
0x00007ffd56bc0000 - 0x00007ffd56e5a000 	C:\WINDOWS\WinSxS\amd64_microsoft.windows.common-controls_6595b64144ccf1df_6.0.19041.1110_none_60b5254171f9507e\COMCTL32.dll
0x00007ffd64560000 - 0x00007ffd6458b000 	C:\WINDOWS\System32\GDI32.dll
0x00007ffd63c30000 - 0x00007ffd63cce000 	C:\WINDOWS\System32\msvcrt.dll
0x00007ffd62f40000 - 0x00007ffd6304d000 	C:\WINDOWS\System32\gdi32full.dll
0x00007ffd63050000 - 0x00007ffd630ed000 	C:\WINDOWS\System32\msvcp_win.dll
0x00007ffd64360000 - 0x00007ffd64390000 	C:\WINDOWS\System32\IMM32.DLL
0x00007ffd44650000 - 0x00007ffd446ed000 	D:\android studio\jre\bin\msvcp140.dll
0x00007ffd0b450000 - 0x00007ffd0bf35000 	D:\android studio\jre\bin\server\jvm.dll
0x00007ffd65420000 - 0x00007ffd654cc000 	C:\WINDOWS\System32\ADVAPI32.dll
0x00007ffd64390000 - 0x00007ffd6442b000 	C:\WINDOWS\System32\sechost.dll
0x00007ffd64050000 - 0x00007ffd6417a000 	C:\WINDOWS\System32\RPCRT4.dll
0x00007ffd63b50000 - 0x00007ffd63b58000 	C:\WINDOWS\System32\PSAPI.DLL
0x00007ffd5df50000 - 0x00007ffd5df59000 	C:\WINDOWS\SYSTEM32\WSOCK32.dll
0x00007ffd57990000 - 0x00007ffd579b7000 	C:\WINDOWS\SYSTEM32\WINMM.dll
0x00007ffd63ae0000 - 0x00007ffd63b4b000 	C:\WINDOWS\System32\WS2_32.dll
0x00007ffd5b3b0000 - 0x00007ffd5b3ba000 	C:\WINDOWS\SYSTEM32\VERSION.dll
0x00007ffd614b0000 - 0x00007ffd614c2000 	C:\WINDOWS\SYSTEM32\kernel.appcore.dll
0x00007ffd5d890000 - 0x00007ffd5d8a1000 	D:\android studio\jre\bin\verify.dll
0x00007ffd54c40000 - 0x00007ffd54e24000 	C:\WINDOWS\SYSTEM32\DBGHELP.DLL
0x00007ffd4f900000 - 0x00007ffd4f92c000 	C:\WINDOWS\SYSTEM32\dbgcore.DLL
0x00007ffd634c0000 - 0x00007ffd63542000 	C:\WINDOWS\System32\bcryptPrimitives.dll
0x00007ffd4e5d0000 - 0x00007ffd4e5f9000 	D:\android studio\jre\bin\java.dll
0x00007ffd5bbb0000 - 0x00007ffd5bbbb000 	D:\android studio\jre\bin\jimage.dll
0x00007ffd4e550000 - 0x00007ffd4e568000 	D:\android studio\jre\bin\zip.dll
0x00007ffd64730000 - 0x00007ffd64e74000 	C:\WINDOWS\System32\SHELL32.dll
0x00007ffd60800000 - 0x00007ffd60f94000 	C:\WINDOWS\SYSTEM32\windows.storage.dll
0x00007ffd635b0000 - 0x00007ffd63905000 	C:\WINDOWS\System32\combase.dll
0x00007ffd62670000 - 0x00007ffd6269e000 	C:\WINDOWS\SYSTEM32\Wldp.dll
0x00007ffd63910000 - 0x00007ffd639bd000 	C:\WINDOWS\System32\SHCORE.dll
0x00007ffd64180000 - 0x00007ffd641d5000 	C:\WINDOWS\System32\shlwapi.dll
0x00007ffd62b60000 - 0x00007ffd62b7f000 	C:\WINDOWS\SYSTEM32\profapi.dll
0x00007ffd4a9e0000 - 0x00007ffd4a9fa000 	D:\android studio\jre\bin\net.dll
0x00007ffd62140000 - 0x00007ffd6224c000 	C:\WINDOWS\SYSTEM32\WINHTTP.dll
0x00007ffd62300000 - 0x00007ffd6236a000 	C:\WINDOWS\system32\mswsock.dll
0x00007ffd4a9c0000 - 0x00007ffd4a9d4000 	D:\android studio\jre\bin\nio.dll

dbghelp: loaded successfully - version: 4.0.5 - missing functions: none
symbol engine: initialized successfully - sym options: 0x614 - pdb path: .;D:\android studio\jre\bin;C:\WINDOWS\SYSTEM32;C:\WINDOWS\WinSxS\amd64_microsoft.windows.common-controls_6595b64144ccf1df_6.0.19041.1110_none_60b5254171f9507e;D:\android studio\jre\bin\server

VM Arguments:
java_command: org.jetbrains.kotlin.cli.jvm.K2JVMCompiler -Xallow-no-source-files -classpath D:\AndroidDev\MyAndroidAPK\app\build\intermediates\compile_and_runtime_not_namespaced_r_class_jar\debug\R.jar;D:\android SDK\caches\transforms-2\files-2.1\3e8dc1072b3dc6d06f94c550fe8429a6\jetified-kotlin-android-extensions-runtime-1.3.72.jar;D:\android SDK\caches\transforms-2\files-2.1\edaef255ae3ef092003a6bdef3bdeb0b\jetified-core-ktx-1.1.0-api.jar;D:\android SDK\caches\transforms-2\files-2.1\b87f47617c59ac9ee181a007f480e53f\jetified-kotlin-stdlib-1.3.72.jar;D:\android SDK\caches\transforms-2\files-2.1\481f4a34bee68d86b8ce8774eb15d925\jetified-kotlin-stdlib-common-1.3.72.jar;D:\android SDK\caches\transforms-2\files-2.1\8d2026e1436f86ed1258cdda39e32916\jetified-annotations-13.0.jar;D:\android SDK\caches\transforms-2\files-2.1\c3fb832b3b85275cf341d64cfb7c86c6\appcompat-1.3.1-api.jar;D:\android SDK\caches\transforms-2\files-2.1\ae2ea4a84681815ec41169179e3a4506\fragment-1.3.6-api.jar;D:\android SDK\caches\transforms-2\files-2.1\a10e1e2686d733e3460d4df539ec0f82\jetified-activity-1.2.4-api.jar;D:\android SDK\caches\transforms-2\files-2.1\17cb7480f86c0120904dc80ae5d83640\jetified-appcompat-resources-1.3.1-api.jar;D:\android SDK\caches\transforms-2\files-2.1\4c8ff528696f7b6e27953e8d6eeb01a9\drawerlayout-1.0.0-api.jar;D:\android SDK\caches\transforms-2\files-2.1\a93c93c702050f703c78764de0b113e8\viewpager-1.0.0-api.jar;D:\android SDK\caches\transforms-2\files-2.1\7df8f94dfe2872df3e5d3da266742398\loader-1.0.0-api.jar;D:\android SDK\caches\transforms-2\files-2.1\9bb80f26171acae195bade97293151c9\vectordrawable-animated-1.1.0-api.jar;D:\android SDK\caches\transforms-2\files-2.1\f1ec0feb275f3ee75c8446afd4ec38f1\vectordrawable-1.1.0-api.jar;D:\android SDK\caches\transforms-2\files-2.1\30e4ebab8ad3b301f3b8554edbe4a242\customview-1.0.0-api.jar;D:\android SDK\caches\transforms-2\files-2.1\b4de1e8ce39be58179e3b03880756a12\core-1.5.0-api.jar;D:\android SDK\caches\transforms-2\files-2.1\259ece3
java_class_path (initial): D:\android SDK\caches\modules-2\files-2.1\org.jetbrains.kotlin\kotlin-compiler-embeddable\1.3.72\fb72232c8fa977d5e07d33c43381ddbdc5edab6\kotlin-compiler-embeddable-1.3.72.jar;D:\android SDK\caches\modules-2\files-2.1\org.jetbrains.kotlin\kotlin-reflect\1.3.72\86613e1a669a701b0c660bfd2af4f82a7ae11fca\kotlin-reflect-1.3.72.jar;D:\android SDK\caches\modules-2\files-2.1\org.jetbrains.kotlin\kotlin-stdlib\1.3.72\8032138f12c0180bc4e51fe139d4c52b46db6109\kotlin-stdlib-1.3.72.jar;D:\android SDK\caches\modules-2\files-2.1\org.jetbrains.kotlin\kotlin-script-runtime\1.3.72\657d8d34d91e1964b4439378c09933e840bfe8d5\kotlin-script-runtime-1.3.72.jar;D:\android SDK\caches\modules-2\files-2.1\org.jetbrains.kotlin\kotlin-daemon-embeddable\1.3.72\53bbaa2816dbf6bdb85f629451b1fcc88f2164d2\kotlin-daemon-embeddable-1.3.72.jar;D:\android SDK\caches\modules-2\files-2.1\org.jetbrains.intellij.deps\trove4j\1.0.20181211\216c2e14b070f334479d800987affe4054cd563f\trove4j-1.0.20181211.jar;D:\android SDK\caches\modules-2\files-2.1\org.jetbrains.kotlin\kotlin-stdlib-common\1.3.72\6ca8bee3d88957eaaaef077c41c908c9940492d8\kotlin-stdlib-common-1.3.72.jar;D:\android SDK\caches\modules-2\files-2.1\org.jetbrains\annotations\13.0\919f0dfe192fb4e063e7dacadee7f8bb9a2672a9\annotations-13.0.jar
Launcher Type: SUN_STANDARD

[Global flags]
     intx CICompilerCount                          = 3                                         {product} {ergonomic}
     uint ConcGCThreads                            = 1                                         {product} {ergonomic}
     uint G1ConcRefinementThreads                  = 4                                         {product} {ergonomic}
   size_t G1HeapRegionSize                         = 1048576                                   {product} {ergonomic}
    uintx GCDrainStackTargetSize                   = 64                                        {product} {ergonomic}
   size_t InitialHeapSize                          = 268435456                                 {product} {ergonomic}
   size_t MarkStackSize                            = 4194304                                   {product} {ergonomic}
   size_t MaxHeapSize                              = 4267704320                                {product} {ergonomic}
   size_t MaxNewSize                               = 2560622592                                {product} {ergonomic}
   size_t MinHeapDeltaBytes                        = 1048576                                   {product} {ergonomic}
    uintx NonNMethodCodeHeapSize                   = 5830732                                {pd product} {ergonomic}
    uintx NonProfiledCodeHeapSize                  = 122913754                              {pd product} {ergonomic}
    uintx ProfiledCodeHeapSize                     = 122913754                              {pd product} {ergonomic}
    uintx ReservedCodeCacheSize                    = 251658240                              {pd product} {ergonomic}
     bool SegmentedCodeCache                       = true                                      {product} {ergonomic}
     bool UseCompressedClassPointers               = true                                 {lp64_product} {ergonomic}
     bool UseCompressedOops                        = true                                 {lp64_product} {ergonomic}
     bool UseG1GC                                  = true                                      {product} {ergonomic}
     bool UseLargePagesIndividualAllocation        = false                                  {pd product} {ergonomic}

Logging:
Log output configuration:
 #0: stdout all=warning uptime,level,tags
 #1: stderr all=off uptime,level,tags

Environment Variables:
PATH=C:\Program Files\Common Files\Oracle\Java\javapath;D:\xi\bin\nt;C:\ProgramData\Oracle\Java\javapath;C:\Program Files (x86)\Common Files\Intel\Shared Libraries\redist\intel64_win\compiler;C:\Program Files (x86)\Common Files\Intel\Shared Libraries\redist\ia32_win\compiler;C:\Program Files (x86)\Common Files\Intel\Shared Libraries\redist\ia32\compiler;C:\Program Files (x86)\Common Files\Intel\Shared Libraries\redist\intel64\compiler;C:\WINDOWS\system32;C:\WINDOWS;C:\WINDOWS\System32\Wbem;C:\WINDOWS\System32\WindowsPowerShell\v1.0\;C:\WINDOWS\System32\OpenSSH\;C:\Program Files\NVIDIA Corporation\NVIDIA NvDLISR;C:\Program Files\Microsoft SQL Server\130\Tools\Binn\;D:\Git\cmd;C:\Program Files (x86)\NVIDIA Corporation\PhysX\Common;C:\WINDOWS\system32;C:\WINDOWS;C:\WINDOWS\System32\Wbem;C:\WINDOWS\System32\WindowsPowerShell\v1.0\;C:\WINDOWS\System32\OpenSSH\;D:\xi\bin\nt64;C:\Program Files\Microsoft SQL Server\Client SDK\ODBC\170\Tools\Binn\;C:\Program Files\dotnet\;C:\Program Files\MySQL\MySQL Shell 8.0\bin\;C:\Users\super\AppData\Local\Microsoft\WindowsApps;C:\Users\super\AppData\Local\GitHubDesktop\bin;C:\Users\super\.dotnet\tools;D:\IntelliJ IDEA Community Edition 2022.1\bin;;D:\IntelliJ IDEA 2022.1.1\bin;
USERNAME=super
OS=Windows_NT
PROCESSOR_IDENTIFIER=Intel64 Family 6 Model 60 Stepping 3, GenuineIntel



---------------  S Y S T E M  ---------------

OS: Windows 10 , 64 bit Build 19041 (10.0.19041.1348)
OS uptime: 0 days 3:51 hours

CPU:total 4 (initial active 4) (4 cores per cpu, 1 threads per core) family 6 model 60 stepping 3 microcode 0x27, cmov, cx8, fxsr, mmx, sse, sse2, sse3, ssse3, sse4.1, sse4.2, popcnt, avx, avx2, aes, clmul, erms, lzcnt, tsc, tscinvbit, bmi1, bmi2, fma

Memory: 4k page, system-wide physical 16278M (3858M free)
TotalPageFile size 17302M (AvailPageFile size 4M)
current process WorkingSet (physical memory assigned to process): 221M, peak: 221M
current process commit charge ("private bytes"): 436M, peak: 437M

vm_info: OpenJDK 64-Bit Server VM (11.0.12+7-b1504.28-7817840) for windows-amd64 JRE (11.0.12+7-b1504.28-7817840), built on Oct 13 2021 22:12:33 by "builder" with MS VC++ 14.0 (VS2015)

END.
